
RAxML-NG v. 1.1 released on 29.11.2021 by The Exelixis Lab.
Developed by: Alexey M. Kozlov and Alexandros Stamatakis.
Contributors: Diego Darriba, Tomas Flouri, Benoit Morel, Sarah Lutteropp, Ben Bettisworth.
Latest version: https://github.com/amkozlov/raxml-ng
Questions/problems/suggestions? Please visit: https://groups.google.com/forum/#!forum/raxml

System: Intel(R) Xeon(R) Gold 6230 CPU @ 2.10GHz, 40 cores, 376 GB RAM

RAxML-NG was called at 17-Jan-2022 15:52:26 as follows:

raxml-ng --msa alignments/alignment_myxo_97percent.fasta --model GTR+G --seed 2 --prefix raxml/myxo_97/myxo_97 --threads 5

Analysis options:
  run mode: ML tree search
  start tree(s): random (10) + parsimony (10)
  random seed: 2
  tip-inner: OFF
  pattern compression: ON
  per-rate scalers: OFF
  site repeats: ON
  fast spr radius: AUTO
  spr subtree cutoff: 1.000000
  branch lengths: proportional (ML estimate, algorithm: NR-FAST)
  SIMD kernels: AVX2
  parallelization: coarse-grained (auto), PTHREADS (5 threads), thread pinning: OFF

[00:00:00] Reading alignment from file: alignments/alignment_myxo_97percent.fasta
[00:00:00] Loaded alignment with 3421 taxa and 246 sites

Alignment comprises 1 partitions and 162 patterns

Partition 0: noname
Model: GTR+FO+G4m
Alignment sites / patterns: 246 / 162
Gaps: 8.85 %
Invariant sites: 34.96 %


NOTE: Binary MSA file already exists: raxml/myxo_97/myxo_97.raxml.rba

Parallelization scheme autoconfig: 5 worker(s) x 1 thread(s)


NOTE: Per-rate scalers were automatically enabled to prevent numerical issues on taxa-rich alignments.
NOTE: You can use --force switch to skip this check and fall back to per-site scalers.

Parallel reduction/worker buffer size: 1 KB  / 0 KB

[00:00:00] Generating 10 random starting tree(s) with 3421 taxa
[00:00:00] Generating 10 parsimony starting tree(s) with 3421 taxa
[00:00:39] Data distribution: max. partitions/sites/weight per thread: 1 / 162 / 2592
[00:00:39] Data distribution: max. searches per worker: 4

Starting ML tree search with 20 distinct starting trees

[00:00:39 -293959.587931] Initial branch length optimization
[00:00:42 -265008.797669] Model parameter optimization (eps = 10.000000)
[00:01:17 -237096.240053] AUTODETECT spr round 1 (radius: 5)
[00:04:41 -201472.945970] AUTODETECT spr round 2 (radius: 10)
[00:08:16 -174293.350831] AUTODETECT spr round 3 (radius: 15)
[00:12:11 -156992.629722] AUTODETECT spr round 4 (radius: 20)
[00:16:12 -148848.522392] AUTODETECT spr round 5 (radius: 25)
[00:20:43 -144386.551627] SPR radius for FAST iterations: 25 (autodetect)
[00:20:43 -144386.551627] Model parameter optimization (eps = 3.000000)
[00:22:49 -142856.565533] FAST spr round 1 (radius: 25)
[00:29:07 -129314.980790] FAST spr round 2 (radius: 25)
[00:33:49 -125150.450093] FAST spr round 3 (radius: 25)
[00:37:35 -123436.006571] FAST spr round 4 (radius: 25)
[00:40:51 -122822.497065] FAST spr round 5 (radius: 25)
[00:43:55 -122669.647208] FAST spr round 6 (radius: 25)
[00:46:57 -122644.445613] FAST spr round 7 (radius: 25)
[00:49:51 -122637.377319] FAST spr round 8 (radius: 25)
[00:52:39 -122636.780988] FAST spr round 9 (radius: 25)
[00:55:26 -122636.780934] Model parameter optimization (eps = 1.000000)
[00:56:35 -122402.808715] SLOW spr round 1 (radius: 5)
[01:00:44 -122301.992430] SLOW spr round 2 (radius: 5)
[01:04:41 -122275.315352] SLOW spr round 3 (radius: 5)
[01:08:37 -122269.979657] SLOW spr round 4 (radius: 5)
[01:12:23 -122268.794595] SLOW spr round 5 (radius: 5)
[01:16:07 -122268.794447] SLOW spr round 6 (radius: 10)
[01:19:58 -122244.918674] SLOW spr round 7 (radius: 5)
[01:24:44 -122242.499714] SLOW spr round 8 (radius: 5)
[01:28:53 -122242.484293] SLOW spr round 9 (radius: 10)
[01:32:43 -122237.545735] SLOW spr round 10 (radius: 5)
[01:37:19 -122232.206672] SLOW spr round 11 (radius: 5)
[01:41:20 -122232.203499] SLOW spr round 12 (radius: 10)
[01:45:05 -122224.984516] SLOW spr round 13 (radius: 5)
[01:49:39 -122224.071303] SLOW spr round 14 (radius: 5)
[01:53:41 -122224.070807] SLOW spr round 15 (radius: 10)
[01:57:20 -122223.008110] SLOW spr round 16 (radius: 5)
[02:01:53 -122221.323449] SLOW spr round 17 (radius: 5)
[02:05:57 -122221.120674] SLOW spr round 18 (radius: 5)
[02:09:42 -122221.120458] SLOW spr round 19 (radius: 10)
[02:13:16 -122220.355016] SLOW spr round 20 (radius: 5)
[02:17:46 -122216.411538] SLOW spr round 21 (radius: 5)
[02:21:45 -122216.411504] SLOW spr round 22 (radius: 10)
[02:25:26 -122216.021260] SLOW spr round 23 (radius: 5)
[02:29:57 -122215.619547] SLOW spr round 24 (radius: 5)
[02:33:57 -122215.619434] SLOW spr round 25 (radius: 10)
[02:37:36 -122214.814134] SLOW spr round 26 (radius: 5)
[02:42:06 -122213.213568] SLOW spr round 27 (radius: 5)
[02:46:06 -122211.300664] SLOW spr round 28 (radius: 5)
[02:49:48 -122211.299842] SLOW spr round 29 (radius: 10)
[02:53:20 -122210.974708] SLOW spr round 30 (radius: 5)
[02:57:50 -122209.004526] SLOW spr round 31 (radius: 5)
[03:01:52 -122207.805659] SLOW spr round 32 (radius: 5)
[03:05:38 -122207.805546] SLOW spr round 33 (radius: 10)
[03:09:15 -122204.977069] SLOW spr round 34 (radius: 5)
[03:13:43 -122204.977067] SLOW spr round 35 (radius: 10)
[03:17:31 -122204.731617] SLOW spr round 36 (radius: 5)
[03:21:56 -122204.715483] SLOW spr round 37 (radius: 10)
[03:25:41 -122204.527609] SLOW spr round 38 (radius: 5)
[03:30:03 -122204.527288] SLOW spr round 39 (radius: 10)
[03:33:46 -122204.420306] SLOW spr round 40 (radius: 5)
[03:38:11 -122203.368107] SLOW spr round 41 (radius: 5)
[03:42:06 -122203.368059] SLOW spr round 42 (radius: 10)
[03:45:41 -122203.368059] SLOW spr round 43 (radius: 15)
[03:50:59 -122184.892851] SLOW spr round 44 (radius: 5)
[03:55:42 -122180.256464] SLOW spr round 45 (radius: 5)
[03:59:46 -122179.525997] SLOW spr round 46 (radius: 5)
[04:03:33 -122179.241359] SLOW spr round 47 (radius: 5)
[04:07:12 -122179.240618] SLOW spr round 48 (radius: 10)
[04:10:46 -122178.422662] SLOW spr round 49 (radius: 5)
[04:15:18 -122173.682767] SLOW spr round 50 (radius: 5)
[04:19:19 -122173.461013] SLOW spr round 51 (radius: 5)
[04:23:04 -122173.459640] SLOW spr round 52 (radius: 10)
[04:26:38 -122173.261079] SLOW spr round 53 (radius: 5)
[04:31:06 -122173.255291] SLOW spr round 54 (radius: 10)
[04:34:51 -122173.253734] SLOW spr round 55 (radius: 15)
[04:39:47 -122171.498007] SLOW spr round 56 (radius: 5)
[04:44:21 -122171.497942] SLOW spr round 57 (radius: 10)
[04:48:13 -122170.976755] SLOW spr round 58 (radius: 5)
[04:52:39 -122169.026783] SLOW spr round 59 (radius: 5)
[04:56:34 -122169.026744] SLOW spr round 60 (radius: 10)
[05:00:08 -122169.026744] SLOW spr round 61 (radius: 15)
[05:05:18 -122168.136174] SLOW spr round 62 (radius: 5)
[05:09:55 -122168.136103] SLOW spr round 63 (radius: 10)
[05:13:49 -122168.136103] SLOW spr round 64 (radius: 15)
[05:18:45 -122167.337242] SLOW spr round 65 (radius: 5)
[05:23:23 -122166.687260] SLOW spr round 66 (radius: 5)
[05:27:25 -122166.687241] SLOW spr round 67 (radius: 10)
[05:31:03 -122166.687241] SLOW spr round 68 (radius: 15)
[05:36:14 -122166.606086] SLOW spr round 69 (radius: 20)
[05:42:54 -122142.745542] SLOW spr round 70 (radius: 5)
[05:47:38 -122127.359419] SLOW spr round 71 (radius: 5)
[05:51:48 -122125.829028] SLOW spr round 72 (radius: 5)
[05:55:37 -122125.630990] SLOW spr round 73 (radius: 5)
[05:59:18 -122125.630884] SLOW spr round 74 (radius: 10)
[06:02:50 -122124.235358] SLOW spr round 75 (radius: 5)
[06:07:21 -122122.443912] SLOW spr round 76 (radius: 5)
[06:11:22 -122122.442767] SLOW spr round 77 (radius: 10)
[06:14:57 -122122.442719] SLOW spr round 78 (radius: 15)
[06:20:07 -122122.421441] SLOW spr round 79 (radius: 20)
[06:26:48 -122089.336729] SLOW spr round 80 (radius: 5)
[06:31:33 -122080.722888] SLOW spr round 81 (radius: 5)
[06:35:39 -122080.722816] SLOW spr round 82 (radius: 10)
[06:39:16 -122080.722793] SLOW spr round 83 (radius: 15)
[06:44:23 -122080.722768] SLOW spr round 84 (radius: 20)
[06:51:01 -122080.527823] SLOW spr round 85 (radius: 5)
[06:55:43 -122080.525790] SLOW spr round 86 (radius: 10)
[06:59:39 -122080.525733] SLOW spr round 87 (radius: 15)
[07:04:32 -122080.525703] SLOW spr round 88 (radius: 20)
[07:11:17 -122080.399947] SLOW spr round 89 (radius: 5)
[07:16:01 -122078.385589] SLOW spr round 90 (radius: 5)
[07:20:07 -122078.352542] SLOW spr round 91 (radius: 10)
[07:23:45 -122078.352510] SLOW spr round 92 (radius: 15)
[07:28:54 -122078.352501] SLOW spr round 93 (radius: 20)
[07:35:37 -122078.352494] SLOW spr round 94 (radius: 25)
[07:44:00 -121987.073945] SLOW spr round 95 (radius: 5)
[07:48:55 -121968.073259] SLOW spr round 96 (radius: 5)
[07:53:04 -121963.979018] SLOW spr round 97 (radius: 5)
[07:56:47 -121963.978811] SLOW spr round 98 (radius: 10)
[08:00:16 -121963.601249] SLOW spr round 99 (radius: 5)
[08:04:38 -121963.601243] SLOW spr round 100 (radius: 10)
[08:08:19 -121963.601242] SLOW spr round 101 (radius: 15)
[08:13:12 -121962.795515] SLOW spr round 102 (radius: 5)
[08:17:48 -121961.711095] SLOW spr round 103 (radius: 5)
[08:21:47 -121961.711010] SLOW spr round 104 (radius: 10)
[08:25:19 -121961.711009] SLOW spr round 105 (radius: 15)
[08:30:23 -121961.440734] SLOW spr round 106 (radius: 5)
[08:34:56 -121959.861658] SLOW spr round 107 (radius: 5)
[08:38:56 -121959.861342] SLOW spr round 108 (radius: 10)
[08:42:29 -121959.861340] SLOW spr round 109 (radius: 15)
[08:47:31 -121959.861340] SLOW spr round 110 (radius: 20)
[08:54:03 -121958.023976] SLOW spr round 111 (radius: 5)
[08:58:39 -121958.022803] SLOW spr round 112 (radius: 10)
[09:02:31 -121958.022745] SLOW spr round 113 (radius: 15)
[09:07:19 -121958.022742] SLOW spr round 114 (radius: 20)
[09:13:58 -121958.022742] SLOW spr round 115 (radius: 25)
[09:22:05 -121957.318825] SLOW spr round 116 (radius: 5)
[09:26:50 -121955.923719] SLOW spr round 117 (radius: 5)
[09:30:56 -121955.923644] SLOW spr round 118 (radius: 10)
[09:34:34 -121954.706137] SLOW spr round 119 (radius: 5)
[09:39:06 -121929.808193] SLOW spr round 120 (radius: 5)
[09:43:05 -121928.362181] SLOW spr round 121 (radius: 5)
[09:46:49 -121926.474047] SLOW spr round 122 (radius: 5)
[09:50:24 -121926.473785] SLOW spr round 123 (radius: 10)
[09:53:54 -121926.473781] SLOW spr round 124 (radius: 15)
[09:59:10 -121926.473780] SLOW spr round 125 (radius: 20)
[10:05:43 -121926.473780] SLOW spr round 126 (radius: 25)
[10:13:57 -121923.402311] SLOW spr round 127 (radius: 5)
[10:18:40 -121921.427951] SLOW spr round 128 (radius: 5)
[10:22:45 -121921.427928] SLOW spr round 129 (radius: 10)
[10:26:22 -121921.427928] SLOW spr round 130 (radius: 15)
[10:31:29 -121919.458369] SLOW spr round 131 (radius: 5)
[10:36:04 -121919.458182] SLOW spr round 132 (radius: 10)
[10:39:56 -121919.458179] SLOW spr round 133 (radius: 15)
[10:44:49 -121919.362835] SLOW spr round 134 (radius: 20)
[10:51:33 -121919.362643] SLOW spr round 135 (radius: 25)
[10:59:44 -121918.987977] SLOW spr round 136 (radius: 5)
[11:04:24 -121917.612556] SLOW spr round 137 (radius: 5)
[11:06:54] [worker #1] ML tree search #2, logLikelihood: -122309.589955
[11:08:27 -121917.612497] SLOW spr round 138 (radius: 10)
[11:12:03 -121917.612495] SLOW spr round 139 (radius: 15)
[11:17:05 -121917.612495] SLOW spr round 140 (radius: 20)
[11:23:39 -121916.829896] SLOW spr round 141 (radius: 5)
[11:28:18 -121916.744027] SLOW spr round 142 (radius: 10)
[11:32:13 -121916.744002] SLOW spr round 143 (radius: 15)
[11:37:04 -121916.744002] SLOW spr round 144 (radius: 20)
[11:43:45 -121916.744002] SLOW spr round 145 (radius: 25)
[11:51:49 -121911.944737] SLOW spr round 146 (radius: 5)
[11:56:32 -121909.116058] SLOW spr round 147 (radius: 5)
[12:00:38 -121909.115853] SLOW spr round 148 (radius: 10)
[12:04:16 -121909.115851] SLOW spr round 149 (radius: 15)
[12:09:22 -121909.115851] SLOW spr round 150 (radius: 20)
[12:15:58 -121909.115851] SLOW spr round 151 (radius: 25)
[12:24:05 -121909.041880] Model parameter optimization (eps = 0.100000)

[12:25:01] [worker #0] ML tree search #1, logLikelihood: -121864.907328

[12:25:01 -293258.484507] Initial branch length optimization
[12:25:04 -264765.381780] Model parameter optimization (eps = 10.000000)
[12:25:35 -236876.447810] AUTODETECT spr round 1 (radius: 5)
[12:28:31 -202294.311580] AUTODETECT spr round 2 (radius: 10)
[12:31:38 -173529.614451] AUTODETECT spr round 3 (radius: 15)
[12:35:05 -157423.306910] AUTODETECT spr round 4 (radius: 20)
[12:38:58 -147923.689896] AUTODETECT spr round 5 (radius: 25)
[12:43:21 -141382.747039] SPR radius for FAST iterations: 25 (autodetect)
[12:43:21 -141382.747039] Model parameter optimization (eps = 3.000000)
[12:45:03 -139584.431217] FAST spr round 1 (radius: 25)
[12:51:32 -124077.151481] FAST spr round 2 (radius: 25)
[12:55:59 -121019.621595] FAST spr round 3 (radius: 25)
[12:56:21] [worker #2] ML tree search #3, logLikelihood: -122493.956822
[12:59:27 -120700.419716] FAST spr round 4 (radius: 25)
[13:02:31 -120629.234155] FAST spr round 5 (radius: 25)
[13:05:16 -120625.135905] FAST spr round 6 (radius: 25)
[13:07:57 -120625.135879] Model parameter optimization (eps = 1.000000)
[13:09:00 -120289.401663] SLOW spr round 1 (radius: 5)
[13:12:55 -120149.928360] SLOW spr round 2 (radius: 5)
[13:16:32 -120125.347064] SLOW spr round 3 (radius: 5)
[13:20:01 -120122.785020] SLOW spr round 4 (radius: 5)
[13:23:28 -120122.271324] SLOW spr round 5 (radius: 5)
[13:26:50 -120122.270038] SLOW spr round 6 (radius: 10)
[13:30:20 -120103.399761] SLOW spr round 7 (radius: 5)
[13:34:39 -120095.330309] SLOW spr round 8 (radius: 5)
[13:38:28 -120094.863724] SLOW spr round 9 (radius: 5)
[13:42:00 -120094.863701] SLOW spr round 10 (radius: 10)
[13:45:29 -120086.053603] SLOW spr round 11 (radius: 5)
[13:49:44 -120085.358131] SLOW spr round 12 (radius: 5)
[13:53:37 -120084.238819] SLOW spr round 13 (radius: 5)
[13:57:11 -120084.238559] SLOW spr round 14 (radius: 10)
[14:00:40 -120082.161736] SLOW spr round 15 (radius: 5)
[14:04:56 -120074.081673] SLOW spr round 16 (radius: 5)
[14:08:43 -120074.081492] SLOW spr round 17 (radius: 10)
[14:12:10 -120073.431966] SLOW spr round 18 (radius: 5)
[14:16:23 -120073.098347] SLOW spr round 19 (radius: 5)
[14:20:08 -120073.098225] SLOW spr round 20 (radius: 10)
[14:23:35 -120072.560256] SLOW spr round 21 (radius: 5)
[14:27:46 -120069.062840] SLOW spr round 22 (radius: 5)
[14:31:32 -120069.062591] SLOW spr round 23 (radius: 10)
[14:34:59 -120068.810699] SLOW spr round 24 (radius: 5)
[14:39:08 -120068.551081] SLOW spr round 25 (radius: 5)
[14:42:50 -120068.550996] SLOW spr round 26 (radius: 10)
[14:46:15 -120068.487487] SLOW spr round 27 (radius: 15)
[14:51:04 -120039.597684] SLOW spr round 28 (radius: 5)
[14:53:36] [worker #3] ML tree search #4, logLikelihood: -122656.706005
[14:55:26 -120028.166323] SLOW spr round 29 (radius: 5)
[14:59:16 -120028.108999] SLOW spr round 30 (radius: 10)
[15:02:46 -120024.079770] SLOW spr round 31 (radius: 5)
[15:06:56 -120023.993273] SLOW spr round 32 (radius: 10)
[15:10:37 -120023.061638] SLOW spr round 33 (radius: 5)
[15:15:06 -120018.858321] SLOW spr round 34 (radius: 5)
[15:19:01 -120017.931984] SLOW spr round 35 (radius: 5)
[15:22:41 -120017.931885] SLOW spr round 36 (radius: 10)
[15:26:14 -120017.821296] SLOW spr round 37 (radius: 5)
[15:30:44 -120017.219660] SLOW spr round 38 (radius: 5)
[15:34:44 -120017.216576] SLOW spr round 39 (radius: 10)
[15:38:21 -120017.158720] SLOW spr round 40 (radius: 15)
[15:43:30 -120013.506287] SLOW spr round 41 (radius: 5)
[15:48:12 -120010.192553] SLOW spr round 42 (radius: 5)
[15:52:23 -120008.899762] SLOW spr round 43 (radius: 5)
[15:56:14 -120008.894937] SLOW spr round 44 (radius: 10)
[15:59:53 -120006.486843] SLOW spr round 45 (radius: 5)
[16:04:27 -119999.316536] SLOW spr round 46 (radius: 5)
[16:08:29 -119995.637607] SLOW spr round 47 (radius: 5)
[16:12:11 -119995.637436] SLOW spr round 48 (radius: 10)
[16:15:45 -119992.724648] SLOW spr round 49 (radius: 5)
[16:20:13 -119992.109059] SLOW spr round 50 (radius: 5)
[16:24:13 -119992.108719] SLOW spr round 51 (radius: 10)
[16:27:49 -119991.953842] SLOW spr round 52 (radius: 5)
[16:32:19 -119991.600968] SLOW spr round 53 (radius: 5)
[16:36:16 -119991.459709] SLOW spr round 54 (radius: 5)
[16:39:59 -119991.459347] SLOW spr round 55 (radius: 10)
[16:43:31 -119991.459336] SLOW spr round 56 (radius: 15)
[16:48:43 -119988.589538] SLOW spr round 57 (radius: 5)
[16:53:18 -119985.247054] SLOW spr round 58 (radius: 5)
[16:57:21 -119985.247044] SLOW spr round 59 (radius: 10)
[17:00:59 -119982.314815] SLOW spr round 60 (radius: 5)
[17:05:29 -119978.258813] SLOW spr round 61 (radius: 5)
[17:09:25 -119978.257636] SLOW spr round 62 (radius: 10)
[17:13:01 -119978.257636] SLOW spr round 63 (radius: 15)
[17:18:03 -119977.390162] SLOW spr round 64 (radius: 5)
[17:22:41 -119976.150090] SLOW spr round 65 (radius: 5)
[17:26:43 -119976.149033] SLOW spr round 66 (radius: 10)
[17:30:20 -119976.149006] SLOW spr round 67 (radius: 15)
[17:35:18 -119975.788584] SLOW spr round 68 (radius: 5)
[17:39:55 -119975.579221] SLOW spr round 69 (radius: 5)
[17:43:55 -119975.578546] SLOW spr round 70 (radius: 10)
[17:47:33 -119969.551274] SLOW spr round 71 (radius: 5)
[17:51:58 -119969.329653] SLOW spr round 72 (radius: 5)
[17:55:52 -119969.329604] SLOW spr round 73 (radius: 10)
[17:59:25 -119969.329598] SLOW spr round 74 (radius: 15)
[18:04:24 -119969.179105] SLOW spr round 75 (radius: 5)
[18:08:58 -119969.179102] SLOW spr round 76 (radius: 10)
[18:12:48 -119968.757618] SLOW spr round 77 (radius: 5)
[18:17:07 -119968.757146] SLOW spr round 78 (radius: 10)
[18:20:48 -119968.757111] SLOW spr round 79 (radius: 15)
[18:25:38 -119968.757109] SLOW spr round 80 (radius: 20)
[18:32:33 -119951.341948] SLOW spr round 81 (radius: 5)
[18:37:14 -119949.682381] SLOW spr round 82 (radius: 5)
[18:41:21 -119949.682367] SLOW spr round 83 (radius: 10)
[18:44:57 -119949.682366] SLOW spr round 84 (radius: 15)
[18:50:01 -119949.682366] SLOW spr round 85 (radius: 20)
[18:56:57 -119946.163812] SLOW spr round 86 (radius: 5)
[19:01:43 -119942.663928] SLOW spr round 87 (radius: 5)
[19:05:51 -119938.969102] SLOW spr round 88 (radius: 5)
[19:09:40 -119938.713832] SLOW spr round 89 (radius: 5)
[19:13:17 -119938.713793] SLOW spr round 90 (radius: 10)
[19:16:50 -119938.713793] SLOW spr round 91 (radius: 15)
[19:18:12] [worker #4] ML tree search #5, logLikelihood: -121564.685997
[19:22:05 -119938.713793] SLOW spr round 92 (radius: 20)
[19:28:53 -119938.161316] SLOW spr round 93 (radius: 5)
[19:33:35 -119937.881714] SLOW spr round 94 (radius: 5)
[19:37:42 -119937.881707] SLOW spr round 95 (radius: 10)
[19:41:20 -119937.881707] SLOW spr round 96 (radius: 15)
[19:46:26 -119937.881707] SLOW spr round 97 (radius: 20)
[19:54:23 -119937.539483] SLOW spr round 98 (radius: 5)
[19:59:10 -119937.539406] SLOW spr round 99 (radius: 10)
[20:03:10 -119937.539403] SLOW spr round 100 (radius: 15)
[20:08:05 -119937.539403] SLOW spr round 101 (radius: 20)
[20:15:09 -119937.192051] SLOW spr round 102 (radius: 5)
[20:19:58 -119937.159761] SLOW spr round 103 (radius: 10)
[20:24:02 -119937.159008] SLOW spr round 104 (radius: 15)
[20:29:04 -119930.090676] SLOW spr round 105 (radius: 5)
[20:33:49 -119928.496376] SLOW spr round 106 (radius: 5)
[20:37:57 -119928.496225] SLOW spr round 107 (radius: 10)
[20:41:37 -119928.496225] SLOW spr round 108 (radius: 15)
[20:46:48 -119928.496225] SLOW spr round 109 (radius: 20)
[20:53:45 -119927.842312] SLOW spr round 110 (radius: 5)
[20:58:30 -119926.529090] SLOW spr round 111 (radius: 5)
[21:02:34 -119926.529088] SLOW spr round 112 (radius: 10)
[21:06:01 -119926.529088] SLOW spr round 113 (radius: 15)
[21:10:46 -119926.529088] SLOW spr round 114 (radius: 20)
[21:17:10 -119925.753786] SLOW spr round 115 (radius: 5)
[21:21:34 -119925.753642] SLOW spr round 116 (radius: 10)
[21:25:14 -119925.753641] SLOW spr round 117 (radius: 15)
[21:29:43 -119925.753641] SLOW spr round 118 (radius: 20)
[21:36:10 -119925.753641] SLOW spr round 119 (radius: 25)
[21:44:22 -119895.384015] SLOW spr round 120 (radius: 5)
[21:48:52 -119872.899005] SLOW spr round 121 (radius: 5)
[21:52:42 -119872.623212] SLOW spr round 122 (radius: 5)
[21:56:39 -119872.623209] SLOW spr round 123 (radius: 10)
[22:00:26 -119872.623208] SLOW spr round 124 (radius: 15)
[22:05:10 -119872.623207] SLOW spr round 125 (radius: 20)
[22:11:26 -119868.058519] SLOW spr round 126 (radius: 5)
[22:15:46 -119866.532152] SLOW spr round 127 (radius: 5)
[22:19:34 -119866.532150] SLOW spr round 128 (radius: 10)
[22:22:59 -119866.532150] SLOW spr round 129 (radius: 15)
[22:27:35 -119866.532150] SLOW spr round 130 (radius: 20)
[22:33:47 -119866.532150] SLOW spr round 131 (radius: 25)
[22:41:40 -119865.975013] SLOW spr round 132 (radius: 5)
[22:45:59 -119865.866899] SLOW spr round 133 (radius: 5)
[22:49:45 -119865.866896] SLOW spr round 134 (radius: 10)
[22:53:10 -119865.866896] SLOW spr round 135 (radius: 15)
[22:57:46 -119865.866896] SLOW spr round 136 (radius: 20)
[23:04:04 -119865.866896] SLOW spr round 137 (radius: 25)
[23:11:53 -119865.523576] SLOW spr round 138 (radius: 5)
[23:16:15 -119865.522977] SLOW spr round 139 (radius: 10)
[23:19:56 -119863.388693] SLOW spr round 140 (radius: 5)
[23:23:59 -119863.386159] SLOW spr round 141 (radius: 10)
[23:27:25 -119863.386059] SLOW spr round 142 (radius: 15)
[23:31:59 -119863.386054] SLOW spr round 143 (radius: 20)
[23:38:07 -119863.386054] SLOW spr round 144 (radius: 25)
[23:45:59 -119863.203344] SLOW spr round 145 (radius: 5)
[23:50:16 -119863.203341] SLOW spr round 146 (radius: 10)
[23:53:58 -119863.203341] SLOW spr round 147 (radius: 15)
[23:58:21 -119863.203341] SLOW spr round 148 (radius: 20)
[24:04:42 -119863.203341] SLOW spr round 149 (radius: 25)
[24:12:33 -119863.059677] SLOW spr round 150 (radius: 5)
[24:16:53 -119863.059676] SLOW spr round 151 (radius: 10)
[24:20:33 -119863.059676] SLOW spr round 152 (radius: 15)
[24:24:59 -119863.059676] SLOW spr round 153 (radius: 20)
[24:31:20 -119863.059676] SLOW spr round 154 (radius: 25)
[24:39:24 -119863.059676] Model parameter optimization (eps = 0.100000)

[24:40:13] [worker #0] ML tree search #6, logLikelihood: -119812.464938

[24:40:13 -143024.424064] Initial branch length optimization
[24:40:14 -126966.853235] Model parameter optimization (eps = 10.000000)
[24:41:12 -117847.173574] AUTODETECT spr round 1 (radius: 5)
[24:43:32 -115461.639057] AUTODETECT spr round 2 (radius: 10)
[24:46:11 -114746.968677] AUTODETECT spr round 3 (radius: 15)
[24:49:10 -114338.643702] AUTODETECT spr round 4 (radius: 20)
[24:52:29 -113978.607916] AUTODETECT spr round 5 (radius: 25)
[24:56:14 -113749.659644] SPR radius for FAST iterations: 25 (autodetect)
[24:56:14 -113749.659644] Model parameter optimization (eps = 3.000000)
[24:56:44 -113652.226825] FAST spr round 1 (radius: 25)
[25:02:24 -112582.484472] FAST spr round 2 (radius: 25)
[25:06:24 -112344.309653] FAST spr round 3 (radius: 25)
[25:09:34 -112246.241988] FAST spr round 4 (radius: 25)
[25:12:14 -112234.817726] FAST spr round 5 (radius: 25)
[25:14:39 -112234.642835] FAST spr round 6 (radius: 25)
[25:16:59 -112234.642712] Model parameter optimization (eps = 1.000000)
[25:17:17 -112223.585766] SLOW spr round 1 (radius: 5)
[25:20:28 -112176.524245] SLOW spr round 2 (radius: 5)
[25:23:29 -112169.002783] SLOW spr round 3 (radius: 5)
[25:26:28 -112157.755054] SLOW spr round 4 (radius: 5)
[25:29:25 -112155.184052] SLOW spr round 5 (radius: 5)
[25:32:16 -112155.183594] SLOW spr round 6 (radius: 10)
[25:35:17 -112126.579958] SLOW spr round 7 (radius: 5)
[25:38:53 -112114.020064] SLOW spr round 8 (radius: 5)
[25:42:07 -112112.164153] SLOW spr round 9 (radius: 5)
[25:45:07 -112111.806435] SLOW spr round 10 (radius: 5)
[25:48:03 -112111.265390] SLOW spr round 11 (radius: 5)
[25:50:59 -112111.263170] SLOW spr round 12 (radius: 10)
[25:53:55 -112105.464920] SLOW spr round 13 (radius: 5)
[25:57:35 -112105.415769] SLOW spr round 14 (radius: 10)
[26:00:49 -112095.709135] SLOW spr round 15 (radius: 5)
[26:04:58 -112092.137417] SLOW spr round 16 (radius: 5)
[26:08:30 -112092.137143] SLOW spr round 17 (radius: 10)
[26:11:46 -112088.376332] SLOW spr round 18 (radius: 5)
[26:15:44 -112086.151070] SLOW spr round 19 (radius: 5)
[26:19:18 -112086.151053] SLOW spr round 20 (radius: 10)
[26:22:40 -112084.764977] SLOW spr round 21 (radius: 5)
[26:26:40 -112084.440866] SLOW spr round 22 (radius: 5)
[26:30:14 -112084.440706] SLOW spr round 23 (radius: 10)
[26:33:31 -112083.653964] SLOW spr round 24 (radius: 5)
[26:37:25 -112081.964555] SLOW spr round 25 (radius: 5)
[26:37:46] [worker #1] ML tree search #7, logLikelihood: -117767.955383
[26:41:00 -112081.963940] SLOW spr round 26 (radius: 10)
[26:44:15 -112081.427684] SLOW spr round 27 (radius: 5)
[26:48:14 -112081.316151] SLOW spr round 28 (radius: 5)
[26:51:48 -112081.079650] SLOW spr round 29 (radius: 5)
[26:55:13 -112081.079590] SLOW spr round 30 (radius: 10)
[26:58:33 -112080.694215] SLOW spr round 31 (radius: 5)
[27:02:41 -112073.608650] SLOW spr round 32 (radius: 5)
[27:06:17 -112072.298994] SLOW spr round 33 (radius: 5)
[27:09:39 -112072.296500] SLOW spr round 34 (radius: 10)
[27:12:55 -112072.167217] SLOW spr round 35 (radius: 5)
[27:16:56 -112072.166723] SLOW spr round 36 (radius: 10)
[27:20:25 -112071.201784] SLOW spr round 37 (radius: 5)
[27:24:25 -112069.603899] SLOW spr round 38 (radius: 5)
[27:28:01 -112068.730163] SLOW spr round 39 (radius: 5)
[27:31:23 -112068.730153] SLOW spr round 40 (radius: 10)
[27:34:37 -112068.691335] SLOW spr round 41 (radius: 15)
[27:39:32 -112056.654656] SLOW spr round 42 (radius: 5)
[27:43:44 -112051.837453] SLOW spr round 43 (radius: 5)
[27:47:32 -112051.759896] SLOW spr round 44 (radius: 10)
[27:50:51 -112051.717752] SLOW spr round 45 (radius: 15)
[27:55:26 -112044.275758] SLOW spr round 46 (radius: 5)
[27:59:12] [worker #3] ML tree search #9, logLikelihood: -118925.595762
[27:59:34 -112041.834333] SLOW spr round 47 (radius: 5)
[28:03:15 -112041.834326] SLOW spr round 48 (radius: 10)
[28:06:38 -112038.526664] SLOW spr round 49 (radius: 5)
[28:10:38 -112035.460323] SLOW spr round 50 (radius: 5)
[28:14:13 -112035.063605] SLOW spr round 51 (radius: 5)
[28:17:34 -112035.063507] SLOW spr round 52 (radius: 10)
[28:20:50 -112034.853599] SLOW spr round 53 (radius: 5)
[28:24:44 -112034.853441] SLOW spr round 54 (radius: 10)
[28:28:07 -112034.093084] SLOW spr round 55 (radius: 5)
[28:29:33] [worker #4] ML tree search #10, logLikelihood: -121527.195690
[28:31:58 -112034.078683] SLOW spr round 56 (radius: 10)
[28:35:23 -112032.342822] SLOW spr round 57 (radius: 5)
[28:39:12 -112030.739980] SLOW spr round 58 (radius: 5)
[28:42:39 -112030.739270] SLOW spr round 59 (radius: 10)
[28:45:58 -112030.539365] SLOW spr round 60 (radius: 5)
[28:49:53 -112024.584557] SLOW spr round 61 (radius: 5)
[28:53:24 -112024.328021] SLOW spr round 62 (radius: 5)
[28:56:43 -112024.327211] SLOW spr round 63 (radius: 10)
[28:59:59 -112024.286843] SLOW spr round 64 (radius: 15)
[29:04:37 -112023.602157] SLOW spr round 65 (radius: 5)
[29:05:19] [worker #2] ML tree search #8, logLikelihood: -118903.714639
[29:08:33 -112023.602115] SLOW spr round 66 (radius: 10)
[29:12:08 -112018.430010] SLOW spr round 67 (radius: 5)
[29:16:03 -112017.305972] SLOW spr round 68 (radius: 5)
[29:19:18 -112017.289061] SLOW spr round 69 (radius: 10)
[29:22:16 -112016.680941] SLOW spr round 70 (radius: 5)
[29:26:02 -112016.680657] SLOW spr round 71 (radius: 10)
[29:29:09 -112016.647403] SLOW spr round 72 (radius: 15)
[29:33:12 -112009.974084] SLOW spr round 73 (radius: 5)
[29:36:54 -112007.105033] SLOW spr round 74 (radius: 5)
[29:40:13 -112006.567868] SLOW spr round 75 (radius: 5)
[29:43:21 -112006.567740] SLOW spr round 76 (radius: 10)
[29:46:25 -112006.567739] SLOW spr round 77 (radius: 15)
[29:50:53 -112005.967861] SLOW spr round 78 (radius: 5)
[29:54:43 -112005.247550] SLOW spr round 79 (radius: 5)
[29:58:03 -112005.247549] SLOW spr round 80 (radius: 10)
[30:01:06 -112004.843400] SLOW spr round 81 (radius: 5)
[30:04:39 -112004.713735] SLOW spr round 82 (radius: 5)
[30:07:52 -112004.432835] SLOW spr round 83 (radius: 5)
[30:10:57 -112004.432832] SLOW spr round 84 (radius: 10)
[30:13:57 -112004.432832] SLOW spr round 85 (radius: 15)
[30:18:15 -112003.941568] SLOW spr round 86 (radius: 5)
[30:21:56 -112002.997327] SLOW spr round 87 (radius: 5)
[30:25:12 -112002.997040] SLOW spr round 88 (radius: 10)
[30:28:13 -112002.997039] SLOW spr round 89 (radius: 15)
[30:32:20 -112002.515742] SLOW spr round 90 (radius: 5)
[30:36:00 -112002.515654] SLOW spr round 91 (radius: 10)
[30:39:12 -112002.515652] SLOW spr round 92 (radius: 15)
[30:43:31 -112002.093742] SLOW spr round 93 (radius: 5)
[30:47:07 -112002.046626] SLOW spr round 94 (radius: 10)
[30:50:21 -112002.046580] SLOW spr round 95 (radius: 15)
[30:54:30 -112000.066994] SLOW spr round 96 (radius: 5)
[30:58:13 -112000.023631] SLOW spr round 97 (radius: 10)
[31:01:23 -112000.023595] SLOW spr round 98 (radius: 15)
[31:05:35 -111999.849113] SLOW spr round 99 (radius: 5)
[31:09:25 -111999.343481] SLOW spr round 100 (radius: 5)
[31:12:41 -111999.342231] SLOW spr round 101 (radius: 10)
[31:15:39 -111998.785173] SLOW spr round 102 (radius: 5)
[31:19:09 -111998.239471] SLOW spr round 103 (radius: 5)
[31:22:19 -111998.239345] SLOW spr round 104 (radius: 10)
[31:25:18 -111997.746605] SLOW spr round 105 (radius: 5)
[31:28:49 -111997.289258] SLOW spr round 106 (radius: 5)
[31:32:14 -111996.137764] SLOW spr round 107 (radius: 5)
[31:35:40 -111996.137764] SLOW spr round 108 (radius: 10)
[31:38:46 -111996.137764] SLOW spr round 109 (radius: 15)
[31:43:01 -111996.047869] SLOW spr round 110 (radius: 20)
[31:48:15 -111989.290855] SLOW spr round 111 (radius: 5)
[31:51:55 -111988.301321] SLOW spr round 112 (radius: 5)
[31:55:10 -111988.301144] SLOW spr round 113 (radius: 10)
[31:58:10 -111988.035261] SLOW spr round 114 (radius: 5)
[32:01:44 -111988.035246] SLOW spr round 115 (radius: 10)
[32:04:51 -111988.035242] SLOW spr round 116 (radius: 15)
[32:08:53 -111987.302551] SLOW spr round 117 (radius: 5)
[32:12:34 -111987.282668] SLOW spr round 118 (radius: 10)
[32:16:08 -111987.282645] SLOW spr round 119 (radius: 15)
[32:20:05 -111987.264348] SLOW spr round 120 (radius: 20)
[32:25:38 -111986.706097] SLOW spr round 121 (radius: 5)
[32:29:31 -111986.706015] SLOW spr round 122 (radius: 10)
[32:33:05 -111986.706014] SLOW spr round 123 (radius: 15)
[32:37:28 -111986.640503] SLOW spr round 124 (radius: 20)
[32:43:11 -111986.565551] SLOW spr round 125 (radius: 25)
[32:50:16 -111972.860410] SLOW spr round 126 (radius: 5)
[32:54:06 -111967.409787] SLOW spr round 127 (radius: 5)
[32:57:26 -111966.773398] SLOW spr round 128 (radius: 5)
[33:00:32 -111966.773396] SLOW spr round 129 (radius: 10)
[33:03:36 -111965.053808] SLOW spr round 130 (radius: 5)
[33:07:11 -111962.722169] SLOW spr round 131 (radius: 5)
[33:10:25 -111962.721988] SLOW spr round 132 (radius: 10)
[33:13:25 -111962.721988] SLOW spr round 133 (radius: 15)
[33:17:31 -111962.152788] SLOW spr round 134 (radius: 5)
[33:21:09 -111962.152787] SLOW spr round 135 (radius: 10)
[33:24:20 -111962.152787] SLOW spr round 136 (radius: 15)
[33:28:18 -111962.152787] SLOW spr round 137 (radius: 20)
[33:33:41 -111960.037916] SLOW spr round 138 (radius: 5)
[33:37:23 -111958.422056] SLOW spr round 139 (radius: 5)
[33:40:40 -111958.422053] SLOW spr round 140 (radius: 10)
[33:43:40 -111957.855873] SLOW spr round 141 (radius: 5)
[33:47:14 -111956.775325] SLOW spr round 142 (radius: 5)
[33:50:27 -111956.775168] SLOW spr round 143 (radius: 10)
[33:53:25 -111956.775167] SLOW spr round 144 (radius: 15)
[33:57:33 -111956.775167] SLOW spr round 145 (radius: 20)
[34:02:48 -111955.754867] SLOW spr round 146 (radius: 5)
[34:06:26 -111955.754547] SLOW spr round 147 (radius: 10)
[34:09:49 -111955.754540] SLOW spr round 148 (radius: 15)
[34:13:48 -111955.657594] SLOW spr round 149 (radius: 20)
[34:19:10 -111955.355893] SLOW spr round 150 (radius: 5)
[34:22:53 -111954.096673] SLOW spr round 151 (radius: 5)
[34:26:11 -111954.096569] SLOW spr round 152 (radius: 10)
[34:29:26 -111954.096569] SLOW spr round 153 (radius: 15)
[34:33:32 -111954.017098] SLOW spr round 154 (radius: 20)
[34:38:47 -111954.016018] SLOW spr round 155 (radius: 25)
[34:45:26 -111949.151655] SLOW spr round 156 (radius: 5)
[34:49:08 -111948.291638] SLOW spr round 157 (radius: 5)
[34:52:27 -111948.291636] SLOW spr round 158 (radius: 10)
[34:55:35 -111945.773217] SLOW spr round 159 (radius: 5)
[34:59:10 -111942.111857] SLOW spr round 160 (radius: 5)
[35:02:23 -111942.111393] SLOW spr round 161 (radius: 10)
[35:05:19 -111942.111384] SLOW spr round 162 (radius: 15)
[35:09:27 -111942.049250] SLOW spr round 163 (radius: 20)
[35:14:54 -111942.048919] SLOW spr round 164 (radius: 25)
[35:21:36 -111941.778060] SLOW spr round 165 (radius: 5)
[35:25:23 -111941.775311] SLOW spr round 166 (radius: 10)
[35:28:47 -111941.775247] SLOW spr round 167 (radius: 15)
[35:32:47 -111941.775245] SLOW spr round 168 (radius: 20)
[35:38:15 -111941.775245] SLOW spr round 169 (radius: 25)
[35:45:00 -111941.775245] Model parameter optimization (eps = 0.100000)

[35:45:22] [worker #0] ML tree search #11, logLikelihood: -111930.912263

[35:45:22 -143499.258143] Initial branch length optimization
[35:45:23 -127507.946013] Model parameter optimization (eps = 10.000000)
[35:46:27 -118329.552717] AUTODETECT spr round 1 (radius: 5)
[35:48:52 -115911.535034] AUTODETECT spr round 2 (radius: 10)
[35:50:57] [worker #1] ML tree search #12, logLikelihood: -111496.161853
[35:51:35 -115040.006366] AUTODETECT spr round 3 (radius: 15)
[35:54:45 -114597.544572] AUTODETECT spr round 4 (radius: 20)
[35:58:30 -114302.203565] AUTODETECT spr round 5 (radius: 25)
[36:02:44 -114006.137326] SPR radius for FAST iterations: 25 (autodetect)
[36:02:44 -114006.137326] Model parameter optimization (eps = 3.000000)
[36:03:11 -113911.385530] FAST spr round 1 (radius: 25)
[36:09:03 -112736.687467] FAST spr round 2 (radius: 25)
[36:13:14 -112465.739792] FAST spr round 3 (radius: 25)
[36:16:29 -112391.172864] FAST spr round 4 (radius: 25)
[36:19:19 -112378.113782] FAST spr round 5 (radius: 25)
[36:21:57 -112372.658057] FAST spr round 6 (radius: 25)
[36:24:27 -112369.962405] FAST spr round 7 (radius: 25)
[36:26:54 -112368.468981] FAST spr round 8 (radius: 25)
[36:29:19 -112366.363561] FAST spr round 9 (radius: 25)
[36:31:53 -112366.363524] Model parameter optimization (eps = 1.000000)
[36:32:13 -112340.316119] SLOW spr round 1 (radius: 5)
[36:35:49 -112286.872481] SLOW spr round 2 (radius: 5)
[36:39:14 -112276.128970] SLOW spr round 3 (radius: 5)
[36:42:30 -112274.996223] SLOW spr round 4 (radius: 5)
[36:45:47 -112274.995467] SLOW spr round 5 (radius: 10)
[36:48:58 -112265.251231] SLOW spr round 6 (radius: 5)
[36:53:04 -112261.007030] SLOW spr round 7 (radius: 5)
[36:56:39 -112261.006943] SLOW spr round 8 (radius: 10)
[36:59:45] [worker #4] ML tree search #15, logLikelihood: -112010.012014
[36:59:55 -112257.885752] SLOW spr round 9 (radius: 5)
[37:03:53 -112254.754128] SLOW spr round 10 (radius: 5)
[37:07:28 -112253.869206] SLOW spr round 11 (radius: 5)
[37:10:47 -112251.623014] SLOW spr round 12 (radius: 5)
[37:14:01 -112251.622948] SLOW spr round 13 (radius: 10)
[37:17:08 -112250.097285] SLOW spr round 14 (radius: 5)
[37:21:06 -112250.097219] SLOW spr round 15 (radius: 10)
[37:24:29 -112246.551799] SLOW spr round 16 (radius: 5)
[37:28:35 -112246.319633] SLOW spr round 17 (radius: 5)
[37:32:14 -112243.596282] SLOW spr round 18 (radius: 5)
[37:35:31 -112241.612481] SLOW spr round 19 (radius: 5)
[37:38:42 -112241.612310] SLOW spr round 20 (radius: 10)
[37:41:52 -112238.733849] SLOW spr round 21 (radius: 5)
[37:45:50 -112238.733773] SLOW spr round 22 (radius: 10)
[37:49:12 -112237.671448] SLOW spr round 23 (radius: 5)
[37:52:51 -112233.853890] SLOW spr round 24 (radius: 5)
[37:56:16 -112230.880823] SLOW spr round 25 (radius: 5)
[37:59:23 -112230.880758] SLOW spr round 26 (radius: 10)
[38:02:26 -112230.330728] SLOW spr round 27 (radius: 5)
[38:06:35 -112230.330593] SLOW spr round 28 (radius: 10)
[38:10:05 -112230.061304] SLOW spr round 29 (radius: 5)
[38:13:49 -112229.429645] SLOW spr round 30 (radius: 5)
[38:17:07 -112229.429608] SLOW spr round 31 (radius: 10)
[38:20:24 -112229.155520] SLOW spr round 32 (radius: 5)
[38:24:12 -112228.785047] SLOW spr round 33 (radius: 5)
[38:27:28 -112228.784980] SLOW spr round 34 (radius: 10)
[38:30:29 -112228.618337] SLOW spr round 35 (radius: 5)
[38:34:12 -112228.615519] SLOW spr round 36 (radius: 10)
[38:37:43 -112228.517833] SLOW spr round 37 (radius: 15)
[38:42:06 -112218.703614] SLOW spr round 38 (radius: 5)
[38:46:10 -112213.935515] SLOW spr round 39 (radius: 5)
[38:49:34 -112213.275448] SLOW spr round 40 (radius: 5)
[38:52:59 -112213.275385] SLOW spr round 41 (radius: 10)
[38:56:20 -112212.707986] SLOW spr round 42 (radius: 5)
[39:00:12 -112212.701939] SLOW spr round 43 (radius: 10)
[39:01:28] [worker #3] ML tree search #14, logLikelihood: -111951.047565
[39:03:28 -112212.649003] SLOW spr round 44 (radius: 15)
[39:07:44 -112206.308645] SLOW spr round 45 (radius: 5)
[39:09:50] [worker #2] ML tree search #13, logLikelihood: -112615.991786
[39:11:47 -112206.308401] SLOW spr round 46 (radius: 10)
[39:15:12 -112206.308373] SLOW spr round 47 (radius: 15)
[39:19:18 -112205.982136] SLOW spr round 48 (radius: 5)
[39:23:08 -112205.090818] SLOW spr round 49 (radius: 5)
[39:26:29 -112205.089796] SLOW spr round 50 (radius: 10)
[39:29:32 -112205.089785] SLOW spr round 51 (radius: 15)
[39:33:43 -112204.851937] SLOW spr round 52 (radius: 5)
[39:37:30 -112204.851784] SLOW spr round 53 (radius: 10)
[39:40:42 -112204.851784] SLOW spr round 54 (radius: 15)
[39:44:42 -112204.739474] SLOW spr round 55 (radius: 5)
[39:48:27 -112203.083146] SLOW spr round 56 (radius: 5)
[39:51:50 -112203.083143] SLOW spr round 57 (radius: 10)
[39:54:52 -112203.083143] SLOW spr round 58 (radius: 15)
[39:59:11 -112203.064968] SLOW spr round 59 (radius: 20)
[40:04:39 -112196.091799] SLOW spr round 60 (radius: 5)
[40:08:30 -112191.985995] SLOW spr round 61 (radius: 5)
[40:11:48 -112188.140818] SLOW spr round 62 (radius: 5)
[40:14:56 -112187.478137] SLOW spr round 63 (radius: 5)
[40:18:01 -112187.478136] SLOW spr round 64 (radius: 10)
[40:20:57 -112186.866863] SLOW spr round 65 (radius: 5)
[40:24:35 -112186.080371] SLOW spr round 66 (radius: 5)
[40:27:52 -112185.201174] SLOW spr round 67 (radius: 5)
[40:30:55 -112185.201128] SLOW spr round 68 (radius: 10)
[40:33:52 -112185.201128] SLOW spr round 69 (radius: 15)
[40:38:12 -112185.201128] SLOW spr round 70 (radius: 20)
[40:43:35 -112184.940951] SLOW spr round 71 (radius: 5)
[40:47:22 -112184.940780] SLOW spr round 72 (radius: 10)
[40:50:40 -112184.573254] SLOW spr round 73 (radius: 5)
[40:54:11 -112181.878284] SLOW spr round 74 (radius: 5)
[40:57:27 -112181.878141] SLOW spr round 75 (radius: 10)
[41:00:37 -112178.535690] SLOW spr round 76 (radius: 5)
[41:04:29 -112172.351291] SLOW spr round 77 (radius: 5)
[41:07:51 -112172.050129] SLOW spr round 78 (radius: 5)
[41:11:04 -112172.049634] SLOW spr round 79 (radius: 10)
[41:14:09 -112171.599877] SLOW spr round 80 (radius: 5)
[41:18:02 -112166.899545] SLOW spr round 81 (radius: 5)
[41:21:25 -112165.728508] SLOW spr round 82 (radius: 5)
[41:24:36 -112165.728457] SLOW spr round 83 (radius: 10)
[41:27:38 -112163.872169] SLOW spr round 84 (radius: 5)
[41:31:25 -112161.872656] SLOW spr round 85 (radius: 5)
[41:34:45 -112161.872622] SLOW spr round 86 (radius: 10)
[41:37:51 -112161.388602] SLOW spr round 87 (radius: 5)
[41:41:36 -112161.388575] SLOW spr round 88 (radius: 10)
[41:44:51 -112161.388573] SLOW spr round 89 (radius: 15)
[41:49:06 -112161.388573] SLOW spr round 90 (radius: 20)
[41:54:52 -112161.076871] SLOW spr round 91 (radius: 5)
[41:58:52 -112161.075635] SLOW spr round 92 (radius: 10)
[42:02:28 -112160.940497] SLOW spr round 93 (radius: 5)
[42:06:12 -112160.938229] SLOW spr round 94 (radius: 10)
[42:09:28 -112160.938227] SLOW spr round 95 (radius: 15)
[42:13:47 -112159.930736] SLOW spr round 96 (radius: 5)
[42:17:46 -112159.928014] SLOW spr round 97 (radius: 10)
[42:21:10 -112159.927347] SLOW spr round 98 (radius: 15)
[42:25:35 -112159.927166] SLOW spr round 99 (radius: 20)
[42:31:23 -112159.728395] SLOW spr round 100 (radius: 5)
[42:35:27 -112158.618710] SLOW spr round 101 (radius: 5)
[42:38:59 -112158.618597] SLOW spr round 102 (radius: 10)
[42:42:11 -112158.618597] SLOW spr round 103 (radius: 15)
[42:46:35 -112158.618597] SLOW spr round 104 (radius: 20)
[42:52:11 -112158.618597] SLOW spr round 105 (radius: 25)
[42:59:14 -112142.320241] SLOW spr round 106 (radius: 5)
[43:03:19 -112139.166165] SLOW spr round 107 (radius: 5)
[43:06:50 -112139.166128] SLOW spr round 108 (radius: 10)
[43:10:00 -112139.166128] SLOW spr round 109 (radius: 15)
[43:14:23 -112139.166128] SLOW spr round 110 (radius: 20)
[43:20:01 -112139.166128] SLOW spr round 111 (radius: 25)
[43:27:07 -112133.129546] SLOW spr round 112 (radius: 5)
[43:31:12 -112133.129121] SLOW spr round 113 (radius: 10)
[43:34:39 -112130.622641] SLOW spr round 114 (radius: 5)
[43:38:27 -112130.279378] SLOW spr round 115 (radius: 5)
[43:41:50 -112130.279333] SLOW spr round 116 (radius: 10)
[43:44:58 -112130.279332] SLOW spr round 117 (radius: 15)
[43:49:24 -112129.238088] SLOW spr round 118 (radius: 5)
[43:53:26 -112126.920910] SLOW spr round 119 (radius: 5)
[43:56:55 -112126.920897] SLOW spr round 120 (radius: 10)
[44:00:07 -112126.920897] SLOW spr round 121 (radius: 15)
[44:04:31 -112126.920897] SLOW spr round 122 (radius: 20)
[44:10:11 -112126.920897] SLOW spr round 123 (radius: 25)
[44:17:22 -112122.061538] SLOW spr round 124 (radius: 5)
[44:20:35] [worker #1] ML tree search #17, logLikelihood: -111695.375732
[44:21:30 -112120.734761] SLOW spr round 125 (radius: 5)
[44:25:02 -112120.558726] SLOW spr round 126 (radius: 5)
[44:28:18 -112120.558722] SLOW spr round 127 (radius: 10)
[44:31:57 -112120.558722] SLOW spr round 128 (radius: 15)
[44:37:21 -112120.558722] SLOW spr round 129 (radius: 20)
[44:44:31 -112120.558722] SLOW spr round 130 (radius: 25)
[44:51:57 -112119.312462] SLOW spr round 131 (radius: 5)
[44:55:56 -112118.410422] SLOW spr round 132 (radius: 5)
[44:59:32 -112118.407508] SLOW spr round 133 (radius: 10)
[45:02:45 -112112.669508] SLOW spr round 134 (radius: 5)
[45:06:44 -112110.448999] SLOW spr round 135 (radius: 5)
[45:10:11 -112109.955989] SLOW spr round 136 (radius: 5)
[45:13:30 -112109.955987] SLOW spr round 137 (radius: 10)
[45:16:38 -112109.955987] SLOW spr round 138 (radius: 15)
[45:21:10 -112109.955987] SLOW spr round 139 (radius: 20)
[45:26:45 -112109.955987] SLOW spr round 140 (radius: 25)
[45:33:20 -112109.547260] SLOW spr round 141 (radius: 5)
[45:37:04 -112108.707403] SLOW spr round 142 (radius: 5)
[45:40:22 -112108.707336] SLOW spr round 143 (radius: 10)
[45:43:17 -112108.707336] SLOW spr round 144 (radius: 15)
[45:47:16 -112108.707336] SLOW spr round 145 (radius: 20)
[45:52:14 -112108.707336] SLOW spr round 146 (radius: 25)
[45:58:22 -112108.616041] Model parameter optimization (eps = 0.100000)

[45:58:49] [worker #0] ML tree search #16, logLikelihood: -112095.572023

[47:35:19] [worker #4] ML tree search #20, logLikelihood: -111763.310674
[50:00:09] [worker #3] ML tree search #19, logLikelihood: -111756.808764
[51:58:25] [worker #2] ML tree search #18, logLikelihood: -112282.367818

Optimized model parameters:

   Partition 0: noname
   Rate heterogeneity: GAMMA (4 cats, mean),  alpha: 0.327263 (ML),  weights&rates: (0.250000,0.007765) (0.250000,0.125802) (0.250000,0.638870) (0.250000,3.227562) 
   Base frequencies (ML): 0.034410 0.501271 0.342612 0.121707 
   Substitution rates (ML): 2.381979 13.682132 14.050631 2.891658 6.104495 1.000000 


Final LogLikelihood: -111496.161853

AIC score: 236688.323707 / AICc score: 94040592.323707 / BIC score: 260692.834065
Free parameters (model + branch lengths): 6848

WARNING: Number of free parameters (K=6848) is larger than alignment size (n=246).
         This might lead to overfitting and compromise tree inference results!


WARNING: Best ML tree contains 378 near-zero branches!

Best ML tree with collapsed near-zero branches saved to: /home2/ISAD/dp415/dada2_pipeline_myxorpoB/data/output/run_myxo_gtdbr202/raxml/myxo_97/myxo_97.raxml.bestTreeCollapsed
Best ML tree saved to: /home2/ISAD/dp415/dada2_pipeline_myxorpoB/data/output/run_myxo_gtdbr202/raxml/myxo_97/myxo_97.raxml.bestTree
All ML trees saved to: /home2/ISAD/dp415/dada2_pipeline_myxorpoB/data/output/run_myxo_gtdbr202/raxml/myxo_97/myxo_97.raxml.mlTrees
Optimized model saved to: /home2/ISAD/dp415/dada2_pipeline_myxorpoB/data/output/run_myxo_gtdbr202/raxml/myxo_97/myxo_97.raxml.bestModel

Execution log saved to: /home2/ISAD/dp415/dada2_pipeline_myxorpoB/data/output/run_myxo_gtdbr202/raxml/myxo_97/myxo_97.raxml.log

Analysis started: 17-Jan-2022 15:52:26 / finished: 19-Jan-2022 19:50:51

Elapsed time: 187105.343 seconds

