
RAxML-NG v. 1.1 released on 29.11.2021 by The Exelixis Lab.
Developed by: Alexey M. Kozlov and Alexandros Stamatakis.
Contributors: Diego Darriba, Tomas Flouri, Benoit Morel, Sarah Lutteropp, Ben Bettisworth.
Latest version: https://github.com/amkozlov/raxml-ng
Questions/problems/suggestions? Please visit: https://groups.google.com/forum/#!forum/raxml

System: Intel(R) Xeon(R) Gold 6230 CPU @ 2.10GHz, 40 cores, 376 GB RAM

RAxML-NG was called at 31-Jan-2023 12:50:53 as follows:

raxml-ng --msa alignment/alignment_97.7percent.fasta --model GTR+G --prefix trees/myxo_97.7/myxo_97.7 --threads 8 --seed 2 --tree-constraint constraint_trees/constraint_tree_97.7percent.tre

Analysis options:
  run mode: ML tree search
  start tree(s): random (10) + parsimony (10)
  topological constraint: constraint_trees/constraint_tree_97.7percent.tre (algorithm: NEW)
  random seed: 2
  tip-inner: OFF
  pattern compression: ON
  per-rate scalers: OFF
  site repeats: ON
  fast spr radius: AUTO
  spr subtree cutoff: 1.000000
  branch lengths: proportional (ML estimate, algorithm: NR-FAST)
  SIMD kernels: AVX2
  parallelization: coarse-grained (auto), PTHREADS (8 threads), thread pinning: OFF

[00:00:00] Reading alignment from file: alignment/alignment_97.7percent.fasta
[00:00:00] Loaded alignment with 1682 taxa and 246 sites

Alignment comprises 1 partitions and 155 patterns

Partition 0: noname
Model: GTR+FO+G4m
Alignment sites / patterns: 246 / 155
Gaps: 8.90 %
Invariant sites: 37.80 %


NOTE: Binary MSA file created: trees/myxo_97.7/myxo_97.7.raxml.rba

[00:00:00] Loading constraint tree from: constraint_trees/constraint_tree_97.7percent.tre
[00:00:00] Loaded non-comprehensive constraint tree with 1168 taxa

Parallelization scheme autoconfig: 8 worker(s) x 1 thread(s)

Parallel reduction/worker buffer size: 1 KB  / 0 KB

[00:00:00] Generating 10 random starting tree(s) with 1682 taxa
[00:00:00] Generating 10 parsimony starting tree(s) with 1682 taxa
[00:02:34] Data distribution: max. partitions/sites/weight per thread: 1 / 155 / 2480
[00:02:34] Data distribution: max. searches per worker: 3

Starting ML tree search with 20 distinct starting trees

[00:02:34 -139316.271190] Initial branch length optimization
[00:02:35 -123904.307478] Model parameter optimization (eps = 10.000000)
[00:03:30 -111939.461785] AUTODETECT spr round 1 (radius: 5)
[00:04:44 -96505.833715] AUTODETECT spr round 2 (radius: 10)
[00:05:44 -84158.442075] AUTODETECT spr round 3 (radius: 15)
[00:06:39 -77097.204221] AUTODETECT spr round 4 (radius: 20)
[00:07:40 -74002.931378] AUTODETECT spr round 5 (radius: 25)
[00:08:46 -72231.499708] SPR radius for FAST iterations: 25 (autodetect)
[00:08:46 -72231.499708] Model parameter optimization (eps = 3.000000)
[00:09:15 -71576.167239] FAST spr round 1 (radius: 25)
[00:10:40 -67045.074395] FAST spr round 2 (radius: 25)
[00:11:41 -66373.186085] FAST spr round 3 (radius: 25)
[00:12:35 -66172.092230] FAST spr round 4 (radius: 25)
[00:13:27 -66130.512979] FAST spr round 5 (radius: 25)
[00:14:15 -66122.983659] FAST spr round 6 (radius: 25)
[00:15:00 -66122.965240] Model parameter optimization (eps = 1.000000)
[00:15:26 -65975.493842] SLOW spr round 1 (radius: 5)
[00:16:27 -65914.458308] SLOW spr round 2 (radius: 5)
[00:17:28 -65889.620020] SLOW spr round 3 (radius: 5)
[00:18:34 -65884.667235] SLOW spr round 4 (radius: 5)
[00:19:34 -65884.666420] SLOW spr round 5 (radius: 10)
[00:20:30 -65875.834731] SLOW spr round 6 (radius: 5)
[00:21:37 -65871.289370] SLOW spr round 7 (radius: 5)
[00:22:36 -65870.959609] SLOW spr round 8 (radius: 5)
[00:23:32 -65870.959205] SLOW spr round 9 (radius: 10)
[00:24:27 -65862.401772] SLOW spr round 10 (radius: 5)
[00:25:32 -65860.434368] SLOW spr round 11 (radius: 5)
[00:26:29 -65860.434311] SLOW spr round 12 (radius: 10)
[00:27:24 -65859.387744] SLOW spr round 13 (radius: 5)
[00:28:27 -65858.802264] SLOW spr round 14 (radius: 5)
[00:29:24 -65858.644647] SLOW spr round 15 (radius: 5)
[00:30:17 -65857.398578] SLOW spr round 16 (radius: 5)
[00:31:08 -65857.398567] SLOW spr round 17 (radius: 10)
[00:31:59 -65857.028547] SLOW spr round 18 (radius: 5)
[00:33:03 -65853.801616] SLOW spr round 19 (radius: 5)
[00:34:00 -65852.386802] SLOW spr round 20 (radius: 5)
[00:34:53 -65852.385844] SLOW spr round 21 (radius: 10)
[00:35:44 -65852.292057] SLOW spr round 22 (radius: 15)
[00:36:58 -65802.428657] SLOW spr round 23 (radius: 5)
[00:38:01 -65795.325713] SLOW spr round 24 (radius: 5)
[00:38:57 -65794.416905] SLOW spr round 25 (radius: 5)
[00:39:48 -65794.416425] SLOW spr round 26 (radius: 10)
[00:40:38 -65794.416408] SLOW spr round 27 (radius: 15)
[00:41:46 -65789.004511] SLOW spr round 28 (radius: 5)
[00:42:47 -65788.923627] SLOW spr round 29 (radius: 10)
[00:43:41 -65788.675163] SLOW spr round 30 (radius: 5)
[00:44:39 -65788.673101] SLOW spr round 31 (radius: 10)
[00:45:30 -65787.310189] SLOW spr round 32 (radius: 5)
[00:46:28 -65787.309236] SLOW spr round 33 (radius: 10)
[00:47:20 -65787.166846] SLOW spr round 34 (radius: 5)
[00:48:18 -65787.152810] SLOW spr round 35 (radius: 10)
[00:49:10 -65786.865438] SLOW spr round 36 (radius: 5)
[00:50:08 -65786.865423] SLOW spr round 37 (radius: 10)
[00:51:00 -65786.865416] SLOW spr round 38 (radius: 15)
[00:52:06 -65785.798126] SLOW spr round 39 (radius: 5)
[00:53:07 -65785.743929] SLOW spr round 40 (radius: 10)
[00:53:59 -65785.743821] SLOW spr round 41 (radius: 15)
[00:55:03 -65785.589078] SLOW spr round 42 (radius: 5)
[00:56:04 -65785.588927] SLOW spr round 43 (radius: 10)
[00:56:58 -65785.588925] SLOW spr round 44 (radius: 15)
[00:58:02 -65785.575024] SLOW spr round 45 (radius: 20)
[00:59:22 -65751.454873] SLOW spr round 46 (radius: 5)
[01:00:26 -65713.374842] SLOW spr round 47 (radius: 5)
[01:01:21 -65705.845523] SLOW spr round 48 (radius: 5)
[01:02:12 -65705.515580] SLOW spr round 49 (radius: 5)
[01:03:01 -65705.513707] SLOW spr round 50 (radius: 10)
[01:03:49 -65703.143436] SLOW spr round 51 (radius: 5)
[01:04:47 -65702.959215] SLOW spr round 52 (radius: 5)
[01:05:39 -65702.958991] SLOW spr round 53 (radius: 10)
[01:06:28 -65702.841761] SLOW spr round 54 (radius: 5)
[01:07:26 -65702.841681] SLOW spr round 55 (radius: 10)
[01:08:18 -65689.366899] SLOW spr round 56 (radius: 5)
[01:09:17 -65683.462989] SLOW spr round 57 (radius: 5)
[01:10:10 -65679.811138] SLOW spr round 58 (radius: 5)
[01:10:59 -65671.016952] SLOW spr round 59 (radius: 5)
[01:11:47 -65671.016556] SLOW spr round 60 (radius: 10)
[01:12:35 -65668.930681] SLOW spr round 61 (radius: 5)
[01:13:33 -65668.930427] SLOW spr round 62 (radius: 10)
[01:14:24 -65668.884205] SLOW spr round 63 (radius: 15)
[01:15:27 -65660.565766] SLOW spr round 64 (radius: 5)
[01:16:27 -65660.549620] SLOW spr round 65 (radius: 10)
[01:17:20 -65660.549459] SLOW spr round 66 (radius: 15)
[01:18:23 -65659.484640] SLOW spr round 67 (radius: 5)
[01:19:23 -65659.430425] SLOW spr round 68 (radius: 10)
[01:20:15 -65659.430315] SLOW spr round 69 (radius: 15)
[01:21:16 -65659.395974] SLOW spr round 70 (radius: 20)
[01:22:33 -65653.554235] SLOW spr round 71 (radius: 5)
[01:23:36 -65638.682932] SLOW spr round 72 (radius: 5)
[01:24:29 -65638.679991] SLOW spr round 73 (radius: 10)
[01:25:18 -65638.678597] SLOW spr round 74 (radius: 15)
[01:26:22 -65638.677851] SLOW spr round 75 (radius: 20)
[01:27:38 -65636.973553] SLOW spr round 76 (radius: 5)
[01:28:39 -65636.973424] SLOW spr round 77 (radius: 10)
[01:29:27 -65636.973407] SLOW spr round 78 (radius: 15)
[01:30:23 -65636.973398] SLOW spr round 79 (radius: 20)
[01:31:32 -65636.201647] SLOW spr round 80 (radius: 5)
[01:32:27 -65632.087350] SLOW spr round 81 (radius: 5)
[01:33:16 -65632.086742] SLOW spr round 82 (radius: 10)
[01:33:59 -65631.515953] SLOW spr round 83 (radius: 5)
[01:34:51 -65630.806312] SLOW spr round 84 (radius: 5)
[01:35:37 -65630.803995] SLOW spr round 85 (radius: 10)
[01:36:20 -65630.194384] SLOW spr round 86 (radius: 5)
[01:37:12 -65630.193427] SLOW spr round 87 (radius: 10)
[01:37:57 -65630.193351] SLOW spr round 88 (radius: 15)
[01:38:53 -65629.155258] SLOW spr round 89 (radius: 5)
[01:39:45 -65626.104648] SLOW spr round 90 (radius: 5)
[01:40:32 -65625.822916] SLOW spr round 91 (radius: 5)
[01:41:15 -65625.821439] SLOW spr round 92 (radius: 10)
[01:41:57 -65625.821405] SLOW spr round 93 (radius: 15)
[01:42:55 -65625.821404] SLOW spr round 94 (radius: 20)
[01:44:03 -65625.577654] SLOW spr round 95 (radius: 5)
[01:44:58 -65625.550685] SLOW spr round 96 (radius: 10)
[01:45:47 -65625.547113] SLOW spr round 97 (radius: 15)
[01:46:44 -65625.520588] SLOW spr round 98 (radius: 20)
[01:47:54 -65625.514827] SLOW spr round 99 (radius: 25)
[01:49:14 -65550.375087] SLOW spr round 100 (radius: 5)
[01:50:11 -65481.995720] SLOW spr round 101 (radius: 5)
[01:51:01 -65476.462450] SLOW spr round 102 (radius: 5)
[01:51:47 -65476.461787] SLOW spr round 103 (radius: 10)
[01:52:31 -65445.660395] SLOW spr round 104 (radius: 5)
[01:53:25 -65434.735293] SLOW spr round 105 (radius: 5)
[01:54:13 -65428.525161] SLOW spr round 106 (radius: 5)
[01:54:59 -65428.062549] SLOW spr round 107 (radius: 5)
[01:55:42] [worker #4] ML tree search #5, logLikelihood: -65814.611270
[01:55:43 -65428.062506] SLOW spr round 108 (radius: 10)
[01:56:27 -65427.809650] SLOW spr round 109 (radius: 5)
[01:57:20 -65427.807130] SLOW spr round 110 (radius: 10)
[01:57:54] [worker #1] ML tree search #2, logLikelihood: -65449.416614
[01:58:07 -65427.806399] SLOW spr round 111 (radius: 15)
[01:59:06 -65425.824754] SLOW spr round 112 (radius: 5)
[02:00:02 -65423.033168] SLOW spr round 113 (radius: 5)
[02:00:50 -65422.188098] SLOW spr round 114 (radius: 5)
[02:01:36 -65422.187724] SLOW spr round 115 (radius: 10)
[02:02:21 -65422.187706] SLOW spr round 116 (radius: 15)
[02:03:23 -65407.167666] SLOW spr round 117 (radius: 5)
[02:04:19 -65396.705995] SLOW spr round 118 (radius: 5)
[02:05:08 -65395.972319] SLOW spr round 119 (radius: 5)
[02:05:54 -65395.972047] SLOW spr round 120 (radius: 10)
[02:06:39 -65385.325957] SLOW spr round 121 (radius: 5)
[02:06:55] [worker #5] ML tree search #6, logLikelihood: -66227.220722
[02:07:34 -65385.264288] SLOW spr round 122 (radius: 10)
[02:08:21 -65385.263304] SLOW spr round 123 (radius: 15)
[02:09:21 -65383.272815] SLOW spr round 124 (radius: 5)
[02:10:16 -65383.272424] SLOW spr round 125 (radius: 10)
[02:11:04 -65383.272420] SLOW spr round 126 (radius: 15)
[02:11:54] [worker #7] ML tree search #8, logLikelihood: -65202.824693
[02:12:03 -65382.484226] SLOW spr round 127 (radius: 5)
[02:13:00 -65382.138705] SLOW spr round 128 (radius: 5)
[02:13:49 -65382.138346] SLOW spr round 129 (radius: 10)
[02:14:35 -65382.138336] SLOW spr round 130 (radius: 15)
[02:15:36 -65382.138334] SLOW spr round 131 (radius: 20)
[02:15:40] [worker #3] ML tree search #4, logLikelihood: -65251.280789
[02:16:51 -65354.521000] SLOW spr round 132 (radius: 5)
[02:17:49 -65346.583903] SLOW spr round 133 (radius: 5)
[02:18:40 -65346.583562] SLOW spr round 134 (radius: 10)
[02:19:26 -65346.583553] SLOW spr round 135 (radius: 15)
[02:20:27 -65346.207794] SLOW spr round 136 (radius: 5)
[02:21:22 -65346.207619] SLOW spr round 137 (radius: 10)
[02:22:10 -65346.207618] SLOW spr round 138 (radius: 15)
[02:23:09 -65346.207617] SLOW spr round 139 (radius: 20)
[02:24:22 -65343.855347] SLOW spr round 140 (radius: 5)
[02:25:18 -65343.752398] SLOW spr round 141 (radius: 5)
[02:26:08 -65343.751579] SLOW spr round 142 (radius: 10)
[02:26:53 -65343.751450] SLOW spr round 143 (radius: 15)
[02:27:14] [worker #6] ML tree search #7, logLikelihood: -65152.718469
[02:27:54 -65343.751429] SLOW spr round 144 (radius: 20)
[02:27:58] [worker #2] ML tree search #3, logLikelihood: -64826.958894
[02:29:07 -65343.751426] SLOW spr round 145 (radius: 25)
[02:30:31 -65296.372012] SLOW spr round 146 (radius: 5)
[02:31:27 -65283.325768] SLOW spr round 147 (radius: 5)
[02:32:15 -65282.878690] SLOW spr round 148 (radius: 5)
[02:32:58 -65282.878618] SLOW spr round 149 (radius: 10)
[02:33:40 -65282.878616] SLOW spr round 150 (radius: 15)
[02:34:41 -65278.766703] SLOW spr round 151 (radius: 5)
[02:35:33 -65278.102551] SLOW spr round 152 (radius: 5)
[02:36:19 -65278.101168] SLOW spr round 153 (radius: 10)
[02:37:04 -65276.789078] SLOW spr round 154 (radius: 5)
[02:37:59 -65275.886597] SLOW spr round 155 (radius: 5)
[02:38:45 -65275.886381] SLOW spr round 156 (radius: 10)
[02:39:28 -65275.886355] SLOW spr round 157 (radius: 15)
[02:40:25 -65275.886349] SLOW spr round 158 (radius: 20)
[02:41:33 -65275.886348] SLOW spr round 159 (radius: 25)
[02:42:51 -65275.292888] SLOW spr round 160 (radius: 5)
[02:43:44 -65274.981341] SLOW spr round 161 (radius: 5)
[02:44:32 -65274.978736] SLOW spr round 162 (radius: 10)
[02:45:15 -65274.069444] SLOW spr round 163 (radius: 5)
[02:46:07 -65274.069169] SLOW spr round 164 (radius: 10)
[02:46:54 -65274.069168] SLOW spr round 165 (radius: 15)
[02:47:50 -65274.069168] SLOW spr round 166 (radius: 20)
[02:48:57 -65274.069168] SLOW spr round 167 (radius: 25)
[02:50:11 -65273.997085] Model parameter optimization (eps = 0.100000)

[02:50:24] [worker #0] ML tree search #1, logLikelihood: -65262.410619

[02:50:24 -139170.687536] Initial branch length optimization
[02:50:25 -123825.340471] Model parameter optimization (eps = 10.000000)
[02:50:58 -111950.452913] AUTODETECT spr round 1 (radius: 5)
[02:51:39 -96490.242056] AUTODETECT spr round 2 (radius: 10)
[02:52:20 -83706.366489] AUTODETECT spr round 3 (radius: 15)
[02:53:08 -77800.565530] AUTODETECT spr round 4 (radius: 20)
[02:53:54 -74762.908662] AUTODETECT spr round 5 (radius: 25)
[02:54:43 -73238.854344] SPR radius for FAST iterations: 25 (autodetect)
[02:54:43 -73238.854344] Model parameter optimization (eps = 3.000000)
[02:55:05 -72618.979391] FAST spr round 1 (radius: 25)
[02:56:10 -67509.327562] FAST spr round 2 (radius: 25)
[02:56:56 -66696.028990] FAST spr round 3 (radius: 25)
[02:57:34 -66474.719587] FAST spr round 4 (radius: 25)
[02:58:11 -66422.559318] FAST spr round 5 (radius: 25)
[02:58:46 -66412.024416] FAST spr round 6 (radius: 25)
[02:59:21 -66408.776207] FAST spr round 7 (radius: 25)
[02:59:55 -66408.775309] Model parameter optimization (eps = 1.000000)
[03:00:12 -66259.482764] SLOW spr round 1 (radius: 5)
[03:00:59 -66189.243943] SLOW spr round 2 (radius: 5)
[03:01:42 -66169.347422] SLOW spr round 3 (radius: 5)
[03:02:25 -66159.084075] SLOW spr round 4 (radius: 5)
[03:03:08 -66156.377512] SLOW spr round 5 (radius: 5)
[03:03:50 -66154.265124] SLOW spr round 6 (radius: 5)
[03:04:31 -66154.087442] SLOW spr round 7 (radius: 5)
[03:05:12 -66154.085097] SLOW spr round 8 (radius: 10)
[03:05:58 -66092.745427] SLOW spr round 9 (radius: 5)
[03:06:49 -66065.003914] SLOW spr round 10 (radius: 5)
[03:07:36 -66058.333956] SLOW spr round 11 (radius: 5)
[03:08:20 -66056.269017] SLOW spr round 12 (radius: 5)
[03:09:02 -66051.248144] SLOW spr round 13 (radius: 5)
[03:09:45 -66043.209832] SLOW spr round 14 (radius: 5)
[03:10:28 -66042.840247] SLOW spr round 15 (radius: 5)
[03:11:10 -66042.840124] SLOW spr round 16 (radius: 10)
[03:11:54 -66032.687378] SLOW spr round 17 (radius: 5)
[03:12:45 -66032.479280] SLOW spr round 18 (radius: 5)
[03:13:31 -66032.478800] SLOW spr round 19 (radius: 10)
[03:14:13 -66031.630034] SLOW spr round 20 (radius: 5)
[03:15:02 -66031.629924] SLOW spr round 21 (radius: 10)
[03:15:47 -66030.808489] SLOW spr round 22 (radius: 5)
[03:16:38 -66028.616406] SLOW spr round 23 (radius: 5)
[03:17:24 -66028.616324] SLOW spr round 24 (radius: 10)
[03:18:08 -66028.336283] SLOW spr round 25 (radius: 5)
[03:19:02 -66028.336268] SLOW spr round 26 (radius: 10)
[03:19:46 -66028.163249] SLOW spr round 27 (radius: 5)
[03:20:34 -66028.162968] SLOW spr round 28 (radius: 10)
[03:21:25 -66028.162960] SLOW spr round 29 (radius: 15)
[03:22:25 -66013.445472] SLOW spr round 30 (radius: 5)
[03:23:19 -66009.929547] SLOW spr round 31 (radius: 5)
[03:24:05 -66009.929367] SLOW spr round 32 (radius: 10)
[03:24:48 -66009.929366] SLOW spr round 33 (radius: 15)
[03:25:44 -66008.312937] SLOW spr round 34 (radius: 5)
[03:26:36 -66008.293043] SLOW spr round 35 (radius: 10)
[03:27:21 -66008.292985] SLOW spr round 36 (radius: 15)
[03:28:16 -66007.173296] SLOW spr round 37 (radius: 5)
[03:29:08 -66007.173134] SLOW spr round 38 (radius: 10)
[03:29:54 -66007.173118] SLOW spr round 39 (radius: 15)
[03:30:47 -66006.462651] SLOW spr round 40 (radius: 5)
[03:31:39 -66006.462558] SLOW spr round 41 (radius: 10)
[03:31:53] [worker #5] ML tree search #14, logLikelihood: -63893.590421
[03:32:24 -66006.462554] SLOW spr round 42 (radius: 15)
[03:33:18 -66005.991830] SLOW spr round 43 (radius: 5)
[03:34:09 -66005.978644] SLOW spr round 44 (radius: 10)
[03:34:54 -66005.978511] SLOW spr round 45 (radius: 15)
[03:35:47 -66005.978508] SLOW spr round 46 (radius: 20)
[03:36:57 -65886.206216] SLOW spr round 47 (radius: 5)
[03:37:48 -65836.465651] SLOW spr round 48 (radius: 5)
[03:38:34 -65827.486407] SLOW spr round 49 (radius: 5)
[03:39:17 -65816.430531] SLOW spr round 50 (radius: 5)
[03:39:31] [worker #4] ML tree search #13, logLikelihood: -63905.914574
[03:39:57 -65816.115503] SLOW spr round 51 (radius: 5)
[03:40:36 -65816.114541] SLOW spr round 52 (radius: 10)
[03:41:15 -65813.589842] SLOW spr round 53 (radius: 5)
[03:42:02 -65813.373379] SLOW spr round 54 (radius: 5)
[03:42:46 -65813.373378] SLOW spr round 55 (radius: 10)
[03:43:26 -65813.373378] SLOW spr round 56 (radius: 15)
[03:44:19 -65777.510352] SLOW spr round 57 (radius: 5)
[03:44:57] [worker #7] ML tree search #16, logLikelihood: -64096.855969
[03:45:08 -65774.382307] SLOW spr round 58 (radius: 5)
[03:45:52 -65773.424678] SLOW spr round 59 (radius: 5)
[03:46:02] [worker #6] ML tree search #15, logLikelihood: -64024.077421
[03:46:32 -65770.849987] SLOW spr round 60 (radius: 5)
[03:46:42] [worker #2] ML tree search #11, logLikelihood: -63888.696982
[03:47:10 -65770.286970] SLOW spr round 61 (radius: 5)
[03:47:47 -65770.286947] SLOW spr round 62 (radius: 10)
[03:48:24 -65770.286946] SLOW spr round 63 (radius: 15)
[03:49:14 -65769.273503] SLOW spr round 64 (radius: 5)
[03:49:53] [worker #3] ML tree search #12, logLikelihood: -63989.431535
[03:50:00 -65766.262845] SLOW spr round 65 (radius: 5)
[03:50:41 -65766.262704] SLOW spr round 66 (radius: 10)
[03:51:20 -65766.262704] SLOW spr round 67 (radius: 15)
[03:52:09 -65766.262704] SLOW spr round 68 (radius: 20)
[03:53:12 -65754.959551] SLOW spr round 69 (radius: 5)
[03:54:01 -65743.209635] SLOW spr round 70 (radius: 5)
[03:54:43 -65743.209409] SLOW spr round 71 (radius: 10)
[03:55:22 -65743.209374] SLOW spr round 72 (radius: 15)
[03:56:12 -65742.553781] SLOW spr round 73 (radius: 5)
[03:56:58 -65742.553411] SLOW spr round 74 (radius: 10)
[03:57:39 -65742.553401] SLOW spr round 75 (radius: 15)
[03:58:26 -65742.553400] SLOW spr round 76 (radius: 20)
[03:59:27 -65741.844271] SLOW spr round 77 (radius: 5)
[04:00:15 -65741.208350] SLOW spr round 78 (radius: 5)
[04:00:57 -65740.926542] SLOW spr round 79 (radius: 5)
[04:01:35 -65740.926379] SLOW spr round 80 (radius: 10)
[04:02:11 -65740.926367] SLOW spr round 81 (radius: 15)
[04:03:01 -65740.926365] SLOW spr round 82 (radius: 20)
[04:04:02 -65740.926365] SLOW spr round 83 (radius: 25)
[04:05:13 -65601.297050] SLOW spr round 84 (radius: 5)
[04:06:01 -65495.943008] SLOW spr round 85 (radius: 5)
[04:06:43 -65468.397367] SLOW spr round 86 (radius: 5)
[04:07:23 -65466.155112] SLOW spr round 87 (radius: 5)
[04:08:01 -65465.786001] SLOW spr round 88 (radius: 5)
[04:08:39 -65465.785719] SLOW spr round 89 (radius: 10)
[04:09:16 -65460.424785] SLOW spr round 90 (radius: 5)
[04:10:03 -65458.473592] SLOW spr round 91 (radius: 5)
[04:10:44 -65458.473564] SLOW spr round 92 (radius: 10)
[04:11:21 -65458.447717] SLOW spr round 93 (radius: 15)
[04:12:11 -65441.144928] SLOW spr round 94 (radius: 5)
[04:12:57 -65440.556679] SLOW spr round 95 (radius: 5)
[04:13:39 -65440.556190] SLOW spr round 96 (radius: 10)
[04:14:17 -65436.124792] SLOW spr round 97 (radius: 5)
[04:15:02 -65432.452412] SLOW spr round 98 (radius: 5)
[04:15:43 -65431.463801] SLOW spr round 99 (radius: 5)
[04:16:20 -65431.462971] SLOW spr round 100 (radius: 10)
[04:16:56 -65431.375569] SLOW spr round 101 (radius: 15)
[04:17:46 -65431.024400] SLOW spr round 102 (radius: 5)
[04:18:32 -65427.467232] SLOW spr round 103 (radius: 5)
[04:19:12 -65427.464667] SLOW spr round 104 (radius: 10)
[04:19:50 -65427.464470] SLOW spr round 105 (radius: 15)
[04:20:38 -65427.464454] SLOW spr round 106 (radius: 20)
[04:21:38 -65421.684484] SLOW spr round 107 (radius: 5)
[04:22:25 -65421.684249] SLOW spr round 108 (radius: 10)
[04:23:06 -65412.894951] SLOW spr round 109 (radius: 5)
[04:23:51 -65411.234673] SLOW spr round 110 (radius: 5)
[04:24:30 -65411.234387] SLOW spr round 111 (radius: 10)
[04:25:06 -65411.191528] SLOW spr round 112 (radius: 15)
[04:25:55 -65411.191473] SLOW spr round 113 (radius: 20)
[04:26:54 -65411.191473] SLOW spr round 114 (radius: 25)
[04:28:05 -65371.778930] SLOW spr round 115 (radius: 5)
[04:28:52 -65321.526415] SLOW spr round 116 (radius: 5)
[04:29:34 -65321.525799] SLOW spr round 117 (radius: 10)
[04:30:05] [worker #1] ML tree search #10, logLikelihood: -65286.463629
[04:30:13 -65321.525752] SLOW spr round 118 (radius: 15)
[04:31:03 -65321.525740] SLOW spr round 119 (radius: 20)
[04:32:03 -65320.660948] SLOW spr round 120 (radius: 5)
[04:32:51 -65320.657464] SLOW spr round 121 (radius: 10)
[04:33:32 -65320.656645] SLOW spr round 122 (radius: 15)
[04:34:18 -65319.158175] SLOW spr round 123 (radius: 5)
[04:35:06 -65316.940090] SLOW spr round 124 (radius: 5)
[04:35:48 -65316.938816] SLOW spr round 125 (radius: 10)
[04:36:27 -65316.938507] SLOW spr round 126 (radius: 15)
[04:37:17 -65316.938431] SLOW spr round 127 (radius: 20)
[04:38:17 -65316.938412] SLOW spr round 128 (radius: 25)
[04:39:28 -65315.768302] SLOW spr round 129 (radius: 5)
[04:40:17 -65315.375770] SLOW spr round 130 (radius: 5)
[04:41:00 -65315.375691] SLOW spr round 131 (radius: 10)
[04:41:38 -65315.375691] SLOW spr round 132 (radius: 15)
[04:42:27 -65315.375691] SLOW spr round 133 (radius: 20)
[04:43:27 -65315.375691] SLOW spr round 134 (radius: 25)
[04:44:38 -65314.708916] SLOW spr round 135 (radius: 5)
[04:45:25 -65312.634100] SLOW spr round 136 (radius: 5)
[04:46:08 -65312.633725] SLOW spr round 137 (radius: 10)
[04:46:46 -65311.700728] SLOW spr round 138 (radius: 5)
[04:47:31 -65311.510062] SLOW spr round 139 (radius: 5)
[04:48:10 -65311.509360] SLOW spr round 140 (radius: 10)
[04:48:46 -65311.509274] SLOW spr round 141 (radius: 15)
[04:49:35 -65311.509265] SLOW spr round 142 (radius: 20)
[04:50:35 -65311.509264] SLOW spr round 143 (radius: 25)
[04:51:46 -65311.124664] SLOW spr round 144 (radius: 5)
[04:52:35 -65310.646856] SLOW spr round 145 (radius: 5)
[04:53:18 -65310.057185] SLOW spr round 146 (radius: 5)
[04:53:56 -65310.056233] SLOW spr round 147 (radius: 10)
[04:54:35 -65310.056188] SLOW spr round 148 (radius: 15)
[04:55:24 -65310.056185] SLOW spr round 149 (radius: 20)
[04:56:23 -65310.056184] SLOW spr round 150 (radius: 25)
[04:57:36 -65305.192753] SLOW spr round 151 (radius: 5)
[04:58:26 -65303.283295] SLOW spr round 152 (radius: 5)
[04:59:08 -65303.283054] SLOW spr round 153 (radius: 10)
[04:59:47 -65303.283050] SLOW spr round 154 (radius: 15)
[05:00:38 -65300.180922] SLOW spr round 155 (radius: 5)
[05:01:26 -65299.370061] SLOW spr round 156 (radius: 5)
[05:02:01] [worker #3] ML tree search #20, logLikelihood: -64029.254061
[05:02:08 -65299.369785] SLOW spr round 157 (radius: 10)
[05:02:45 -65299.369754] SLOW spr round 158 (radius: 15)
[05:03:34 -65299.369750] SLOW spr round 159 (radius: 20)
[05:04:34 -65299.369750] SLOW spr round 160 (radius: 25)
[05:05:21] [worker #2] ML tree search #19, logLikelihood: -63928.156461
[05:05:40 -65299.104945] SLOW spr round 161 (radius: 5)
[05:06:23 -65296.867827] SLOW spr round 162 (radius: 5)
[05:07:01 -65296.867754] SLOW spr round 163 (radius: 10)
[05:07:34 -65296.867753] SLOW spr round 164 (radius: 15)
[05:08:19 -65296.867753] SLOW spr round 165 (radius: 20)
[05:09:15 -65296.867753] SLOW spr round 166 (radius: 25)
[05:10:21 -65296.867753] Model parameter optimization (eps = 0.100000)

[05:10:31] [worker #0] ML tree search #9, logLikelihood: -65278.665280

[05:10:31 -78871.959172] Initial branch length optimization
[05:10:32 -70886.395455] Model parameter optimization (eps = 10.000000)
[05:10:46 -66101.499222] AUTODETECT spr round 1 (radius: 5)
[05:11:10 -65295.044511] AUTODETECT spr round 2 (radius: 10)
[05:11:38 -65058.550190] AUTODETECT spr round 3 (radius: 15)
[05:12:08 -64907.905802] AUTODETECT spr round 4 (radius: 20)
[05:12:42 -64756.512278] AUTODETECT spr round 5 (radius: 25)
[05:13:19 -64695.856211] SPR radius for FAST iterations: 25 (autodetect)
[05:13:19 -64695.856211] Model parameter optimization (eps = 3.000000)
[05:13:26 -64643.871829] FAST spr round 1 (radius: 25)
[05:14:12 -64271.733044] FAST spr round 2 (radius: 25)
[05:14:47 -64169.272826] FAST spr round 3 (radius: 25)
[05:15:16 -64152.583596] FAST spr round 4 (radius: 25)
[05:15:42 -64149.905594] FAST spr round 5 (radius: 25)
[05:16:06 -64149.905492] Model parameter optimization (eps = 1.000000)
[05:16:12 -64140.270751] SLOW spr round 1 (radius: 5)
[05:16:47 -64106.543490] SLOW spr round 2 (radius: 5)
[05:17:19 -64097.663495] SLOW spr round 3 (radius: 5)
[05:17:49 -64097.443428] SLOW spr round 4 (radius: 5)
[05:18:19 -64097.406308] SLOW spr round 5 (radius: 10)
[05:18:50 -64090.478309] SLOW spr round 6 (radius: 5)
[05:19:29 -64084.953005] SLOW spr round 7 (radius: 5)
[05:20:03 -64082.292676] SLOW spr round 8 (radius: 5)
[05:20:35 -64082.084078] SLOW spr round 9 (radius: 5)
[05:21:05 -64082.083907] SLOW spr round 10 (radius: 10)
[05:21:36 -64079.940049] SLOW spr round 11 (radius: 5)
[05:22:14 -64077.308453] SLOW spr round 12 (radius: 5)
[05:22:47 -64077.257758] SLOW spr round 13 (radius: 10)
[05:23:17 -64070.419329] SLOW spr round 14 (radius: 5)
[05:23:55 -64068.339257] SLOW spr round 15 (radius: 5)
[05:24:29 -64065.746100] SLOW spr round 16 (radius: 5)
[05:24:59 -64065.270007] SLOW spr round 17 (radius: 5)
[05:25:29 -64065.270004] SLOW spr round 18 (radius: 10)
[05:25:59 -64064.013438] SLOW spr round 19 (radius: 5)
[05:26:37 -64062.042614] SLOW spr round 20 (radius: 5)
[05:27:10 -64062.042592] SLOW spr round 21 (radius: 10)
[05:27:42 -64061.636090] SLOW spr round 22 (radius: 5)
[05:28:19 -64061.635698] SLOW spr round 23 (radius: 10)
[05:28:52 -64061.283545] SLOW spr round 24 (radius: 5)
[05:29:29 -64061.246439] SLOW spr round 25 (radius: 10)
[05:30:00 -64061.106959] SLOW spr round 26 (radius: 5)
[05:30:37 -64060.903993] SLOW spr round 27 (radius: 5)
[05:31:10 -64060.903981] SLOW spr round 28 (radius: 10)
[05:31:41 -64060.206530] SLOW spr round 29 (radius: 5)
[05:32:20 -64057.061665] SLOW spr round 30 (radius: 5)
[05:32:54 -64055.076670] SLOW spr round 31 (radius: 5)
[05:33:25 -64055.076469] SLOW spr round 32 (radius: 10)
[05:33:57 -64052.598246] SLOW spr round 33 (radius: 5)
[05:34:34 -64044.083879] SLOW spr round 34 (radius: 5)
[05:35:08 -64036.709260] SLOW spr round 35 (radius: 5)
[05:35:40 -64035.720969] SLOW spr round 36 (radius: 5)
[05:36:11 -64029.904745] SLOW spr round 37 (radius: 5)
[05:36:42 -64024.335871] SLOW spr round 38 (radius: 5)
[05:37:12 -64024.334479] SLOW spr round 39 (radius: 10)
[05:37:42 -64022.891615] SLOW spr round 40 (radius: 5)
[05:38:18 -64022.888944] SLOW spr round 41 (radius: 10)
[05:38:51 -64022.855967] SLOW spr round 42 (radius: 15)
[05:39:30 -64010.424766] SLOW spr round 43 (radius: 5)
[05:40:08 -63996.833604] SLOW spr round 44 (radius: 5)
[05:40:42 -63995.511082] SLOW spr round 45 (radius: 5)
[05:40:57] [worker #1] ML tree search #18, logLikelihood: -63832.410642
[05:41:12 -63993.305297] SLOW spr round 46 (radius: 5)
[05:41:39 -63993.302806] SLOW spr round 47 (radius: 10)
[05:42:06 -63990.314572] SLOW spr round 48 (radius: 5)
[05:42:40 -63990.006403] SLOW spr round 49 (radius: 5)
[05:43:11 -63990.006092] SLOW spr round 50 (radius: 10)
[05:43:39 -63987.361852] SLOW spr round 51 (radius: 5)
[05:44:13 -63985.644360] SLOW spr round 52 (radius: 5)
[05:44:43 -63985.644201] SLOW spr round 53 (radius: 10)
[05:45:11 -63983.344883] SLOW spr round 54 (radius: 5)
[05:45:45 -63979.796415] SLOW spr round 55 (radius: 5)
[05:46:16 -63979.795821] SLOW spr round 56 (radius: 10)
[05:46:44 -63979.404836] SLOW spr round 57 (radius: 5)
[05:47:18 -63979.402393] SLOW spr round 58 (radius: 10)
[05:47:47 -63979.402214] SLOW spr round 59 (radius: 15)
[05:48:22 -63977.309561] SLOW spr round 60 (radius: 5)
[05:48:57 -63977.309433] SLOW spr round 61 (radius: 10)
[05:49:27 -63977.309430] SLOW spr round 62 (radius: 15)
[05:50:01 -63975.878385] SLOW spr round 63 (radius: 5)
[05:50:36 -63975.878365] SLOW spr round 64 (radius: 10)
[05:51:06 -63975.878364] SLOW spr round 65 (radius: 15)
[05:51:41 -63974.805813] SLOW spr round 66 (radius: 5)
[05:52:16 -63974.805740] SLOW spr round 67 (radius: 10)
[05:52:46 -63974.805739] SLOW spr round 68 (radius: 15)
[05:53:21 -63970.596925] SLOW spr round 69 (radius: 5)
[05:53:57 -63970.596908] SLOW spr round 70 (radius: 10)
[05:54:27 -63970.596907] SLOW spr round 71 (radius: 15)
[05:55:02 -63967.716785] SLOW spr round 72 (radius: 5)
[05:55:37 -63967.716782] SLOW spr round 73 (radius: 10)
[05:56:07 -63967.716782] SLOW spr round 74 (radius: 15)
[05:56:42 -63967.716782] SLOW spr round 75 (radius: 20)
[05:57:25 -63963.550311] SLOW spr round 76 (radius: 5)
[05:58:00 -63963.549796] SLOW spr round 77 (radius: 10)
[05:58:29 -63963.549794] SLOW spr round 78 (radius: 15)
[05:59:03 -63963.549794] SLOW spr round 79 (radius: 20)
[05:59:47 -63963.504495] SLOW spr round 80 (radius: 25)
[06:00:37 -63940.734042] SLOW spr round 81 (radius: 5)
[06:01:14 -63926.662353] SLOW spr round 82 (radius: 5)
[06:01:46 -63922.807388] SLOW spr round 83 (radius: 5)
[06:02:14 -63922.806987] SLOW spr round 84 (radius: 10)
[06:02:41 -63919.594293] SLOW spr round 85 (radius: 5)
[06:03:15 -63918.746526] SLOW spr round 86 (radius: 5)
[06:03:46 -63918.631027] SLOW spr round 87 (radius: 5)
[06:04:14 -63918.630966] SLOW spr round 88 (radius: 10)
[06:04:42 -63918.574124] SLOW spr round 89 (radius: 15)
[06:05:19 -63918.550862] SLOW spr round 90 (radius: 20)
[06:06:01 -63913.788031] SLOW spr round 91 (radius: 5)
[06:06:37 -63912.105670] SLOW spr round 92 (radius: 5)
[06:07:09 -63911.233597] SLOW spr round 93 (radius: 5)
[06:07:38 -63911.233546] SLOW spr round 94 (radius: 10)
[06:08:06 -63910.078591] SLOW spr round 95 (radius: 5)
[06:08:40 -63910.078047] SLOW spr round 96 (radius: 10)
[06:09:09 -63910.078038] SLOW spr round 97 (radius: 15)
[06:09:44 -63909.942371] SLOW spr round 98 (radius: 5)
[06:10:19 -63908.888286] SLOW spr round 99 (radius: 5)
[06:10:50 -63908.888270] SLOW spr round 100 (radius: 10)
[06:11:17 -63908.502636] SLOW spr round 101 (radius: 5)
[06:11:52 -63908.414375] SLOW spr round 102 (radius: 10)
[06:12:21 -63908.082536] SLOW spr round 103 (radius: 5)
[06:12:55 -63907.608136] SLOW spr round 104 (radius: 5)
[06:13:24 -63907.608136] SLOW spr round 105 (radius: 10)
[06:13:52 -63907.608136] SLOW spr round 106 (radius: 15)
[06:14:28 -63907.608136] SLOW spr round 107 (radius: 20)
[06:15:10 -63907.608136] SLOW spr round 108 (radius: 25)
[06:16:00 -63905.255053] SLOW spr round 109 (radius: 5)
[06:16:34 -63904.369598] SLOW spr round 110 (radius: 5)
[06:17:04 -63904.369494] SLOW spr round 111 (radius: 10)
[06:17:31 -63904.369488] SLOW spr round 112 (radius: 15)
[06:18:05 -63904.369487] SLOW spr round 113 (radius: 20)
[06:18:48 -63904.009878] SLOW spr round 114 (radius: 5)
[06:19:23 -63904.009257] SLOW spr round 115 (radius: 10)
[06:19:53 -63904.009248] SLOW spr round 116 (radius: 15)
[06:20:28 -63904.009248] SLOW spr round 117 (radius: 20)
[06:21:11 -63904.009248] SLOW spr round 118 (radius: 25)
[06:22:00 -63903.831049] SLOW spr round 119 (radius: 5)
[06:22:36 -63903.829821] SLOW spr round 120 (radius: 10)
[06:23:06 -63903.829708] SLOW spr round 121 (radius: 15)
[06:23:41 -63903.829695] SLOW spr round 122 (radius: 20)
[06:24:23 -63903.829693] SLOW spr round 123 (radius: 25)
[06:25:12 -63903.829693] Model parameter optimization (eps = 0.100000)

[06:25:18] [worker #0] ML tree search #17, logLikelihood: -63895.777850


Optimized model parameters:

   Partition 0: noname
   Rate heterogeneity: GAMMA (4 cats, mean),  alpha: 0.331291 (ML),  weights&rates: (0.250000,0.008174) (0.250000,0.128955) (0.250000,0.644797) (0.250000,3.218074) 
   Base frequencies (ML): 0.076799 0.435312 0.347984 0.139905 
   Substitution rates (ML): 0.926368 5.220301 5.809223 2.995254 5.324778 1.000000 


Final LogLikelihood: -63832.410642

AIC score: 134404.821283 / AICc score: 22854944.821283 / BIC score: 146217.788559
Free parameters (model + branch lengths): 3370

WARNING: Number of free parameters (K=3370) is larger than alignment size (n=246).
         This might lead to overfitting and compromise tree inference results!


WARNING: Best ML tree contains 160 near-zero branches!

Best ML tree with collapsed near-zero branches saved to: /home2/ISAD/dp415/raxml_new/trees/myxo_97.7/myxo_97.7.raxml.bestTreeCollapsed
Best ML tree saved to: /home2/ISAD/dp415/raxml_new/trees/myxo_97.7/myxo_97.7.raxml.bestTree
All ML trees saved to: /home2/ISAD/dp415/raxml_new/trees/myxo_97.7/myxo_97.7.raxml.mlTrees
Optimized model saved to: /home2/ISAD/dp415/raxml_new/trees/myxo_97.7/myxo_97.7.raxml.bestModel

Execution log saved to: /home2/ISAD/dp415/raxml_new/trees/myxo_97.7/myxo_97.7.raxml.log

Analysis started: 31-Jan-2023 12:50:53 / finished: 31-Jan-2023 19:16:11

Elapsed time: 23118.775 seconds

