
RAxML-NG v. 1.1 released on 29.11.2021 by The Exelixis Lab.
Developed by: Alexey M. Kozlov and Alexandros Stamatakis.
Contributors: Diego Darriba, Tomas Flouri, Benoit Morel, Sarah Lutteropp, Ben Bettisworth.
Latest version: https://github.com/amkozlov/raxml-ng
Questions/problems/suggestions? Please visit: https://groups.google.com/forum/#!forum/raxml

System: Intel(R) Xeon(R) Gold 6230 CPU @ 2.10GHz, 40 cores, 376 GB RAM

RAxML-NG was called at 19-Jan-2022 08:47:47 as follows:

raxml-ng --msa alignments/alignment_myxo_91percent.fasta --model GTR+G --seed 2 --prefix raxml/myxo_91/myxo_91 --threads 5

Analysis options:
  run mode: ML tree search
  start tree(s): random (10) + parsimony (10)
  random seed: 2
  tip-inner: OFF
  pattern compression: ON
  per-rate scalers: OFF
  site repeats: ON
  fast spr radius: AUTO
  spr subtree cutoff: 1.000000
  branch lengths: proportional (ML estimate, algorithm: NR-FAST)
  SIMD kernels: AVX2
  parallelization: coarse-grained (auto), PTHREADS (5 threads), thread pinning: OFF

[00:00:00] Reading alignment from file: alignments/alignment_myxo_91percent.fasta
[00:00:00] Loaded alignment with 1213 taxa and 246 sites

Alignment comprises 1 partitions and 178 patterns

Partition 0: noname
Model: GTR+FO+G4m
Alignment sites / patterns: 246 / 178
Gaps: 8.84 %
Invariant sites: 27.24 %


NOTE: Binary MSA file already exists: raxml/myxo_91/myxo_91.raxml.rba

Parallelization scheme autoconfig: 5 worker(s) x 1 thread(s)

Parallel reduction/worker buffer size: 1 KB  / 0 KB

[00:00:00] Generating 10 random starting tree(s) with 1213 taxa
[00:00:00] Generating 10 parsimony starting tree(s) with 1213 taxa
[00:00:03] Data distribution: max. partitions/sites/weight per thread: 1 / 178 / 2848
[00:00:03] Data distribution: max. searches per worker: 4

Starting ML tree search with 20 distinct starting trees

[00:00:03 -115554.935428] Initial branch length optimization
[00:00:03 -104663.314273] Model parameter optimization (eps = 10.000000)
[00:00:12 -95760.655991] AUTODETECT spr round 1 (radius: 5)
[00:00:31 -85686.521079] AUTODETECT spr round 2 (radius: 10)
[00:00:54 -77709.204028] AUTODETECT spr round 3 (radius: 15)
[00:01:26 -72203.695912] AUTODETECT spr round 4 (radius: 20)
[00:02:05 -69597.055690] AUTODETECT spr round 5 (radius: 25)
[00:02:50 -68380.139306] SPR radius for FAST iterations: 25 (autodetect)
[00:02:50 -68380.139306] Model parameter optimization (eps = 3.000000)
[00:03:14 -67889.366126] FAST spr round 1 (radius: 25)
[00:04:31 -64803.970949] FAST spr round 2 (radius: 25)
[00:05:10 -64257.763570] FAST spr round 3 (radius: 25)
[00:05:38 -64096.668165] FAST spr round 4 (radius: 25)
[00:06:01 -64068.507189] FAST spr round 5 (radius: 25)
[00:06:21 -64060.771972] FAST spr round 6 (radius: 25)
[00:06:40 -64056.767413] FAST spr round 7 (radius: 25)
[00:06:57 -64056.103575] FAST spr round 8 (radius: 25)
[00:07:13 -64056.102381] Model parameter optimization (eps = 1.000000)
[00:07:30 -63971.774493] SLOW spr round 1 (radius: 5)
[00:07:59 -63922.796784] SLOW spr round 2 (radius: 5)
[00:08:26 -63909.850115] SLOW spr round 3 (radius: 5)
[00:08:51 -63904.426610] SLOW spr round 4 (radius: 5)
[00:09:16 -63900.643533] SLOW spr round 5 (radius: 5)
[00:09:40 -63899.833215] SLOW spr round 6 (radius: 5)
[00:10:03 -63899.832712] SLOW spr round 7 (radius: 10)
[00:10:29 -63882.321288] SLOW spr round 8 (radius: 5)
[00:11:03 -63877.284592] SLOW spr round 9 (radius: 5)
[00:11:31 -63874.419876] SLOW spr round 10 (radius: 5)
[00:11:56 -63874.419762] SLOW spr round 11 (radius: 10)
[00:12:20 -63871.423585] SLOW spr round 12 (radius: 5)
[00:12:54 -63870.207879] SLOW spr round 13 (radius: 5)
[00:13:21 -63870.207406] SLOW spr round 14 (radius: 10)
[00:13:46 -63869.242765] SLOW spr round 15 (radius: 5)
[00:14:18 -63869.241860] SLOW spr round 16 (radius: 10)
[00:14:45 -63864.923175] SLOW spr round 17 (radius: 5)
[00:15:17 -63863.292588] SLOW spr round 18 (radius: 5)
[00:15:45 -63863.291667] SLOW spr round 19 (radius: 10)
[00:16:10 -63860.864988] SLOW spr round 20 (radius: 5)
[00:16:43 -63858.909958] SLOW spr round 21 (radius: 5)
[00:17:11 -63858.844846] SLOW spr round 22 (radius: 10)
[00:17:36 -63855.663835] SLOW spr round 23 (radius: 5)
[00:18:10 -63853.546766] SLOW spr round 24 (radius: 5)
[00:18:38 -63852.262608] SLOW spr round 25 (radius: 5)
[00:19:03 -63850.470909] SLOW spr round 26 (radius: 5)
[00:19:28 -63850.341967] SLOW spr round 27 (radius: 5)
[00:19:51 -63850.341880] SLOW spr round 28 (radius: 10)
[00:20:15 -63849.361125] SLOW spr round 29 (radius: 5)
[00:20:48 -63848.868340] SLOW spr round 30 (radius: 5)
[00:21:16 -63848.150193] SLOW spr round 31 (radius: 5)
[00:21:42 -63848.149632] SLOW spr round 32 (radius: 10)
[00:22:06 -63847.271081] SLOW spr round 33 (radius: 5)
[00:22:39 -63847.270942] SLOW spr round 34 (radius: 10)
[00:23:06 -63847.016617] SLOW spr round 35 (radius: 5)
[00:23:39 -63844.079107] SLOW spr round 36 (radius: 5)
[00:24:06 -63843.819974] SLOW spr round 37 (radius: 5)
[00:24:31 -63843.819630] SLOW spr round 38 (radius: 10)
[00:24:56 -63843.766130] SLOW spr round 39 (radius: 15)
[00:25:42 -63826.418602] SLOW spr round 40 (radius: 5)
[00:26:17 -63814.684243] SLOW spr round 41 (radius: 5)
[00:26:45 -63814.683633] SLOW spr round 42 (radius: 10)
[00:27:10 -63814.556505] SLOW spr round 43 (radius: 5)
[00:27:43 -63814.476114] SLOW spr round 44 (radius: 10)
[00:28:09 -63814.475685] SLOW spr round 45 (radius: 15)
[00:28:49 -63812.145273] SLOW spr round 46 (radius: 5)
[00:29:24 -63811.757969] SLOW spr round 47 (radius: 5)
[00:29:53 -63811.757896] SLOW spr round 48 (radius: 10)
[00:30:19 -63811.757888] SLOW spr round 49 (radius: 15)
[00:31:02 -63811.757887] SLOW spr round 50 (radius: 20)
[00:32:04 -63804.206597] SLOW spr round 51 (radius: 5)
[00:32:40 -63802.027407] SLOW spr round 52 (radius: 5)
[00:33:09 -63802.027187] SLOW spr round 53 (radius: 10)
[00:33:35 -63801.397544] SLOW spr round 54 (radius: 5)
[00:34:06 -63801.397491] SLOW spr round 55 (radius: 10)
[00:34:33 -63801.397491] SLOW spr round 56 (radius: 15)
[00:35:13 -63801.397491] SLOW spr round 57 (radius: 20)
[00:36:14 -63800.996430] SLOW spr round 58 (radius: 5)
[00:36:48 -63800.996299] SLOW spr round 59 (radius: 10)
[00:37:17 -63799.975646] SLOW spr round 60 (radius: 5)
[00:37:49 -63799.914846] SLOW spr round 61 (radius: 10)
[00:38:15 -63799.914395] SLOW spr round 62 (radius: 15)
[00:38:56 -63799.914390] SLOW spr round 63 (radius: 20)
[00:39:57 -63799.914389] SLOW spr round 64 (radius: 25)
[00:41:15 -63763.061216] SLOW spr round 65 (radius: 5)
[00:41:51 -63725.621388] SLOW spr round 66 (radius: 5)
[00:42:22 -63724.637657] SLOW spr round 67 (radius: 5)
[00:42:48 -63724.635559] SLOW spr round 68 (radius: 10)
[00:43:13 -63721.964612] SLOW spr round 69 (radius: 5)
[00:43:46 -63721.562241] SLOW spr round 70 (radius: 5)
[00:44:14 -63721.561829] SLOW spr round 71 (radius: 10)
[00:44:39 -63721.561804] SLOW spr round 72 (radius: 15)
[00:45:23 -63718.546070] SLOW spr round 73 (radius: 5)
[00:45:58 -63717.968557] SLOW spr round 74 (radius: 5)
[00:46:27 -63717.881195] SLOW spr round 75 (radius: 10)
[00:46:52 -63717.828618] SLOW spr round 76 (radius: 15)
[00:47:34 -63717.828268] SLOW spr round 77 (radius: 20)
[00:48:33 -63717.045452] SLOW spr round 78 (radius: 5)
[00:49:09 -63712.577408] SLOW spr round 79 (radius: 5)
[00:49:39 -63710.300344] SLOW spr round 80 (radius: 5)
[00:50:04 -63710.299601] SLOW spr round 81 (radius: 10)
[00:50:29 -63709.170684] SLOW spr round 82 (radius: 5)
[00:51:02 -63707.598889] SLOW spr round 83 (radius: 5)
[00:51:30 -63707.598767] SLOW spr round 84 (radius: 10)
[00:51:55 -63707.598760] SLOW spr round 85 (radius: 15)
[00:52:38 -63707.598760] SLOW spr round 86 (radius: 20)
[00:53:38 -63707.598760] SLOW spr round 87 (radius: 25)
[00:54:56 -63703.421000] SLOW spr round 88 (radius: 5)
[00:55:32 -63680.012562] SLOW spr round 89 (radius: 5)
[00:56:02 -63677.398468] SLOW spr round 90 (radius: 5)
[00:56:28 -63677.396890] SLOW spr round 91 (radius: 10)
[00:56:53 -63677.396832] SLOW spr round 92 (radius: 15)
[00:57:37 -63677.396830] SLOW spr round 93 (radius: 20)
[00:58:38 -63677.396830] SLOW spr round 94 (radius: 25)
[00:59:55 -63676.646664] SLOW spr round 95 (radius: 5)
[01:00:30 -63676.643902] SLOW spr round 96 (radius: 10)
[01:00:58 -63676.643658] SLOW spr round 97 (radius: 15)
[01:01:39 -63676.643636] SLOW spr round 98 (radius: 20)
[01:02:41 -63676.643634] SLOW spr round 99 (radius: 25)
[01:03:57 -63676.643634] Model parameter optimization (eps = 0.100000)

[01:04:07] [worker #0] ML tree search #1, logLikelihood: -63664.368172

[01:04:07 -115031.577520] Initial branch length optimization
[01:04:07 -104339.620180] Model parameter optimization (eps = 10.000000)
[01:04:14 -95608.557026] AUTODETECT spr round 1 (radius: 5)
[01:04:32 -86100.714269] AUTODETECT spr round 2 (radius: 10)
[01:04:54 -77479.546480] AUTODETECT spr round 3 (radius: 15)
[01:05:25 -72425.910902] AUTODETECT spr round 4 (radius: 20)
[01:06:00 -69660.896033] AUTODETECT spr round 5 (radius: 25)
[01:06:43 -68634.121901] SPR radius for FAST iterations: 25 (autodetect)
[01:06:43 -68634.121901] Model parameter optimization (eps = 3.000000)
[01:07:18 -68089.307173] FAST spr round 1 (radius: 25)
[01:08:30 -64945.181343] FAST spr round 2 (radius: 25)
[01:09:18 -64329.281634] FAST spr round 3 (radius: 25)
[01:09:50 -64181.570563] FAST spr round 4 (radius: 25)
[01:10:15 -64054.267680] FAST spr round 5 (radius: 25)
[01:10:37 -64038.422725] FAST spr round 6 (radius: 25)
[01:10:56 -64036.153702] FAST spr round 7 (radius: 25)
[01:11:13 -64036.153700] Model parameter optimization (eps = 1.000000)
[01:11:22 -63979.950066] SLOW spr round 1 (radius: 5)
[01:11:52 -63951.015275] SLOW spr round 2 (radius: 5)
[01:12:07] [worker #4] ML tree search #5, logLikelihood: -64877.859864
[01:12:20 -63946.762094] SLOW spr round 3 (radius: 5)
[01:12:46 -63946.576367] SLOW spr round 4 (radius: 5)
[01:13:10 -63946.575880] SLOW spr round 5 (radius: 10)
[01:13:37 -63942.539335] SLOW spr round 6 (radius: 5)
[01:13:59] [worker #3] ML tree search #4, logLikelihood: -63864.072381
[01:14:13 -63940.400159] SLOW spr round 7 (radius: 5)
[01:14:43 -63940.400005] SLOW spr round 8 (radius: 10)
[01:15:10 -63938.345525] SLOW spr round 9 (radius: 5)
[01:15:45 -63933.510100] SLOW spr round 10 (radius: 5)
[01:16:15 -63933.509431] SLOW spr round 11 (radius: 10)
[01:16:41 -63933.096306] SLOW spr round 12 (radius: 5)
[01:17:16 -63932.187035] SLOW spr round 13 (radius: 5)
[01:17:45 -63932.186934] SLOW spr round 14 (radius: 10)
[01:18:13 -63929.653961] SLOW spr round 15 (radius: 5)
[01:18:48 -63929.652407] SLOW spr round 16 (radius: 10)
[01:19:17 -63929.346802] SLOW spr round 17 (radius: 5)
[01:19:53 -63928.837139] SLOW spr round 18 (radius: 5)
[01:20:22 -63928.837034] SLOW spr round 19 (radius: 10)
[01:20:50 -63925.874147] SLOW spr round 20 (radius: 5)
[01:21:25 -63925.874022] SLOW spr round 21 (radius: 10)
[01:21:53 -63925.560298] SLOW spr round 22 (radius: 5)
[01:22:28 -63925.560082] SLOW spr round 23 (radius: 10)
[01:22:56 -63925.224015] SLOW spr round 24 (radius: 5)
[01:23:31 -63925.223912] SLOW spr round 25 (radius: 10)
[01:24:00 -63925.031330] SLOW spr round 26 (radius: 5)
[01:24:34 -63925.028982] SLOW spr round 27 (radius: 10)
[01:25:03 -63925.011082] SLOW spr round 28 (radius: 15)
[01:25:48 -63918.355808] SLOW spr round 29 (radius: 5)
[01:26:25 -63918.233994] SLOW spr round 30 (radius: 5)
[01:26:55 -63918.233924] SLOW spr round 31 (radius: 10)
[01:27:21 -63918.233915] SLOW spr round 32 (radius: 15)
[01:28:07 -63917.390199] SLOW spr round 33 (radius: 5)
[01:28:44 -63914.480536] SLOW spr round 34 (radius: 5)
[01:29:15 -63913.345063] SLOW spr round 35 (radius: 5)
[01:29:42 -63913.344304] SLOW spr round 36 (radius: 10)
[01:30:08 -63912.949674] SLOW spr round 37 (radius: 5)
[01:30:43 -63912.936077] SLOW spr round 38 (radius: 10)
[01:31:11 -63912.935359] SLOW spr round 39 (radius: 15)
[01:31:56 -63911.313957] SLOW spr round 40 (radius: 5)
[01:32:22] [worker #2] ML tree search #3, logLikelihood: -63621.177583
[01:32:33 -63911.312290] SLOW spr round 41 (radius: 10)
[01:33:03 -63911.312212] SLOW spr round 42 (radius: 15)
[01:33:47 -63911.312208] SLOW spr round 43 (radius: 20)
[01:34:58 -63905.004954] SLOW spr round 44 (radius: 5)
[01:35:37 -63902.452546] SLOW spr round 45 (radius: 5)
[01:36:08 -63901.506024] SLOW spr round 46 (radius: 5)
[01:36:35 -63901.505974] SLOW spr round 47 (radius: 10)
[01:37:01 -63901.505972] SLOW spr round 48 (radius: 15)
[01:37:48 -63900.472646] SLOW spr round 49 (radius: 5)
[01:38:26 -63900.415767] SLOW spr round 50 (radius: 10)
[01:38:56 -63900.415671] SLOW spr round 51 (radius: 15)
[01:39:40 -63899.100817] SLOW spr round 52 (radius: 5)
[01:40:17 -63899.100613] SLOW spr round 53 (radius: 10)
[01:40:48 -63899.100607] SLOW spr round 54 (radius: 15)
[01:41:32 -63899.003487] SLOW spr round 55 (radius: 20)
[01:42:42 -63898.839416] SLOW spr round 56 (radius: 5)
[01:43:20 -63898.835398] SLOW spr round 57 (radius: 10)
[01:43:50 -63898.835071] SLOW spr round 58 (radius: 15)
[01:44:34 -63898.835042] SLOW spr round 59 (radius: 20)
[01:45:45 -63898.835039] SLOW spr round 60 (radius: 25)
[01:47:17 -63867.227592] SLOW spr round 61 (radius: 5)
[01:47:55 -63852.638965] SLOW spr round 62 (radius: 5)
[01:48:26 -63852.335622] SLOW spr round 63 (radius: 5)
[01:48:54 -63852.196408] SLOW spr round 64 (radius: 5)
[01:49:19 -63852.196384] SLOW spr round 65 (radius: 10)
[01:49:45 -63851.227359] SLOW spr round 66 (radius: 5)
[01:50:20 -63851.220351] SLOW spr round 67 (radius: 10)
[01:50:48 -63851.220060] SLOW spr round 68 (radius: 15)
[01:51:32 -63850.105849] SLOW spr round 69 (radius: 5)
[01:52:08 -63850.105841] SLOW spr round 70 (radius: 10)
[01:52:38 -63850.105841] SLOW spr round 71 (radius: 15)
[01:53:21 -63850.105841] SLOW spr round 72 (radius: 20)
[01:54:29 -63850.105841] SLOW spr round 73 (radius: 25)
[01:55:59 -63848.975450] SLOW spr round 74 (radius: 5)
[01:56:36 -63848.111205] SLOW spr round 75 (radius: 5)
[01:57:06 -63848.110694] SLOW spr round 76 (radius: 10)
[01:57:32 -63848.110693] SLOW spr round 77 (radius: 15)
[01:58:17 -63848.110693] SLOW spr round 78 (radius: 20)
[01:59:23 -63848.110693] SLOW spr round 79 (radius: 25)
[01:59:44] [worker #1] ML tree search #2, logLikelihood: -64351.521409
[02:00:51 -63846.751522] SLOW spr round 80 (radius: 5)
[02:01:30 -63842.166462] SLOW spr round 81 (radius: 5)
[02:02:02 -63834.506965] SLOW spr round 82 (radius: 5)
[02:02:31 -63834.391966] SLOW spr round 83 (radius: 5)
[02:02:57 -63834.391327] SLOW spr round 84 (radius: 10)
[02:03:23 -63833.993677] SLOW spr round 85 (radius: 5)
[02:03:26] [worker #4] ML tree search #10, logLikelihood: -63979.921895
[02:03:59 -63833.993372] SLOW spr round 86 (radius: 10)
[02:04:28 -63833.922380] SLOW spr round 87 (radius: 15)
[02:05:12 -63833.842059] SLOW spr round 88 (radius: 20)
[02:06:21 -63833.809896] SLOW spr round 89 (radius: 25)
[02:07:50 -63833.503875] SLOW spr round 90 (radius: 5)
[02:08:29 -63831.652931] SLOW spr round 91 (radius: 5)
[02:09:01 -63830.356626] SLOW spr round 92 (radius: 5)
[02:09:30 -63830.153056] SLOW spr round 93 (radius: 5)
[02:09:56 -63830.152834] SLOW spr round 94 (radius: 10)
[02:10:22 -63829.965572] SLOW spr round 95 (radius: 5)
[02:10:58 -63829.965510] SLOW spr round 96 (radius: 10)
[02:11:27 -63829.965510] SLOW spr round 97 (radius: 15)
[02:12:12 -63821.861291] SLOW spr round 98 (radius: 5)
[02:12:50 -63819.485071] SLOW spr round 99 (radius: 5)
[02:13:21 -63819.485060] SLOW spr round 100 (radius: 10)
[02:13:49 -63818.681043] SLOW spr round 101 (radius: 5)
[02:14:24 -63818.680650] SLOW spr round 102 (radius: 10)
[02:14:53 -63818.680643] SLOW spr round 103 (radius: 15)
[02:15:38 -63818.680643] SLOW spr round 104 (radius: 20)
[02:16:48 -63811.738833] SLOW spr round 105 (radius: 5)
[02:17:26 -63804.202231] SLOW spr round 106 (radius: 5)
[02:17:58 -63803.517865] SLOW spr round 107 (radius: 5)
[02:18:25 -63803.517544] SLOW spr round 108 (radius: 10)
[02:18:51 -63803.517324] SLOW spr round 109 (radius: 15)
[02:19:38 -63803.517149] SLOW spr round 110 (radius: 20)
[02:20:45 -63802.703846] SLOW spr round 111 (radius: 5)
[02:21:22 -63802.124269] SLOW spr round 112 (radius: 5)
[02:21:53 -63802.038735] SLOW spr round 113 (radius: 10)
[02:22:20 -63801.422402] SLOW spr round 114 (radius: 5)
[02:22:55 -63800.685805] SLOW spr round 115 (radius: 5)
[02:23:24 -63800.685725] SLOW spr round 116 (radius: 10)
[02:23:51 -63800.685723] SLOW spr round 117 (radius: 15)
[02:24:36 -63800.685723] SLOW spr round 118 (radius: 20)
[02:25:43 -63800.685723] SLOW spr round 119 (radius: 25)
[02:27:11 -63795.161008] SLOW spr round 120 (radius: 5)
[02:27:49 -63793.389844] SLOW spr round 121 (radius: 5)
[02:28:19 -63793.389708] SLOW spr round 122 (radius: 10)
[02:28:46 -63793.389707] SLOW spr round 123 (radius: 15)
[02:29:31 -63791.339331] SLOW spr round 124 (radius: 5)
[02:30:08 -63790.461580] SLOW spr round 125 (radius: 5)
[02:30:37 -63790.461381] SLOW spr round 126 (radius: 10)
[02:31:04 -63788.329479] SLOW spr round 127 (radius: 5)
[02:31:05] [worker #2] ML tree search #8, logLikelihood: -64145.257342
[02:31:40 -63788.322209] SLOW spr round 128 (radius: 10)
[02:32:09 -63787.733958] SLOW spr round 129 (radius: 5)
[02:32:43 -63787.733114] SLOW spr round 130 (radius: 10)
[02:33:12 -63787.733114] SLOW spr round 131 (radius: 15)
[02:33:56 -63787.607091] SLOW spr round 132 (radius: 5)
[02:34:34 -63787.607073] SLOW spr round 133 (radius: 10)
[02:35:04 -63787.607073] SLOW spr round 134 (radius: 15)
[02:35:48 -63787.410158] SLOW spr round 135 (radius: 5)
[02:36:25 -63787.252806] SLOW spr round 136 (radius: 5)
[02:36:56 -63787.252448] SLOW spr round 137 (radius: 10)
[02:37:23 -63787.252447] SLOW spr round 138 (radius: 15)
[02:38:09 -63787.252447] SLOW spr round 139 (radius: 20)
[02:39:16 -63784.473618] SLOW spr round 140 (radius: 5)
[02:39:54 -63781.611927] SLOW spr round 141 (radius: 5)
[02:40:26 -63775.646434] SLOW spr round 142 (radius: 5)
[02:40:54 -63775.646056] SLOW spr round 143 (radius: 10)
[02:41:20 -63775.645867] SLOW spr round 144 (radius: 15)
[02:42:07 -63775.645761] SLOW spr round 145 (radius: 20)
[02:43:13 -63775.645699] SLOW spr round 146 (radius: 25)
[02:44:41 -63775.645674] Model parameter optimization (eps = 0.100000)

[02:44:57] [worker #0] ML tree search #6, logLikelihood: -63760.615902

[02:44:57 -76902.915084] Initial branch length optimization
[02:44:57 -71675.517565] Model parameter optimization (eps = 10.000000)
[02:45:14 -67204.857693] AUTODETECT spr round 1 (radius: 5)
[02:45:30 -66026.802347] AUTODETECT spr round 2 (radius: 10)
[02:45:50 -65503.926090] AUTODETECT spr round 3 (radius: 15)
[02:46:19 -65149.304375] AUTODETECT spr round 4 (radius: 20)
[02:46:56 -64982.216091] AUTODETECT spr round 5 (radius: 25)
[02:47:40 -64866.975904] SPR radius for FAST iterations: 25 (autodetect)
[02:47:40 -64866.975904] Model parameter optimization (eps = 3.000000)
[02:47:51 -64775.629560] FAST spr round 1 (radius: 25)
[02:48:50] [worker #3] ML tree search #9, logLikelihood: -63555.868885
[02:48:51 -64180.000145] FAST spr round 2 (radius: 25)
[02:49:26 -64029.983591] FAST spr round 3 (radius: 25)
[02:49:52 -64008.381040] FAST spr round 4 (radius: 25)
[02:50:11 -64002.263062] FAST spr round 5 (radius: 25)
[02:50:29 -64001.263647] FAST spr round 6 (radius: 25)
[02:50:45 -64001.263543] Model parameter optimization (eps = 1.000000)
[02:51:17 -63855.855700] SLOW spr round 1 (radius: 5)
[02:51:45 -63764.138201] SLOW spr round 2 (radius: 5)
[02:52:11 -63747.461800] SLOW spr round 3 (radius: 5)
[02:52:35 -63741.663295] SLOW spr round 4 (radius: 5)
[02:52:59 -63741.248736] SLOW spr round 5 (radius: 5)
[02:53:22 -63740.191773] SLOW spr round 6 (radius: 5)
[02:53:45 -63740.105183] SLOW spr round 7 (radius: 10)
[02:54:10 -63726.463417] SLOW spr round 8 (radius: 5)
[02:54:43 -63704.912123] SLOW spr round 9 (radius: 5)
[02:55:11 -63697.848812] SLOW spr round 10 (radius: 5)
[02:55:37 -63697.768421] SLOW spr round 11 (radius: 10)
[02:56:02 -63696.194250] SLOW spr round 12 (radius: 5)
[02:56:36 -63683.108618] SLOW spr round 13 (radius: 5)
[02:57:04 -63683.108557] SLOW spr round 14 (radius: 10)
[02:57:30 -63681.225051] SLOW spr round 15 (radius: 5)
[02:58:03 -63681.224824] SLOW spr round 16 (radius: 10)
[02:58:28 -63676.392444] SLOW spr round 17 (radius: 5)
[02:58:58 -63672.209341] SLOW spr round 18 (radius: 5)
[02:59:24 -63670.589226] SLOW spr round 19 (radius: 5)
[02:59:47 -63670.589219] SLOW spr round 20 (radius: 10)
[03:00:10 -63669.464692] SLOW spr round 21 (radius: 5)
[03:00:40 -63668.998429] SLOW spr round 22 (radius: 5)
[03:01:05 -63668.998118] SLOW spr round 23 (radius: 10)
[03:01:29 -63667.725840] SLOW spr round 24 (radius: 5)
[03:01:58 -63666.026822] SLOW spr round 25 (radius: 5)
[03:02:24 -63666.025917] SLOW spr round 26 (radius: 10)
[03:02:47 -63665.110768] SLOW spr round 27 (radius: 5)
[03:03:17 -63664.670034] SLOW spr round 28 (radius: 5)
[03:03:42 -63664.668830] SLOW spr round 29 (radius: 10)
[03:04:04 -63664.149792] SLOW spr round 30 (radius: 5)
[03:04:34 -63663.387638] SLOW spr round 31 (radius: 5)
[03:04:59 -63663.375189] SLOW spr round 32 (radius: 10)
[03:05:22 -63663.134726] SLOW spr round 33 (radius: 5)
[03:05:51 -63662.462601] SLOW spr round 34 (radius: 5)
[03:06:17 -63662.461133] SLOW spr round 35 (radius: 10)
[03:06:40 -63662.448583] SLOW spr round 36 (radius: 15)
[03:07:19 -63640.927920] SLOW spr round 37 (radius: 5)
[03:07:51 -63636.406904] SLOW spr round 38 (radius: 5)
[03:08:17 -63636.406181] SLOW spr round 39 (radius: 10)
[03:08:41 -63634.764037] SLOW spr round 40 (radius: 5)
[03:09:12 -63629.822531] SLOW spr round 41 (radius: 5)
[03:09:38 -63621.630258] SLOW spr round 42 (radius: 5)
[03:10:02 -63620.439507] SLOW spr round 43 (radius: 5)
[03:10:25 -63619.308949] SLOW spr round 44 (radius: 5)
[03:10:47 -63618.480322] SLOW spr round 45 (radius: 5)
[03:11:09 -63618.479814] SLOW spr round 46 (radius: 10)
[03:11:32 -63615.930979] SLOW spr round 47 (radius: 5)
[03:12:03 -63614.395954] SLOW spr round 48 (radius: 5)
[03:12:29 -63614.356293] SLOW spr round 49 (radius: 10)
[03:12:52 -63613.732398] SLOW spr round 50 (radius: 5)
[03:13:22 -63613.680864] SLOW spr round 51 (radius: 10)
[03:13:48 -63608.955936] SLOW spr round 52 (radius: 5)
[03:14:18 -63608.449834] SLOW spr round 53 (radius: 5)
[03:14:43 -63608.447692] SLOW spr round 54 (radius: 10)
[03:15:05 -63607.028372] SLOW spr round 55 (radius: 5)
[03:15:35 -63607.028284] SLOW spr round 56 (radius: 10)
[03:16:00 -63604.759866] SLOW spr round 57 (radius: 5)
[03:16:29 -63604.759312] SLOW spr round 58 (radius: 10)
[03:16:54 -63603.713534] SLOW spr round 59 (radius: 5)
[03:17:24 -63601.128904] SLOW spr round 60 (radius: 5)
[03:17:48 -63601.128863] SLOW spr round 61 (radius: 10)
[03:18:11 -63601.128863] SLOW spr round 62 (radius: 15)
[03:18:51 -63595.439703] SLOW spr round 63 (radius: 5)
[03:19:23 -63591.426283] SLOW spr round 64 (radius: 5)
[03:19:50 -63591.425271] SLOW spr round 65 (radius: 10)
[03:20:13 -63589.985090] SLOW spr round 66 (radius: 5)
[03:20:45 -63587.673140] SLOW spr round 67 (radius: 5)
[03:21:10 -63587.673037] SLOW spr round 68 (radius: 10)
[03:21:33 -63587.673031] SLOW spr round 69 (radius: 15)
[03:22:13 -63582.248478] SLOW spr round 70 (radius: 5)
[03:22:46 -63575.451108] SLOW spr round 71 (radius: 5)
[03:23:12 -63572.994125] SLOW spr round 72 (radius: 5)
[03:23:36 -63572.600958] SLOW spr round 73 (radius: 5)
[03:23:58 -63572.600914] SLOW spr round 74 (radius: 10)
[03:24:20 -63571.879583] SLOW spr round 75 (radius: 5)
[03:24:51 -63569.729905] SLOW spr round 76 (radius: 5)
[03:24:56] [worker #2] ML tree search #13, logLikelihood: -63534.086991
[03:25:17 -63569.620485] SLOW spr round 77 (radius: 5)
[03:25:40 -63569.620307] SLOW spr round 78 (radius: 10)
[03:26:03 -63569.620297] SLOW spr round 79 (radius: 15)
[03:26:42 -63569.303920] SLOW spr round 80 (radius: 5)
[03:27:13 -63567.282848] SLOW spr round 81 (radius: 5)
[03:27:40 -63567.282780] SLOW spr round 82 (radius: 10)
[03:28:03 -63567.282776] SLOW spr round 83 (radius: 15)
[03:28:39 -63567.135706] SLOW spr round 84 (radius: 5)
[03:29:10 -63565.415324] SLOW spr round 85 (radius: 5)
[03:29:36 -63565.415218] SLOW spr round 86 (radius: 10)
[03:30:00 -63565.415214] SLOW spr round 87 (radius: 15)
[03:30:37 -63565.415214] SLOW spr round 88 (radius: 20)
[03:31:24 -63551.792994] SLOW spr round 89 (radius: 5)
[03:31:56 -63549.720590] SLOW spr round 90 (radius: 5)
[03:32:24 -63546.467867] SLOW spr round 91 (radius: 5)
[03:32:47 -63545.828082] SLOW spr round 92 (radius: 5)
[03:33:09 -63545.828005] SLOW spr round 93 (radius: 10)
[03:33:32 -63545.362329] SLOW spr round 94 (radius: 5)
[03:34:01 -63545.362075] SLOW spr round 95 (radius: 10)
[03:34:26 -63545.362071] SLOW spr round 96 (radius: 15)
[03:35:01 -63542.602068] SLOW spr round 97 (radius: 5)
[03:35:33 -63540.883824] SLOW spr round 98 (radius: 5)
[03:36:00 -63537.883899] SLOW spr round 99 (radius: 5)
[03:36:24 -63537.883570] SLOW spr round 100 (radius: 10)
[03:36:48 -63536.762701] SLOW spr round 101 (radius: 5)
[03:37:19 -63536.745331] SLOW spr round 102 (radius: 10)
[03:37:45 -63535.191900] SLOW spr round 103 (radius: 5)
[03:38:16 -63531.146080] SLOW spr round 104 (radius: 5)
[03:38:42 -63529.318658] SLOW spr round 105 (radius: 5)
[03:39:05 -63529.318614] SLOW spr round 106 (radius: 10)
[03:39:28 -63528.160156] SLOW spr round 107 (radius: 5)
[03:39:58 -63527.476584] SLOW spr round 108 (radius: 5)
[03:40:24 -63527.476197] SLOW spr round 109 (radius: 10)
[03:40:46 -63526.750958] SLOW spr round 110 (radius: 5)
[03:41:16 -63526.502872] SLOW spr round 111 (radius: 5)
[03:41:41 -63526.369646] SLOW spr round 112 (radius: 5)
[03:42:04 -63526.369400] SLOW spr round 113 (radius: 10)
[03:42:26 -63526.369349] SLOW spr round 114 (radius: 15)
[03:43:05 -63524.177269] SLOW spr round 115 (radius: 5)
[03:43:37 -63515.149459] SLOW spr round 116 (radius: 5)
[03:44:03 -63515.149407] SLOW spr round 117 (radius: 10)
[03:44:27 -63515.149406] SLOW spr round 118 (radius: 15)
[03:45:04 -63514.452585] SLOW spr round 119 (radius: 5)
[03:45:35 -63512.781833] SLOW spr round 120 (radius: 5)
[03:46:01 -63512.781797] SLOW spr round 121 (radius: 10)
[03:46:25 -63512.781796] SLOW spr round 122 (radius: 15)
[03:47:03 -63512.711754] SLOW spr round 123 (radius: 20)
[03:47:50 -63512.494979] SLOW spr round 124 (radius: 5)
[03:48:23] [worker #4] ML tree search #15, logLikelihood: -63771.097435
[03:48:23 -63511.521482] SLOW spr round 125 (radius: 5)
[03:48:50 -63511.518293] SLOW spr round 126 (radius: 10)
[03:49:14 -63511.517439] SLOW spr round 127 (radius: 15)
[03:49:51 -63511.517241] SLOW spr round 128 (radius: 20)
[03:50:36 -63511.517198] SLOW spr round 129 (radius: 25)
[03:51:18] [worker #1] ML tree search #7, logLikelihood: -64566.066126
[03:51:34 -63423.932584] SLOW spr round 130 (radius: 5)
[03:52:08 -63390.256957] SLOW spr round 131 (radius: 5)
[03:52:36 -63385.449876] SLOW spr round 132 (radius: 5)
[03:53:01 -63384.752886] SLOW spr round 133 (radius: 5)
[03:53:24 -63383.694875] SLOW spr round 134 (radius: 5)
[03:53:47 -63383.694067] SLOW spr round 135 (radius: 10)
[03:54:11 -63374.724155] SLOW spr round 136 (radius: 5)
[03:54:42 -63360.142258] SLOW spr round 137 (radius: 5)
[03:55:09 -63356.843444] SLOW spr round 138 (radius: 5)
[03:55:33 -63356.715604] SLOW spr round 139 (radius: 5)
[03:55:55 -63356.714763] SLOW spr round 140 (radius: 10)
[03:56:19 -63355.729100] SLOW spr round 141 (radius: 5)
[03:56:50 -63355.729081] SLOW spr round 142 (radius: 10)
[03:57:16 -63350.045184] SLOW spr round 143 (radius: 5)
[03:57:47 -63346.547681] SLOW spr round 144 (radius: 5)
[03:58:12 -63344.896383] SLOW spr round 145 (radius: 5)
[03:58:35 -63344.895988] SLOW spr round 146 (radius: 10)
[03:58:58 -63344.612503] SLOW spr round 147 (radius: 5)
[03:59:29 -63344.611446] SLOW spr round 148 (radius: 10)
[03:59:54] [worker #3] ML tree search #14, logLikelihood: -63699.449300
[03:59:54 -63344.611405] SLOW spr round 149 (radius: 15)
[04:00:32 -63326.616596] SLOW spr round 150 (radius: 5)
[04:01:05 -63322.573498] SLOW spr round 151 (radius: 5)
[04:01:32 -63321.819592] SLOW spr round 152 (radius: 5)
[04:01:57 -63320.105003] SLOW spr round 153 (radius: 5)
[04:02:20 -63320.010981] SLOW spr round 154 (radius: 10)
[04:02:43 -63318.402010] SLOW spr round 155 (radius: 5)
[04:03:14 -63318.080234] SLOW spr round 156 (radius: 5)
[04:03:40 -63318.079982] SLOW spr round 157 (radius: 10)
[04:04:03 -63315.357561] SLOW spr round 158 (radius: 5)
[04:04:33 -63315.340515] SLOW spr round 159 (radius: 10)
[04:04:59 -63314.262077] SLOW spr round 160 (radius: 5)
[04:05:29 -63314.261270] SLOW spr round 161 (radius: 10)
[04:05:54 -63314.261180] SLOW spr round 162 (radius: 15)
[04:06:32 -63311.414416] SLOW spr round 163 (radius: 5)
[04:07:05 -63310.021088] SLOW spr round 164 (radius: 5)
[04:07:32 -63310.012086] SLOW spr round 165 (radius: 10)
[04:07:57 -63306.964261] SLOW spr round 166 (radius: 5)
[04:08:28 -63306.835181] SLOW spr round 167 (radius: 5)
[04:08:54 -63306.834567] SLOW spr round 168 (radius: 10)
[04:09:17 -63306.834524] SLOW spr round 169 (radius: 15)
[04:09:56 -63303.970045] SLOW spr round 170 (radius: 5)
[04:10:28 -63303.806672] SLOW spr round 171 (radius: 5)
[04:10:55 -63303.804695] SLOW spr round 172 (radius: 10)
[04:11:19 -63303.804624] SLOW spr round 173 (radius: 15)
[04:11:57 -63295.237411] SLOW spr round 174 (radius: 5)
[04:12:30 -63290.426496] SLOW spr round 175 (radius: 5)
[04:12:57 -63289.342916] SLOW spr round 176 (radius: 5)
[04:13:21 -63288.234321] SLOW spr round 177 (radius: 5)
[04:13:44 -63288.234289] SLOW spr round 178 (radius: 10)
[04:14:08 -63286.721295] SLOW spr round 179 (radius: 5)
[04:14:39 -63286.721188] SLOW spr round 180 (radius: 10)
[04:15:04 -63286.721180] SLOW spr round 181 (radius: 15)
[04:15:40 -63286.679788] SLOW spr round 182 (radius: 20)
[04:16:29 -63277.495055] SLOW spr round 183 (radius: 5)
[04:17:03 -63256.064981] SLOW spr round 184 (radius: 5)
[04:17:31 -63254.164773] SLOW spr round 185 (radius: 5)
[04:17:56 -63254.164063] SLOW spr round 186 (radius: 10)
[04:18:19 -63251.785963] SLOW spr round 187 (radius: 5)
[04:18:51 -63251.785356] SLOW spr round 188 (radius: 10)
[04:19:16 -63251.116084] SLOW spr round 189 (radius: 5)
[04:19:47 -63250.883901] SLOW spr round 190 (radius: 5)
[04:20:13 -63250.882918] SLOW spr round 191 (radius: 10)
[04:20:37 -63250.571539] SLOW spr round 192 (radius: 5)
[04:21:08 -63250.035197] SLOW spr round 193 (radius: 5)
[04:21:34 -63250.033902] SLOW spr round 194 (radius: 10)
[04:21:58 -63249.715653] SLOW spr round 195 (radius: 5)
[04:22:29 -63249.713333] SLOW spr round 196 (radius: 10)
[04:22:54 -63249.399044] SLOW spr round 197 (radius: 5)
[04:23:25 -63249.398328] SLOW spr round 198 (radius: 10)
[04:23:50 -63249.102109] SLOW spr round 199 (radius: 5)
[04:24:22 -63249.036575] SLOW spr round 200 (radius: 10)
[04:24:48 -63248.570032] SLOW spr round 201 (radius: 5)
[04:25:18 -63248.442749] SLOW spr round 202 (radius: 5)
[04:25:44 -63248.442639] SLOW spr round 203 (radius: 10)
[04:26:08 -63248.422846] SLOW spr round 204 (radius: 15)
[04:26:47 -63245.291325] SLOW spr round 205 (radius: 5)
[04:27:20 -63245.290901] SLOW spr round 206 (radius: 10)
[04:27:46 -63245.290886] SLOW spr round 207 (radius: 15)
[04:28:23 -63244.665741] SLOW spr round 208 (radius: 5)
[04:28:56 -63243.364993] SLOW spr round 209 (radius: 5)
[04:29:23 -63243.298570] SLOW spr round 210 (radius: 10)
[04:29:47] [worker #2] ML tree search #18, logLikelihood: -63499.411550
[04:29:48 -63243.298488] SLOW spr round 211 (radius: 15)
[04:30:26 -63243.213026] SLOW spr round 212 (radius: 20)
[04:31:15 -63235.854259] SLOW spr round 213 (radius: 5)
[04:31:48 -63235.015702] SLOW spr round 214 (radius: 5)
[04:32:15 -63234.963530] SLOW spr round 215 (radius: 10)
[04:32:39 -63232.968570] SLOW spr round 216 (radius: 5)
[04:33:09 -63231.365280] SLOW spr round 217 (radius: 5)
[04:33:35 -63230.143575] SLOW spr round 218 (radius: 5)
[04:33:58 -63229.919289] SLOW spr round 219 (radius: 5)
[04:34:20 -63229.919075] SLOW spr round 220 (radius: 10)
[04:34:43 -63224.315878] SLOW spr round 221 (radius: 5)
[04:35:14 -63223.805331] SLOW spr round 222 (radius: 5)
[04:35:40 -63223.805286] SLOW spr round 223 (radius: 10)
[04:36:03 -63223.805285] SLOW spr round 224 (radius: 15)
[04:36:41 -63222.952762] SLOW spr round 225 (radius: 5)
[04:37:12 -63222.952604] SLOW spr round 226 (radius: 10)
[04:37:38 -63222.952597] SLOW spr round 227 (radius: 15)
[04:38:14 -63222.952597] SLOW spr round 228 (radius: 20)
[04:39:03 -63222.952597] SLOW spr round 229 (radius: 25)
[04:40:02 -63220.261528] SLOW spr round 230 (radius: 5)
[04:40:34 -63220.174292] SLOW spr round 231 (radius: 10)
[04:41:00 -63219.161006] SLOW spr round 232 (radius: 5)
[04:41:29 -63219.160934] SLOW spr round 233 (radius: 10)
[04:41:54 -63219.160933] SLOW spr round 234 (radius: 15)
[04:42:30 -63217.140232] SLOW spr round 235 (radius: 5)
[04:43:01 -63217.140032] SLOW spr round 236 (radius: 10)
[04:43:26 -63217.140027] SLOW spr round 237 (radius: 15)
[04:44:00 -63217.140026] SLOW spr round 238 (radius: 20)
[04:44:49 -63217.082796] SLOW spr round 239 (radius: 25)
[04:45:47 -63209.166442] SLOW spr round 240 (radius: 5)
[04:46:18 -63207.888548] SLOW spr round 241 (radius: 5)
[04:46:45 -63207.888121] SLOW spr round 242 (radius: 10)
[04:47:08 -63207.888051] SLOW spr round 243 (radius: 15)
[04:47:44 -63207.888025] SLOW spr round 244 (radius: 20)
[04:48:32 -63207.888015] SLOW spr round 245 (radius: 25)
[04:49:32 -63206.162748] SLOW spr round 246 (radius: 5)
[04:50:04 -63205.674930] SLOW spr round 247 (radius: 5)
[04:50:30 -63205.673685] SLOW spr round 248 (radius: 10)
[04:50:53 -63203.232307] SLOW spr round 249 (radius: 5)
[04:51:23 -63203.118201] SLOW spr round 250 (radius: 5)
[04:51:47 -63203.117289] SLOW spr round 251 (radius: 10)
[04:52:09 -63203.064136] SLOW spr round 252 (radius: 15)
[04:52:46] [worker #3] ML tree search #19, logLikelihood: -63714.610011
[04:52:46 -63201.895834] SLOW spr round 253 (radius: 5)
[04:53:17 -63201.861356] SLOW spr round 254 (radius: 10)
[04:53:41 -63201.861218] SLOW spr round 255 (radius: 15)
[04:54:15 -63201.667638] SLOW spr round 256 (radius: 5)
[04:54:45 -63201.667632] SLOW spr round 257 (radius: 10)
[04:55:10 -63201.667632] SLOW spr round 258 (radius: 15)
[04:55:44 -63201.628668] SLOW spr round 259 (radius: 20)
[04:56:33 -63200.651085] SLOW spr round 260 (radius: 5)
[04:57:05 -63197.591790] SLOW spr round 261 (radius: 5)
[04:57:30 -63197.591577] SLOW spr round 262 (radius: 10)
[04:57:52 -63197.591573] SLOW spr round 263 (radius: 15)
[04:58:28 -63197.591572] SLOW spr round 264 (radius: 20)
[04:59:16 -63184.160725] SLOW spr round 265 (radius: 5)
[04:59:48 -63179.749636] SLOW spr round 266 (radius: 5)
[05:00:14 -63179.288465] SLOW spr round 267 (radius: 5)
[05:00:37 -63174.928863] SLOW spr round 268 (radius: 5)
[05:00:59 -63173.162765] SLOW spr round 269 (radius: 5)
[05:01:20 -63173.014627] SLOW spr round 270 (radius: 5)
[05:01:40 -63173.013936] SLOW spr round 271 (radius: 10)
[05:02:01 -63173.013912] SLOW spr round 272 (radius: 15)
[05:02:39 -63173.013911] SLOW spr round 273 (radius: 20)
[05:03:28 -63173.013911] SLOW spr round 274 (radius: 25)
[05:04:26 -63170.257555] SLOW spr round 275 (radius: 5)
[05:04:57 -63169.508763] SLOW spr round 276 (radius: 5)
[05:05:22 -63169.508706] SLOW spr round 277 (radius: 10)
[05:05:45 -63169.508706] SLOW spr round 278 (radius: 15)
[05:06:20 -63169.508706] SLOW spr round 279 (radius: 20)
[05:07:09 -63169.508706] SLOW spr round 280 (radius: 25)
[05:08:06 -63166.872653] SLOW spr round 281 (radius: 5)
[05:08:38 -63163.427639] SLOW spr round 282 (radius: 5)
[05:09:03 -63163.425579] SLOW spr round 283 (radius: 10)
[05:09:26 -63159.639324] SLOW spr round 284 (radius: 5)
[05:09:55 -63159.114105] SLOW spr round 285 (radius: 5)
[05:10:19 -63159.113635] SLOW spr round 286 (radius: 10)
[05:10:40 -63159.113595] SLOW spr round 287 (radius: 15)
[05:11:16 -63159.113592] SLOW spr round 288 (radius: 20)
[05:12:05 -63159.113592] SLOW spr round 289 (radius: 25)
[05:13:03 -63157.729371] SLOW spr round 290 (radius: 5)
[05:13:35 -63155.752101] SLOW spr round 291 (radius: 5)
[05:14:01 -63155.525152] SLOW spr round 292 (radius: 5)
[05:14:24 -63155.523634] SLOW spr round 293 (radius: 10)
[05:14:45 -63155.523501] SLOW spr round 294 (radius: 15)
[05:15:22 -63155.523489] SLOW spr round 295 (radius: 20)
[05:16:11 -63155.523488] SLOW spr round 296 (radius: 25)
[05:17:10 -63155.523488] Model parameter optimization (eps = 0.100000)

[05:17:19] [worker #0] ML tree search #11, logLikelihood: -63126.557587

[05:17:19 -76699.333244] Initial branch length optimization
[05:17:20 -71644.738725] Model parameter optimization (eps = 10.000000)
[05:17:38 -66993.187910] AUTODETECT spr round 1 (radius: 5)
[05:17:52 -65750.620738] AUTODETECT spr round 2 (radius: 10)
[05:18:12 -65238.459963] AUTODETECT spr round 3 (radius: 15)
[05:18:37 -65023.227976] AUTODETECT spr round 4 (radius: 20)
[05:19:09 -64772.452224] AUTODETECT spr round 5 (radius: 25)
[05:19:42 -64676.067678] SPR radius for FAST iterations: 25 (autodetect)
[05:19:42 -64676.067678] Model parameter optimization (eps = 3.000000)
[05:19:51 -64598.071375] FAST spr round 1 (radius: 25)
[05:20:38 -64027.685902] FAST spr round 2 (radius: 25)
[05:21:06 -63857.952068] FAST spr round 3 (radius: 25)
[05:21:27 -63798.000604] FAST spr round 4 (radius: 25)
[05:21:44 -63788.174482] FAST spr round 5 (radius: 25)
[05:21:59 -63785.668952] FAST spr round 6 (radius: 25)
[05:22:13 -63783.209362] FAST spr round 7 (radius: 25)
[05:22:27 -63781.737485] FAST spr round 8 (radius: 25)
[05:22:40 -63781.500571] FAST spr round 9 (radius: 25)
[05:22:54 -63781.500400] Model parameter optimization (eps = 1.000000)
[05:23:00 -63768.352169] SLOW spr round 1 (radius: 5)
[05:23:24 -63746.188850] SLOW spr round 2 (radius: 5)
[05:23:47 -63740.276452] SLOW spr round 3 (radius: 5)
[05:24:08 -63740.270882] SLOW spr round 4 (radius: 10)
[05:24:31 -63730.123016] SLOW spr round 5 (radius: 5)
[05:24:57] [worker #1] ML tree search #12, logLikelihood: -63399.190005
[05:25:02 -63725.478182] SLOW spr round 6 (radius: 5)
[05:25:29 -63725.111441] SLOW spr round 7 (radius: 5)
[05:25:52 -63725.110944] SLOW spr round 8 (radius: 10)
[05:26:14 -63720.428349] SLOW spr round 9 (radius: 5)
[05:26:46 -63718.946288] SLOW spr round 10 (radius: 5)
[05:27:12 -63717.686984] SLOW spr round 11 (radius: 5)
[05:27:35 -63717.686280] SLOW spr round 12 (radius: 10)
[05:27:57 -63717.496584] SLOW spr round 13 (radius: 5)
[05:28:28 -63717.496236] SLOW spr round 14 (radius: 10)
[05:28:53 -63716.325330] SLOW spr round 15 (radius: 5)
[05:29:22 -63716.140000] SLOW spr round 16 (radius: 5)
[05:29:47 -63713.380253] SLOW spr round 17 (radius: 5)
[05:30:11 -63709.523155] SLOW spr round 18 (radius: 5)
[05:30:32 -63709.522680] SLOW spr round 19 (radius: 10)
[05:30:53 -63709.460547] SLOW spr round 20 (radius: 15)
[05:31:31 -63706.493574] SLOW spr round 21 (radius: 5)
[05:32:03 -63705.286886] SLOW spr round 22 (radius: 5)
[05:32:29 -63705.284745] SLOW spr round 23 (radius: 10)
[05:32:52 -63705.168520] SLOW spr round 24 (radius: 5)
[05:33:21 -63705.167141] SLOW spr round 25 (radius: 10)
[05:33:45 -63704.950082] SLOW spr round 26 (radius: 5)
[05:34:15 -63702.238691] SLOW spr round 27 (radius: 5)
[05:34:41 -63699.502237] SLOW spr round 28 (radius: 5)
[05:35:04 -63699.210415] SLOW spr round 29 (radius: 5)
[05:35:25 -63699.209767] SLOW spr round 30 (radius: 10)
[05:35:47 -63697.904143] SLOW spr round 31 (radius: 5)
[05:36:18 -63694.974563] SLOW spr round 32 (radius: 5)
[05:36:44 -63693.199432] SLOW spr round 33 (radius: 5)
[05:37:06 -63693.199298] SLOW spr round 34 (radius: 10)
[05:37:27 -63693.199297] SLOW spr round 35 (radius: 15)
[05:38:05 -63691.743397] SLOW spr round 36 (radius: 5)
[05:38:37 -63687.959162] SLOW spr round 37 (radius: 5)
[05:39:03 -63687.958448] SLOW spr round 38 (radius: 10)
[05:39:26 -63687.958388] SLOW spr round 39 (radius: 15)
[05:40:03 -63679.013617] SLOW spr round 40 (radius: 5)
[05:40:36 -63677.673878] SLOW spr round 41 (radius: 5)
[05:41:02 -63677.281106] SLOW spr round 42 (radius: 5)
[05:41:26 -63677.278827] SLOW spr round 43 (radius: 10)
[05:41:37] [worker #4] ML tree search #20, logLikelihood: -63400.472028
[05:41:48 -63677.278080] SLOW spr round 44 (radius: 15)
[05:42:25 -63676.593157] SLOW spr round 45 (radius: 5)
[05:42:56 -63676.587192] SLOW spr round 46 (radius: 10)
[05:43:21 -63676.587080] SLOW spr round 47 (radius: 15)
[05:43:55 -63675.939325] SLOW spr round 48 (radius: 5)
[05:44:27 -63675.021404] SLOW spr round 49 (radius: 5)
[05:44:52 -63675.021381] SLOW spr round 50 (radius: 10)
[05:45:15 -63675.021381] SLOW spr round 51 (radius: 15)
[05:45:52 -63675.021381] SLOW spr round 52 (radius: 20)
[05:46:38 -63669.644706] SLOW spr round 53 (radius: 5)
[05:47:10 -63668.928539] SLOW spr round 54 (radius: 5)
[05:47:37 -63668.928007] SLOW spr round 55 (radius: 10)
[05:48:00 -63668.828165] SLOW spr round 56 (radius: 15)
[05:48:37 -63666.502151] SLOW spr round 57 (radius: 5)
[05:49:09 -63666.501126] SLOW spr round 58 (radius: 10)
[05:49:34 -63666.500827] SLOW spr round 59 (radius: 15)
[05:50:09 -63665.918200] SLOW spr round 60 (radius: 5)
[05:50:41 -63665.917815] SLOW spr round 61 (radius: 10)
[05:51:06 -63665.917783] SLOW spr round 62 (radius: 15)
[05:51:41 -63665.917780] SLOW spr round 63 (radius: 20)
[05:52:27 -63665.771834] SLOW spr round 64 (radius: 5)
[05:53:00 -63663.692729] SLOW spr round 65 (radius: 5)
[05:53:27 -63663.692519] SLOW spr round 66 (radius: 10)
[05:53:49 -63663.692518] SLOW spr round 67 (radius: 15)
[05:54:26 -63663.692518] SLOW spr round 68 (radius: 20)
[05:55:11 -63663.692518] SLOW spr round 69 (radius: 25)
[05:56:01 -63662.124064] SLOW spr round 70 (radius: 5)
[05:56:34 -63662.123954] SLOW spr round 71 (radius: 10)
[05:56:59 -63662.123954] SLOW spr round 72 (radius: 15)
[05:57:34 -63662.123954] SLOW spr round 73 (radius: 20)
[05:58:20 -63662.123954] SLOW spr round 74 (radius: 25)
[05:59:10 -63662.123954] Model parameter optimization (eps = 0.100000)

[05:59:19] [worker #0] ML tree search #16, logLikelihood: -63648.474427

[06:29:59] [worker #1] ML tree search #17, logLikelihood: -63458.980618

Optimized model parameters:

   Partition 0: noname
   Rate heterogeneity: GAMMA (4 cats, mean),  alpha: 0.332667 (ML),  weights&rates: (0.250000,0.008315) (0.250000,0.130031) (0.250000,0.646797) (0.250000,3.214857) 
   Base frequencies (ML): 0.039815 0.506029 0.326226 0.127929 
   Substitution rates (ML): 2.779632 21.403065 26.873643 3.749808 7.799498 1.000000 


Final LogLikelihood: -63126.557587

AIC score: 131117.115174 / AICc score: 11965229.115174 / BIC score: 139642.081470
Free parameters (model + branch lengths): 2432

WARNING: Number of free parameters (K=2432) is larger than alignment size (n=246).
         This might lead to overfitting and compromise tree inference results!


WARNING: Best ML tree contains 126 near-zero branches!

Best ML tree with collapsed near-zero branches saved to: /home2/ISAD/dp415/dada2_pipeline_myxorpoB/data/output/run_myxo_gtdbr202/raxml/myxo_91/myxo_91.raxml.bestTreeCollapsed
Best ML tree saved to: /home2/ISAD/dp415/dada2_pipeline_myxorpoB/data/output/run_myxo_gtdbr202/raxml/myxo_91/myxo_91.raxml.bestTree
All ML trees saved to: /home2/ISAD/dp415/dada2_pipeline_myxorpoB/data/output/run_myxo_gtdbr202/raxml/myxo_91/myxo_91.raxml.mlTrees
Optimized model saved to: /home2/ISAD/dp415/dada2_pipeline_myxorpoB/data/output/run_myxo_gtdbr202/raxml/myxo_91/myxo_91.raxml.bestModel

Execution log saved to: /home2/ISAD/dp415/dada2_pipeline_myxorpoB/data/output/run_myxo_gtdbr202/raxml/myxo_91/myxo_91.raxml.log

Analysis started: 19-Jan-2022 08:47:47 / finished: 19-Jan-2022 15:17:46

Elapsed time: 23399.705 seconds

