
RAxML-NG v. 1.1 released on 29.11.2021 by The Exelixis Lab.
Developed by: Alexey M. Kozlov and Alexandros Stamatakis.
Contributors: Diego Darriba, Tomas Flouri, Benoit Morel, Sarah Lutteropp, Ben Bettisworth.
Latest version: https://github.com/amkozlov/raxml-ng
Questions/problems/suggestions? Please visit: https://groups.google.com/forum/#!forum/raxml

System: Intel(R) Xeon(R) Gold 6230 CPU @ 2.10GHz, 40 cores, 376 GB RAM

RAxML-NG was called at 17-Jan-2022 16:00:13 as follows:

raxml-ng --msa alignments/alignment_myxo_94percent.fasta --model GTR+G --seed 2 --prefix raxml/myxo_94/myxo_94 --threads 5

Analysis options:
  run mode: ML tree search
  start tree(s): random (10) + parsimony (10)
  random seed: 2
  tip-inner: OFF
  pattern compression: ON
  per-rate scalers: OFF
  site repeats: ON
  fast spr radius: AUTO
  spr subtree cutoff: 1.000000
  branch lengths: proportional (ML estimate, algorithm: NR-FAST)
  SIMD kernels: AVX2
  parallelization: coarse-grained (auto), PTHREADS (5 threads), thread pinning: OFF

[00:00:00] Reading alignment from file: alignments/alignment_myxo_94percent.fasta
[00:00:00] Loaded alignment with 2382 taxa and 246 sites

Alignment comprises 1 partitions and 175 patterns

Partition 0: noname
Model: GTR+FO+G4m
Alignment sites / patterns: 246 / 175
Gaps: 8.86 %
Invariant sites: 28.46 %


NOTE: Binary MSA file already exists: raxml/myxo_94/myxo_94.raxml.rba

Parallelization scheme autoconfig: 5 worker(s) x 1 thread(s)


NOTE: Per-rate scalers were automatically enabled to prevent numerical issues on taxa-rich alignments.
NOTE: You can use --force switch to skip this check and fall back to per-site scalers.

Parallel reduction/worker buffer size: 1 KB  / 0 KB

[00:00:00] Generating 10 random starting tree(s) with 2382 taxa
[00:00:00] Generating 10 parsimony starting tree(s) with 2382 taxa
[00:00:15] Data distribution: max. partitions/sites/weight per thread: 1 / 175 / 2800
[00:00:15] Data distribution: max. searches per worker: 4

Starting ML tree search with 20 distinct starting trees

[00:00:15 -212863.079174] Initial branch length optimization
[00:00:16 -192436.090933] Model parameter optimization (eps = 10.000000)
[00:00:59 -173585.120672] AUTODETECT spr round 1 (radius: 5)
[00:02:17 -152561.927580] AUTODETECT spr round 2 (radius: 10)
[00:03:45 -134502.576096] AUTODETECT spr round 3 (radius: 15)
[00:05:25 -123699.508832] AUTODETECT spr round 4 (radius: 20)
[00:07:28 -117604.913746] AUTODETECT spr round 5 (radius: 25)
[00:09:32 -114133.251437] SPR radius for FAST iterations: 25 (autodetect)
[00:09:32 -114133.251437] Model parameter optimization (eps = 3.000000)
[00:10:49 -113092.070626] FAST spr round 1 (radius: 25)
[00:14:20 -105463.849431] FAST spr round 2 (radius: 25)
[00:16:40 -104128.173333] FAST spr round 3 (radius: 25)
[00:18:21 -103822.783057] FAST spr round 4 (radius: 25)
[00:19:45 -103771.081510] FAST spr round 5 (radius: 25)
[00:21:05 -103732.004658] FAST spr round 6 (radius: 25)
[00:22:17 -103731.627418] FAST spr round 7 (radius: 25)
[00:23:29 -103731.627413] Model parameter optimization (eps = 1.000000)
[00:24:06 -103546.768229] SLOW spr round 1 (radius: 5)
[00:26:05 -103459.414245] SLOW spr round 2 (radius: 5)
[00:27:53 -103436.733888] SLOW spr round 3 (radius: 5)
[00:29:38 -103424.068424] SLOW spr round 4 (radius: 5)
[00:31:21 -103421.210582] SLOW spr round 5 (radius: 5)
[00:33:01 -103421.002567] SLOW spr round 6 (radius: 5)
[00:34:38 -103421.002286] SLOW spr round 7 (radius: 10)
[00:36:23 -103395.673345] SLOW spr round 8 (radius: 5)
[00:38:35 -103382.086663] SLOW spr round 9 (radius: 5)
[00:40:29 -103381.410865] SLOW spr round 10 (radius: 5)
[00:42:13 -103381.337558] SLOW spr round 11 (radius: 10)
[00:43:53 -103379.255877] SLOW spr round 12 (radius: 5)
[00:46:01 -103379.077337] SLOW spr round 13 (radius: 5)
[00:47:53 -103379.077301] SLOW spr round 14 (radius: 10)
[00:49:36 -103369.957009] SLOW spr round 15 (radius: 5)
[00:51:48 -103365.561208] SLOW spr round 16 (radius: 5)
[00:53:40 -103365.525455] SLOW spr round 17 (radius: 10)
[00:55:20 -103364.446401] SLOW spr round 18 (radius: 5)
[00:57:30 -103363.710866] SLOW spr round 19 (radius: 5)
[00:59:22 -103363.710693] SLOW spr round 20 (radius: 10)
[01:01:03 -103363.548055] SLOW spr round 21 (radius: 5)
[01:03:11 -103363.547558] SLOW spr round 22 (radius: 10)
[01:05:00 -103360.869680] SLOW spr round 23 (radius: 5)
[01:07:08 -103358.954849] SLOW spr round 24 (radius: 5)
[01:08:58 -103358.954670] SLOW spr round 25 (radius: 10)
[01:10:39 -103358.642766] SLOW spr round 26 (radius: 5)
[01:12:48 -103355.179966] SLOW spr round 27 (radius: 5)
[01:14:41 -103353.017783] SLOW spr round 28 (radius: 5)
[01:16:24 -103353.017706] SLOW spr round 29 (radius: 10)
[01:18:02 -103352.890429] SLOW spr round 30 (radius: 5)
[01:20:09 -103352.890269] SLOW spr round 31 (radius: 10)
[01:21:56 -103352.859817] SLOW spr round 32 (radius: 15)
[01:24:36 -103335.292651] SLOW spr round 33 (radius: 5)
[01:26:51 -103327.203734] SLOW spr round 34 (radius: 5)
[01:28:48 -103326.131630] SLOW spr round 35 (radius: 5)
[01:30:34 -103325.046830] SLOW spr round 36 (radius: 5)
[01:32:13 -103325.046796] SLOW spr round 37 (radius: 10)
[01:33:52 -103323.974777] SLOW spr round 38 (radius: 5)
[01:36:00 -103323.883665] SLOW spr round 39 (radius: 10)
[01:37:47 -103323.883651] SLOW spr round 40 (radius: 15)
[01:40:23 -103320.132944] SLOW spr round 41 (radius: 5)
[01:42:40 -103315.985954] SLOW spr round 42 (radius: 5)
[01:44:36 -103315.984890] SLOW spr round 43 (radius: 10)
[01:46:18 -103315.984772] SLOW spr round 44 (radius: 15)
[01:49:01 -103311.077876] SLOW spr round 45 (radius: 5)
[01:51:13 -103310.092573] SLOW spr round 46 (radius: 5)
[01:53:06 -103310.091539] SLOW spr round 47 (radius: 10)
[01:54:45 -103310.044586] SLOW spr round 48 (radius: 15)
[01:57:22 -103309.462050] SLOW spr round 49 (radius: 5)
[01:59:32 -103309.461332] SLOW spr round 50 (radius: 10)
[02:01:21 -103309.461330] SLOW spr round 51 (radius: 15)
[02:03:51 -103308.580695] SLOW spr round 52 (radius: 5)
[02:06:01 -103308.580637] SLOW spr round 53 (radius: 10)
[02:07:53 -103305.924818] SLOW spr round 54 (radius: 5)
[02:10:02 -103302.401922] SLOW spr round 55 (radius: 5)
[02:11:53 -103301.163093] SLOW spr round 56 (radius: 5)
[02:13:35 -103301.162105] SLOW spr round 57 (radius: 10)
[02:15:14 -103301.162030] SLOW spr round 58 (radius: 15)
[02:17:56 -103300.903137] SLOW spr round 59 (radius: 5)
[02:20:05 -103300.903113] SLOW spr round 60 (radius: 10)
[02:21:57 -103300.903112] SLOW spr round 61 (radius: 15)
[02:24:27 -103300.795336] SLOW spr round 62 (radius: 5)
[02:26:39 -103300.795317] SLOW spr round 63 (radius: 10)
[02:28:30 -103300.795317] SLOW spr round 64 (radius: 15)
[02:31:01 -103300.795317] SLOW spr round 65 (radius: 20)
[02:34:48 -103287.492328] SLOW spr round 66 (radius: 5)
[02:37:06 -103285.879869] SLOW spr round 67 (radius: 5)
[02:39:03 -103285.879720] SLOW spr round 68 (radius: 10)
[02:40:44 -103285.879716] SLOW spr round 69 (radius: 15)
[02:43:26 -103241.566763] SLOW spr round 70 (radius: 5)
[02:45:41 -103239.942844] SLOW spr round 71 (radius: 5)
[02:47:36 -103239.942829] SLOW spr round 72 (radius: 10)
[02:49:18 -103239.942828] SLOW spr round 73 (radius: 15)
[02:52:01 -103239.942828] SLOW spr round 74 (radius: 20)
[02:55:44 -103239.467612] SLOW spr round 75 (radius: 5)
[02:57:59 -103239.467040] SLOW spr round 76 (radius: 10)
[02:59:52 -103239.467035] SLOW spr round 77 (radius: 15)
[03:02:24 -103239.467035] SLOW spr round 78 (radius: 20)
[03:06:13 -103239.159507] SLOW spr round 79 (radius: 5)
[03:08:26 -103239.157142] SLOW spr round 80 (radius: 10)
[03:10:18 -103239.157108] SLOW spr round 81 (radius: 15)
[03:12:47 -103239.157107] SLOW spr round 82 (radius: 20)
[03:16:30 -103238.962895] SLOW spr round 83 (radius: 5)
[03:18:46 -103232.701423] SLOW spr round 84 (radius: 5)
[03:20:40 -103232.700601] SLOW spr round 85 (radius: 10)
[03:22:20 -103232.700576] SLOW spr round 86 (radius: 15)
[03:24:57 -103232.700575] SLOW spr round 87 (radius: 20)
[03:28:34 -103232.565041] SLOW spr round 88 (radius: 5)
[03:30:46 -103232.561025] SLOW spr round 89 (radius: 10)
[03:32:37 -103232.560732] SLOW spr round 90 (radius: 15)
[03:35:06 -103232.560697] SLOW spr round 91 (radius: 20)
[03:38:47 -103232.444910] SLOW spr round 92 (radius: 5)
[03:41:01 -103230.988163] SLOW spr round 93 (radius: 5)
[03:42:55 -103230.774215] SLOW spr round 94 (radius: 5)
[03:44:39 -103230.477427] SLOW spr round 95 (radius: 5)
[03:46:17 -103230.476836] SLOW spr round 96 (radius: 10)
[03:47:52 -103230.476818] SLOW spr round 97 (radius: 15)
[03:50:34 -103230.476817] SLOW spr round 98 (radius: 20)
[03:54:08 -103230.476817] SLOW spr round 99 (radius: 25)
[03:59:06 -103208.555407] SLOW spr round 100 (radius: 5)
[04:01:22 -103206.435301] SLOW spr round 101 (radius: 5)
[04:03:18 -103206.376063] SLOW spr round 102 (radius: 10)
[04:04:59 -103200.016345] SLOW spr round 103 (radius: 5)
[04:07:07 -103198.440266] SLOW spr round 104 (radius: 5)
[04:08:57 -103198.438494] SLOW spr round 105 (radius: 10)
[04:10:35 -103198.438333] SLOW spr round 106 (radius: 15)
[04:13:09 -103198.438314] SLOW spr round 107 (radius: 20)
[04:16:33 -103198.438312] SLOW spr round 108 (radius: 25)
[04:21:08 -103195.051970] SLOW spr round 109 (radius: 5)
[04:23:21 -103195.051718] SLOW spr round 110 (radius: 10)
[04:25:13 -103195.051717] SLOW spr round 111 (radius: 15)
[04:27:38 -103195.051717] SLOW spr round 112 (radius: 20)
[04:31:07 -103193.705260] SLOW spr round 113 (radius: 5)
[04:33:20 -103190.780353] SLOW spr round 114 (radius: 5)
[04:35:13 -103190.778161] SLOW spr round 115 (radius: 10)
[04:36:52 -103190.778045] SLOW spr round 116 (radius: 15)
[04:39:24 -103190.778039] SLOW spr round 117 (radius: 20)
[04:42:49 -103190.634023] SLOW spr round 118 (radius: 5)
[04:45:01 -103189.750961] SLOW spr round 119 (radius: 5)
[04:46:56 -103189.750795] SLOW spr round 120 (radius: 10)
[04:48:36 -103187.177184] SLOW spr round 121 (radius: 5)
[04:50:41 -103185.711979] SLOW spr round 122 (radius: 5)
[04:52:29 -103185.711467] SLOW spr round 123 (radius: 10)
[04:54:07 -103184.150467] SLOW spr round 124 (radius: 5)
[04:56:12 -103183.477004] SLOW spr round 125 (radius: 5)
[04:58:02 -103183.476733] SLOW spr round 126 (radius: 10)
[04:59:40 -103183.476719] SLOW spr round 127 (radius: 15)
[05:02:18 -103183.476718] SLOW spr round 128 (radius: 20)
[05:05:48 -103176.505437] SLOW spr round 129 (radius: 5)
[05:08:01 -103170.482229] SLOW spr round 130 (radius: 5)
[05:09:55 -103166.008371] SLOW spr round 131 (radius: 5)
[05:11:37 -103166.007338] SLOW spr round 132 (radius: 10)
[05:13:14 -103166.007303] SLOW spr round 133 (radius: 15)
[05:15:53 -103166.007302] SLOW spr round 134 (radius: 20)
[05:19:20 -103160.895934] SLOW spr round 135 (radius: 5)
[05:21:30 -103160.888036] SLOW spr round 136 (radius: 10)
[05:23:22 -103157.701768] SLOW spr round 137 (radius: 5)
[05:25:22 -103157.699979] SLOW spr round 138 (radius: 10)
[05:27:05 -103157.699705] SLOW spr round 139 (radius: 15)
[05:29:33 -103157.573158] SLOW spr round 140 (radius: 5)
[05:31:40 -103157.572990] SLOW spr round 141 (radius: 10)
[05:33:28 -103157.572982] SLOW spr round 142 (radius: 15)
[05:35:53 -103157.572981] SLOW spr round 143 (radius: 20)
[05:39:22 -103156.641503] SLOW spr round 144 (radius: 5)
[05:41:33 -103155.189094] SLOW spr round 145 (radius: 5)
[05:43:25 -103155.002849] SLOW spr round 146 (radius: 5)
[05:45:07 -103154.424476] SLOW spr round 147 (radius: 5)
[05:46:45 -103154.423973] SLOW spr round 148 (radius: 10)
[05:48:20 -103154.423895] SLOW spr round 149 (radius: 15)
[05:50:59 -103154.423884] SLOW spr round 150 (radius: 20)
[05:54:22 -103154.423882] SLOW spr round 151 (radius: 25)
[05:58:57 -103123.956279] SLOW spr round 152 (radius: 5)
[06:01:13 -103110.155281] SLOW spr round 153 (radius: 5)
[06:03:10 -103110.154537] SLOW spr round 154 (radius: 10)
[06:04:50 -103109.897643] SLOW spr round 155 (radius: 5)
[06:06:54 -103109.549898] SLOW spr round 156 (radius: 5)
[06:08:43 -103109.549895] SLOW spr round 157 (radius: 10)
[06:10:21 -103109.549895] SLOW spr round 158 (radius: 15)
[06:12:55 -103109.395781] SLOW spr round 159 (radius: 5)
[06:15:01 -103109.394812] SLOW spr round 160 (radius: 10)
[06:16:47 -103109.394768] SLOW spr round 161 (radius: 15)
[06:19:10 -103109.153709] SLOW spr round 162 (radius: 5)
[06:21:16 -103109.152654] SLOW spr round 163 (radius: 10)
[06:23:04 -103109.152577] SLOW spr round 164 (radius: 15)
[06:25:28 -103109.152571] SLOW spr round 165 (radius: 20)
[06:28:55 -103109.152570] SLOW spr round 166 (radius: 25)
[06:33:24 -103109.152570] Model parameter optimization (eps = 0.100000)

[06:33:52] [worker #0] ML tree search #1, logLikelihood: -103088.103193

[06:33:52 -212815.137062] Initial branch length optimization
[06:33:53 -192176.588727] Model parameter optimization (eps = 10.000000)
[06:34:20 -173405.280787] AUTODETECT spr round 1 (radius: 5)
[06:35:38 -152127.412471] AUTODETECT spr round 2 (radius: 10)
[06:37:05 -133974.534132] AUTODETECT spr round 3 (radius: 15)
[06:38:43 -122772.575128] AUTODETECT spr round 4 (radius: 20)
[06:40:33 -117177.537871] AUTODETECT spr round 5 (radius: 25)
[06:42:39 -115413.840532] SPR radius for FAST iterations: 25 (autodetect)
[06:42:39 -115413.840532] Model parameter optimization (eps = 3.000000)
[06:43:39 -114497.408978] FAST spr round 1 (radius: 25)
[06:47:22 -106375.356365] FAST spr round 2 (radius: 25)
[06:49:48 -103732.809529] FAST spr round 3 (radius: 25)
[06:51:33 -103094.842138] FAST spr round 4 (radius: 25)
[06:53:00 -103020.975468] FAST spr round 5 (radius: 25)
[06:54:21 -103004.981462] FAST spr round 6 (radius: 25)
[06:55:33 -103001.654284] FAST spr round 7 (radius: 25)
[06:56:43 -102998.450967] FAST spr round 8 (radius: 25)
[06:57:51 -102998.448728] Model parameter optimization (eps = 1.000000)
[06:58:52 -102695.019834] SLOW spr round 1 (radius: 5)
[07:00:45 -102561.694446] SLOW spr round 2 (radius: 5)
[07:02:26 -102508.945313] SLOW spr round 3 (radius: 5)
[07:04:03 -102501.835129] SLOW spr round 4 (radius: 5)
[07:05:40 -102501.116902] SLOW spr round 5 (radius: 5)
[07:07:16 -102498.032742] SLOW spr round 6 (radius: 5)
[07:08:49 -102498.032636] SLOW spr round 7 (radius: 10)
[07:10:29 -102466.995824] SLOW spr round 8 (radius: 5)
[07:12:31 -102454.392078] SLOW spr round 9 (radius: 5)
[07:14:18 -102447.974654] SLOW spr round 10 (radius: 5)
[07:15:57 -102446.531852] SLOW spr round 11 (radius: 5)
[07:17:32 -102446.531434] SLOW spr round 12 (radius: 10)
[07:19:06 -102442.301310] SLOW spr round 13 (radius: 5)
[07:21:05 -102441.403759] SLOW spr round 14 (radius: 5)
[07:22:50 -102441.403504] SLOW spr round 15 (radius: 10)
[07:24:27 -102437.034036] SLOW spr round 16 (radius: 5)
[07:26:26 -102431.211801] SLOW spr round 17 (radius: 5)
[07:26:31] [worker #1] ML tree search #2, logLikelihood: -103561.746380
[07:28:11 -102429.932457] SLOW spr round 18 (radius: 5)
[07:29:49 -102429.932142] SLOW spr round 19 (radius: 10)
[07:31:23 -102425.076221] SLOW spr round 20 (radius: 5)
[07:33:22 -102421.828813] SLOW spr round 21 (radius: 5)
[07:35:04 -102421.828759] SLOW spr round 22 (radius: 10)
[07:36:34] [worker #3] ML tree search #4, logLikelihood: -105968.415540
[07:36:40 -102420.753152] SLOW spr round 23 (radius: 5)
[07:38:39 -102418.391369] SLOW spr round 24 (radius: 5)
[07:40:23 -102418.391199] SLOW spr round 25 (radius: 10)
[07:41:58 -102417.404673] SLOW spr round 26 (radius: 5)
[07:43:57 -102416.990181] SLOW spr round 27 (radius: 5)
[07:45:42 -102416.990016] SLOW spr round 28 (radius: 10)
[07:47:19 -102415.925684] SLOW spr round 29 (radius: 5)
[07:49:19 -102415.148682] SLOW spr round 30 (radius: 5)
[07:51:07 -102407.461677] SLOW spr round 31 (radius: 5)
[07:52:45 -102407.461082] SLOW spr round 32 (radius: 10)
[07:54:20 -102406.682069] SLOW spr round 33 (radius: 5)
[07:56:20 -102406.680826] SLOW spr round 34 (radius: 10)
[07:58:04 -102404.904315] SLOW spr round 35 (radius: 5)
[08:00:02 -102403.431502] SLOW spr round 36 (radius: 5)
[08:01:46 -102403.430943] SLOW spr round 37 (radius: 10)
[08:03:20 -102402.431008] SLOW spr round 38 (radius: 5)
[08:05:17 -102402.429843] SLOW spr round 39 (radius: 10)
[08:06:58 -102402.189711] SLOW spr round 40 (radius: 5)
[08:08:56 -102402.189684] SLOW spr round 41 (radius: 10)
[08:10:36 -102401.995058] SLOW spr round 42 (radius: 5)
[08:12:33 -102401.993787] SLOW spr round 43 (radius: 10)
[08:14:13 -102401.794490] SLOW spr round 44 (radius: 5)
[08:16:08 -102401.794382] SLOW spr round 45 (radius: 10)
[08:17:47 -102401.603542] SLOW spr round 46 (radius: 5)
[08:19:43 -102401.603517] SLOW spr round 47 (radius: 10)
[08:21:23 -102401.150901] SLOW spr round 48 (radius: 5)
[08:23:20 -102399.947737] SLOW spr round 49 (radius: 5)
[08:25:02 -102399.443310] SLOW spr round 50 (radius: 5)
[08:26:38 -102399.443256] SLOW spr round 51 (radius: 10)
[08:28:11 -102395.766014] SLOW spr round 52 (radius: 5)
[08:30:11 -102394.047137] SLOW spr round 53 (radius: 5)
[08:31:54 -102394.046929] SLOW spr round 54 (radius: 10)
[08:33:28 -102393.972363] SLOW spr round 55 (radius: 15)
[08:34:49] [worker #4] ML tree search #5, logLikelihood: -102484.481820
[08:36:07 -102364.876659] SLOW spr round 56 (radius: 5)
[08:38:13 -102357.301902] SLOW spr round 57 (radius: 5)
[08:40:01 -102357.301142] SLOW spr round 58 (radius: 10)
[08:41:40 -102346.333986] SLOW spr round 59 (radius: 5)
[08:43:39 -102346.046595] SLOW spr round 60 (radius: 5)
[08:45:25 -102344.079533] SLOW spr round 61 (radius: 5)
[08:47:02 -102344.079335] SLOW spr round 62 (radius: 10)
[08:48:35 -102343.311127] SLOW spr round 63 (radius: 5)
[08:50:37 -102342.903407] SLOW spr round 64 (radius: 5)
[08:52:21 -102342.667291] SLOW spr round 65 (radius: 5)
[08:53:58 -102342.667252] SLOW spr round 66 (radius: 10)
[08:55:32 -102339.832495] SLOW spr round 67 (radius: 5)
[08:57:31 -102339.215244] SLOW spr round 68 (radius: 5)
[08:59:16 -102339.215233] SLOW spr round 69 (radius: 10)
[09:00:51 -102337.137803] SLOW spr round 70 (radius: 5)
[09:02:51 -102330.858320] SLOW spr round 71 (radius: 5)
[09:04:37 -102325.194839] SLOW spr round 72 (radius: 5)
[09:06:16 -102324.649381] SLOW spr round 73 (radius: 5)
[09:07:49 -102324.649195] SLOW spr round 74 (radius: 10)
[09:09:21 -102323.969006] SLOW spr round 75 (radius: 5)
[09:11:22 -102321.590883] SLOW spr round 76 (radius: 5)
[09:13:06 -102321.589576] SLOW spr round 77 (radius: 10)
[09:14:40 -102321.387450] SLOW spr round 78 (radius: 5)
[09:16:39 -102318.902766] SLOW spr round 79 (radius: 5)
[09:18:24 -102318.157712] SLOW spr round 80 (radius: 5)
[09:20:01 -102318.154068] SLOW spr round 81 (radius: 10)
[09:21:33 -102317.982813] SLOW spr round 82 (radius: 5)
[09:23:36 -102316.191646] SLOW spr round 83 (radius: 5)
[09:25:21 -102316.191432] SLOW spr round 84 (radius: 10)
[09:26:57 -102316.131940] SLOW spr round 85 (radius: 15)
[09:29:35 -102305.884909] SLOW spr round 86 (radius: 5)
[09:31:43 -102303.103567] SLOW spr round 87 (radius: 5)
[09:33:31 -102303.103381] SLOW spr round 88 (radius: 10)
[09:35:09 -102301.373319] SLOW spr round 89 (radius: 5)
[09:37:09 -102301.372743] SLOW spr round 90 (radius: 10)
[09:38:52 -102301.372736] SLOW spr round 91 (radius: 15)
[09:41:22 -102294.631716] SLOW spr round 92 (radius: 5)
[09:43:27 -102294.593612] SLOW spr round 93 (radius: 10)
[09:45:13 -102292.430501] SLOW spr round 94 (radius: 5)
[09:47:15 -102282.130330] SLOW spr round 95 (radius: 5)
[09:49:02 -102279.423277] SLOW spr round 96 (radius: 5)
[09:50:41 -102279.422557] SLOW spr round 97 (radius: 10)
[09:52:16 -102279.422546] SLOW spr round 98 (radius: 15)
[09:54:58 -102278.033707] SLOW spr round 99 (radius: 5)
[09:57:01 -102278.026598] SLOW spr round 100 (radius: 10)
[09:58:45 -102278.026595] SLOW spr round 101 (radius: 15)
[10:01:12 -102277.384140] SLOW spr round 102 (radius: 5)
[10:03:16 -102277.384039] SLOW spr round 103 (radius: 10)
[10:05:01 -102277.384036] SLOW spr round 104 (radius: 15)
[10:07:29 -102273.352909] SLOW spr round 105 (radius: 5)
[10:09:34 -102273.352758] SLOW spr round 106 (radius: 10)
[10:11:20 -102273.352755] SLOW spr round 107 (radius: 15)
[10:13:46 -102272.957635] SLOW spr round 108 (radius: 5)
[10:15:52 -102272.943333] SLOW spr round 109 (radius: 10)
[10:17:37 -102272.940501] SLOW spr round 110 (radius: 15)
[10:20:05 -102272.922943] SLOW spr round 111 (radius: 20)
[10:23:49 -102232.862474] SLOW spr round 112 (radius: 5)
[10:25:59 -102215.736696] SLOW spr round 113 (radius: 5)
[10:27:50 -102213.996059] SLOW spr round 114 (radius: 5)
[10:29:28 -102213.995479] SLOW spr round 115 (radius: 10)
[10:31:03 -102169.908764] SLOW spr round 116 (radius: 5)
[10:33:06 -102163.988456] SLOW spr round 117 (radius: 5)
[10:34:50 -102163.988112] SLOW spr round 118 (radius: 10)
[10:36:24 -102163.988107] SLOW spr round 119 (radius: 15)
[10:39:00 -102161.490335] SLOW spr round 120 (radius: 5)
[10:41:06 -102155.608333] SLOW spr round 121 (radius: 5)
[10:42:52 -102155.405414] SLOW spr round 122 (radius: 5)
[10:44:30 -102155.404648] SLOW spr round 123 (radius: 10)
[10:46:03 -102155.130707] SLOW spr round 124 (radius: 5)
[10:48:03 -102155.130668] SLOW spr round 125 (radius: 10)
[10:49:42 -102155.130668] SLOW spr round 126 (radius: 15)
[10:52:10 -102155.130668] SLOW spr round 127 (radius: 20)
[10:55:40 -102146.988300] SLOW spr round 128 (radius: 5)
[10:57:50 -102138.078408] SLOW spr round 129 (radius: 5)
[10:59:42 -102125.810873] SLOW spr round 130 (radius: 5)
[11:01:23 -102122.995884] SLOW spr round 131 (radius: 5)
[11:02:57 -102122.995849] SLOW spr round 132 (radius: 10)
[11:04:30 -102122.995849] SLOW spr round 133 (radius: 15)
[11:07:12 -102119.072424] SLOW spr round 134 (radius: 5)
[11:09:15 -102119.008522] SLOW spr round 135 (radius: 10)
[11:10:59 -102118.939942] SLOW spr round 136 (radius: 15)
[11:13:24 -102118.939740] SLOW spr round 137 (radius: 20)
[11:16:52 -102118.675460] SLOW spr round 138 (radius: 5)
[11:18:58 -102116.972469] SLOW spr round 139 (radius: 5)
[11:20:48 -102110.447086] SLOW spr round 140 (radius: 5)
[11:22:27 -102110.192880] SLOW spr round 141 (radius: 5)
[11:23:59 -102110.192866] SLOW spr round 142 (radius: 10)
[11:25:12] [worker #2] ML tree search #3, logLikelihood: -103392.439842
[11:25:31 -102110.039944] SLOW spr round 143 (radius: 5)
[11:27:30 -102110.039833] SLOW spr round 144 (radius: 10)
[11:29:11 -102110.039831] SLOW spr round 145 (radius: 15)
[11:31:37 -102110.039831] SLOW spr round 146 (radius: 20)
[11:35:08 -102100.722247] SLOW spr round 147 (radius: 5)
[11:37:11 -102100.188819] SLOW spr round 148 (radius: 5)
[11:38:57 -102100.188476] SLOW spr round 149 (radius: 10)
[11:40:32 -102100.188471] SLOW spr round 150 (radius: 15)
[11:43:03 -102100.188470] SLOW spr round 151 (radius: 20)
[11:46:27 -102099.681958] SLOW spr round 152 (radius: 5)
[11:48:31 -102098.601740] SLOW spr round 153 (radius: 5)
[11:50:17 -102098.601704] SLOW spr round 154 (radius: 10)
[11:51:50 -102098.601704] SLOW spr round 155 (radius: 15)
[11:54:19 -102093.910601] SLOW spr round 156 (radius: 5)
[11:56:19 -102093.531972] SLOW spr round 157 (radius: 5)
[11:58:03 -102093.531958] SLOW spr round 158 (radius: 10)
[11:59:36 -102093.531958] SLOW spr round 159 (radius: 15)
[12:02:07 -102093.531958] SLOW spr round 160 (radius: 20)
[12:05:28 -102092.705021] SLOW spr round 161 (radius: 5)
[12:07:29 -102092.703901] SLOW spr round 162 (radius: 10)
[12:09:13 -102092.703852] SLOW spr round 163 (radius: 15)
[12:11:33 -102092.703850] SLOW spr round 164 (radius: 20)
[12:14:56 -102092.703850] SLOW spr round 165 (radius: 25)
[12:19:09 -102001.186498] SLOW spr round 166 (radius: 5)
[12:21:20 -101908.350155] SLOW spr round 167 (radius: 5)
[12:23:17 -101739.667110] SLOW spr round 168 (radius: 5)
[12:25:04 -101610.205626] SLOW spr round 169 (radius: 5)
[12:26:44 -101598.815411] SLOW spr round 170 (radius: 5)
[12:28:18 -101597.467777] SLOW spr round 171 (radius: 5)
[12:29:49 -101597.466684] SLOW spr round 172 (radius: 10)
[12:31:28 -101543.776026] SLOW spr round 173 (radius: 5)
[12:33:32 -101503.556346] SLOW spr round 174 (radius: 5)
[12:35:17 -101503.031095] SLOW spr round 175 (radius: 5)
[12:36:54 -101503.030597] SLOW spr round 176 (radius: 10)
[12:38:29 -101502.423582] SLOW spr round 177 (radius: 5)
[12:40:29 -101501.217519] SLOW spr round 178 (radius: 5)
[12:42:16 -101501.217424] SLOW spr round 179 (radius: 10)
[12:43:50 -101501.062117] SLOW spr round 180 (radius: 5)
[12:45:50 -101501.057400] SLOW spr round 181 (radius: 10)
[12:47:31 -101500.845185] SLOW spr round 182 (radius: 5)
[12:49:29 -101500.845148] SLOW spr round 183 (radius: 10)
[12:51:09 -101500.587116] SLOW spr round 184 (radius: 5)
[12:53:09 -101500.334927] SLOW spr round 185 (radius: 5)
[12:54:53 -101500.334018] SLOW spr round 186 (radius: 10)
[12:56:29 -101500.334009] SLOW spr round 187 (radius: 15)
[12:59:06 -101443.177652] SLOW spr round 188 (radius: 5)
[13:01:12 -101420.148411] SLOW spr round 189 (radius: 5)
[13:02:59 -101412.753908] SLOW spr round 190 (radius: 5)
[13:04:39 -101407.153462] SLOW spr round 191 (radius: 5)
[13:06:10 -101407.152913] SLOW spr round 192 (radius: 10)
[13:07:42 -101398.472595] SLOW spr round 193 (radius: 5)
[13:09:40 -101396.197769] SLOW spr round 194 (radius: 5)
[13:11:27 -101391.398948] SLOW spr round 195 (radius: 5)
[13:13:02 -101391.149506] SLOW spr round 196 (radius: 5)
[13:14:35 -101391.149499] SLOW spr round 197 (radius: 10)
[13:16:05 -101390.097781] SLOW spr round 198 (radius: 5)
[13:18:05 -101389.704305] SLOW spr round 199 (radius: 5)
[13:19:48 -101389.703539] SLOW spr round 200 (radius: 10)
[13:21:23 -101389.703424] SLOW spr round 201 (radius: 15)
[13:23:56 -101388.043040] SLOW spr round 202 (radius: 5)
[13:26:00 -101387.470491] SLOW spr round 203 (radius: 5)
[13:27:45 -101387.470371] SLOW spr round 204 (radius: 10)
[13:29:19 -101387.470369] SLOW spr round 205 (radius: 15)
[13:31:50 -101386.925509] SLOW spr round 206 (radius: 5)
[13:33:53 -101385.202353] SLOW spr round 207 (radius: 5)
[13:35:38 -101385.202333] SLOW spr round 208 (radius: 10)
[13:37:13 -101385.202332] SLOW spr round 209 (radius: 15)
[13:39:43 -101385.202332] SLOW spr round 210 (radius: 20)
[13:43:00 -101379.502008] SLOW spr round 211 (radius: 5)
[13:45:02 -101377.202731] SLOW spr round 212 (radius: 5)
[13:46:48 -101377.201478] SLOW spr round 213 (radius: 10)
[13:48:22 -101377.201375] SLOW spr round 214 (radius: 15)
[13:50:51 -101377.201367] SLOW spr round 215 (radius: 20)
[13:54:05 -101376.316467] SLOW spr round 216 (radius: 5)
[13:56:09 -101376.211168] SLOW spr round 217 (radius: 5)
[13:57:55 -101375.961743] SLOW spr round 218 (radius: 5)
[13:59:33 -101375.960730] SLOW spr round 219 (radius: 10)
[14:01:05 -101375.960615] SLOW spr round 220 (radius: 15)
[14:03:40 -101375.960601] SLOW spr round 221 (radius: 20)
[14:06:54 -101373.088170] SLOW spr round 222 (radius: 5)
[14:08:57 -101373.085940] SLOW spr round 223 (radius: 10)
[14:10:43 -101368.216759] SLOW spr round 224 (radius: 5)
[14:12:39 -101368.216757] SLOW spr round 225 (radius: 10)
[14:14:16 -101368.216757] SLOW spr round 226 (radius: 15)
[14:16:41 -101368.216757] SLOW spr round 227 (radius: 20)
[14:19:57 -101367.793471] SLOW spr round 228 (radius: 5)
[14:22:01 -101367.793294] SLOW spr round 229 (radius: 10)
[14:23:45 -101367.793279] SLOW spr round 230 (radius: 15)
[14:26:05 -101367.793278] SLOW spr round 231 (radius: 20)
[14:29:23 -101367.793278] SLOW spr round 232 (radius: 25)
[14:33:21 -101362.883227] SLOW spr round 233 (radius: 5)
[14:35:27 -101359.325069] SLOW spr round 234 (radius: 5)
[14:37:15 -101359.325011] SLOW spr round 235 (radius: 10)
[14:38:49 -101359.325009] SLOW spr round 236 (radius: 15)
[14:41:20 -101359.325009] SLOW spr round 237 (radius: 20)
[14:44:39 -101359.325008] SLOW spr round 238 (radius: 25)
[14:48:43 -101358.026171] SLOW spr round 239 (radius: 5)
[14:50:49 -101344.148233] SLOW spr round 240 (radius: 5)
[14:52:38 -101344.147182] SLOW spr round 241 (radius: 10)
[14:54:12 -101344.147095] SLOW spr round 242 (radius: 15)
[14:54:50] [worker #4] ML tree search #10, logLikelihood: -103136.988130
[14:56:42 -101344.147086] SLOW spr round 243 (radius: 20)
[14:59:59 -101344.147085] SLOW spr round 244 (radius: 25)
[15:04:01 -101343.269170] SLOW spr round 245 (radius: 5)
[15:04:29] [worker #1] ML tree search #7, logLikelihood: -102939.385891
[15:06:06 -101342.196215] SLOW spr round 246 (radius: 5)
[15:07:57 -101342.196200] SLOW spr round 247 (radius: 10)
[15:09:34 -101342.196200] SLOW spr round 248 (radius: 15)
[15:12:05 -101342.196200] SLOW spr round 249 (radius: 20)
[15:15:21 -101342.196200] SLOW spr round 250 (radius: 25)
[15:19:20 -101340.223736] SLOW spr round 251 (radius: 5)
[15:21:29 -101338.114644] SLOW spr round 252 (radius: 5)
[15:23:22 -101335.991711] SLOW spr round 253 (radius: 5)
[15:25:02 -101335.991613] SLOW spr round 254 (radius: 10)
[15:26:36 -101335.991613] SLOW spr round 255 (radius: 15)
[15:29:14 -101335.991613] SLOW spr round 256 (radius: 20)
[15:32:34 -101335.847247] SLOW spr round 257 (radius: 5)
[15:34:41 -101335.619007] SLOW spr round 258 (radius: 5)
[15:36:30 -101335.618970] SLOW spr round 259 (radius: 10)
[15:38:05 -101335.618970] SLOW spr round 260 (radius: 15)
[15:40:39 -101335.618970] SLOW spr round 261 (radius: 20)
[15:44:00 -101335.618970] SLOW spr round 262 (radius: 25)
[15:48:05 -101335.284500] SLOW spr round 263 (radius: 5)
[15:50:13 -101334.590651] SLOW spr round 264 (radius: 5)
[15:52:05 -101333.532976] SLOW spr round 265 (radius: 5)
[15:53:45 -101333.532777] SLOW spr round 266 (radius: 10)
[15:55:20 -101332.688541] SLOW spr round 267 (radius: 5)
[15:57:22 -101332.419093] SLOW spr round 268 (radius: 5)
[15:59:08 -101332.418924] SLOW spr round 269 (radius: 10)
[16:00:45 -101332.246336] SLOW spr round 270 (radius: 5)
[16:02:47 -101332.246321] SLOW spr round 271 (radius: 10)
[16:04:27 -101332.246321] SLOW spr round 272 (radius: 15)
[16:06:55 -101328.961789] SLOW spr round 273 (radius: 5)
[16:09:00 -101325.140819] SLOW spr round 274 (radius: 5)
[16:10:49 -101323.311719] SLOW spr round 275 (radius: 5)
[16:12:26 -101322.897616] SLOW spr round 276 (radius: 5)
[16:14:01 -101322.897458] SLOW spr round 277 (radius: 10)
[16:15:33 -101320.029541] SLOW spr round 278 (radius: 5)
[16:17:35 -101319.893580] SLOW spr round 279 (radius: 5)
[16:19:18 -101319.893493] SLOW spr round 280 (radius: 10)
[16:20:52 -101319.893490] SLOW spr round 281 (radius: 15)
[16:23:23 -101318.964763] SLOW spr round 282 (radius: 5)
[16:24:54] [worker #3] ML tree search #9, logLikelihood: -101749.545271
[16:25:27 -101318.690998] SLOW spr round 283 (radius: 5)
[16:27:13 -101318.690807] SLOW spr round 284 (radius: 10)
[16:28:48 -101318.690806] SLOW spr round 285 (radius: 15)
[16:31:18 -101318.690806] SLOW spr round 286 (radius: 20)
[16:34:34 -101318.690806] SLOW spr round 287 (radius: 25)
[16:38:29 -101318.459899] SLOW spr round 288 (radius: 5)
[16:40:36 -101318.458390] SLOW spr round 289 (radius: 10)
[16:42:24 -101318.458317] SLOW spr round 290 (radius: 15)
[16:44:48 -101318.458312] SLOW spr round 291 (radius: 20)
[16:48:06 -101318.458312] SLOW spr round 292 (radius: 25)
[16:52:03 -101318.458312] Model parameter optimization (eps = 0.100000)

[16:52:31] [worker #0] ML tree search #6, logLikelihood: -101273.489006

[16:52:31 -124386.048147] Initial branch length optimization
[16:52:32 -114022.006363] Model parameter optimization (eps = 10.000000)
[16:53:08 -106049.667552] AUTODETECT spr round 1 (radius: 5)
[16:54:10 -104352.093420] AUTODETECT spr round 2 (radius: 10)
[16:55:24 -103652.878145] AUTODETECT spr round 3 (radius: 15)
[16:56:57 -103204.316369] AUTODETECT spr round 4 (radius: 20)
[16:58:51 -102893.007265] AUTODETECT spr round 5 (radius: 25)
[17:01:00 -102599.101102] SPR radius for FAST iterations: 25 (autodetect)
[17:01:00 -102599.101102] Model parameter optimization (eps = 3.000000)
[17:01:15 -102506.558719] FAST spr round 1 (radius: 25)
[17:04:40 -101481.287233] FAST spr round 2 (radius: 25)
[17:06:53 -101279.636538] FAST spr round 3 (radius: 25)
[17:08:30 -101227.089879] FAST spr round 4 (radius: 25)
[17:09:51 -101203.398068] FAST spr round 5 (radius: 25)
[17:11:05 -101189.174388] FAST spr round 6 (radius: 25)
[17:12:12 -101183.924628] FAST spr round 7 (radius: 25)
[17:13:17 -101183.924604] Model parameter optimization (eps = 1.000000)
[17:13:31 -101166.603563] SLOW spr round 1 (radius: 5)
[17:15:14 -101126.747564] SLOW spr round 2 (radius: 5)
[17:16:48 -101119.507229] SLOW spr round 3 (radius: 5)
[17:18:19 -101119.217381] SLOW spr round 4 (radius: 5)
[17:19:47 -101119.216762] SLOW spr round 5 (radius: 10)
[17:21:19 -101099.492665] SLOW spr round 6 (radius: 5)
[17:23:18 -101087.403534] SLOW spr round 7 (radius: 5)
[17:25:01 -101086.681333] SLOW spr round 8 (radius: 5)
[17:26:35 -101086.287366] SLOW spr round 9 (radius: 5)
[17:28:05 -101086.286683] SLOW spr round 10 (radius: 10)
[17:29:36 -101083.472912] SLOW spr round 11 (radius: 5)
[17:31:33 -101082.011881] SLOW spr round 12 (radius: 5)
[17:33:16 -101080.908936] SLOW spr round 13 (radius: 5)
[17:34:49 -101080.908923] SLOW spr round 14 (radius: 10)
[17:36:18 -101078.107264] SLOW spr round 15 (radius: 5)
[17:38:12 -101078.104535] SLOW spr round 16 (radius: 10)
[17:39:50 -101076.677964] SLOW spr round 17 (radius: 5)
[17:41:45 -101074.347348] SLOW spr round 18 (radius: 5)
[17:43:25 -101074.346785] SLOW spr round 19 (radius: 10)
[17:44:57 -101073.365844] SLOW spr round 20 (radius: 5)
[17:46:54 -101072.930939] SLOW spr round 21 (radius: 5)
[17:48:35 -101072.930827] SLOW spr round 22 (radius: 10)
[17:50:07 -101071.585307] SLOW spr round 23 (radius: 5)
[17:52:05 -101069.445351] SLOW spr round 24 (radius: 5)
[17:53:47 -101068.724448] SLOW spr round 25 (radius: 5)
[17:55:23 -101068.307521] SLOW spr round 26 (radius: 5)
[17:56:55 -101068.307469] SLOW spr round 27 (radius: 10)
[17:58:25 -101068.307468] SLOW spr round 28 (radius: 15)
[18:01:02 -101059.682839] SLOW spr round 29 (radius: 5)
[18:03:03 -101046.561973] SLOW spr round 30 (radius: 5)
[18:04:47 -101044.948050] SLOW spr round 31 (radius: 5)
[18:06:22 -101044.947359] SLOW spr round 32 (radius: 10)
[18:07:50 -101044.609008] SLOW spr round 33 (radius: 5)
[18:09:46 -101044.607024] SLOW spr round 34 (radius: 10)
[18:11:23 -101044.546801] SLOW spr round 35 (radius: 15)
[18:13:48 -101044.122896] SLOW spr round 36 (radius: 5)
[18:15:47 -101043.775956] SLOW spr round 37 (radius: 5)
[18:17:34 -101043.225020] SLOW spr round 38 (radius: 5)
[18:19:09 -101043.221946] SLOW spr round 39 (radius: 10)
[18:20:40 -101043.221433] SLOW spr round 40 (radius: 15)
[18:23:18 -101043.049653] SLOW spr round 41 (radius: 5)
[18:25:20 -101042.325902] SLOW spr round 42 (radius: 5)
[18:27:05 -101042.325779] SLOW spr round 43 (radius: 10)
[18:28:38 -101042.325779] SLOW spr round 44 (radius: 15)
[18:31:09 -101042.325779] SLOW spr round 45 (radius: 20)
[18:34:44 -101030.326544] SLOW spr round 46 (radius: 5)
[18:36:45 -101029.575545] SLOW spr round 47 (radius: 5)
[18:38:28 -101029.574066] SLOW spr round 48 (radius: 10)
[18:39:59 -101029.472781] SLOW spr round 49 (radius: 5)
[18:41:53 -101029.206585] SLOW spr round 50 (radius: 5)
[18:43:33 -101029.037167] SLOW spr round 51 (radius: 5)
[18:45:05 -101029.037125] SLOW spr round 52 (radius: 10)
[18:46:33 -101027.873530] SLOW spr round 53 (radius: 5)
[18:48:27 -101027.873507] SLOW spr round 54 (radius: 10)
[18:50:03 -101027.873506] SLOW spr round 55 (radius: 15)
[18:52:21 -101027.873506] SLOW spr round 56 (radius: 20)
[18:55:43 -101025.737426] SLOW spr round 57 (radius: 5)
[18:57:42 -101023.540201] SLOW spr round 58 (radius: 5)
[18:59:26 -101021.944334] SLOW spr round 59 (radius: 5)
[19:01:01 -101021.806605] SLOW spr round 60 (radius: 5)
[19:02:30 -101021.805407] SLOW spr round 61 (radius: 10)
[19:03:58 -101021.805376] SLOW spr round 62 (radius: 15)
[19:06:28 -101019.528704] SLOW spr round 63 (radius: 5)
[19:08:27 -101015.844633] SLOW spr round 64 (radius: 5)
[19:10:08 -101015.844533] SLOW spr round 65 (radius: 10)
[19:11:38 -101015.844532] SLOW spr round 66 (radius: 15)
[19:14:04 -101015.615458] SLOW spr round 67 (radius: 5)
[19:16:02 -101015.614318] SLOW spr round 68 (radius: 10)
[19:17:40 -101015.337733] SLOW spr round 69 (radius: 5)
[19:19:33 -101014.317029] SLOW spr round 70 (radius: 5)
[19:21:11 -101014.313384] SLOW spr round 71 (radius: 10)
[19:22:40 -101014.311851] SLOW spr round 72 (radius: 15)
[19:25:05 -101014.311198] SLOW spr round 73 (radius: 20)
[19:28:26 -101014.160949] SLOW spr round 74 (radius: 5)
[19:30:23 -101013.717744] SLOW spr round 75 (radius: 5)
[19:32:06 -101013.717694] SLOW spr round 76 (radius: 10)
[19:33:36 -101013.717672] SLOW spr round 77 (radius: 15)
[19:36:00 -101013.717663] SLOW spr round 78 (radius: 20)
[19:39:21 -101013.641513] SLOW spr round 79 (radius: 25)
[19:43:50 -101008.405188] SLOW spr round 80 (radius: 5)
[19:45:50 -101008.302469] SLOW spr round 81 (radius: 5)
[19:47:35 -101008.302281] SLOW spr round 82 (radius: 10)
[19:49:06 -101008.302233] SLOW spr round 83 (radius: 15)
[19:51:31 -101008.271811] SLOW spr round 84 (radius: 20)
[19:52:15] [worker #2] ML tree search #8, logLikelihood: -104294.886153
[19:54:53 -101008.271591] SLOW spr round 85 (radius: 25)
[19:59:20 -101006.922550] SLOW spr round 86 (radius: 5)
[20:01:19 -101004.905492] SLOW spr round 87 (radius: 5)
[20:03:02 -101004.261815] SLOW spr round 88 (radius: 5)
[20:04:35 -101004.261807] SLOW spr round 89 (radius: 10)
[20:06:03 -101004.261807] SLOW spr round 90 (radius: 15)
[20:08:28 -101004.261807] SLOW spr round 91 (radius: 20)
[20:11:44 -101004.261807] SLOW spr round 92 (radius: 25)
[20:16:07 -101003.721907] SLOW spr round 93 (radius: 5)
[20:18:05 -101003.401957] SLOW spr round 94 (radius: 5)
[20:19:48 -101003.398986] SLOW spr round 95 (radius: 10)
[20:21:18 -101003.398947] SLOW spr round 96 (radius: 15)
[20:23:38 -101003.398946] SLOW spr round 97 (radius: 20)
[20:26:56 -101003.398946] SLOW spr round 98 (radius: 25)
[20:31:17 -101003.153341] SLOW spr round 99 (radius: 5)
[20:32:13] [worker #1] ML tree search #12, logLikelihood: -100521.779934
[20:33:14 -101003.152780] SLOW spr round 100 (radius: 10)
[20:34:55 -101000.776396] SLOW spr round 101 (radius: 5)
[20:36:44 -100999.715482] SLOW spr round 102 (radius: 5)
[20:38:20 -100999.715463] SLOW spr round 103 (radius: 10)
[20:39:48 -100999.715463] SLOW spr round 104 (radius: 15)
[20:42:10 -100999.715463] SLOW spr round 105 (radius: 20)
[20:45:28 -100999.696836] SLOW spr round 106 (radius: 25)
[20:49:51 -100999.577885] SLOW spr round 107 (radius: 5)
[20:51:52 -100998.161817] SLOW spr round 108 (radius: 5)
[20:53:35 -100996.762244] SLOW spr round 109 (radius: 5)
[20:55:09 -100995.277328] SLOW spr round 110 (radius: 5)
[20:56:37 -100993.935054] SLOW spr round 111 (radius: 5)
[20:58:05 -100993.934919] SLOW spr round 112 (radius: 10)
[20:58:34] [worker #4] ML tree search #15, logLikelihood: -100592.315644
[20:59:30 -100992.425772] SLOW spr round 113 (radius: 5)
[21:01:22 -100992.425635] SLOW spr round 114 (radius: 10)
[21:02:55 -100991.056031] SLOW spr round 115 (radius: 5)
[21:04:44 -100990.911894] SLOW spr round 116 (radius: 5)
[21:06:19 -100990.911345] SLOW spr round 117 (radius: 10)
[21:07:46 -100990.878017] SLOW spr round 118 (radius: 15)
[21:10:03 -100990.877911] SLOW spr round 119 (radius: 20)
[21:13:15 -100990.877897] SLOW spr round 120 (radius: 25)
[21:17:30 -100990.814925] Model parameter optimization (eps = 0.100000)

[21:17:49] [worker #0] ML tree search #11, logLikelihood: -100982.403156

[21:17:49 -124173.015903] Initial branch length optimization
[21:17:50 -113807.978436] Model parameter optimization (eps = 10.000000)
[21:18:34 -105848.937777] AUTODETECT spr round 1 (radius: 5)
[21:19:38 -104115.744471] AUTODETECT spr round 2 (radius: 10)
[21:20:53 -103422.694983] AUTODETECT spr round 3 (radius: 15)
[21:22:20 -103033.682604] AUTODETECT spr round 4 (radius: 20)
[21:24:04 -102823.960320] AUTODETECT spr round 5 (radius: 25)
[21:26:08 -102585.037395] SPR radius for FAST iterations: 25 (autodetect)
[21:26:08 -102585.037395] Model parameter optimization (eps = 3.000000)
[21:26:24 -102498.662584] FAST spr round 1 (radius: 25)
[21:29:46 -101527.142817] FAST spr round 2 (radius: 25)
[21:32:09 -101206.807440] FAST spr round 3 (radius: 25)
[21:33:49 -101086.562256] FAST spr round 4 (radius: 25)
[21:35:09 -101072.883155] FAST spr round 5 (radius: 25)
[21:36:27 -101071.327032] FAST spr round 6 (radius: 25)
[21:37:31 -101071.327025] Model parameter optimization (eps = 1.000000)
[21:37:45 -101048.195233] SLOW spr round 1 (radius: 5)
[21:39:29 -101001.414349] SLOW spr round 2 (radius: 5)
[21:41:17 -100972.991967] SLOW spr round 3 (radius: 5)
[21:42:56 -100965.975452] SLOW spr round 4 (radius: 5)
[21:44:21 -100965.945788] SLOW spr round 5 (radius: 10)
[21:45:49 -100959.214146] SLOW spr round 6 (radius: 5)
[21:47:41 -100949.485135] SLOW spr round 7 (radius: 5)
[21:49:21 -100946.407601] SLOW spr round 8 (radius: 5)
[21:50:53 -100945.806206] SLOW spr round 9 (radius: 5)
[21:52:21 -100945.780547] SLOW spr round 10 (radius: 10)
[21:53:46 -100942.889624] SLOW spr round 11 (radius: 5)
[21:55:37 -100936.783389] SLOW spr round 12 (radius: 5)
[21:57:13 -100934.967568] SLOW spr round 13 (radius: 5)
[21:58:41 -100934.966728] SLOW spr round 14 (radius: 10)
[22:00:06 -100932.311540] SLOW spr round 15 (radius: 5)
[22:01:58 -100928.179538] SLOW spr round 16 (radius: 5)
[22:03:35 -100927.951450] SLOW spr round 17 (radius: 5)
[22:05:06 -100927.951197] SLOW spr round 18 (radius: 10)
[22:06:33 -100927.538274] SLOW spr round 19 (radius: 5)
[22:08:25 -100927.537823] SLOW spr round 20 (radius: 10)
[22:10:09 -100925.562805] SLOW spr round 21 (radius: 5)
[22:12:06 -100925.529924] SLOW spr round 22 (radius: 10)
[22:13:39 -100923.877447] SLOW spr round 23 (radius: 5)
[22:15:31 -100922.674304] SLOW spr round 24 (radius: 5)
[22:17:09 -100922.612158] SLOW spr round 25 (radius: 10)
[22:18:38 -100921.521427] SLOW spr round 26 (radius: 5)
[22:20:29 -100921.514466] SLOW spr round 27 (radius: 10)
[22:22:03 -100920.670210] SLOW spr round 28 (radius: 5)
[22:24:04 -100917.774196] SLOW spr round 29 (radius: 5)
[22:25:42 -100917.757459] SLOW spr round 30 (radius: 10)
[22:27:10 -100917.524740] SLOW spr round 31 (radius: 5)
[22:29:06 -100916.671962] SLOW spr round 32 (radius: 5)
[22:30:45 -100916.671929] SLOW spr round 33 (radius: 10)
[22:32:15 -100916.475448] SLOW spr round 34 (radius: 5)
[22:34:12 -100916.144038] SLOW spr round 35 (radius: 5)
[22:35:51 -100916.144026] SLOW spr round 36 (radius: 10)
[22:37:19 -100916.144026] SLOW spr round 37 (radius: 15)
[22:39:34 -100909.819860] SLOW spr round 38 (radius: 5)
[22:41:31 -100907.678794] SLOW spr round 39 (radius: 5)
[22:43:15 -100907.678573] SLOW spr round 40 (radius: 10)
[22:44:53 -100906.925607] SLOW spr round 41 (radius: 5)
[22:46:46 -100906.924922] SLOW spr round 42 (radius: 10)
[22:48:20 -100903.906858] SLOW spr round 43 (radius: 5)
[22:50:19 -100900.264873] SLOW spr round 44 (radius: 5)
[22:51:58 -100899.325337] SLOW spr round 45 (radius: 5)
[22:53:30 -100899.325312] SLOW spr round 46 (radius: 10)
[22:54:57 -100898.633013] SLOW spr round 47 (radius: 5)
[22:56:50 -100898.459822] SLOW spr round 48 (radius: 5)
[22:58:26 -100898.459768] SLOW spr round 49 (radius: 10)
[22:59:55 -100898.400962] SLOW spr round 50 (radius: 15)
[23:02:06 -100897.993131] SLOW spr round 51 (radius: 5)
[23:04:03 -100897.183605] SLOW spr round 52 (radius: 5)
[23:05:42 -100897.183602] SLOW spr round 53 (radius: 10)
[23:07:12 -100897.160301] SLOW spr round 54 (radius: 15)
[23:09:21 -100896.656068] SLOW spr round 55 (radius: 5)
[23:11:16 -100896.655367] SLOW spr round 56 (radius: 10)
[23:12:52 -100895.215120] SLOW spr round 57 (radius: 5)
[23:14:44 -100895.072689] SLOW spr round 58 (radius: 5)
[23:16:21 -100895.072337] SLOW spr round 59 (radius: 10)
[23:17:51 -100895.024912] SLOW spr round 60 (radius: 15)
[23:20:06 -100893.853068] SLOW spr round 61 (radius: 5)
[23:22:16 -100891.652074] SLOW spr round 62 (radius: 5)
[23:23:59 -100891.270849] SLOW spr round 63 (radius: 5)
[23:25:34 -100891.270806] SLOW spr round 64 (radius: 10)
[23:27:02 -100889.766887] SLOW spr round 65 (radius: 5)
[23:28:59 -100889.715783] SLOW spr round 66 (radius: 10)
[23:30:36 -100889.715781] SLOW spr round 67 (radius: 15)
[23:32:54 -100889.302944] SLOW spr round 68 (radius: 5)
[23:34:53 -100888.138629] SLOW spr round 69 (radius: 5)
[23:36:37 -100888.138608] SLOW spr round 70 (radius: 10)
[23:38:07 -100888.138608] SLOW spr round 71 (radius: 15)
[23:40:23 -100888.119428] SLOW spr round 72 (radius: 20)
[23:43:29 -100881.924392] SLOW spr round 73 (radius: 5)
[23:45:31 -100881.839993] SLOW spr round 74 (radius: 10)
[23:47:12 -100878.415824] SLOW spr round 75 (radius: 5)
[23:49:07 -100876.923355] SLOW spr round 76 (radius: 5)
[23:50:45 -100876.923350] SLOW spr round 77 (radius: 10)
[23:52:17 -100876.330268] SLOW spr round 78 (radius: 5)
[23:54:13 -100876.089398] SLOW spr round 79 (radius: 5)
[23:55:55 -100876.089317] SLOW spr round 80 (radius: 10)
[23:57:30 -100876.089317] SLOW spr round 81 (radius: 15)
[23:59:59 -100873.753194] SLOW spr round 82 (radius: 5)
[24:01:59 -100873.753192] SLOW spr round 83 (radius: 10)
[24:03:39 -100873.753191] SLOW spr round 84 (radius: 15)
[24:05:46 -100873.753191] SLOW spr round 85 (radius: 20)
[24:08:54 -100872.362850] SLOW spr round 86 (radius: 5)
[24:10:53 -100870.567298] SLOW spr round 87 (radius: 5)
[24:12:37 -100869.818042] SLOW spr round 88 (radius: 5)
[24:14:09 -100869.817577] SLOW spr round 89 (radius: 10)
[24:15:50 -100869.817570] SLOW spr round 90 (radius: 15)
[24:18:10 -100869.817570] SLOW spr round 91 (radius: 20)
[24:21:11 -100869.288461] SLOW spr round 92 (radius: 5)
[24:23:23 -100869.065374] SLOW spr round 93 (radius: 5)
[24:25:19 -100869.064964] SLOW spr round 94 (radius: 10)
[24:26:48 -100867.566400] SLOW spr round 95 (radius: 5)
[24:28:48 -100867.546086] SLOW spr round 96 (radius: 10)
[24:30:21 -100867.545796] SLOW spr round 97 (radius: 15)
[24:32:30 -100864.896172] SLOW spr round 98 (radius: 5)
[24:34:27 -100862.406319] SLOW spr round 99 (radius: 5)
[24:36:11 -100862.404293] SLOW spr round 100 (radius: 10)
[24:37:41 -100862.403874] SLOW spr round 101 (radius: 15)
[24:39:58 -100862.299005] SLOW spr round 102 (radius: 5)
[24:41:55 -100862.298912] SLOW spr round 103 (radius: 10)
[24:43:34 -100862.298912] SLOW spr round 104 (radius: 15)
[24:45:40 -100862.298912] SLOW spr round 105 (radius: 20)
[24:48:46 -100861.945402] SLOW spr round 106 (radius: 5)
[24:50:43 -100859.504745] SLOW spr round 107 (radius: 5)
[24:52:36 -100858.068744] SLOW spr round 108 (radius: 5)
[24:53:35] [worker #1] ML tree search #17, logLikelihood: -100462.976397
[24:54:08 -100858.068737] SLOW spr round 109 (radius: 10)
[24:55:36 -100858.068737] SLOW spr round 110 (radius: 15)
[24:57:51 -100858.068737] SLOW spr round 111 (radius: 20)
[25:00:50 -100855.228340] SLOW spr round 112 (radius: 5)
[25:02:48 -100853.922246] SLOW spr round 113 (radius: 5)
[25:04:31 -100853.174739] SLOW spr round 114 (radius: 5)
[25:06:01 -100853.174704] SLOW spr round 115 (radius: 10)
[25:07:28 -100851.759515] SLOW spr round 116 (radius: 5)
[25:09:19 -100850.658233] SLOW spr round 117 (radius: 5)
[25:10:58 -100850.657932] SLOW spr round 118 (radius: 10)
[25:12:23 -100850.657914] SLOW spr round 119 (radius: 15)
[25:13:59] [worker #3] ML tree search #14, logLikelihood: -100623.373289
[25:14:36 -100850.101424] SLOW spr round 120 (radius: 5)
[25:16:31 -100850.101272] SLOW spr round 121 (radius: 10)
[25:18:08 -100850.101271] SLOW spr round 122 (radius: 15)
[25:20:11 -100850.101271] SLOW spr round 123 (radius: 20)
[25:22:10] [worker #2] ML tree search #13, logLikelihood: -100618.611698
[25:23:13 -100849.779069] SLOW spr round 124 (radius: 5)
[25:25:10 -100849.194028] SLOW spr round 125 (radius: 5)
[25:26:52 -100849.193737] SLOW spr round 126 (radius: 10)
[25:28:31 -100849.193683] SLOW spr round 127 (radius: 15)
[25:30:52 -100849.193673] SLOW spr round 128 (radius: 20)
[25:33:49 -100848.990877] SLOW spr round 129 (radius: 5)
[25:35:47 -100848.990876] SLOW spr round 130 (radius: 10)
[25:37:25 -100848.990876] SLOW spr round 131 (radius: 15)
[25:39:30 -100848.990876] SLOW spr round 132 (radius: 20)
[25:42:31 -100848.880042] SLOW spr round 133 (radius: 5)
[25:44:31 -100841.197190] SLOW spr round 134 (radius: 5)
[25:46:12 -100841.197120] SLOW spr round 135 (radius: 10)
[25:47:49 -100841.197120] SLOW spr round 136 (radius: 15)
[25:49:59 -100841.197120] SLOW spr round 137 (radius: 20)
[25:52:57 -100841.197120] SLOW spr round 138 (radius: 25)
[25:56:42 -100817.674373] SLOW spr round 139 (radius: 5)
[25:58:42 -100782.080980] SLOW spr round 140 (radius: 5)
[26:00:25 -100774.977296] SLOW spr round 141 (radius: 5)
[26:01:56 -100774.965881] SLOW spr round 142 (radius: 10)
[26:03:21 -100766.776529] SLOW spr round 143 (radius: 5)
[26:05:12 -100765.298216] SLOW spr round 144 (radius: 5)
[26:06:48 -100765.298002] SLOW spr round 145 (radius: 10)
[26:08:17 -100762.840315] SLOW spr round 146 (radius: 5)
[26:10:07 -100762.839917] SLOW spr round 147 (radius: 10)
[26:11:43 -100761.148818] SLOW spr round 148 (radius: 5)
[26:13:32 -100761.147304] SLOW spr round 149 (radius: 10)
[26:15:07 -100761.147237] SLOW spr round 150 (radius: 15)
[26:17:15 -100755.473978] SLOW spr round 151 (radius: 5)
[26:19:14 -100755.208333] SLOW spr round 152 (radius: 5)
[26:20:54 -100755.208303] SLOW spr round 153 (radius: 10)
[26:22:25 -100755.208301] SLOW spr round 154 (radius: 15)
[26:24:34 -100755.208301] SLOW spr round 155 (radius: 20)
[26:27:37 -100755.208301] SLOW spr round 156 (radius: 25)
[26:31:24 -100754.751597] SLOW spr round 157 (radius: 5)
[26:33:25 -100754.751398] SLOW spr round 158 (radius: 10)
[26:35:05 -100754.598972] SLOW spr round 159 (radius: 5)
[26:36:56 -100754.598968] SLOW spr round 160 (radius: 10)
[26:38:28 -100754.598968] SLOW spr round 161 (radius: 15)
[26:40:35 -100754.598968] SLOW spr round 162 (radius: 20)
[26:43:34 -100753.104221] SLOW spr round 163 (radius: 5)
[26:45:32 -100753.103324] SLOW spr round 164 (radius: 10)
[26:47:10 -100753.103271] SLOW spr round 165 (radius: 15)
[26:49:15 -100753.103268] SLOW spr round 166 (radius: 20)
[26:52:15 -100753.103268] SLOW spr round 167 (radius: 25)
[26:55:59 -100752.198927] SLOW spr round 168 (radius: 5)
[26:57:55 -100752.198858] SLOW spr round 169 (radius: 10)
[26:59:36 -100752.198858] SLOW spr round 170 (radius: 15)
[27:01:37 -100752.198858] SLOW spr round 171 (radius: 20)
[27:04:36 -100752.198858] SLOW spr round 172 (radius: 25)
[27:08:15 -100752.198858] Model parameter optimization (eps = 0.100000)

[27:08:25] [worker #0] ML tree search #16, logLikelihood: -100748.429678

[27:59:52] [worker #4] ML tree search #20, logLikelihood: -100276.083576
[31:32:52] [worker #3] ML tree search #19, logLikelihood: -100780.081058
[31:49:15] [worker #2] ML tree search #18, logLikelihood: -100688.819796

Optimized model parameters:

   Partition 0: noname
   Rate heterogeneity: GAMMA (4 cats, mean),  alpha: 0.320533 (ML),  weights&rates: (0.250000,0.007108) (0.250000,0.120533) (0.250000,0.628727) (0.250000,3.243632) 
   Base frequencies (ML): 0.041536 0.475451 0.358678 0.124336 
   Substitution rates (ML): 2.290011 13.234243 14.730483 3.257705 6.790532 1.000000 


Final LogLikelihood: -100276.083576

AIC score: 210092.167152 / AICc score: 45725432.167152 / BIC score: 226812.598579
Free parameters (model + branch lengths): 4770

WARNING: Number of free parameters (K=4770) is larger than alignment size (n=246).
         This might lead to overfitting and compromise tree inference results!


WARNING: Best ML tree contains 227 near-zero branches!

Best ML tree with collapsed near-zero branches saved to: /home2/ISAD/dp415/dada2_pipeline_myxorpoB/data/output/run_myxo_gtdbr202/raxml/myxo_94/myxo_94.raxml.bestTreeCollapsed
Best ML tree saved to: /home2/ISAD/dp415/dada2_pipeline_myxorpoB/data/output/run_myxo_gtdbr202/raxml/myxo_94/myxo_94.raxml.bestTree
All ML trees saved to: /home2/ISAD/dp415/dada2_pipeline_myxorpoB/data/output/run_myxo_gtdbr202/raxml/myxo_94/myxo_94.raxml.mlTrees
Optimized model saved to: /home2/ISAD/dp415/dada2_pipeline_myxorpoB/data/output/run_myxo_gtdbr202/raxml/myxo_94/myxo_94.raxml.bestModel

Execution log saved to: /home2/ISAD/dp415/dada2_pipeline_myxorpoB/data/output/run_myxo_gtdbr202/raxml/myxo_94/myxo_94.raxml.log

Analysis started: 17-Jan-2022 16:00:13 / finished: 18-Jan-2022 23:49:29

Elapsed time: 114556.177 seconds

