
RAxML-NG v. 1.1 released on 29.11.2021 by The Exelixis Lab.
Developed by: Alexey M. Kozlov and Alexandros Stamatakis.
Contributors: Diego Darriba, Tomas Flouri, Benoit Morel, Sarah Lutteropp, Ben Bettisworth.
Latest version: https://github.com/amkozlov/raxml-ng
Questions/problems/suggestions? Please visit: https://groups.google.com/forum/#!forum/raxml

System: Intel(R) Xeon(R) Gold 6230 CPU @ 2.10GHz, 40 cores, 376 GB RAM

RAxML-NG was called at 31-Jan-2023 10:46:46 as follows:

raxml-ng --msa alignment/alignment_98percent.fasta --model GTR+G --prefix trees/myxo_98/myxo_99 --threads 8 --seed 2 --tree-constraint constraint_trees/constraint_tree_98percent.tre

Analysis options:
  run mode: ML tree search
  start tree(s): random (10) + parsimony (10)
  topological constraint: constraint_trees/constraint_tree_98percent.tre (algorithm: NEW)
  random seed: 2
  tip-inner: OFF
  pattern compression: ON
  per-rate scalers: OFF
  site repeats: ON
  fast spr radius: AUTO
  spr subtree cutoff: 1.000000
  branch lengths: proportional (ML estimate, algorithm: NR-FAST)
  SIMD kernels: AVX2
  parallelization: coarse-grained (auto), PTHREADS (8 threads), thread pinning: OFF

[00:00:00] Reading alignment from file: alignment/alignment_98percent.fasta
[00:00:00] Loaded alignment with 1792 taxa and 246 sites

Alignment comprises 1 partitions and 155 patterns

Partition 0: noname
Model: GTR+FO+G4m
Alignment sites / patterns: 246 / 155
Gaps: 8.90 %
Invariant sites: 37.80 %


NOTE: Binary MSA file created: trees/myxo_98/myxo_99.raxml.rba

[00:00:00] Loading constraint tree from: constraint_trees/constraint_tree_98percent.tre
[00:00:00] Loaded non-comprehensive constraint tree with 1258 taxa

Parallelization scheme autoconfig: 8 worker(s) x 1 thread(s)

Parallel reduction/worker buffer size: 1 KB  / 0 KB

[00:00:00] Generating 10 random starting tree(s) with 1792 taxa
[00:00:00] Generating 10 parsimony starting tree(s) with 1792 taxa
[00:01:45] Data distribution: max. partitions/sites/weight per thread: 1 / 155 / 2480
[00:01:45] Data distribution: max. searches per worker: 3

Starting ML tree search with 20 distinct starting trees

[00:01:45 -147346.026639] Initial branch length optimization
[00:01:46 -130887.201090] Model parameter optimization (eps = 10.000000)
[00:02:19 -118234.156473] AUTODETECT spr round 1 (radius: 5)
[00:03:08 -102166.833043] AUTODETECT spr round 2 (radius: 10)
[00:03:59 -88719.133074] AUTODETECT spr round 3 (radius: 15)
[00:04:52 -80552.599532] AUTODETECT spr round 4 (radius: 20)
[00:05:49 -77577.190529] AUTODETECT spr round 5 (radius: 25)
[00:06:48 -76427.436458] SPR radius for FAST iterations: 25 (autodetect)
[00:06:48 -76427.436458] Model parameter optimization (eps = 3.000000)
[00:07:18 -75565.259383] FAST spr round 1 (radius: 25)
[00:08:41 -69919.824365] FAST spr round 2 (radius: 25)
[00:09:42 -69296.437533] FAST spr round 3 (radius: 25)
[00:10:32 -69209.354585] FAST spr round 4 (radius: 25)
[00:11:20 -69195.829136] FAST spr round 5 (radius: 25)
[00:12:05 -69192.941680] FAST spr round 6 (radius: 25)
[00:12:49 -69192.941573] Model parameter optimization (eps = 1.000000)
[00:13:12 -69035.380966] SLOW spr round 1 (radius: 5)
[00:14:17 -68966.900296] SLOW spr round 2 (radius: 5)
[00:15:18 -68939.847292] SLOW spr round 3 (radius: 5)
[00:16:16 -68931.409578] SLOW spr round 4 (radius: 5)
[00:17:12 -68925.561932] SLOW spr round 5 (radius: 5)
[00:18:07 -68921.118417] SLOW spr round 6 (radius: 5)
[00:19:01 -68920.964750] SLOW spr round 7 (radius: 5)
[00:19:55 -68920.963845] SLOW spr round 8 (radius: 10)
[00:20:53 -68899.375066] SLOW spr round 9 (radius: 5)
[00:22:02 -68895.454703] SLOW spr round 10 (radius: 5)
[00:23:02 -68895.025138] SLOW spr round 11 (radius: 5)
[00:24:00 -68893.524809] SLOW spr round 12 (radius: 5)
[00:24:56 -68893.524775] SLOW spr round 13 (radius: 10)
[00:25:52 -68891.886727] SLOW spr round 14 (radius: 5)
[00:26:59 -68891.502488] SLOW spr round 15 (radius: 5)
[00:28:00 -68889.043820] SLOW spr round 16 (radius: 5)
[00:28:57 -68888.138928] SLOW spr round 17 (radius: 5)
[00:29:51 -68887.948136] SLOW spr round 18 (radius: 5)
[00:30:44 -68887.948072] SLOW spr round 19 (radius: 10)
[00:31:38 -68886.597159] SLOW spr round 20 (radius: 5)
[00:32:45 -68885.807911] SLOW spr round 21 (radius: 5)
[00:33:44 -68885.807171] SLOW spr round 22 (radius: 10)
[00:34:40 -68883.921353] SLOW spr round 23 (radius: 5)
[00:35:47 -68883.896719] SLOW spr round 24 (radius: 10)
[00:36:45 -68883.264979] SLOW spr round 25 (radius: 5)
[00:37:51 -68883.264956] SLOW spr round 26 (radius: 10)
[00:38:50 -68882.735504] SLOW spr round 27 (radius: 5)
[00:39:57 -68882.735328] SLOW spr round 28 (radius: 10)
[00:40:55 -68882.679418] SLOW spr round 29 (radius: 15)
[00:42:09 -68854.324642] SLOW spr round 30 (radius: 5)
[00:43:19 -68852.719045] SLOW spr round 31 (radius: 5)
[00:44:20 -68852.718492] SLOW spr round 32 (radius: 10)
[00:45:16 -68848.653751] SLOW spr round 33 (radius: 5)
[00:46:23 -68848.653751] SLOW spr round 34 (radius: 10)
[00:47:20 -68847.959011] SLOW spr round 35 (radius: 5)
[00:48:29 -68847.958885] SLOW spr round 36 (radius: 10)
[00:49:30 -68847.958879] SLOW spr round 37 (radius: 15)
[00:50:45 -68846.264958] SLOW spr round 38 (radius: 5)
[00:51:56 -68846.264953] SLOW spr round 39 (radius: 10)
[00:52:56 -68845.346576] SLOW spr round 40 (radius: 5)
[00:54:02 -68845.346428] SLOW spr round 41 (radius: 10)
[00:55:00 -68845.346427] SLOW spr round 42 (radius: 15)
[00:56:16 -68841.798850] SLOW spr round 43 (radius: 5)
[00:57:31 -68838.783153] SLOW spr round 44 (radius: 5)
[00:58:37 -68838.783118] SLOW spr round 45 (radius: 10)
[00:59:37 -68838.783109] SLOW spr round 46 (radius: 15)
[01:00:56 -68838.194295] SLOW spr round 47 (radius: 5)
[01:02:09 -68838.193572] SLOW spr round 48 (radius: 10)
[01:03:12 -68837.314643] SLOW spr round 49 (radius: 5)
[01:04:23 -68837.255645] SLOW spr round 50 (radius: 10)
[01:05:27 -68837.255472] SLOW spr round 51 (radius: 15)
[01:07:08 -68837.046640] SLOW spr round 52 (radius: 5)
[01:09:03 -68837.045765] SLOW spr round 53 (radius: 10)
[01:10:35 -68837.045744] SLOW spr round 54 (radius: 15)
[01:12:24 -68837.045743] SLOW spr round 55 (radius: 20)
[01:14:31 -68790.538074] SLOW spr round 56 (radius: 5)
[01:16:17 -68786.726172] SLOW spr round 57 (radius: 5)
[01:17:50 -68785.204610] SLOW spr round 58 (radius: 5)
[01:19:21 -68785.203937] SLOW spr round 59 (radius: 10)
[01:20:43 -68785.203922] SLOW spr round 60 (radius: 15)
[01:22:27 -68780.503503] SLOW spr round 61 (radius: 5)
[01:24:07 -68775.961969] SLOW spr round 62 (radius: 5)
[01:25:27 -68775.558716] SLOW spr round 63 (radius: 5)
[01:26:39 -68775.558598] SLOW spr round 64 (radius: 10)
[01:27:49 -68775.558598] SLOW spr round 65 (radius: 15)
[01:29:22 -68775.558598] SLOW spr round 66 (radius: 20)
[01:31:11 -68773.727128] SLOW spr round 67 (radius: 5)
[01:32:43 -68763.860448] SLOW spr round 68 (radius: 5)
[01:33:57 -68763.756613] SLOW spr round 69 (radius: 5)
[01:35:05 -68763.756449] SLOW spr round 70 (radius: 10)
[01:36:12 -68763.756449] SLOW spr round 71 (radius: 15)
[01:37:42 -68763.756449] SLOW spr round 72 (radius: 20)
[01:39:29 -68762.512280] SLOW spr round 73 (radius: 5)
[01:40:55 -68762.187295] SLOW spr round 74 (radius: 5)
[01:42:10 -68762.187056] SLOW spr round 75 (radius: 10)
[01:43:20 -68762.187022] SLOW spr round 76 (radius: 15)
[01:44:48 -68762.187012] SLOW spr round 77 (radius: 20)
[01:46:34 -68760.939788] SLOW spr round 78 (radius: 5)
[01:48:01 -68749.477330] SLOW spr round 79 (radius: 5)
[01:49:18 -68743.771648] SLOW spr round 80 (radius: 5)
[01:50:28 -68738.791385] SLOW spr round 81 (radius: 5)
[01:51:37 -68738.205306] SLOW spr round 82 (radius: 5)
[01:52:44 -68737.343063] SLOW spr round 83 (radius: 5)
[01:53:49 -68737.342991] SLOW spr round 84 (radius: 10)
[01:54:58 -68737.317580] SLOW spr round 85 (radius: 15)
[01:56:34 -68736.541245] SLOW spr round 86 (radius: 5)
[01:57:57 -68736.512657] SLOW spr round 87 (radius: 10)
[01:59:10 -68736.512651] SLOW spr round 88 (radius: 15)
[02:00:36 -68736.512650] SLOW spr round 89 (radius: 20)
[02:02:25 -68735.870824] SLOW spr round 90 (radius: 5)
[02:03:51 -68734.460571] SLOW spr round 91 (radius: 5)
[02:05:06 -68734.458950] SLOW spr round 92 (radius: 10)
[02:06:16 -68734.458532] SLOW spr round 93 (radius: 15)
[02:07:47 -68734.458389] SLOW spr round 94 (radius: 20)
[02:09:35 -68734.458340] SLOW spr round 95 (radius: 25)
[02:11:32 -68634.119606] SLOW spr round 96 (radius: 5)
[02:13:00 -68621.570412] SLOW spr round 97 (radius: 5)
[02:14:17 -68592.743684] SLOW spr round 98 (radius: 5)
[02:15:26 -68592.171710] SLOW spr round 99 (radius: 5)
[02:16:36 -68591.706966] SLOW spr round 100 (radius: 5)
[02:17:42 -68590.004469] SLOW spr round 101 (radius: 5)
[02:18:50 -68582.963552] SLOW spr round 102 (radius: 5)
[02:19:57 -68582.963397] SLOW spr round 103 (radius: 10)
[02:21:05 -68579.107153] SLOW spr round 104 (radius: 5)
[02:22:27 -68577.465200] SLOW spr round 105 (radius: 5)
[02:23:40 -68577.464616] SLOW spr round 106 (radius: 10)
[02:24:50 -68577.464616] SLOW spr round 107 (radius: 15)
[02:26:22 -68575.762340] SLOW spr round 108 (radius: 5)
[02:27:46 -68575.332743] SLOW spr round 109 (radius: 5)
[02:29:02 -68575.332640] SLOW spr round 110 (radius: 10)
[02:30:12 -68575.332640] SLOW spr round 111 (radius: 15)
[02:31:42 -68575.332640] SLOW spr round 112 (radius: 20)
[02:33:30 -68572.747611] SLOW spr round 113 (radius: 5)
[02:34:58 -68570.031262] SLOW spr round 114 (radius: 5)
[02:36:14 -68569.917056] SLOW spr round 115 (radius: 5)
[02:37:24 -68569.915309] SLOW spr round 116 (radius: 10)
[02:38:34 -68569.915081] SLOW spr round 117 (radius: 15)
[02:40:05 -68560.661722] SLOW spr round 118 (radius: 5)
[02:41:28 -68560.158677] SLOW spr round 119 (radius: 5)
[02:42:44 -68560.158565] SLOW spr round 120 (radius: 10)
[02:43:53 -68560.158563] SLOW spr round 121 (radius: 15)
[02:45:24 -68560.158563] SLOW spr round 122 (radius: 20)
[02:47:13 -68560.158563] SLOW spr round 123 (radius: 25)
[02:49:07 -68551.169409] SLOW spr round 124 (radius: 5)
[02:50:34 -68546.578154] SLOW spr round 125 (radius: 5)
[02:51:25] [worker #7] ML tree search #8, logLikelihood: -67266.995947
[02:51:50 -68546.576392] SLOW spr round 126 (radius: 10)
[02:52:58 -68546.575940] SLOW spr round 127 (radius: 15)
[02:54:26 -68546.496854] SLOW spr round 128 (radius: 20)
[02:56:14 -68532.219529] SLOW spr round 129 (radius: 5)
[02:57:39 -68532.217895] SLOW spr round 130 (radius: 10)
[02:58:54 -68532.217478] SLOW spr round 131 (radius: 15)
[03:00:21 -68532.217335] SLOW spr round 132 (radius: 20)
[03:02:09 -68532.217287] SLOW spr round 133 (radius: 25)
[03:04:03 -68532.158360] Model parameter optimization (eps = 0.100000)

[03:04:24] [worker #0] ML tree search #1, logLikelihood: -68514.817800

[03:04:24 -147950.045240] Initial branch length optimization
[03:04:25 -131505.416765] Model parameter optimization (eps = 10.000000)
[03:04:40 -119079.295805] AUTODETECT spr round 1 (radius: 5)
[03:05:41 -102768.296762] AUTODETECT spr round 2 (radius: 10)
[03:06:42 -89163.915945] AUTODETECT spr round 3 (radius: 15)
[03:07:10] [worker #4] ML tree search #5, logLikelihood: -67368.953087
[03:07:47 -81622.880244] AUTODETECT spr round 4 (radius: 20)
[03:08:57 -78809.065342] AUTODETECT spr round 5 (radius: 25)
[03:10:11 -77699.400602] SPR radius for FAST iterations: 25 (autodetect)
[03:10:11 -77699.400602] Model parameter optimization (eps = 3.000000)
[03:10:55 -76881.741361] FAST spr round 1 (radius: 25)
[03:12:37 -70950.684611] FAST spr round 2 (radius: 25)
[03:13:49 -70179.186932] FAST spr round 3 (radius: 25)
[03:14:51 -70040.380833] FAST spr round 4 (radius: 25)
[03:15:38] [worker #3] ML tree search #4, logLikelihood: -67336.730002
[03:15:48 -70019.067433] FAST spr round 5 (radius: 25)
[03:16:41 -70014.816898] FAST spr round 6 (radius: 25)
[03:17:30 -70014.816827] Model parameter optimization (eps = 1.000000)
[03:18:06 -69851.638582] SLOW spr round 1 (radius: 5)
[03:19:18 -69748.231772] SLOW spr round 2 (radius: 5)
[03:20:26 -69723.859188] SLOW spr round 3 (radius: 5)
[03:21:36 -69701.459466] SLOW spr round 4 (radius: 5)
[03:22:43 -69697.988874] SLOW spr round 5 (radius: 5)
[03:23:50 -69693.376000] SLOW spr round 6 (radius: 5)
[03:24:56 -69692.105174] SLOW spr round 7 (radius: 5)
[03:26:02 -69691.636045] SLOW spr round 8 (radius: 5)
[03:27:08 -69691.634982] SLOW spr round 9 (radius: 10)
[03:28:22 -69665.340331] SLOW spr round 10 (radius: 5)
[03:29:45 -69645.798770] SLOW spr round 11 (radius: 5)
[03:30:59 -69641.687387] SLOW spr round 12 (radius: 5)
[03:32:09 -69640.983209] SLOW spr round 13 (radius: 5)
[03:33:15 -69640.029740] SLOW spr round 14 (radius: 5)
[03:34:23 -69638.262552] SLOW spr round 15 (radius: 5)
[03:35:28 -69638.262462] SLOW spr round 16 (radius: 10)
[03:36:36 -69635.533303] SLOW spr round 17 (radius: 5)
[03:37:56 -69635.533222] SLOW spr round 18 (radius: 10)
[03:38:09] [worker #5] ML tree search #6, logLikelihood: -68089.181037
[03:39:09 -69630.503862] SLOW spr round 19 (radius: 5)
[03:40:28 -69629.942971] SLOW spr round 20 (radius: 5)
[03:41:38 -69629.942542] SLOW spr round 21 (radius: 10)
[03:42:33] [worker #6] ML tree search #7, logLikelihood: -67536.188798
[03:42:44 -69628.625093] SLOW spr round 22 (radius: 5)
[03:44:04 -69628.182301] SLOW spr round 23 (radius: 5)
[03:44:50] [worker #2] ML tree search #3, logLikelihood: -67277.055348
[03:45:18 -69622.745593] SLOW spr round 24 (radius: 5)
[03:46:27 -69621.173140] SLOW spr round 25 (radius: 5)
[03:47:33 -69621.173110] SLOW spr round 26 (radius: 10)
[03:48:38 -69620.388077] SLOW spr round 27 (radius: 5)
[03:49:58 -69620.383846] SLOW spr round 28 (radius: 10)
[03:51:09 -69619.630550] SLOW spr round 29 (radius: 5)
[03:52:28 -69618.322366] SLOW spr round 30 (radius: 5)
[03:53:40 -69618.322358] SLOW spr round 31 (radius: 10)
[03:54:48 -69618.114511] SLOW spr round 32 (radius: 5)
[03:56:09 -69617.854613] SLOW spr round 33 (radius: 5)
[03:57:21 -69617.854477] SLOW spr round 34 (radius: 10)
[03:58:28 -69617.734129] SLOW spr round 35 (radius: 5)
[03:59:48 -69617.733257] SLOW spr round 36 (radius: 10)
[04:00:59 -69617.733199] SLOW spr round 37 (radius: 15)
[04:02:28 -69594.538124] SLOW spr round 38 (radius: 5)
[04:03:49 -69592.730006] SLOW spr round 39 (radius: 5)
[04:05:01 -69592.729738] SLOW spr round 40 (radius: 10)
[04:06:09 -69590.652232] SLOW spr round 41 (radius: 5)
[04:07:29 -69590.652211] SLOW spr round 42 (radius: 10)
[04:08:37 -69590.652211] SLOW spr round 43 (radius: 15)
[04:10:03 -69585.962361] SLOW spr round 44 (radius: 5)
[04:11:24 -69585.397819] SLOW spr round 45 (radius: 5)
[04:12:35 -69585.397794] SLOW spr round 46 (radius: 10)
[04:13:41 -69580.951112] SLOW spr round 47 (radius: 5)
[04:15:00 -69580.183766] SLOW spr round 48 (radius: 5)
[04:16:10 -69580.183598] SLOW spr round 49 (radius: 10)
[04:17:15 -69580.183577] SLOW spr round 50 (radius: 15)
[04:18:42 -69578.158323] SLOW spr round 51 (radius: 5)
[04:20:04 -69571.267494] SLOW spr round 52 (radius: 5)
[04:21:15 -69552.167840] SLOW spr round 53 (radius: 5)
[04:22:25 -69549.662996] SLOW spr round 54 (radius: 5)
[04:23:32 -69549.612255] SLOW spr round 55 (radius: 10)
[04:24:36 -69549.611053] SLOW spr round 56 (radius: 15)
[04:26:05 -69546.744630] SLOW spr round 57 (radius: 5)
[04:27:26 -69546.742540] SLOW spr round 58 (radius: 10)
[04:28:34 -69546.742454] SLOW spr round 59 (radius: 15)
[04:29:58 -69544.266301] SLOW spr round 60 (radius: 5)
[04:31:06] [worker #1] ML tree search #2, logLikelihood: -67420.288969
[04:31:18 -69542.868515] SLOW spr round 61 (radius: 5)
[04:32:28 -69542.868288] SLOW spr round 62 (radius: 10)
[04:33:33 -69542.868287] SLOW spr round 63 (radius: 15)
[04:34:57 -69542.330021] SLOW spr round 64 (radius: 5)
[04:36:17 -69541.181085] SLOW spr round 65 (radius: 5)
[04:37:27 -69541.181082] SLOW spr round 66 (radius: 10)
[04:38:31 -69541.181082] SLOW spr round 67 (radius: 15)
[04:39:57 -69535.454831] SLOW spr round 68 (radius: 5)
[04:41:17 -69530.882615] SLOW spr round 69 (radius: 5)
[04:42:29 -69530.853988] SLOW spr round 70 (radius: 10)
[04:43:35 -69529.213619] SLOW spr round 71 (radius: 5)
[04:44:52 -69529.213337] SLOW spr round 72 (radius: 10)
[04:46:00 -69529.213337] SLOW spr round 73 (radius: 15)
[04:47:22 -69529.213337] SLOW spr round 74 (radius: 20)
[04:49:11 -69307.680870] SLOW spr round 75 (radius: 5)
[04:50:33 -69202.580935] SLOW spr round 76 (radius: 5)
[04:51:44 -69155.138216] SLOW spr round 77 (radius: 5)
[04:52:52 -69120.188949] SLOW spr round 78 (radius: 5)
[04:53:57 -69116.398464] SLOW spr round 79 (radius: 5)
[04:55:01 -69115.812535] SLOW spr round 80 (radius: 5)
[04:56:05 -69114.899933] SLOW spr round 81 (radius: 5)
[04:56:12] [worker #7] ML tree search #16, logLikelihood: -65659.486427
[04:57:06 -69114.517574] SLOW spr round 82 (radius: 5)
[04:58:08 -69113.881878] SLOW spr round 83 (radius: 5)
[04:59:08 -69113.881860] SLOW spr round 84 (radius: 10)
[05:00:10 -69100.648621] SLOW spr round 85 (radius: 5)
[05:01:28 -69092.336547] SLOW spr round 86 (radius: 5)
[05:02:37 -69092.336462] SLOW spr round 87 (radius: 10)
[05:03:40 -69087.988914] SLOW spr round 88 (radius: 5)
[05:04:55 -69087.988912] SLOW spr round 89 (radius: 10)
[05:06:01 -69087.988910] SLOW spr round 90 (radius: 15)
[05:07:24 -69074.499395] SLOW spr round 91 (radius: 5)
[05:08:43 -69073.153580] SLOW spr round 92 (radius: 5)
[05:09:51 -69073.152013] SLOW spr round 93 (radius: 10)
[05:10:55 -69073.151830] SLOW spr round 94 (radius: 15)
[05:12:18 -69073.151806] SLOW spr round 95 (radius: 20)
[05:14:06 -68837.780294] SLOW spr round 96 (radius: 5)
[05:15:27 -68714.613409] SLOW spr round 97 (radius: 5)
[05:16:38 -68666.372916] SLOW spr round 98 (radius: 5)
[05:17:42 -68650.358227] SLOW spr round 99 (radius: 5)
[05:18:33] [worker #4] ML tree search #13, logLikelihood: -65711.006682
[05:18:43 -68649.195711] SLOW spr round 100 (radius: 5)
[05:19:41 -68649.195462] SLOW spr round 101 (radius: 10)
[05:20:42 -68637.454875] SLOW spr round 102 (radius: 5)
[05:21:55 -68634.783526] SLOW spr round 103 (radius: 5)
[05:22:59 -68634.782718] SLOW spr round 104 (radius: 10)
[05:23:59 -68634.207171] SLOW spr round 105 (radius: 5)
[05:25:08 -68634.206961] SLOW spr round 106 (radius: 10)
[05:26:13 -68628.884582] SLOW spr round 107 (radius: 5)
[05:27:33 -68628.818330] SLOW spr round 108 (radius: 10)
[05:28:36 -68628.664362] SLOW spr round 109 (radius: 5)
[05:29:07] [worker #2] ML tree search #11, logLikelihood: -65754.443819
[05:29:56 -68628.663863] SLOW spr round 110 (radius: 10)
[05:31:17 -68627.696396] SLOW spr round 111 (radius: 5)
[05:32:38 -68627.647775] SLOW spr round 112 (radius: 10)
[05:33:44 -68627.647422] SLOW spr round 113 (radius: 15)
[05:35:05 -68624.335310] SLOW spr round 114 (radius: 5)
[05:36:17 -68624.334554] SLOW spr round 115 (radius: 10)
[05:37:22 -68624.165078] SLOW spr round 116 (radius: 5)
[05:39:01 -68621.137606] SLOW spr round 117 (radius: 5)
[05:40:07 -68620.240900] SLOW spr round 118 (radius: 5)
[05:41:15 -68620.240849] SLOW spr round 119 (radius: 10)
[05:42:13 -68620.240849] SLOW spr round 120 (radius: 15)
[05:43:50 -68618.276402] SLOW spr round 121 (radius: 5)
[05:45:07 -68618.276400] SLOW spr round 122 (radius: 10)
[05:46:30 -68618.276400] SLOW spr round 123 (radius: 15)
[05:47:47] [worker #6] ML tree search #15, logLikelihood: -65763.244717
[05:47:53 -68617.360674] SLOW spr round 124 (radius: 5)
[05:49:07 -68617.356705] SLOW spr round 125 (radius: 10)
[05:50:10 -68617.356413] SLOW spr round 126 (radius: 15)
[05:51:23 -68615.642956] SLOW spr round 127 (radius: 5)
[05:52:32 -68615.642588] SLOW spr round 128 (radius: 10)
[05:53:32 -68615.557639] SLOW spr round 129 (radius: 15)
[05:54:44 -68615.557629] SLOW spr round 130 (radius: 20)
[05:55:05] [worker #3] ML tree search #12, logLikelihood: -65656.453867
[05:56:15 -68610.758790] SLOW spr round 131 (radius: 5)
[05:57:26 -68602.349434] SLOW spr round 132 (radius: 5)
[05:58:27 -68601.789068] SLOW spr round 133 (radius: 5)
[05:59:23 -68600.092922] SLOW spr round 134 (radius: 5)
[06:00:16 -68600.092761] SLOW spr round 135 (radius: 10)
[06:01:09 -68599.732294] SLOW spr round 136 (radius: 5)
[06:02:15 -68599.732040] SLOW spr round 137 (radius: 10)
[06:03:11 -68599.732017] SLOW spr round 138 (radius: 15)
[06:04:20 -68599.732013] SLOW spr round 139 (radius: 20)
[06:05:48 -68594.807635] SLOW spr round 140 (radius: 5)
[06:07:00 -68576.940579] SLOW spr round 141 (radius: 5)
[06:08:04 -68573.634390] SLOW spr round 142 (radius: 5)
[06:08:59 -68571.001201] SLOW spr round 143 (radius: 5)
[06:09:52 -68568.238699] SLOW spr round 144 (radius: 5)
[06:10:44 -68568.238158] SLOW spr round 145 (radius: 10)
[06:11:36 -68563.189662] SLOW spr round 146 (radius: 5)
[06:12:41 -68562.080742] SLOW spr round 147 (radius: 5)
[06:13:39 -68562.044741] SLOW spr round 148 (radius: 10)
[06:14:33 -68559.786482] SLOW spr round 149 (radius: 5)
[06:15:38 -68550.195277] SLOW spr round 150 (radius: 5)
[06:16:34 -68550.193641] SLOW spr round 151 (radius: 10)
[06:17:27 -68550.193506] SLOW spr round 152 (radius: 15)
[06:18:36 -68549.074424] SLOW spr round 153 (radius: 5)
[06:19:42 -68549.073414] SLOW spr round 154 (radius: 10)
[06:20:39 -68549.073342] SLOW spr round 155 (radius: 15)
[06:21:46 -68549.073334] SLOW spr round 156 (radius: 20)
[06:23:10 -68544.375279] SLOW spr round 157 (radius: 5)
[06:24:18 -68541.859830] SLOW spr round 158 (radius: 5)
[06:25:18 -68540.094989] SLOW spr round 159 (radius: 5)
[06:26:02] [worker #5] ML tree search #14, logLikelihood: -65514.051655
[06:26:12 -68540.092388] SLOW spr round 160 (radius: 10)
[06:27:04 -68540.091762] SLOW spr round 161 (radius: 15)
[06:28:13 -68540.091581] SLOW spr round 162 (radius: 20)
[06:29:35 -68537.556592] SLOW spr round 163 (radius: 5)
[06:30:42 -68537.354212] SLOW spr round 164 (radius: 5)
[06:31:40 -68537.354153] SLOW spr round 165 (radius: 10)
[06:32:33 -68537.354152] SLOW spr round 166 (radius: 15)
[06:33:43 -68531.602271] SLOW spr round 167 (radius: 5)
[06:34:48 -68531.602181] SLOW spr round 168 (radius: 10)
[06:35:45 -68531.602179] SLOW spr round 169 (radius: 15)
[06:36:51 -68531.602179] SLOW spr round 170 (radius: 20)
[06:38:13 -68531.259661] SLOW spr round 171 (radius: 5)
[06:39:19 -68531.186697] SLOW spr round 172 (radius: 10)
[06:40:17 -68531.184942] SLOW spr round 173 (radius: 15)
[06:41:23 -68531.184892] SLOW spr round 174 (radius: 20)
[06:42:45 -68531.184891] SLOW spr round 175 (radius: 25)
[06:44:21 -68500.558310] SLOW spr round 176 (radius: 5)
[06:45:31 -68492.429567] SLOW spr round 177 (radius: 5)
[06:48:03 -68483.290472] SLOW spr round 178 (radius: 5)
[06:49:00 -68478.608627] SLOW spr round 179 (radius: 5)
[06:52:22 -68453.883076] SLOW spr round 180 (radius: 5)
[06:53:13 -68453.681844] SLOW spr round 181 (radius: 5)
[06:54:04 -68453.681599] SLOW spr round 182 (radius: 10)
[06:54:55 -68453.681596] SLOW spr round 183 (radius: 15)
[06:56:06 -68445.245611] SLOW spr round 184 (radius: 5)
[06:57:12 -68442.168903] SLOW spr round 185 (radius: 5)
[06:58:09 -68442.168896] SLOW spr round 186 (radius: 10)
[06:59:01 -68442.168896] SLOW spr round 187 (radius: 15)
[07:00:09 -68442.168896] SLOW spr round 188 (radius: 20)
[07:01:31 -68441.732461] SLOW spr round 189 (radius: 5)
[07:02:37 -68441.443702] SLOW spr round 190 (radius: 5)
[07:03:36 -68441.443546] SLOW spr round 191 (radius: 10)
[07:04:29 -68441.443545] SLOW spr round 192 (radius: 15)
[07:05:37 -68441.443545] SLOW spr round 193 (radius: 20)
[07:06:59 -68441.443545] SLOW spr round 194 (radius: 25)
[07:08:32 -68439.484572] SLOW spr round 195 (radius: 5)
[07:09:39 -68433.071558] SLOW spr round 196 (radius: 5)
[07:10:37 -68433.071557] SLOW spr round 197 (radius: 10)
[07:11:29 -68433.071557] SLOW spr round 198 (radius: 15)
[07:12:36 -68433.071557] SLOW spr round 199 (radius: 20)
[07:13:52] [worker #2] ML tree search #19, logLikelihood: -65747.329885
[07:13:58 -68433.071557] SLOW spr round 200 (radius: 25)
[07:15:30 -68432.546839] SLOW spr round 201 (radius: 5)
[07:16:36 -68429.805539] SLOW spr round 202 (radius: 5)
[07:17:33 -68429.805245] SLOW spr round 203 (radius: 10)
[07:18:24 -68429.805205] SLOW spr round 204 (radius: 15)
[07:19:31 -68429.805198] SLOW spr round 205 (radius: 20)
[07:20:51 -68429.805197] SLOW spr round 206 (radius: 25)
[07:22:21 -68429.805197] Model parameter optimization (eps = 0.100000)

[07:22:38] [worker #0] ML tree search #9, logLikelihood: -68374.803462

[07:22:38 -81416.308743] Initial branch length optimization
[07:22:39 -72838.161251] Model parameter optimization (eps = 10.000000)
[07:23:03 -67896.527097] AUTODETECT spr round 1 (radius: 5)
[07:23:41 -67023.345370] AUTODETECT spr round 2 (radius: 10)
[07:24:23 -66804.066152] AUTODETECT spr round 3 (radius: 15)
[07:25:13 -66701.687338] AUTODETECT spr round 4 (radius: 20)
[07:26:05 -66622.230057] AUTODETECT spr round 5 (radius: 25)
[07:26:59 -66466.156123] SPR radius for FAST iterations: 25 (autodetect)
[07:26:59 -66466.156123] Model parameter optimization (eps = 3.000000)
[07:27:09 -66422.997088] FAST spr round 1 (radius: 25)
[07:28:15 -66070.148055] FAST spr round 2 (radius: 25)
[07:29:08 -65932.086911] FAST spr round 3 (radius: 25)
[07:29:54 -65877.586883] FAST spr round 4 (radius: 25)
[07:30:38 -65862.397743] FAST spr round 5 (radius: 25)
[07:31:18 -65855.749912] FAST spr round 6 (radius: 25)
[07:31:56 -65853.380015] FAST spr round 7 (radius: 25)
[07:32:34 -65853.379982] Model parameter optimization (eps = 1.000000)
[07:32:40 -65837.874825] SLOW spr round 1 (radius: 5)
[07:33:33 -65804.574145] SLOW spr round 2 (radius: 5)
[07:34:23 -65784.628261] SLOW spr round 3 (radius: 5)
[07:35:11 -65781.150261] SLOW spr round 4 (radius: 5)
[07:35:59 -65777.101351] SLOW spr round 5 (radius: 5)
[07:36:47 -65770.244609] SLOW spr round 6 (radius: 5)
[07:37:32 -65770.244517] SLOW spr round 7 (radius: 10)
[07:38:22 -65751.789304] SLOW spr round 8 (radius: 5)
[07:39:19 -65750.969097] SLOW spr round 9 (radius: 5)
[07:40:10 -65749.415998] SLOW spr round 10 (radius: 5)
[07:40:59 -65749.415411] SLOW spr round 11 (radius: 10)
[07:41:47 -65747.222756] SLOW spr round 12 (radius: 5)
[07:42:44 -65741.787101] SLOW spr round 13 (radius: 5)
[07:43:34 -65741.786193] SLOW spr round 14 (radius: 10)
[07:44:22 -65741.068306] SLOW spr round 15 (radius: 5)
[07:44:38] [worker #3] ML tree search #20, logLikelihood: -65782.727377
[07:45:18 -65739.594428] SLOW spr round 16 (radius: 5)
[07:46:07 -65739.594428] SLOW spr round 17 (radius: 10)
[07:46:54 -65738.996293] SLOW spr round 18 (radius: 5)
[07:47:50 -65738.169862] SLOW spr round 19 (radius: 5)
[07:48:40 -65737.849235] SLOW spr round 20 (radius: 5)
[07:49:27 -65737.848881] SLOW spr round 21 (radius: 10)
[07:50:14 -65737.291868] SLOW spr round 22 (radius: 5)
[07:51:09 -65737.289321] SLOW spr round 23 (radius: 10)
[07:51:59 -65730.506068] SLOW spr round 24 (radius: 5)
[07:52:54 -65726.359126] SLOW spr round 25 (radius: 5)
[07:53:44 -65726.157414] SLOW spr round 26 (radius: 5)
[07:54:31 -65726.157322] SLOW spr round 27 (radius: 10)
[07:55:16 -65725.973873] SLOW spr round 28 (radius: 5)
[07:56:11 -65725.970632] SLOW spr round 29 (radius: 10)
[07:57:01 -65725.957369] SLOW spr round 30 (radius: 15)
[07:58:01 -65717.211301] SLOW spr round 31 (radius: 5)
[07:58:59 -65713.139403] SLOW spr round 32 (radius: 5)
[07:59:50 -65710.942256] SLOW spr round 33 (radius: 5)
[08:00:37 -65709.119446] SLOW spr round 34 (radius: 5)
[08:01:21] [worker #1] ML tree search #10, logLikelihood: -67060.229258
[08:01:23 -65709.119307] SLOW spr round 35 (radius: 10)
[08:02:09 -65707.634286] SLOW spr round 36 (radius: 5)
[08:03:05 -65707.634065] SLOW spr round 37 (radius: 10)
[08:03:55 -65705.507311] SLOW spr round 38 (radius: 5)
[08:04:50 -65702.818601] SLOW spr round 39 (radius: 5)
[08:05:40 -65702.818543] SLOW spr round 40 (radius: 10)
[08:06:27 -65701.040535] SLOW spr round 41 (radius: 5)
[08:07:23 -65701.040416] SLOW spr round 42 (radius: 10)
[08:08:12 -65700.087009] SLOW spr round 43 (radius: 5)
[08:09:08 -65696.300764] SLOW spr round 44 (radius: 5)
[08:09:59 -65692.427117] SLOW spr round 45 (radius: 5)
[08:10:47 -65690.791202] SLOW spr round 46 (radius: 5)
[08:11:33 -65690.789672] SLOW spr round 47 (radius: 10)
[08:12:19 -65690.281708] SLOW spr round 48 (radius: 5)
[08:13:16 -65690.111663] SLOW spr round 49 (radius: 5)
[08:14:06 -65690.111642] SLOW spr round 50 (radius: 10)
[08:14:53 -65690.111642] SLOW spr round 51 (radius: 15)
[08:15:56 -65689.013288] SLOW spr round 52 (radius: 5)
[08:16:52 -65688.965868] SLOW spr round 53 (radius: 10)
[08:17:42 -65688.965813] SLOW spr round 54 (radius: 15)
[08:18:43 -65688.347820] SLOW spr round 55 (radius: 5)
[08:19:40 -65684.826075] SLOW spr round 56 (radius: 5)
[08:20:31 -65684.826056] SLOW spr round 57 (radius: 10)
[08:21:19 -65684.826056] SLOW spr round 58 (radius: 15)
[08:22:21 -65684.046360] SLOW spr round 59 (radius: 5)
[08:23:18 -65682.081996] SLOW spr round 60 (radius: 5)
[08:24:10 -65679.955631] SLOW spr round 61 (radius: 5)
[08:24:57 -65679.954524] SLOW spr round 62 (radius: 10)
[08:25:45 -65678.745254] SLOW spr round 63 (radius: 5)
[08:26:41 -65678.268858] SLOW spr round 64 (radius: 5)
[08:27:31 -65678.268631] SLOW spr round 65 (radius: 10)
[08:28:18 -65678.268553] SLOW spr round 66 (radius: 15)
[08:29:20 -65678.268527] SLOW spr round 67 (radius: 20)
[08:30:29 -65658.022920] SLOW spr round 68 (radius: 5)
[08:31:27 -65652.818516] SLOW spr round 69 (radius: 5)
[08:32:18 -65652.818238] SLOW spr round 70 (radius: 10)
[08:33:04 -65652.818182] SLOW spr round 71 (radius: 15)
[08:34:06 -65645.590523] SLOW spr round 72 (radius: 5)
[08:35:03 -65645.574168] SLOW spr round 73 (radius: 10)
[08:35:52 -65645.573923] SLOW spr round 74 (radius: 15)
[08:36:51 -65645.573908] SLOW spr round 75 (radius: 20)
[08:38:01 -65643.850172] SLOW spr round 76 (radius: 5)
[08:38:58 -65643.830760] SLOW spr round 77 (radius: 10)
[08:39:48 -65642.326489] SLOW spr round 78 (radius: 5)
[08:40:43 -65642.085236] SLOW spr round 79 (radius: 5)
[08:41:32 -65642.085154] SLOW spr round 80 (radius: 10)
[08:42:18 -65637.918371] SLOW spr round 81 (radius: 5)
[08:43:15 -65637.714450] SLOW spr round 82 (radius: 5)
[08:44:05 -65635.883512] SLOW spr round 83 (radius: 5)
[08:44:52 -65635.741512] SLOW spr round 84 (radius: 5)
[08:45:37 -65635.741467] SLOW spr round 85 (radius: 10)
[08:46:22 -65635.459925] SLOW spr round 86 (radius: 5)
[08:47:18 -65634.809221] SLOW spr round 87 (radius: 5)
[08:48:08 -65634.809171] SLOW spr round 88 (radius: 10)
[08:48:55 -65634.101641] SLOW spr round 89 (radius: 5)
[08:49:52 -65634.101602] SLOW spr round 90 (radius: 10)
[08:50:40 -65634.101600] SLOW spr round 91 (radius: 15)
[08:51:41 -65633.270421] SLOW spr round 92 (radius: 5)
[08:52:38 -65633.270376] SLOW spr round 93 (radius: 10)
[08:53:29 -65633.270375] SLOW spr round 94 (radius: 15)
[08:54:29 -65633.270375] SLOW spr round 95 (radius: 20)
[08:55:40 -65631.657873] SLOW spr round 96 (radius: 5)
[08:56:38 -65619.543546] SLOW spr round 97 (radius: 5)
[08:57:31 -65619.130926] SLOW spr round 98 (radius: 5)
[08:58:19 -65619.130918] SLOW spr round 99 (radius: 10)
[08:59:05 -65619.130918] SLOW spr round 100 (radius: 15)
[09:00:07 -65616.092421] SLOW spr round 101 (radius: 5)
[09:01:04 -65615.853760] SLOW spr round 102 (radius: 5)
[09:01:55 -65615.852121] SLOW spr round 103 (radius: 10)
[09:02:42 -65615.852036] SLOW spr round 104 (radius: 15)
[09:03:43 -65615.852031] SLOW spr round 105 (radius: 20)
[09:04:53 -65615.647331] SLOW spr round 106 (radius: 5)
[09:05:50 -65615.647281] SLOW spr round 107 (radius: 10)
[09:06:40 -65615.647281] SLOW spr round 108 (radius: 15)
[09:07:39 -65615.647281] SLOW spr round 109 (radius: 20)
[09:08:49 -65615.647281] SLOW spr round 110 (radius: 25)
[09:10:08 -65605.088273] SLOW spr round 111 (radius: 5)
[09:11:07 -65603.369674] SLOW spr round 112 (radius: 5)
[09:11:58 -65603.369558] SLOW spr round 113 (radius: 10)
[09:12:46 -65602.680714] SLOW spr round 114 (radius: 5)
[09:13:44 -65602.680627] SLOW spr round 115 (radius: 10)
[09:14:33 -65602.680627] SLOW spr round 116 (radius: 15)
[09:15:32 -65602.680627] SLOW spr round 117 (radius: 20)
[09:16:43 -65600.588414] SLOW spr round 118 (radius: 5)
[09:17:40 -65600.588347] SLOW spr round 119 (radius: 10)
[09:18:32 -65598.905580] SLOW spr round 120 (radius: 5)
[09:19:26 -65598.904259] SLOW spr round 121 (radius: 10)
[09:20:14 -65598.904107] SLOW spr round 122 (radius: 15)
[09:21:14 -65598.904089] SLOW spr round 123 (radius: 20)
[09:22:25 -65598.904086] SLOW spr round 124 (radius: 25)
[09:23:44 -65594.029796] SLOW spr round 125 (radius: 5)
[09:24:42 -65593.253192] SLOW spr round 126 (radius: 5)
[09:25:34 -65592.297558] SLOW spr round 127 (radius: 5)
[09:26:22 -65592.297557] SLOW spr round 128 (radius: 10)
[09:27:07 -65592.297557] SLOW spr round 129 (radius: 15)
[09:27:24] [worker #1] ML tree search #18, logLikelihood: -65633.187935
[09:28:08 -65587.153897] SLOW spr round 130 (radius: 5)
[09:29:02 -65585.030605] SLOW spr round 131 (radius: 5)
[09:29:52 -65584.527288] SLOW spr round 132 (radius: 5)
[09:30:38 -65584.525277] SLOW spr round 133 (radius: 10)
[09:31:22 -65584.525215] SLOW spr round 134 (radius: 15)
[09:32:22 -65584.525213] SLOW spr round 135 (radius: 20)
[09:33:29 -65584.525212] SLOW spr round 136 (radius: 25)
[09:34:46 -65583.107040] SLOW spr round 137 (radius: 5)
[09:35:43 -65580.404546] SLOW spr round 138 (radius: 5)
[09:36:35 -65580.404216] SLOW spr round 139 (radius: 10)
[09:37:23 -65580.404004] SLOW spr round 140 (radius: 15)
[09:38:23 -65580.403847] SLOW spr round 141 (radius: 20)
[09:39:32 -65573.106016] SLOW spr round 142 (radius: 5)
[09:40:28 -65568.268222] SLOW spr round 143 (radius: 5)
[09:41:19 -65561.983527] SLOW spr round 144 (radius: 5)
[09:42:06 -65561.983440] SLOW spr round 145 (radius: 10)
[09:42:50 -65561.983427] SLOW spr round 146 (radius: 15)
[09:43:51 -65561.983418] SLOW spr round 147 (radius: 20)
[09:45:00 -65561.983412] SLOW spr round 148 (radius: 25)
[09:46:17 -65561.872755] SLOW spr round 149 (radius: 5)
[09:47:14 -65561.673902] SLOW spr round 150 (radius: 5)
[09:48:04 -65561.673870] SLOW spr round 151 (radius: 10)
[09:48:50 -65561.673869] SLOW spr round 152 (radius: 15)
[09:49:50 -65561.673869] SLOW spr round 153 (radius: 20)
[09:51:01 -65561.673868] SLOW spr round 154 (radius: 25)
[09:52:19 -65561.673868] Model parameter optimization (eps = 0.100000)

[09:52:28] [worker #0] ML tree search #17, logLikelihood: -65554.189284


Optimized model parameters:

   Partition 0: noname
   Rate heterogeneity: GAMMA (4 cats, mean),  alpha: 0.339402 (ML),  weights&rates: (0.250000,0.009028) (0.250000,0.135295) (0.250000,0.656411) (0.250000,3.199266) 
   Base frequencies (ML): 0.073835 0.439283 0.348589 0.138292 
   Substitution rates (ML): 0.986622 5.521933 5.796658 2.926058 5.445569 1.000000 


Final LogLikelihood: -65514.051655

AIC score: 138208.103310 / AICc score: 25921588.103310 / BIC score: 150792.243524
Free parameters (model + branch lengths): 3590

WARNING: Number of free parameters (K=3590) is larger than alignment size (n=246).
         This might lead to overfitting and compromise tree inference results!


WARNING: Best ML tree contains 165 near-zero branches!

Best ML tree with collapsed near-zero branches saved to: /home2/ISAD/dp415/raxml_new/trees/myxo_98/myxo_99.raxml.bestTreeCollapsed
Best ML tree saved to: /home2/ISAD/dp415/raxml_new/trees/myxo_98/myxo_99.raxml.bestTree
All ML trees saved to: /home2/ISAD/dp415/raxml_new/trees/myxo_98/myxo_99.raxml.mlTrees
Optimized model saved to: /home2/ISAD/dp415/raxml_new/trees/myxo_98/myxo_99.raxml.bestModel

Execution log saved to: /home2/ISAD/dp415/raxml_new/trees/myxo_98/myxo_99.raxml.log

Analysis started: 31-Jan-2023 10:46:46 / finished: 31-Jan-2023 20:39:15

Elapsed time: 35549.070 seconds

