
RAxML-NG v. 1.1 released on 29.11.2021 by The Exelixis Lab.
Developed by: Alexey M. Kozlov and Alexandros Stamatakis.
Contributors: Diego Darriba, Tomas Flouri, Benoit Morel, Sarah Lutteropp, Ben Bettisworth.
Latest version: https://github.com/amkozlov/raxml-ng
Questions/problems/suggestions? Please visit: https://groups.google.com/forum/#!forum/raxml

System: Intel(R) Xeon(R) Gold 6230 CPU @ 2.10GHz, 40 cores, 376 GB RAM

RAxML-NG was called at 17-Jan-2022 15:20:42 as follows:

raxml-ng --msa alignments/alignment_myxo_asv.fasta --model GTR+G --seed 2 --prefix raxml/myxo_asv/myxo_asv --threads 5

Analysis options:
  run mode: ML tree search
  start tree(s): random (10) + parsimony (10)
  random seed: 2
  tip-inner: OFF
  pattern compression: ON
  per-rate scalers: OFF
  site repeats: ON
  fast spr radius: AUTO
  spr subtree cutoff: 1.000000
  branch lengths: proportional (ML estimate, algorithm: NR-FAST)
  SIMD kernels: AVX2
  parallelization: coarse-grained (auto), PTHREADS (5 threads), thread pinning: OFF

[00:00:00] Reading alignment from file: alignments/alignment_myxo_asv.fasta
[00:00:00] Loaded alignment with 2623 taxa and 246 sites

Alignment comprises 1 partitions and 159 patterns

Partition 0: noname
Model: GTR+FO+G4m
Alignment sites / patterns: 246 / 159
Gaps: 8.94 %
Invariant sites: 36.59 %


NOTE: Binary MSA file already exists: raxml/myxo_asv/myxo_asv.raxml.rba

Parallelization scheme autoconfig: 5 worker(s) x 1 thread(s)


NOTE: Per-rate scalers were automatically enabled to prevent numerical issues on taxa-rich alignments.
NOTE: You can use --force switch to skip this check and fall back to per-site scalers.

Parallel reduction/worker buffer size: 1 KB  / 0 KB

[00:00:00] Generating 10 random starting tree(s) with 2623 taxa
[00:00:00] Generating 10 parsimony starting tree(s) with 2623 taxa
[00:00:17] Data distribution: max. partitions/sites/weight per thread: 1 / 159 / 2544
[00:00:17] Data distribution: max. searches per worker: 4

Starting ML tree search with 20 distinct starting trees

[00:00:17 -224659.766292] Initial branch length optimization
[00:00:19 -202516.534673] Model parameter optimization (eps = 10.000000)
[00:00:44 -181990.927408] AUTODETECT spr round 1 (radius: 5)
[00:02:15 -148413.466422] AUTODETECT spr round 2 (radius: 10)
[00:04:07 -120472.636182] AUTODETECT spr round 3 (radius: 15)
[00:06:10 -105387.660598] AUTODETECT spr round 4 (radius: 20)
[00:08:27 -95585.068108] AUTODETECT spr round 5 (radius: 25)
[00:10:52 -91218.323568] SPR radius for FAST iterations: 25 (autodetect)
[00:10:52 -91218.323568] Model parameter optimization (eps = 3.000000)
[00:11:56 -89845.718235] FAST spr round 1 (radius: 25)
[00:15:07 -76262.038261] FAST spr round 2 (radius: 25)
[00:17:14 -74426.677319] FAST spr round 3 (radius: 25)
[00:19:04 -74160.714583] FAST spr round 4 (radius: 25)
[00:20:41 -74073.390918] FAST spr round 5 (radius: 25)
[00:22:14 -74037.631754] FAST spr round 6 (radius: 25)
[00:23:43 -74031.007151] FAST spr round 7 (radius: 25)
[00:25:11 -74031.005789] Model parameter optimization (eps = 1.000000)
[00:25:35 -73940.929213] SLOW spr round 1 (radius: 5)
[00:27:48 -73893.765271] SLOW spr round 2 (radius: 5)
[00:29:51 -73881.849768] SLOW spr round 3 (radius: 5)
[00:31:56 -73876.856343] SLOW spr round 4 (radius: 5)
[00:34:00 -73876.391707] SLOW spr round 5 (radius: 5)
[00:36:05 -73876.389336] SLOW spr round 6 (radius: 10)
[00:38:13 -73867.144480] SLOW spr round 7 (radius: 5)
[00:40:56 -73863.890469] SLOW spr round 8 (radius: 5)
[00:43:18 -73862.067025] SLOW spr round 9 (radius: 5)
[00:45:31 -73853.452355] SLOW spr round 10 (radius: 5)
[00:47:37 -73853.449625] SLOW spr round 11 (radius: 10)
[00:49:44 -73851.572709] SLOW spr round 12 (radius: 5)
[00:52:19 -73851.308129] SLOW spr round 13 (radius: 5)
[00:54:36 -73851.308027] SLOW spr round 14 (radius: 10)
[00:56:43 -73850.266044] SLOW spr round 15 (radius: 5)
[00:59:17 -73849.562885] SLOW spr round 16 (radius: 5)
[01:01:32 -73849.562506] SLOW spr round 17 (radius: 10)
[01:03:37 -73849.550567] SLOW spr round 18 (radius: 15)
[01:06:37 -73840.826319] SLOW spr round 19 (radius: 5)
[01:09:24 -73838.076395] SLOW spr round 20 (radius: 5)
[01:11:43 -73837.689142] SLOW spr round 21 (radius: 5)
[01:13:49 -73837.688799] SLOW spr round 22 (radius: 10)
[01:15:50 -73837.302808] SLOW spr round 23 (radius: 5)
[01:18:24 -73836.951501] SLOW spr round 24 (radius: 5)
[01:20:41 -73836.951354] SLOW spr round 25 (radius: 10)
[01:22:46 -73836.951354] SLOW spr round 26 (radius: 15)
[01:25:43 -73835.457236] SLOW spr round 27 (radius: 5)
[01:28:25 -73834.685212] SLOW spr round 28 (radius: 5)
[01:30:44 -73834.674599] SLOW spr round 29 (radius: 10)
[01:32:49 -73834.674591] SLOW spr round 30 (radius: 15)
[01:35:42 -73834.038807] SLOW spr round 31 (radius: 5)
[01:38:24 -73825.602136] SLOW spr round 32 (radius: 5)
[01:40:42 -73825.596441] SLOW spr round 33 (radius: 10)
[01:42:46 -73823.027046] SLOW spr round 34 (radius: 5)
[01:45:23 -73820.856152] SLOW spr round 35 (radius: 5)
[01:47:41 -73820.855571] SLOW spr round 36 (radius: 10)
[01:49:48 -73820.548294] SLOW spr round 37 (radius: 5)
[01:52:24 -73820.378284] SLOW spr round 38 (radius: 5)
[01:54:41 -73820.378170] SLOW spr round 39 (radius: 10)
[01:56:47 -73820.378169] SLOW spr round 40 (radius: 15)
[01:59:44 -73820.378169] SLOW spr round 41 (radius: 20)
[02:03:26 -73747.232403] SLOW spr round 42 (radius: 5)
[02:06:12 -73736.535044] SLOW spr round 43 (radius: 5)
[02:08:33 -73736.337665] SLOW spr round 44 (radius: 5)
[02:10:41 -73735.997150] SLOW spr round 45 (radius: 5)
[02:12:43 -73735.997078] SLOW spr round 46 (radius: 10)
[02:14:45 -73735.923015] SLOW spr round 47 (radius: 15)
[02:17:45 -73735.881855] SLOW spr round 48 (radius: 20)
[02:21:12 -73734.675402] SLOW spr round 49 (radius: 5)
[02:23:53 -73734.675360] SLOW spr round 50 (radius: 10)
[02:26:10 -73732.985180] SLOW spr round 51 (radius: 5)
[02:28:39 -73732.975392] SLOW spr round 52 (radius: 10)
[02:30:47 -73732.974270] SLOW spr round 53 (radius: 15)
[02:33:35 -73732.772391] SLOW spr round 54 (radius: 5)
[02:36:14 -73731.900547] SLOW spr round 55 (radius: 5)
[02:38:31 -73731.900006] SLOW spr round 56 (radius: 10)
[02:40:34 -73731.401826] SLOW spr round 57 (radius: 5)
[02:43:05 -73731.401757] SLOW spr round 58 (radius: 10)
[02:45:14 -73731.401756] SLOW spr round 59 (radius: 15)
[02:48:04 -73730.403004] SLOW spr round 60 (radius: 5)
[02:50:44 -73729.980822] SLOW spr round 61 (radius: 5)
[02:53:01 -73729.979222] SLOW spr round 62 (radius: 10)
[02:55:03 -73729.979039] SLOW spr round 63 (radius: 15)
[02:57:58 -73729.979018] SLOW spr round 64 (radius: 20)
[03:01:31 -73728.030285] SLOW spr round 65 (radius: 5)
[03:04:17 -73716.907193] SLOW spr round 66 (radius: 5)
[03:06:39 -73714.977190] SLOW spr round 67 (radius: 5)
[03:08:48 -73714.977168] SLOW spr round 68 (radius: 10)
[03:10:50 -73714.977168] SLOW spr round 69 (radius: 15)
[03:13:48 -73714.977168] SLOW spr round 70 (radius: 20)
[03:17:19 -73713.912158] SLOW spr round 71 (radius: 5)
[03:20:02 -73711.220173] SLOW spr round 72 (radius: 5)
[03:22:23 -73709.540373] SLOW spr round 73 (radius: 5)
[03:24:31 -73709.540305] SLOW spr round 74 (radius: 10)
[03:26:32 -73709.218923] SLOW spr round 75 (radius: 5)
[03:29:05 -73709.218920] SLOW spr round 76 (radius: 10)
[03:31:17 -73709.218920] SLOW spr round 77 (radius: 15)
[03:34:04 -73709.218920] SLOW spr round 78 (radius: 20)
[03:37:38 -73709.157494] SLOW spr round 79 (radius: 25)
[03:41:47 -73686.900844] SLOW spr round 80 (radius: 5)
[03:44:34 -73669.947980] SLOW spr round 81 (radius: 5)
[03:46:55 -73659.168562] SLOW spr round 82 (radius: 5)
[03:49:02 -73656.994152] SLOW spr round 83 (radius: 5)
[03:51:02 -73656.994014] SLOW spr round 84 (radius: 10)
[03:53:02 -73654.632970] SLOW spr round 85 (radius: 5)
[03:55:34 -73654.632968] SLOW spr round 86 (radius: 10)
[03:57:45 -73654.163642] SLOW spr round 87 (radius: 5)
[03:58:38] [worker #4] ML tree search #5, logLikelihood: -75468.278132
[04:00:14 -73654.163642] SLOW spr round 88 (radius: 10)
[04:02:21 -73654.128029] SLOW spr round 89 (radius: 15)
[04:05:06 -73654.127935] SLOW spr round 90 (radius: 20)
[04:06:48] [worker #2] ML tree search #3, logLikelihood: -78492.971069
[04:08:32 -73654.040603] SLOW spr round 91 (radius: 25)
[04:12:26 -73649.878910] SLOW spr round 92 (radius: 5)
[04:15:10 -73648.376594] SLOW spr round 93 (radius: 5)
[04:17:30 -73648.376580] SLOW spr round 94 (radius: 10)
[04:19:33 -73648.376579] SLOW spr round 95 (radius: 15)
[04:22:21 -73648.376579] SLOW spr round 96 (radius: 20)
[04:25:43 -73648.376579] SLOW spr round 97 (radius: 25)
[04:29:37 -73648.340801] Model parameter optimization (eps = 0.100000)

[04:29:58] [worker #0] ML tree search #1, logLikelihood: -73633.286158

[04:29:58 -225103.754206] Initial branch length optimization
[04:29:59 -202689.136010] Model parameter optimization (eps = 10.000000)
[04:30:29 -181993.893794] AUTODETECT spr round 1 (radius: 5)
[04:32:13 -149067.599791] AUTODETECT spr round 2 (radius: 10)
[04:34:05 -119097.521400] AUTODETECT spr round 3 (radius: 15)
[04:36:04 -103212.429670] AUTODETECT spr round 4 (radius: 20)
[04:38:14 -96503.666455] AUTODETECT spr round 5 (radius: 25)
[04:40:37 -93447.904144] SPR radius for FAST iterations: 25 (autodetect)
[04:40:37 -93447.904144] Model parameter optimization (eps = 3.000000)
[04:41:34 -92064.566780] FAST spr round 1 (radius: 25)
[04:44:47 -79994.855412] FAST spr round 2 (radius: 25)
[04:47:03 -78145.116360] FAST spr round 3 (radius: 25)
[04:48:55 -76506.615613] FAST spr round 4 (radius: 25)
[04:50:33 -75302.015924] FAST spr round 5 (radius: 25)
[04:52:07 -75102.945764] FAST spr round 6 (radius: 25)
[04:53:37 -75081.779151] FAST spr round 7 (radius: 25)
[04:55:07 -75075.118565] FAST spr round 8 (radius: 25)
[04:56:35 -75073.496553] FAST spr round 9 (radius: 25)
[04:58:01 -75073.269590] FAST spr round 10 (radius: 25)
[04:59:26 -75073.269588] Model parameter optimization (eps = 1.000000)
[05:00:01 -74958.812323] SLOW spr round 1 (radius: 5)
[05:02:16 -74889.535301] SLOW spr round 2 (radius: 5)
[05:04:25 -74876.868279] SLOW spr round 3 (radius: 5)
[05:06:28 -74873.597107] SLOW spr round 4 (radius: 5)
[05:08:28 -74873.455291] SLOW spr round 5 (radius: 5)
[05:10:27 -74873.455264] SLOW spr round 6 (radius: 10)
[05:12:32 -74860.072657] SLOW spr round 7 (radius: 5)
[05:15:10 -74857.934781] SLOW spr round 8 (radius: 5)
[05:17:26 -74857.934554] SLOW spr round 9 (radius: 10)
[05:19:29 -74855.751911] SLOW spr round 10 (radius: 5)
[05:22:05 -74854.549175] SLOW spr round 11 (radius: 5)
[05:24:20 -74854.547645] SLOW spr round 12 (radius: 10)
[05:26:26 -74850.096992] SLOW spr round 13 (radius: 5)
[05:29:00 -74847.455935] SLOW spr round 14 (radius: 5)
[05:31:16 -74846.922970] SLOW spr round 15 (radius: 5)
[05:33:22 -74846.922948] SLOW spr round 16 (radius: 10)
[05:35:24 -74845.393819] SLOW spr round 17 (radius: 5)
[05:37:56 -74845.393818] SLOW spr round 18 (radius: 10)
[05:40:06 -74844.376258] SLOW spr round 19 (radius: 5)
[05:42:36 -74844.376124] SLOW spr round 20 (radius: 10)
[05:43:57] [worker #1] ML tree search #2, logLikelihood: -75030.441743
[05:44:43 -74843.460024] SLOW spr round 21 (radius: 5)
[05:47:17 -74839.561478] SLOW spr round 22 (radius: 5)
[05:49:33 -74837.831049] SLOW spr round 23 (radius: 5)
[05:51:39 -74837.411538] SLOW spr round 24 (radius: 5)
[05:53:43 -74836.304202] SLOW spr round 25 (radius: 5)
[05:55:42 -74836.259062] SLOW spr round 26 (radius: 10)
[05:57:42 -74835.521471] SLOW spr round 27 (radius: 5)
[06:00:16 -74835.290513] SLOW spr round 28 (radius: 5)
[06:02:31 -74835.290401] SLOW spr round 29 (radius: 10)
[06:04:31 -74835.006710] SLOW spr round 30 (radius: 5)
[06:07:03 -74835.006696] SLOW spr round 31 (radius: 10)
[06:09:11 -74834.821725] SLOW spr round 32 (radius: 5)
[06:11:43 -74834.586000] SLOW spr round 33 (radius: 5)
[06:13:55 -74834.585911] SLOW spr round 34 (radius: 10)
[06:15:57 -74830.491183] SLOW spr round 35 (radius: 5)
[06:18:28 -74828.970735] SLOW spr round 36 (radius: 5)
[06:20:42 -74828.970733] SLOW spr round 37 (radius: 10)
[06:22:42 -74828.878045] SLOW spr round 38 (radius: 15)
[06:25:43 -74774.578282] SLOW spr round 39 (radius: 5)
[06:28:26 -74750.570462] SLOW spr round 40 (radius: 5)
[06:30:43 -74750.570420] SLOW spr round 41 (radius: 10)
[06:32:45 -74746.774538] SLOW spr round 42 (radius: 5)
[06:35:22 -74738.296671] SLOW spr round 43 (radius: 5)
[06:37:36 -74738.108547] SLOW spr round 44 (radius: 5)
[06:39:42 -74737.349120] SLOW spr round 45 (radius: 5)
[06:41:43 -74737.154139] SLOW spr round 46 (radius: 5)
[06:43:42 -74737.153993] SLOW spr round 47 (radius: 10)
[06:45:40 -74735.085805] SLOW spr round 48 (radius: 5)
[06:48:15 -74734.721906] SLOW spr round 49 (radius: 5)
[06:50:29 -74734.721900] SLOW spr round 50 (radius: 10)
[06:52:30 -74734.675617] SLOW spr round 51 (radius: 15)
[06:55:29 -74722.065488] SLOW spr round 52 (radius: 5)
[06:58:14 -74704.974434] SLOW spr round 53 (radius: 5)
[07:00:32 -74704.810790] SLOW spr round 54 (radius: 5)
[07:02:41 -74703.368612] SLOW spr round 55 (radius: 5)
[07:04:41 -74703.299092] SLOW spr round 56 (radius: 10)
[07:06:40 -74703.298947] SLOW spr round 57 (radius: 15)
[07:07:58] [worker #3] ML tree search #4, logLikelihood: -73049.459506
[07:09:45 -74671.690362] SLOW spr round 58 (radius: 5)
[07:12:35 -74653.824677] SLOW spr round 59 (radius: 5)
[07:14:56 -74653.600049] SLOW spr round 60 (radius: 5)
[07:17:04 -74653.599812] SLOW spr round 61 (radius: 10)
[07:19:05 -74652.576557] SLOW spr round 62 (radius: 5)
[07:21:43 -74652.575890] SLOW spr round 63 (radius: 10)
[07:23:55 -74652.575881] SLOW spr round 64 (radius: 15)
[07:26:51 -74651.982757] SLOW spr round 65 (radius: 5)
[07:29:38 -74636.104859] SLOW spr round 66 (radius: 5)
[07:32:02 -74634.203397] SLOW spr round 67 (radius: 5)
[07:34:10 -74634.203349] SLOW spr round 68 (radius: 10)
[07:36:12 -74634.203344] SLOW spr round 69 (radius: 15)
[07:39:17 -74634.203342] SLOW spr round 70 (radius: 20)
[07:43:19 -74564.309166] SLOW spr round 71 (radius: 5)
[07:46:05 -74564.039153] SLOW spr round 72 (radius: 5)
[07:48:28 -74564.039147] SLOW spr round 73 (radius: 10)
[07:50:32 -74564.039147] SLOW spr round 74 (radius: 15)
[07:53:30 -74564.039147] SLOW spr round 75 (radius: 20)
[07:57:30 -74562.787979] SLOW spr round 76 (radius: 5)
[08:00:16 -74562.787875] SLOW spr round 77 (radius: 10)
[08:02:34 -74562.439090] SLOW spr round 78 (radius: 5)
[08:05:07 -74562.112821] SLOW spr round 79 (radius: 5)
[08:07:21 -74562.112647] SLOW spr round 80 (radius: 10)
[08:09:24 -74560.525739] SLOW spr round 81 (radius: 5)
[08:12:01 -74560.140786] SLOW spr round 82 (radius: 5)
[08:14:18 -74560.140667] SLOW spr round 83 (radius: 10)
[08:16:23 -74560.140667] SLOW spr round 84 (radius: 15)
[08:19:30 -74560.140667] SLOW spr round 85 (radius: 20)
[08:23:26 -74560.140667] SLOW spr round 86 (radius: 25)
[08:28:36 -74535.244544] SLOW spr round 87 (radius: 5)
[08:31:27 -74527.380194] SLOW spr round 88 (radius: 5)
[08:33:51 -74527.379579] SLOW spr round 89 (radius: 10)
[08:35:56 -74527.379568] SLOW spr round 90 (radius: 15)
[08:38:56 -74515.026641] SLOW spr round 91 (radius: 5)
[08:41:43 -74492.027818] SLOW spr round 92 (radius: 5)
[08:44:07 -74477.315231] SLOW spr round 93 (radius: 5)
[08:46:19 -74446.610944] SLOW spr round 94 (radius: 5)
[08:48:21 -74446.610940] SLOW spr round 95 (radius: 10)
[08:50:22 -74445.801188] SLOW spr round 96 (radius: 5)
[08:53:01 -74444.476146] SLOW spr round 97 (radius: 5)
[08:55:18 -74444.148752] SLOW spr round 98 (radius: 5)
[08:57:26 -74444.148705] SLOW spr round 99 (radius: 10)
[08:59:27 -74444.148703] SLOW spr round 100 (radius: 15)
[09:02:30 -74444.100677] SLOW spr round 101 (radius: 20)
[09:06:22 -74438.382009] SLOW spr round 102 (radius: 5)
[09:07:02] [worker #4] ML tree search #10, logLikelihood: -71335.114661
[09:09:07 -74434.592952] SLOW spr round 103 (radius: 5)
[09:11:26 -74434.592361] SLOW spr round 104 (radius: 10)
[09:12:53] [worker #2] ML tree search #8, logLikelihood: -72171.060215
[09:13:32 -74433.082932] SLOW spr round 105 (radius: 5)
[09:16:06 -74433.082824] SLOW spr round 106 (radius: 10)
[09:18:17 -74433.082819] SLOW spr round 107 (radius: 15)
[09:21:06 -74433.082818] SLOW spr round 108 (radius: 20)
[09:25:03 -74422.091317] SLOW spr round 109 (radius: 5)
[09:27:51 -74402.673415] SLOW spr round 110 (radius: 5)
[09:30:15 -74398.324928] SLOW spr round 111 (radius: 5)
[09:32:24 -74398.232864] SLOW spr round 112 (radius: 10)
[09:34:26 -74398.232864] SLOW spr round 113 (radius: 15)
[09:37:24 -74398.232864] SLOW spr round 114 (radius: 20)
[09:41:14 -74398.135515] SLOW spr round 115 (radius: 25)
[09:46:04 -74394.558737] SLOW spr round 116 (radius: 5)
[09:48:48 -74392.849619] SLOW spr round 117 (radius: 5)
[09:51:08 -74391.985545] SLOW spr round 118 (radius: 5)
[09:53:16 -74391.985537] SLOW spr round 119 (radius: 10)
[09:55:14 -74391.985537] SLOW spr round 120 (radius: 15)
[09:58:10 -74391.985537] SLOW spr round 121 (radius: 20)
[10:01:55 -74391.985537] SLOW spr round 122 (radius: 25)
[10:06:43 -74391.511164] SLOW spr round 123 (radius: 5)
[10:09:24 -74391.511164] SLOW spr round 124 (radius: 10)
[10:11:41 -74391.511164] SLOW spr round 125 (radius: 15)
[10:14:25 -74391.511164] SLOW spr round 126 (radius: 20)
[10:18:19 -74391.511164] SLOW spr round 127 (radius: 25)
[10:23:04 -74391.511164] Model parameter optimization (eps = 0.100000)

[10:23:28] [worker #0] ML tree search #6, logLikelihood: -74381.967864

[10:23:28 -94458.389429] Initial branch length optimization
[10:23:29 -79157.560317] Model parameter optimization (eps = 10.000000)
[10:24:08 -73860.960635] AUTODETECT spr round 1 (radius: 5)
[10:25:28 -72259.624651] AUTODETECT spr round 2 (radius: 10)
[10:27:04 -71652.394900] AUTODETECT spr round 3 (radius: 15)
[10:28:58 -71258.312353] AUTODETECT spr round 4 (radius: 20)
[10:31:14 -71119.338942] AUTODETECT spr round 5 (radius: 25)
[10:33:55 -71061.364692] SPR radius for FAST iterations: 25 (autodetect)
[10:33:55 -71061.364692] Model parameter optimization (eps = 3.000000)
[10:34:12 -70981.308687] FAST spr round 1 (radius: 25)
[10:37:01 -70348.283944] FAST spr round 2 (radius: 25)
[10:39:01 -70229.442013] FAST spr round 3 (radius: 25)
[10:40:45 -70183.591482] FAST spr round 4 (radius: 25)
[10:42:19 -70165.389539] FAST spr round 5 (radius: 25)
[10:43:46 -70157.255438] FAST spr round 6 (radius: 25)
[10:45:14 -70153.960311] FAST spr round 7 (radius: 25)
[10:46:41 -70145.827880] FAST spr round 8 (radius: 25)
[10:48:04 -70145.827831] Model parameter optimization (eps = 1.000000)
[10:48:20 -70127.913304] SLOW spr round 1 (radius: 5)
[10:50:18 -70083.305709] SLOW spr round 2 (radius: 5)
[10:52:08 -70068.671143] SLOW spr round 3 (radius: 5)
[10:53:58 -70063.055844] SLOW spr round 4 (radius: 5)
[10:55:44 -70063.054811] SLOW spr round 5 (radius: 10)
[10:57:38 -70040.278994] SLOW spr round 6 (radius: 5)
[10:59:56 -70028.665763] SLOW spr round 7 (radius: 5)
[11:01:57 -70025.820877] SLOW spr round 8 (radius: 5)
[11:03:49 -70025.820820] SLOW spr round 9 (radius: 10)
[11:05:40 -70023.828574] SLOW spr round 10 (radius: 5)
[11:07:55 -70023.725258] SLOW spr round 11 (radius: 5)
[11:09:54 -70023.715708] SLOW spr round 12 (radius: 10)
[11:11:44 -70021.819915] SLOW spr round 13 (radius: 5)
[11:13:56 -70021.734573] SLOW spr round 14 (radius: 10)
[11:15:52 -70014.503015] SLOW spr round 15 (radius: 5)
[11:18:04 -70013.571796] SLOW spr round 16 (radius: 5)
[11:20:02 -70013.552134] SLOW spr round 17 (radius: 10)
[11:21:51 -70012.751803] SLOW spr round 18 (radius: 5)
[11:24:04 -70011.831655] SLOW spr round 19 (radius: 5)
[11:26:02 -70011.831654] SLOW spr round 20 (radius: 10)
[11:27:52 -70011.641665] SLOW spr round 21 (radius: 5)
[11:30:04 -70011.617382] SLOW spr round 22 (radius: 10)
[11:30:28] [worker #3] ML tree search #9, logLikelihood: -73562.720396
[11:32:02 -70008.650156] SLOW spr round 23 (radius: 5)
[11:34:14 -70007.182746] SLOW spr round 24 (radius: 5)
[11:36:11 -70007.182706] SLOW spr round 25 (radius: 10)
[11:38:01 -70007.060534] SLOW spr round 26 (radius: 5)
[11:40:13 -70007.060533] SLOW spr round 27 (radius: 10)
[11:42:09 -70006.949182] SLOW spr round 28 (radius: 5)
[11:44:19 -70006.949182] SLOW spr round 29 (radius: 10)
[11:46:14 -70006.215397] SLOW spr round 30 (radius: 5)
[11:48:28 -70004.998540] SLOW spr round 31 (radius: 5)
[11:50:27 -70004.998532] SLOW spr round 32 (radius: 10)
[11:52:18 -70004.998532] SLOW spr round 33 (radius: 15)
[11:54:39] [worker #1] ML tree search #7, logLikelihood: -72413.518484
[11:55:02 -69980.436546] SLOW spr round 34 (radius: 5)
[11:57:24 -69974.733391] SLOW spr round 35 (radius: 5)
[11:59:27 -69974.733039] SLOW spr round 36 (radius: 10)
[12:01:19 -69970.191433] SLOW spr round 37 (radius: 5)
[12:03:34 -69968.605252] SLOW spr round 38 (radius: 5)
[12:05:34 -69968.605237] SLOW spr round 39 (radius: 10)
[12:07:24 -69963.019936] SLOW spr round 40 (radius: 5)
[12:09:39 -69957.274840] SLOW spr round 41 (radius: 5)
[12:11:38 -69957.274636] SLOW spr round 42 (radius: 10)
[12:13:29 -69957.019872] SLOW spr round 43 (radius: 5)
[12:15:47 -69954.306132] SLOW spr round 44 (radius: 5)
[12:17:47 -69954.237207] SLOW spr round 45 (radius: 10)
[12:19:37 -69954.236641] SLOW spr round 46 (radius: 15)
[12:22:16 -69951.749681] SLOW spr round 47 (radius: 5)
[12:24:35 -69951.707068] SLOW spr round 48 (radius: 10)
[12:26:37 -69949.922016] SLOW spr round 49 (radius: 5)
[12:28:46 -69949.920913] SLOW spr round 50 (radius: 10)
[12:30:40 -69949.920875] SLOW spr round 51 (radius: 15)
[12:33:14 -69946.403629] SLOW spr round 52 (radius: 5)
[12:35:35 -69944.633663] SLOW spr round 53 (radius: 5)
[12:37:35 -69944.386678] SLOW spr round 54 (radius: 5)
[12:39:26 -69944.385695] SLOW spr round 55 (radius: 10)
[12:41:13 -69944.385637] SLOW spr round 56 (radius: 15)
[12:43:52 -69943.475325] SLOW spr round 57 (radius: 5)
[12:46:07 -69943.475294] SLOW spr round 58 (radius: 10)
[12:48:05 -69943.475294] SLOW spr round 59 (radius: 15)
[12:50:34 -69942.092987] SLOW spr round 60 (radius: 5)
[12:52:51 -69939.011237] SLOW spr round 61 (radius: 5)
[12:54:50 -69939.011203] SLOW spr round 62 (radius: 10)
[12:56:37 -69939.011203] SLOW spr round 63 (radius: 15)
[12:59:10 -69938.857898] SLOW spr round 64 (radius: 5)
[13:01:28 -69938.857897] SLOW spr round 65 (radius: 10)
[13:03:26 -69938.857897] SLOW spr round 66 (radius: 15)
[13:05:52 -69938.857897] SLOW spr round 67 (radius: 20)
[13:09:07 -69932.315076] SLOW spr round 68 (radius: 5)
[13:11:28 -69928.079557] SLOW spr round 69 (radius: 5)
[13:13:28] [worker #4] ML tree search #15, logLikelihood: -70065.406723
[13:13:29 -69928.060422] SLOW spr round 70 (radius: 10)
[13:15:19 -69927.154009] SLOW spr round 71 (radius: 5)
[13:17:32 -69924.962636] SLOW spr round 72 (radius: 5)
[13:19:28 -69924.962599] SLOW spr round 73 (radius: 10)
[13:21:18 -69921.423854] SLOW spr round 74 (radius: 5)
[13:23:28 -69920.946895] SLOW spr round 75 (radius: 5)
[13:25:21 -69920.899039] SLOW spr round 76 (radius: 10)
[13:27:08 -69920.898984] SLOW spr round 77 (radius: 15)
[13:29:38 -69918.705243] SLOW spr round 78 (radius: 5)
[13:31:53 -69914.393345] SLOW spr round 79 (radius: 5)
[13:33:51 -69914.393054] SLOW spr round 80 (radius: 10)
[13:35:40 -69914.214253] SLOW spr round 81 (radius: 5)
[13:37:47 -69914.214211] SLOW spr round 82 (radius: 10)
[13:39:39 -69914.214211] SLOW spr round 83 (radius: 15)
[13:42:01 -69913.654411] SLOW spr round 84 (radius: 5)
[13:44:12 -69913.654411] SLOW spr round 85 (radius: 10)
[13:46:08 -69913.654411] SLOW spr round 86 (radius: 15)
[13:48:31 -69913.654411] SLOW spr round 87 (radius: 20)
[13:51:38 -69913.160510] SLOW spr round 88 (radius: 5)
[13:53:55 -69913.160427] SLOW spr round 89 (radius: 10)
[13:55:51 -69913.160427] SLOW spr round 90 (radius: 15)
[13:58:16 -69913.160427] SLOW spr round 91 (radius: 20)
[14:01:25 -69913.160427] SLOW spr round 92 (radius: 25)
[14:01:44] [worker #2] ML tree search #13, logLikelihood: -70162.988489
[14:05:13 -69896.318137] SLOW spr round 93 (radius: 5)
[14:07:35 -69894.540007] SLOW spr round 94 (radius: 5)
[14:09:36 -69894.538697] SLOW spr round 95 (radius: 10)
[14:11:26 -69894.538355] SLOW spr round 96 (radius: 15)
[14:13:59 -69889.539040] SLOW spr round 97 (radius: 5)
[14:16:16 -69888.080333] SLOW spr round 98 (radius: 5)
[14:18:17 -69888.027316] SLOW spr round 99 (radius: 10)
[14:20:07 -69888.025459] SLOW spr round 100 (radius: 15)
[14:22:37 -69887.230450] SLOW spr round 101 (radius: 5)
[14:24:54 -69886.875659] SLOW spr round 102 (radius: 5)
[14:26:54 -69886.792791] SLOW spr round 103 (radius: 10)
[14:28:45 -69886.001031] SLOW spr round 104 (radius: 5)
[14:30:57 -69886.000948] SLOW spr round 105 (radius: 10)
[14:32:50 -69886.000947] SLOW spr round 106 (radius: 15)
[14:35:18 -69886.000947] SLOW spr round 107 (radius: 20)
[14:38:26 -69884.402036] SLOW spr round 108 (radius: 5)
[14:40:43 -69884.401109] SLOW spr round 109 (radius: 10)
[14:42:44 -69884.401101] SLOW spr round 110 (radius: 15)
[14:45:08 -69883.552891] SLOW spr round 111 (radius: 5)
[14:46:07] [worker #3] ML tree search #14, logLikelihood: -69956.337574
[14:47:23 -69883.552864] SLOW spr round 112 (radius: 10)
[14:49:22 -69883.552863] SLOW spr round 113 (radius: 15)
[14:51:45 -69883.552863] SLOW spr round 114 (radius: 20)
[14:54:54 -69883.552863] SLOW spr round 115 (radius: 25)
[14:58:33 -69880.764263] SLOW spr round 116 (radius: 5)
[15:00:51 -69880.627732] SLOW spr round 117 (radius: 5)
[15:02:49 -69880.626538] SLOW spr round 118 (radius: 10)
[15:04:37 -69880.626505] SLOW spr round 119 (radius: 15)
[15:07:04 -69880.626504] SLOW spr round 120 (radius: 20)
[15:10:05 -69880.626504] SLOW spr round 121 (radius: 25)
[15:13:43 -69879.994635] SLOW spr round 122 (radius: 5)
[15:16:00 -69879.994632] SLOW spr round 123 (radius: 10)
[15:18:01 -69876.212246] SLOW spr round 124 (radius: 5)
[15:20:08 -69875.714772] SLOW spr round 125 (radius: 5)
[15:22:03 -69875.714264] SLOW spr round 126 (radius: 10)
[15:23:49 -69875.714258] SLOW spr round 127 (radius: 15)
[15:26:21 -69875.714258] SLOW spr round 128 (radius: 20)
[15:29:24 -69875.714258] SLOW spr round 129 (radius: 25)
[15:33:05 -69874.991663] SLOW spr round 130 (radius: 5)
[15:35:23 -69874.991390] SLOW spr round 131 (radius: 10)
[15:37:23 -69874.991385] SLOW spr round 132 (radius: 15)
[15:39:47 -69874.991385] SLOW spr round 133 (radius: 20)
[15:42:54 -69874.991385] SLOW spr round 134 (radius: 25)
[15:46:34 -69874.750832] SLOW spr round 135 (radius: 5)
[15:48:52 -69874.750304] SLOW spr round 136 (radius: 10)
[15:50:53 -69874.750287] SLOW spr round 137 (radius: 15)
[15:53:17 -69874.750286] SLOW spr round 138 (radius: 20)
[15:56:26 -69874.750286] SLOW spr round 139 (radius: 25)
[16:00:07 -69874.646298] SLOW spr round 140 (radius: 5)
[16:02:22 -69874.620739] SLOW spr round 141 (radius: 10)
[16:04:19 -69874.620707] SLOW spr round 142 (radius: 15)
[16:06:41 -69874.620707] SLOW spr round 143 (radius: 20)
[16:09:44 -69874.620707] SLOW spr round 144 (radius: 25)
[16:13:19 -69874.620707] Model parameter optimization (eps = 0.100000)

[16:13:36] [worker #0] ML tree search #11, logLikelihood: -69867.440935

[16:13:36 -94334.097869] Initial branch length optimization
[16:13:37 -78926.652442] Model parameter optimization (eps = 10.000000)
[16:14:21 -73535.333552] AUTODETECT spr round 1 (radius: 5)
[16:15:39 -71953.054551] AUTODETECT spr round 2 (radius: 10)
[16:17:13 -71491.337516] AUTODETECT spr round 3 (radius: 15)
[16:19:05 -71242.478681] AUTODETECT spr round 4 (radius: 20)
[16:21:16 -71107.856411] AUTODETECT spr round 5 (radius: 25)
[16:23:40 -71067.288061] SPR radius for FAST iterations: 25 (autodetect)
[16:23:40 -71067.288061] Model parameter optimization (eps = 3.000000)
[16:23:54 -71023.764151] FAST spr round 1 (radius: 25)
[16:26:39 -70398.319225] FAST spr round 2 (radius: 25)
[16:28:41 -70274.668005] FAST spr round 3 (radius: 25)
[16:30:23 -70219.386510] FAST spr round 4 (radius: 25)
[16:31:58 -70188.684394] FAST spr round 5 (radius: 25)
[16:33:22 -70185.134467] FAST spr round 6 (radius: 25)
[16:34:45 -70180.728573] FAST spr round 7 (radius: 25)
[16:36:07 -70180.728511] Model parameter optimization (eps = 1.000000)
[16:36:20 -70169.782500] SLOW spr round 1 (radius: 5)
[16:38:18 -70123.334513] SLOW spr round 2 (radius: 5)
[16:40:10 -70114.210427] SLOW spr round 3 (radius: 5)
[16:42:00 -70107.945657] SLOW spr round 4 (radius: 5)
[16:43:46 -70107.945111] SLOW spr round 5 (radius: 10)
[16:45:36 -70099.106602] SLOW spr round 6 (radius: 5)
[16:47:48 -70095.074370] SLOW spr round 7 (radius: 5)
[16:49:45 -70093.912225] SLOW spr round 8 (radius: 5)
[16:51:33 -70093.912150] SLOW spr round 9 (radius: 10)
[16:53:19 -70091.527390] SLOW spr round 10 (radius: 5)
[16:55:31 -70089.385173] SLOW spr round 11 (radius: 5)
[16:57:27 -70089.384626] SLOW spr round 12 (radius: 10)
[16:59:14 -70088.503672] SLOW spr round 13 (radius: 5)
[17:01:24 -70088.250810] SLOW spr round 14 (radius: 5)
[17:03:17 -70088.250752] SLOW spr round 15 (radius: 10)
[17:05:04 -70087.621236] SLOW spr round 16 (radius: 5)
[17:07:15 -70087.621176] SLOW spr round 17 (radius: 10)
[17:09:12 -70078.885128] SLOW spr round 18 (radius: 5)
[17:11:30 -70062.774043] SLOW spr round 19 (radius: 5)
[17:13:29 -70062.763295] SLOW spr round 20 (radius: 10)
[17:15:17 -70062.143545] SLOW spr round 21 (radius: 5)
[17:17:31 -70062.143534] SLOW spr round 22 (radius: 10)
[17:19:24 -70060.048239] SLOW spr round 23 (radius: 5)
[17:21:36 -70058.769545] SLOW spr round 24 (radius: 5)
[17:23:34 -70058.688678] SLOW spr round 25 (radius: 10)
[17:25:22 -70058.465894] SLOW spr round 26 (radius: 5)
[17:27:34 -70058.451769] SLOW spr round 27 (radius: 10)
[17:29:27 -70057.737143] SLOW spr round 28 (radius: 5)
[17:31:38 -70057.519386] SLOW spr round 29 (radius: 5)
[17:33:36 -70057.519378] SLOW spr round 30 (radius: 10)
[17:35:24 -70057.519378] SLOW spr round 31 (radius: 15)
[17:38:03 -70041.073210] SLOW spr round 32 (radius: 5)
[17:40:23 -70039.720080] SLOW spr round 33 (radius: 5)
[17:42:23 -70039.719684] SLOW spr round 34 (radius: 10)
[17:44:13 -70039.260054] SLOW spr round 35 (radius: 5)
[17:46:27 -70037.592943] SLOW spr round 36 (radius: 5)
[17:48:24 -70037.592943] SLOW spr round 37 (radius: 10)
[17:50:13 -70037.592943] SLOW spr round 38 (radius: 15)
[17:52:45 -70037.592943] SLOW spr round 39 (radius: 20)
[17:55:57 -70029.808370] SLOW spr round 40 (radius: 5)
[17:56:01] [worker #1] ML tree search #12, logLikelihood: -69927.498990
[17:58:15 -70025.339649] SLOW spr round 41 (radius: 5)
[18:00:17 -70024.475706] SLOW spr round 42 (radius: 5)
[18:00:55] [worker #4] ML tree search #20, logLikelihood: -70114.230033
[18:02:07 -70023.577153] SLOW spr round 43 (radius: 5)
[18:03:52 -70023.574903] SLOW spr round 44 (radius: 10)
[18:05:36 -70023.294282] SLOW spr round 45 (radius: 5)
[18:07:47 -70023.293672] SLOW spr round 46 (radius: 10)
[18:09:38 -70023.293640] SLOW spr round 47 (radius: 15)
[18:12:02 -70023.176048] SLOW spr round 48 (radius: 5)
[18:14:19 -70019.690906] SLOW spr round 49 (radius: 5)
[18:16:17 -70019.690667] SLOW spr round 50 (radius: 10)
[18:18:03 -70019.690663] SLOW spr round 51 (radius: 15)
[18:20:30 -70019.690663] SLOW spr round 52 (radius: 20)
[18:23:34 -70018.422575] SLOW spr round 53 (radius: 5)
[18:25:51 -70017.145075] SLOW spr round 54 (radius: 5)
[18:27:50 -70017.144242] SLOW spr round 55 (radius: 10)
[18:29:37 -70017.144238] SLOW spr round 56 (radius: 15)
[18:32:04 -70015.567059] SLOW spr round 57 (radius: 5)
[18:34:19 -70012.045774] SLOW spr round 58 (radius: 5)
[18:36:16 -70011.889542] SLOW spr round 59 (radius: 5)
[18:38:04 -70011.889447] SLOW spr round 60 (radius: 10)
[18:39:48 -70008.921563] SLOW spr round 61 (radius: 5)
[18:41:58 -70007.411070] SLOW spr round 62 (radius: 5)
[18:43:53 -70007.410810] SLOW spr round 63 (radius: 10)
[18:45:39 -70007.410808] SLOW spr round 64 (radius: 15)
[18:48:07 -70005.102638] SLOW spr round 65 (radius: 5)
[18:50:22 -70001.131729] SLOW spr round 66 (radius: 5)
[18:52:20 -69998.627740] SLOW spr round 67 (radius: 5)
[18:54:09 -69998.627311] SLOW spr round 68 (radius: 10)
[18:55:53 -69998.259338] SLOW spr round 69 (radius: 5)
[18:58:02 -69998.259328] SLOW spr round 70 (radius: 10)
[18:59:52 -69998.259327] SLOW spr round 71 (radius: 15)
[19:02:17 -69998.193480] SLOW spr round 72 (radius: 20)
[19:05:30 -69997.679699] SLOW spr round 73 (radius: 5)
[19:07:48 -69997.679676] SLOW spr round 74 (radius: 10)
[19:09:46 -69996.684817] SLOW spr round 75 (radius: 5)
[19:11:53 -69996.684528] SLOW spr round 76 (radius: 10)
[19:13:44 -69996.684525] SLOW spr round 77 (radius: 15)
[19:16:11 -69996.684525] SLOW spr round 78 (radius: 20)
[19:16:26] [worker #2] ML tree search #18, logLikelihood: -69972.740052
[19:19:23 -69996.614674] SLOW spr round 79 (radius: 25)
[19:23:13 -69995.308376] SLOW spr round 80 (radius: 5)
[19:25:30 -69995.308054] SLOW spr round 81 (radius: 10)
[19:27:29 -69995.308045] SLOW spr round 82 (radius: 15)
[19:29:51 -69995.308044] SLOW spr round 83 (radius: 20)
[19:33:04 -69993.712244] SLOW spr round 84 (radius: 5)
[19:35:22 -69990.023964] SLOW spr round 85 (radius: 5)
[19:37:24 -69989.891505] SLOW spr round 86 (radius: 5)
[19:39:13 -69989.891500] SLOW spr round 87 (radius: 10)
[19:40:57 -69989.891500] SLOW spr round 88 (radius: 15)
[19:43:31 -69989.891500] SLOW spr round 89 (radius: 20)
[19:46:42 -69986.966652] SLOW spr round 90 (radius: 5)
[19:48:57 -69986.966001] SLOW spr round 91 (radius: 10)
[19:50:54 -69981.306704] SLOW spr round 92 (radius: 5)
[19:53:00 -69981.068056] SLOW spr round 93 (radius: 5)
[19:54:53 -69981.066611] SLOW spr round 94 (radius: 10)
[19:56:38 -69980.856988] SLOW spr round 95 (radius: 5)
[19:58:48 -69980.629919] SLOW spr round 96 (radius: 5)
[20:00:42 -69980.629528] SLOW spr round 97 (radius: 10)
[20:02:26 -69980.629524] SLOW spr round 98 (radius: 15)
[20:04:55 -69980.257665] SLOW spr round 99 (radius: 5)
[20:07:10 -69980.178414] SLOW spr round 100 (radius: 10)
[20:09:04 -69980.178284] SLOW spr round 101 (radius: 15)
[20:11:28 -69980.178283] SLOW spr round 102 (radius: 20)
[20:14:38 -69980.178283] SLOW spr round 103 (radius: 25)
[20:18:31 -69980.178283] Model parameter optimization (eps = 0.100000)

[20:18:49] [worker #0] ML tree search #16, logLikelihood: -69974.869307

[21:32:15] [worker #1] ML tree search #17, logLikelihood: -69968.293921
[21:33:22] [worker #3] ML tree search #19, logLikelihood: -70057.683005

Optimized model parameters:

   Partition 0: noname
   Rate heterogeneity: GAMMA (4 cats, mean),  alpha: 0.333542 (ML),  weights&rates: (0.250000,0.008406) (0.250000,0.130716) (0.250000,0.648062) (0.250000,3.212816) 
   Base frequencies (ML): 0.063657 0.456685 0.360616 0.119042 
   Substitution rates (ML): 0.998955 5.397650 5.214941 2.179508 5.230043 1.000000 


Final LogLikelihood: -69867.440935

AIC score: 150238.881869 / AICc score: 55327750.881870 / BIC score: 168648.883096
Free parameters (model + branch lengths): 5252

WARNING: Number of free parameters (K=5252) is larger than alignment size (n=246).
         This might lead to overfitting and compromise tree inference results!


WARNING: Best ML tree contains 437 near-zero branches!

Best ML tree with collapsed near-zero branches saved to: /home2/ISAD/dp415/dada2_pipeline_myxorpoB/data/output/run_myxo_gtdbr202/raxml/myxo_asv/myxo_asv.raxml.bestTreeCollapsed
Best ML tree saved to: /home2/ISAD/dp415/dada2_pipeline_myxorpoB/data/output/run_myxo_gtdbr202/raxml/myxo_asv/myxo_asv.raxml.bestTree
All ML trees saved to: /home2/ISAD/dp415/dada2_pipeline_myxorpoB/data/output/run_myxo_gtdbr202/raxml/myxo_asv/myxo_asv.raxml.mlTrees
Optimized model saved to: /home2/ISAD/dp415/dada2_pipeline_myxorpoB/data/output/run_myxo_gtdbr202/raxml/myxo_asv/myxo_asv.raxml.bestModel

Execution log saved to: /home2/ISAD/dp415/dada2_pipeline_myxorpoB/data/output/run_myxo_gtdbr202/raxml/myxo_asv/myxo_asv.raxml.log

Analysis started: 17-Jan-2022 15:20:42 / finished: 18-Jan-2022 12:54:04

Elapsed time: 77602.535 seconds

