
RAxML-NG v. 1.1 released on 29.11.2021 by The Exelixis Lab.
Developed by: Alexey M. Kozlov and Alexandros Stamatakis.
Contributors: Diego Darriba, Tomas Flouri, Benoit Morel, Sarah Lutteropp, Ben Bettisworth.
Latest version: https://github.com/amkozlov/raxml-ng
Questions/problems/suggestions? Please visit: https://groups.google.com/forum/#!forum/raxml

System: Intel(R) Xeon(R) Gold 6230 CPU @ 2.10GHz, 40 cores, 376 GB RAM

RAxML-NG was called at 25-Jan-2023 13:27:00 as follows:

raxml-ng --msa alignment/alignment_91percent.fasta --model GTR+G --prefix output/myxo_91percent/myxo_91 --threads 20 --seed 2 --tree-constraint constraint_trees/constraint_tree_91percent.tre

Analysis options:
  run mode: ML tree search
  start tree(s): random (10) + parsimony (10)
  topological constraint: constraint_trees/constraint_tree_91percent.tre (algorithm: NEW)
  random seed: 2
  tip-inner: OFF
  pattern compression: ON
  per-rate scalers: OFF
  site repeats: ON
  fast spr radius: AUTO
  spr subtree cutoff: 1.000000
  branch lengths: proportional (ML estimate, algorithm: NR-FAST)
  SIMD kernels: AVX2
  parallelization: coarse-grained (auto), PTHREADS (20 threads), thread pinning: OFF

[00:00:00] Reading alignment from file: alignment/alignment_91percent.fasta
[00:00:00] Loaded alignment with 1223 taxa and 249 sites

Alignment comprises 1 partitions and 178 patterns

Partition 0: noname
Model: GTR+FO+G4m
Alignment sites / patterns: 249 / 178
Gaps: 9.93 %
Invariant sites: 29.32 %


NOTE: Binary MSA file created: output/myxo_91percent/myxo_91.raxml.rba

[00:00:00] Loading constraint tree from: constraint_trees/constraint_tree_91percent.tre
[00:00:00] Loaded non-comprehensive constraint tree with 290 taxa

Parallelization scheme autoconfig: 20 worker(s) x 1 thread(s)

Parallel reduction/worker buffer size: 1 KB  / 0 KB

[00:00:00] Generating 10 random starting tree(s) with 1223 taxa
[00:00:00] Generating 10 parsimony starting tree(s) with 1223 taxa
[00:00:08] Data distribution: max. partitions/sites/weight per thread: 1 / 178 / 2848
[00:00:08] Data distribution: max. searches per worker: 1

Starting ML tree search with 20 distinct starting trees

[00:00:08 -115881.685290] Initial branch length optimization
[00:00:10 -105153.088922] Model parameter optimization (eps = 10.000000)
[00:00:23 -96179.345609] AUTODETECT spr round 1 (radius: 5)
[00:00:55 -86800.370908] AUTODETECT spr round 2 (radius: 10)
[00:01:28 -79327.233706] AUTODETECT spr round 3 (radius: 15)
[00:02:08 -73972.084684] AUTODETECT spr round 4 (radius: 20)
[00:03:00 -70710.071527] AUTODETECT spr round 5 (radius: 25)
[00:04:02 -69391.085495] SPR radius for FAST iterations: 25 (autodetect)
[00:04:02 -69391.085495] Model parameter optimization (eps = 3.000000)
[00:04:44 -68895.439542] FAST spr round 1 (radius: 25)
[00:06:05 -66085.916702] FAST spr round 2 (radius: 25)
[00:06:58 -65422.381266] FAST spr round 3 (radius: 25)
[00:07:38 -65276.497708] FAST spr round 4 (radius: 25)
[00:08:13 -65249.922829] FAST spr round 5 (radius: 25)
[00:08:44 -65248.289388] FAST spr round 6 (radius: 25)
[00:09:13 -65247.054453] FAST spr round 7 (radius: 25)
[00:09:42 -65247.053910] Model parameter optimization (eps = 1.000000)
[00:10:04 -65175.405635] SLOW spr round 1 (radius: 5)
[00:10:48 -65123.163994] SLOW spr round 2 (radius: 5)
[00:11:25 -65104.040282] SLOW spr round 3 (radius: 5)
[00:12:02 -65095.111941] SLOW spr round 4 (radius: 5)
[00:12:38 -65089.821998] SLOW spr round 5 (radius: 5)
[00:13:16 -65087.262332] SLOW spr round 6 (radius: 5)
[00:13:54 -65086.601653] SLOW spr round 7 (radius: 5)
[00:14:28 -65086.601626] SLOW spr round 8 (radius: 10)
[00:15:06 -65071.047425] SLOW spr round 9 (radius: 5)
[00:15:52 -65067.498046] SLOW spr round 10 (radius: 5)
[00:16:32 -65067.497650] SLOW spr round 11 (radius: 10)
[00:17:10 -65066.514846] SLOW spr round 12 (radius: 5)
[00:17:53 -65066.109271] SLOW spr round 13 (radius: 5)
[00:18:32 -65066.109079] SLOW spr round 14 (radius: 10)
[00:19:10 -65063.379254] SLOW spr round 15 (radius: 5)
[00:19:55 -65061.027775] SLOW spr round 16 (radius: 5)
[00:20:34 -65060.176996] SLOW spr round 17 (radius: 5)
[00:21:10 -65060.175474] SLOW spr round 18 (radius: 10)
[00:21:45 -65059.465217] SLOW spr round 19 (radius: 5)
[00:22:30 -65058.580546] SLOW spr round 20 (radius: 5)
[00:23:08 -65058.580386] SLOW spr round 21 (radius: 10)
[00:23:46 -65055.552017] SLOW spr round 22 (radius: 5)
[00:24:31 -65052.778607] SLOW spr round 23 (radius: 5)
[00:25:11 -65052.750800] SLOW spr round 24 (radius: 10)
[00:25:48 -65049.477168] SLOW spr round 25 (radius: 5)
[00:26:32 -65048.426272] SLOW spr round 26 (radius: 5)
[00:27:10 -65048.421656] SLOW spr round 27 (radius: 10)
[00:27:48 -65048.358001] SLOW spr round 28 (radius: 15)
[00:28:48 -65018.399806] SLOW spr round 29 (radius: 5)
[00:29:35 -65013.401457] SLOW spr round 30 (radius: 5)
[00:30:16 -65013.368228] SLOW spr round 31 (radius: 10)
[00:30:55 -65009.443005] SLOW spr round 32 (radius: 5)
[00:31:43 -65006.595264] SLOW spr round 33 (radius: 5)
[00:32:26 -65006.594464] SLOW spr round 34 (radius: 10)
[00:33:06 -65004.521894] SLOW spr round 35 (radius: 5)
[00:33:55 -65002.016038] SLOW spr round 36 (radius: 5)
[00:34:36 -65002.015329] SLOW spr round 37 (radius: 10)
[00:35:15 -65001.819035] SLOW spr round 38 (radius: 5)
[00:36:01 -65001.811136] SLOW spr round 39 (radius: 10)
[00:36:43 -64999.787506] SLOW spr round 40 (radius: 5)
[00:37:28 -64999.786435] SLOW spr round 41 (radius: 10)
[00:38:09 -64997.352672] SLOW spr round 42 (radius: 5)
[00:38:54 -64996.430624] SLOW spr round 43 (radius: 5)
[00:39:34 -64996.426953] SLOW spr round 44 (radius: 10)
[00:40:12 -64996.426951] SLOW spr round 45 (radius: 15)
[00:41:11 -64990.130507] SLOW spr round 46 (radius: 5)
[00:41:59 -64987.733794] SLOW spr round 47 (radius: 5)
[00:42:44 -64987.165784] SLOW spr round 48 (radius: 5)
[00:43:24 -64987.165709] SLOW spr round 49 (radius: 10)
[00:44:05 -64987.095514] SLOW spr round 50 (radius: 15)
[00:45:08 -64987.031778] SLOW spr round 51 (radius: 20)
[00:46:30 -64966.857291] SLOW spr round 52 (radius: 5)
[00:47:19 -64954.245295] SLOW spr round 53 (radius: 5)
[00:48:00 -64952.338536] SLOW spr round 54 (radius: 5)
[00:48:37 -64950.784765] SLOW spr round 55 (radius: 5)
[00:49:12 -64950.784716] SLOW spr round 56 (radius: 10)
[00:49:48 -64942.910855] SLOW spr round 57 (radius: 5)
[00:50:33 -64942.860781] SLOW spr round 58 (radius: 10)
[00:51:13 -64942.654727] SLOW spr round 59 (radius: 5)
[00:51:58 -64942.442032] SLOW spr round 60 (radius: 5)
[00:52:36 -64942.440873] SLOW spr round 61 (radius: 10)
[00:53:13 -64942.440858] SLOW spr round 62 (radius: 15)
[00:54:10 -64942.117255] SLOW spr round 63 (radius: 5)
[00:54:56 -64942.101559] SLOW spr round 64 (radius: 10)
[00:55:37 -64942.074958] SLOW spr round 65 (radius: 15)
[00:56:31 -64942.074659] SLOW spr round 66 (radius: 20)
[00:57:52 -64932.944302] SLOW spr round 67 (radius: 5)
[00:58:39 -64923.885588] SLOW spr round 68 (radius: 5)
[00:59:18 -64923.495281] SLOW spr round 69 (radius: 5)
[00:59:55 -64923.494676] SLOW spr round 70 (radius: 10)
[01:00:31 -64923.494662] SLOW spr round 71 (radius: 15)
[01:01:31 -64923.494661] SLOW spr round 72 (radius: 20)
[01:02:49 -64923.148108] SLOW spr round 73 (radius: 5)
[01:03:37 -64919.888166] SLOW spr round 74 (radius: 5)
[01:04:17 -64918.235093] SLOW spr round 75 (radius: 5)
[01:04:53 -64918.068093] SLOW spr round 76 (radius: 5)
[01:05:27 -64918.066340] SLOW spr round 77 (radius: 10)
[01:06:04 -64911.418217] SLOW spr round 78 (radius: 5)
[01:06:49 -64910.594514] SLOW spr round 79 (radius: 5)
[01:07:28 -64910.258857] SLOW spr round 80 (radius: 5)
[01:08:03 -64910.258811] SLOW spr round 81 (radius: 10)
[01:08:40 -64910.258802] SLOW spr round 82 (radius: 15)
[01:09:39 -64910.258800] SLOW spr round 83 (radius: 20)
[01:10:57 -64910.258799] SLOW spr round 84 (radius: 25)
[01:12:39 -64860.879753] SLOW spr round 85 (radius: 5)
[01:13:16] [worker #7] ML tree search #8, logLikelihood: -65609.583475
[01:13:28 -64831.101315] SLOW spr round 86 (radius: 5)
[01:14:09 -64822.460266] SLOW spr round 87 (radius: 5)
[01:14:45 -64821.700782] SLOW spr round 88 (radius: 5)
[01:15:16] [worker #11] ML tree search #12, logLikelihood: -64551.417710
[01:15:19 -64821.700757] SLOW spr round 89 (radius: 10)
[01:15:55 -64819.744339] SLOW spr round 90 (radius: 5)
[01:16:38 -64819.738419] SLOW spr round 91 (radius: 10)
[01:17:16 -64819.063284] SLOW spr round 92 (radius: 5)
[01:18:00 -64818.615570] SLOW spr round 93 (radius: 5)
[01:18:37 -64818.615451] SLOW spr round 94 (radius: 10)
[01:19:12 -64818.572143] SLOW spr round 95 (radius: 15)
[01:20:10 -64800.967876] SLOW spr round 96 (radius: 5)
[01:20:55 -64795.567143] SLOW spr round 97 (radius: 5)
[01:21:38 -64795.567098] SLOW spr round 98 (radius: 10)
[01:22:13 -64795.567098] SLOW spr round 99 (radius: 15)
[01:23:10 -64784.266263] SLOW spr round 100 (radius: 5)
[01:23:55 -64783.701782] SLOW spr round 101 (radius: 5)
[01:24:34 -64783.297837] SLOW spr round 102 (radius: 5)
[01:24:39] [worker #10] ML tree search #11, logLikelihood: -64500.699843
[01:25:09 -64783.296352] SLOW spr round 103 (radius: 10)
[01:25:43 -64783.153420] SLOW spr round 104 (radius: 5)
[01:26:26 -64782.750250] SLOW spr round 105 (radius: 5)
[01:26:59] [worker #18] ML tree search #19, logLikelihood: -64103.533509
[01:27:03 -64782.685717] SLOW spr round 106 (radius: 10)
[01:27:37 -64782.685564] SLOW spr round 107 (radius: 15)
[01:28:33 -64780.417424] SLOW spr round 108 (radius: 5)
[01:29:16 -64780.417303] SLOW spr round 109 (radius: 10)
[01:29:55 -64780.382015] SLOW spr round 110 (radius: 15)
[01:30:48 -64780.381818] SLOW spr round 111 (radius: 20)
[01:32:06 -64780.381816] SLOW spr round 112 (radius: 25)
[01:33:45 -64776.422148] SLOW spr round 113 (radius: 5)
[01:34:31 -64760.877932] SLOW spr round 114 (radius: 5)
[01:35:09 -64760.877204] SLOW spr round 115 (radius: 10)
[01:35:44 -64760.877187] SLOW spr round 116 (radius: 15)
[01:36:39 -64759.607105] SLOW spr round 117 (radius: 5)
[01:37:22 -64759.437415] SLOW spr round 118 (radius: 5)
[01:37:59 -64759.437126] SLOW spr round 119 (radius: 10)
[01:38:33 -64759.437125] SLOW spr round 120 (radius: 15)
[01:39:28 -64759.437125] SLOW spr round 121 (radius: 20)
[01:40:40] [worker #15] ML tree search #16, logLikelihood: -64362.468883
[01:40:42 -64759.437125] SLOW spr round 122 (radius: 25)
[01:42:15 -64758.627575] SLOW spr round 123 (radius: 5)
[01:42:58 -64758.626296] SLOW spr round 124 (radius: 10)
[01:43:36 -64756.815543] SLOW spr round 125 (radius: 5)
[01:44:17 -64756.815469] SLOW spr round 126 (radius: 10)
[01:44:35] [worker #19] ML tree search #20, logLikelihood: -64028.646014
[01:44:52 -64756.274535] SLOW spr round 127 (radius: 5)
[01:45:09] [worker #13] ML tree search #14, logLikelihood: -64249.884122
[01:45:32 -64755.957676] SLOW spr round 128 (radius: 5)
[01:46:05 -64755.957621] SLOW spr round 129 (radius: 10)
[01:46:37 -64755.957621] SLOW spr round 130 (radius: 15)
[01:46:39] [worker #3] ML tree search #4, logLikelihood: -64676.880433
[01:47:30 -64755.236977] SLOW spr round 131 (radius: 5)
[01:48:10 -64755.236974] SLOW spr round 132 (radius: 10)
[01:48:31] [worker #14] ML tree search #15, logLikelihood: -63950.949838
[01:48:47 -64755.236974] SLOW spr round 133 (radius: 15)
[01:49:38 -64755.236974] SLOW spr round 134 (radius: 20)
[01:50:50 -64755.236974] SLOW spr round 135 (radius: 25)
[01:52:21 -64755.236974] Model parameter optimization (eps = 0.100000)

[01:52:39] [worker #0] ML tree search #1, logLikelihood: -64732.066794

[02:09:09] [worker #16] ML tree search #17, logLikelihood: -64068.285972
[02:11:33] [worker #9] ML tree search #10, logLikelihood: -64264.475323
[02:13:57] [worker #17] ML tree search #18, logLikelihood: -64508.584501
[02:31:14] [worker #6] ML tree search #7, logLikelihood: -64792.056270
[02:33:33] [worker #4] ML tree search #5, logLikelihood: -64718.287449
[02:53:36] [worker #1] ML tree search #2, logLikelihood: -64661.254417
[03:06:09] [worker #5] ML tree search #6, logLikelihood: -64977.656240
[03:15:30] [worker #12] ML tree search #13, logLikelihood: -63861.245387
[03:17:51] [worker #2] ML tree search #3, logLikelihood: -64628.271022
[03:24:15] [worker #8] ML tree search #9, logLikelihood: -64360.167024

Optimized model parameters:

   Partition 0: noname
   Rate heterogeneity: GAMMA (4 cats, mean),  alpha: 0.334920 (ML),  weights&rates: (0.250000,0.008551) (0.250000,0.131794) (0.250000,0.650046) (0.250000,3.209610) 
   Base frequencies (ML): 0.042688 0.496916 0.329452 0.130944 
   Substitution rates (ML): 2.694074 16.407230 22.123833 3.449538 7.088919 1.000000 


Final LogLikelihood: -63861.245387

AIC score: 132626.490775 / AICc score: 12162138.490775 / BIC score: 141251.285277
Free parameters (model + branch lengths): 2452

WARNING: Number of free parameters (K=2452) is larger than alignment size (n=249).
         This might lead to overfitting and compromise tree inference results!


WARNING: Best ML tree contains 113 near-zero branches!

Best ML tree with collapsed near-zero branches saved to: /home2/ISAD/dp415/dada2_pipeline_myxorpoB/data/raxml/output/myxo_91percent/myxo_91.raxml.bestTreeCollapsed
Best ML tree saved to: /home2/ISAD/dp415/dada2_pipeline_myxorpoB/data/raxml/output/myxo_91percent/myxo_91.raxml.bestTree
All ML trees saved to: /home2/ISAD/dp415/dada2_pipeline_myxorpoB/data/raxml/output/myxo_91percent/myxo_91.raxml.mlTrees
Optimized model saved to: /home2/ISAD/dp415/dada2_pipeline_myxorpoB/data/raxml/output/myxo_91percent/myxo_91.raxml.bestModel

Execution log saved to: /home2/ISAD/dp415/dada2_pipeline_myxorpoB/data/raxml/output/myxo_91percent/myxo_91.raxml.log

Analysis started: 25-Jan-2023 13:27:00 / finished: 25-Jan-2023 16:52:46

Elapsed time: 12345.872 seconds

