
RAxML-NG v. 1.1 released on 29.11.2021 by The Exelixis Lab.
Developed by: Alexey M. Kozlov and Alexandros Stamatakis.
Contributors: Diego Darriba, Tomas Flouri, Benoit Morel, Sarah Lutteropp, Ben Bettisworth.
Latest version: https://github.com/amkozlov/raxml-ng
Questions/problems/suggestions? Please visit: https://groups.google.com/forum/#!forum/raxml

System: Intel(R) Xeon(R) Gold 6230 CPU @ 2.10GHz, 40 cores, 376 GB RAM

RAxML-NG was called at 17-Jan-2022 15:23:22 as follows:

raxml-ng --msa alignments/alignment_myxo_98percent.fasta --model GTR+G --seed 2 --prefix raxml/myxo_asv/myxo_98 --threads 5

Analysis options:
  run mode: ML tree search
  start tree(s): random (10) + parsimony (10)
  random seed: 2
  tip-inner: OFF
  pattern compression: ON
  per-rate scalers: OFF
  site repeats: ON
  fast spr radius: AUTO
  spr subtree cutoff: 1.000000
  branch lengths: proportional (ML estimate, algorithm: NR-FAST)
  SIMD kernels: AVX2
  parallelization: coarse-grained (auto), PTHREADS (5 threads), thread pinning: OFF

[00:00:00] Reading alignment from file: alignments/alignment_myxo_98percent.fasta
[00:00:00] Loaded alignment with 3571 taxa and 246 sites

Alignment comprises 1 partitions and 163 patterns

Partition 0: noname
Model: GTR+FO+G4m
Alignment sites / patterns: 246 / 163
Gaps: 8.86 %
Invariant sites: 35.37 %


NOTE: Binary MSA file already exists: raxml/myxo_asv/myxo_98.raxml.rba

Parallelization scheme autoconfig: 5 worker(s) x 1 thread(s)


NOTE: Per-rate scalers were automatically enabled to prevent numerical issues on taxa-rich alignments.
NOTE: You can use --force switch to skip this check and fall back to per-site scalers.

Parallel reduction/worker buffer size: 1 KB  / 0 KB

[00:00:00] Generating 10 random starting tree(s) with 3571 taxa
[00:00:00] Generating 10 parsimony starting tree(s) with 3571 taxa
[00:00:41] Data distribution: max. partitions/sites/weight per thread: 1 / 163 / 2608
[00:00:41] Data distribution: max. searches per worker: 4

Starting ML tree search with 20 distinct starting trees

[00:00:41 -304283.767179] Initial branch length optimization
[00:00:43 -274159.662492] Model parameter optimization (eps = 10.000000)
[00:01:19 -245112.624989] AUTODETECT spr round 1 (radius: 5)
[00:04:33 -206487.091977] AUTODETECT spr round 2 (radius: 10)
[00:08:24 -175273.069116] AUTODETECT spr round 3 (radius: 15)
[00:12:15 -156019.286647] AUTODETECT spr round 4 (radius: 20)
[00:16:18 -146124.442380] AUTODETECT spr round 5 (radius: 25)
[00:20:38 -138901.561420] SPR radius for FAST iterations: 25 (autodetect)
[00:20:38 -138901.561420] Model parameter optimization (eps = 3.000000)
[00:22:09 -137134.304207] FAST spr round 1 (radius: 25)
[00:28:51 -122434.674454] FAST spr round 2 (radius: 25)
[00:34:07 -119679.855843] FAST spr round 3 (radius: 25)
[00:38:18 -118417.090767] FAST spr round 4 (radius: 25)
[00:41:59 -118005.231564] FAST spr round 5 (radius: 25)
[00:45:25 -117959.358593] FAST spr round 6 (radius: 25)
[00:48:42 -117949.888025] FAST spr round 7 (radius: 25)
[00:51:57 -117949.585455] FAST spr round 8 (radius: 25)
[00:55:03 -117949.471472] FAST spr round 9 (radius: 25)
[00:58:07 -117949.471074] Model parameter optimization (eps = 1.000000)
[00:59:15 -117711.880589] SLOW spr round 1 (radius: 5)
[01:03:44 -117611.367889] SLOW spr round 2 (radius: 5)
[01:07:55 -117590.579916] SLOW spr round 3 (radius: 5)
[01:11:59 -117582.739870] SLOW spr round 4 (radius: 5)
[01:15:57 -117582.540521] SLOW spr round 5 (radius: 5)
[01:19:52 -117582.540513] SLOW spr round 6 (radius: 10)
[01:23:58 -117552.658228] SLOW spr round 7 (radius: 5)
[01:29:01 -117546.552334] SLOW spr round 8 (radius: 5)
[01:33:24 -117546.492902] SLOW spr round 9 (radius: 10)
[01:37:32 -117541.589306] SLOW spr round 10 (radius: 5)
[01:42:21 -117540.281204] SLOW spr round 11 (radius: 5)
[01:46:39 -117540.280806] SLOW spr round 12 (radius: 10)
[01:50:40 -117539.868845] SLOW spr round 13 (radius: 5)
[01:55:29 -117539.867337] SLOW spr round 14 (radius: 10)
[01:59:40 -117539.260388] SLOW spr round 15 (radius: 5)
[02:04:21 -117538.094579] SLOW spr round 16 (radius: 5)
[02:08:30 -117538.094544] SLOW spr round 17 (radius: 10)
[02:12:25 -117537.514800] SLOW spr round 18 (radius: 5)
[02:17:09 -117534.720211] SLOW spr round 19 (radius: 5)
[02:21:22 -117534.720201] SLOW spr round 20 (radius: 10)
[02:25:15 -117534.320866] SLOW spr round 21 (radius: 5)
[02:29:54 -117534.318076] SLOW spr round 22 (radius: 10)
[02:34:00 -117534.169577] SLOW spr round 23 (radius: 5)
[02:38:38 -117533.947675] SLOW spr round 24 (radius: 5)
[02:42:46 -117533.947147] SLOW spr round 25 (radius: 10)
[02:46:39 -117533.916460] SLOW spr round 26 (radius: 15)
[02:52:18 -117520.578035] SLOW spr round 27 (radius: 5)
[02:57:16 -117515.029859] SLOW spr round 28 (radius: 5)
[03:01:33 -117514.990919] SLOW spr round 29 (radius: 10)
[03:05:28 -117513.464468] SLOW spr round 30 (radius: 5)
[03:10:12 -117506.866171] SLOW spr round 31 (radius: 5)
[03:14:20 -117506.866124] SLOW spr round 32 (radius: 10)
[03:18:08 -117506.593122] SLOW spr round 33 (radius: 5)
[03:22:47 -117505.756417] SLOW spr round 34 (radius: 5)
[03:26:56 -117505.665677] SLOW spr round 35 (radius: 10)
[03:30:48 -117505.665477] SLOW spr round 36 (radius: 15)
[03:36:18 -117502.852762] SLOW spr round 37 (radius: 5)
[03:41:06 -117502.837551] SLOW spr round 38 (radius: 10)
[03:45:16 -117494.640699] SLOW spr round 39 (radius: 5)
[03:49:55 -117489.795893] SLOW spr round 40 (radius: 5)
[03:54:01 -117489.708724] SLOW spr round 41 (radius: 10)
[03:57:49 -117489.446630] SLOW spr round 42 (radius: 5)
[04:02:24 -117489.446628] SLOW spr round 43 (radius: 10)
[04:06:23 -117489.446627] SLOW spr round 44 (radius: 15)
[04:11:34 -117489.092382] SLOW spr round 45 (radius: 5)
[04:16:21 -117484.181335] SLOW spr round 46 (radius: 5)
[04:20:31 -117484.181278] SLOW spr round 47 (radius: 10)
[04:24:18 -117484.181278] SLOW spr round 48 (radius: 15)
[04:29:35 -117483.900900] SLOW spr round 49 (radius: 5)
[04:34:19 -117483.900878] SLOW spr round 50 (radius: 10)
[04:38:24 -117483.900877] SLOW spr round 51 (radius: 15)
[04:43:31 -117483.540875] SLOW spr round 52 (radius: 5)
[04:48:16 -117483.363329] SLOW spr round 53 (radius: 5)
[04:52:27 -117483.362728] SLOW spr round 54 (radius: 10)
[04:56:15 -117483.362609] SLOW spr round 55 (radius: 15)
[05:01:34 -117483.277753] SLOW spr round 56 (radius: 20)
[05:08:33 -117469.165981] SLOW spr round 57 (radius: 5)
[05:13:28 -117444.286989] SLOW spr round 58 (radius: 5)
[05:17:44 -117442.388219] SLOW spr round 59 (radius: 5)
[05:21:37 -117442.387897] SLOW spr round 60 (radius: 10)
[05:25:20 -117442.333363] SLOW spr round 61 (radius: 15)
[05:30:47 -117430.500315] SLOW spr round 62 (radius: 5)
[05:35:34 -117425.024853] SLOW spr round 63 (radius: 5)
[05:39:45 -117420.457604] SLOW spr round 64 (radius: 5)
[05:43:38 -117420.062548] SLOW spr round 65 (radius: 5)
[05:47:22 -117420.062409] SLOW spr round 66 (radius: 10)
[05:51:00 -117420.062408] SLOW spr round 67 (radius: 15)
[05:56:24 -117419.346708] SLOW spr round 68 (radius: 5)
[06:01:08 -117419.346637] SLOW spr round 69 (radius: 10)
[06:05:13 -117419.346637] SLOW spr round 70 (radius: 15)
[06:10:20 -117418.734573] SLOW spr round 71 (radius: 5)
[06:15:06 -117418.251869] SLOW spr round 72 (radius: 5)
[06:19:17 -117418.251853] SLOW spr round 73 (radius: 10)
[06:23:04 -117418.251853] SLOW spr round 74 (radius: 15)
[06:28:23 -117418.251853] SLOW spr round 75 (radius: 20)
[06:35:14 -117414.081298] SLOW spr round 76 (radius: 5)
[06:40:05 -117413.947762] SLOW spr round 77 (radius: 5)
[06:44:17 -117413.944911] SLOW spr round 78 (radius: 10)
[06:48:04 -117411.722769] SLOW spr round 79 (radius: 5)
[06:52:38 -117411.623752] SLOW spr round 80 (radius: 10)
[06:56:36 -117411.623736] SLOW spr round 81 (radius: 15)
[07:01:46 -117411.623735] SLOW spr round 82 (radius: 20)
[07:08:38 -117411.336810] SLOW spr round 83 (radius: 5)
[07:13:27 -117410.905104] SLOW spr round 84 (radius: 5)
[07:17:41 -117410.905004] SLOW spr round 85 (radius: 10)
[07:21:28 -117410.904990] SLOW spr round 86 (radius: 15)
[07:26:48 -117410.904988] SLOW spr round 87 (radius: 20)
[07:33:39 -117410.658043] SLOW spr round 88 (radius: 5)
[07:38:28 -117410.653099] SLOW spr round 89 (radius: 10)
[07:42:36 -117410.652868] SLOW spr round 90 (radius: 15)
[07:47:43 -117410.652829] SLOW spr round 91 (radius: 20)
[07:54:45 -117407.033012] SLOW spr round 92 (radius: 5)
[07:59:31 -117406.990320] SLOW spr round 93 (radius: 10)
[08:03:37 -117406.989581] SLOW spr round 94 (radius: 15)
[08:08:41 -117406.989572] SLOW spr round 95 (radius: 20)
[08:15:45 -117406.879236] SLOW spr round 96 (radius: 5)
[08:20:38 -117406.843894] SLOW spr round 97 (radius: 10)
[08:24:44 -117406.843894] SLOW spr round 98 (radius: 15)
[08:29:45 -117406.843894] SLOW spr round 99 (radius: 20)
[08:36:39 -117406.715135] SLOW spr round 100 (radius: 5)
[08:41:26 -117406.209175] SLOW spr round 101 (radius: 5)
[08:45:37 -117406.209140] SLOW spr round 102 (radius: 10)
[08:49:20 -117406.209139] SLOW spr round 103 (radius: 15)
[08:54:35 -117405.707332] SLOW spr round 104 (radius: 5)
[08:59:17 -117402.994310] SLOW spr round 105 (radius: 5)
[09:03:24 -117401.220419] SLOW spr round 106 (radius: 5)
[09:07:13 -117401.220390] SLOW spr round 107 (radius: 10)
[09:10:51 -117401.220390] SLOW spr round 108 (radius: 15)
[09:16:12 -117401.220390] SLOW spr round 109 (radius: 20)
[09:22:52 -117401.220390] SLOW spr round 110 (radius: 25)
[09:31:18 -117382.554591] SLOW spr round 111 (radius: 5)
[09:36:05 -117377.784346] SLOW spr round 112 (radius: 5)
[09:40:12 -117377.784259] SLOW spr round 113 (radius: 10)
[09:43:57 -117369.207537] SLOW spr round 114 (radius: 5)
[09:48:27 -117360.217118] SLOW spr round 115 (radius: 5)
[09:50:11] [worker #1] ML tree search #2, logLikelihood: -117511.334196
[09:52:26 -117357.791736] SLOW spr round 116 (radius: 5)
[09:56:12 -117357.791500] SLOW spr round 117 (radius: 10)
[09:59:50 -117357.724531] SLOW spr round 118 (radius: 15)
[10:05:09 -117357.136795] SLOW spr round 119 (radius: 5)
[10:09:46 -117357.136653] SLOW spr round 120 (radius: 10)
[10:13:43 -117357.136652] SLOW spr round 121 (radius: 15)
[10:18:41 -117356.590167] SLOW spr round 122 (radius: 5)
[10:23:21 -117356.590167] SLOW spr round 123 (radius: 10)
[10:27:19 -117356.590167] SLOW spr round 124 (radius: 15)
[10:28:17] [worker #2] ML tree search #3, logLikelihood: -114154.842844
[10:32:19 -117356.590167] SLOW spr round 125 (radius: 20)
[10:39:05 -117356.590167] SLOW spr round 126 (radius: 25)
[10:47:24 -117354.804019] SLOW spr round 127 (radius: 5)
[10:52:12 -117353.231073] SLOW spr round 128 (radius: 5)
[10:56:24 -117353.231036] SLOW spr round 129 (radius: 10)
[11:00:10 -117353.231036] SLOW spr round 130 (radius: 15)
[11:05:23 -117353.231036] SLOW spr round 131 (radius: 20)
[11:12:06 -117353.231036] SLOW spr round 132 (radius: 25)
[11:20:31 -117352.395078] SLOW spr round 133 (radius: 5)
[11:25:20 -117352.273163] SLOW spr round 134 (radius: 5)
[11:29:32 -117352.268106] SLOW spr round 135 (radius: 10)
[11:33:19 -117352.267422] SLOW spr round 136 (radius: 15)
[11:38:37 -117352.267342] SLOW spr round 137 (radius: 20)
[11:45:27 -117352.267334] SLOW spr round 138 (radius: 25)
[11:54:00 -117351.609299] SLOW spr round 139 (radius: 5)
[11:58:48 -117350.284859] SLOW spr round 140 (radius: 5)
[12:03:00 -117350.284855] SLOW spr round 141 (radius: 10)
[12:06:45 -117348.787576] SLOW spr round 142 (radius: 5)
[12:11:17 -117343.876113] SLOW spr round 143 (radius: 5)
[12:15:20 -117343.744508] SLOW spr round 144 (radius: 5)
[12:19:08 -117343.744491] SLOW spr round 145 (radius: 10)
[12:22:47 -117343.744491] SLOW spr round 146 (radius: 15)
[12:28:06 -117343.744491] SLOW spr round 147 (radius: 20)
[12:34:41 -117343.744491] SLOW spr round 148 (radius: 25)
[12:42:52 -117343.568461] SLOW spr round 149 (radius: 5)
[12:47:33 -117342.167796] SLOW spr round 150 (radius: 5)
[12:51:38 -117342.167792] SLOW spr round 151 (radius: 10)
[12:55:20 -117342.167792] SLOW spr round 152 (radius: 15)
[13:00:23 -117342.167792] SLOW spr round 153 (radius: 20)
[13:06:54 -117342.167792] SLOW spr round 154 (radius: 25)
[13:14:59 -117342.167792] Model parameter optimization (eps = 0.100000)

[13:15:34] [worker #0] ML tree search #1, logLikelihood: -117329.077946

[13:15:34 -304331.315170] Initial branch length optimization
[13:15:36 -274196.010974] Model parameter optimization (eps = 10.000000)
[13:16:15 -245200.134380] AUTODETECT spr round 1 (radius: 5)
[13:19:26 -206562.137788] AUTODETECT spr round 2 (radius: 10)
[13:22:48 -174208.840946] AUTODETECT spr round 3 (radius: 15)
[13:26:30 -154873.085768] AUTODETECT spr round 4 (radius: 20)
[13:30:33 -144041.639106] AUTODETECT spr round 5 (radius: 25)
[13:35:04 -137557.841668] SPR radius for FAST iterations: 25 (autodetect)
[13:35:04 -137557.841668] Model parameter optimization (eps = 3.000000)
[13:36:43 -135765.405686] FAST spr round 1 (radius: 25)
[13:42:54 -117230.333461] FAST spr round 2 (radius: 25)
[13:47:22 -113332.905911] FAST spr round 3 (radius: 25)
[13:51:04 -111609.920394] FAST spr round 4 (radius: 25)
[13:54:17 -111138.635087] FAST spr round 5 (radius: 25)
[13:57:21 -111046.340874] FAST spr round 6 (radius: 25)
[14:00:18 -111034.890901] FAST spr round 7 (radius: 25)
[14:03:08 -111034.333897] FAST spr round 8 (radius: 25)
[14:05:55 -111034.333855] Model parameter optimization (eps = 1.000000)
[14:07:03 -110685.387411] SLOW spr round 1 (radius: 5)
[14:10:54 -110517.479710] SLOW spr round 2 (radius: 5)
[14:14:31 -110482.540041] SLOW spr round 3 (radius: 5)
[14:18:04 -110480.566966] SLOW spr round 4 (radius: 5)
[14:18:09] [worker #4] ML tree search #5, logLikelihood: -118590.371901
[14:21:38 -110477.341255] SLOW spr round 5 (radius: 5)
[14:25:11 -110473.123651] SLOW spr round 6 (radius: 5)
[14:28:40 -110473.123058] SLOW spr round 7 (radius: 10)
[14:32:14 -110446.443196] SLOW spr round 8 (radius: 5)
[14:36:27 -110431.940973] SLOW spr round 9 (radius: 5)
[14:40:13 -110430.008852] SLOW spr round 10 (radius: 5)
[14:43:47 -110429.840352] SLOW spr round 11 (radius: 5)
[14:47:13 -110429.840350] SLOW spr round 12 (radius: 10)
[14:50:39 -110426.671779] SLOW spr round 13 (radius: 5)
[14:54:46 -110424.996266] SLOW spr round 14 (radius: 5)
[14:58:29 -110424.996108] SLOW spr round 15 (radius: 10)
[15:02:00 -110416.833123] SLOW spr round 16 (radius: 5)
[15:06:07 -110414.606669] SLOW spr round 17 (radius: 5)
[15:09:48 -110414.606657] SLOW spr round 18 (radius: 10)
[15:13:17 -110411.996893] SLOW spr round 19 (radius: 5)
[15:17:22 -110411.982306] SLOW spr round 20 (radius: 10)
[15:20:57 -110409.857115] SLOW spr round 21 (radius: 5)
[15:25:07 -110407.346498] SLOW spr round 22 (radius: 5)
[15:28:52 -110407.346407] SLOW spr round 23 (radius: 10)
[15:32:19 -110406.942060] SLOW spr round 24 (radius: 5)
[15:36:27 -110405.044961] SLOW spr round 25 (radius: 5)
[15:40:13 -110405.044906] SLOW spr round 26 (radius: 10)
[15:43:42 -110404.817205] SLOW spr round 27 (radius: 5)
[15:47:53 -110403.532108] SLOW spr round 28 (radius: 5)
[15:51:39 -110403.531906] SLOW spr round 29 (radius: 10)
[15:55:06 -110403.394040] SLOW spr round 30 (radius: 5)
[15:59:16 -110403.390191] SLOW spr round 31 (radius: 10)
[16:02:57 -110399.236966] SLOW spr round 32 (radius: 5)
[16:07:05 -110399.038653] SLOW spr round 33 (radius: 5)
[16:10:48 -110399.037700] SLOW spr round 34 (radius: 10)
[16:14:13 -110398.920692] SLOW spr round 35 (radius: 5)
[16:17:08] [worker #3] ML tree search #4, logLikelihood: -114479.216762
[16:18:20 -110398.919582] SLOW spr round 36 (radius: 10)
[16:21:58 -110398.919456] SLOW spr round 37 (radius: 15)
[16:26:34 -110376.694306] SLOW spr round 38 (radius: 5)
[16:30:54 -110370.120212] SLOW spr round 39 (radius: 5)
[16:34:43 -110370.118802] SLOW spr round 40 (radius: 10)
[16:38:14 -110365.530923] SLOW spr round 41 (radius: 5)
[16:42:24 -110362.847631] SLOW spr round 42 (radius: 5)
[16:46:11 -110362.518236] SLOW spr round 43 (radius: 5)
[16:49:44 -110362.518205] SLOW spr round 44 (radius: 10)
[16:53:10 -110362.518204] SLOW spr round 45 (radius: 15)
[16:57:58 -110355.638657] SLOW spr round 46 (radius: 5)
[17:02:20 -110347.871553] SLOW spr round 47 (radius: 5)
[17:06:12 -110341.005839] SLOW spr round 48 (radius: 5)
[17:09:50 -110331.393091] SLOW spr round 49 (radius: 5)
[17:13:22 -110331.392200] SLOW spr round 50 (radius: 10)
[17:16:48 -110331.392179] SLOW spr round 51 (radius: 15)
[17:21:37 -110329.979001] SLOW spr round 52 (radius: 5)
[17:25:55 -110329.978978] SLOW spr round 53 (radius: 10)
[17:29:39 -110329.978977] SLOW spr round 54 (radius: 15)
[17:34:13 -110328.831004] SLOW spr round 55 (radius: 5)
[17:38:36 -110322.600538] SLOW spr round 56 (radius: 5)
[17:42:32 -110318.271421] SLOW spr round 57 (radius: 5)
[17:46:11 -110318.271377] SLOW spr round 58 (radius: 10)
[17:49:39 -110318.156504] SLOW spr round 59 (radius: 5)
[17:53:51 -110317.808291] SLOW spr round 60 (radius: 5)
[17:57:41 -110317.808009] SLOW spr round 61 (radius: 10)
[18:01:11 -110317.808008] SLOW spr round 62 (radius: 15)
[18:05:54 -110317.135510] SLOW spr round 63 (radius: 5)
[18:10:11 -110316.270691] SLOW spr round 64 (radius: 5)
[18:14:04 -110316.270070] SLOW spr round 65 (radius: 10)
[18:17:36 -110316.270066] SLOW spr round 66 (radius: 15)
[18:22:21 -110315.885755] SLOW spr round 67 (radius: 5)
[18:26:39 -110315.649867] SLOW spr round 68 (radius: 5)
[18:30:30 -110315.649699] SLOW spr round 69 (radius: 10)
[18:33:59 -110315.649698] SLOW spr round 70 (radius: 15)
[18:38:39 -110315.387988] SLOW spr round 71 (radius: 5)
[18:42:54 -110315.386904] SLOW spr round 72 (radius: 10)
[18:46:36 -110315.386876] SLOW spr round 73 (radius: 15)
[18:51:06 -110309.712320] SLOW spr round 74 (radius: 5)
[18:55:24 -110308.001760] SLOW spr round 75 (radius: 5)
[18:59:14 -110307.197021] SLOW spr round 76 (radius: 5)
[19:02:48 -110307.196976] SLOW spr round 77 (radius: 10)
[19:06:14 -110304.345897] SLOW spr round 78 (radius: 5)
[19:10:22 -110304.345880] SLOW spr round 79 (radius: 10)
[19:13:57 -110304.345880] SLOW spr round 80 (radius: 15)
[19:18:25 -110304.180528] SLOW spr round 81 (radius: 5)
[19:22:39 -110303.007734] SLOW spr round 82 (radius: 5)
[19:26:26 -110303.007717] SLOW spr round 83 (radius: 10)
[19:29:53 -110303.007717] SLOW spr round 84 (radius: 15)
[19:34:28 -110302.433209] SLOW spr round 85 (radius: 5)
[19:38:42 -110302.432742] SLOW spr round 86 (radius: 10)
[19:42:21 -110302.432739] SLOW spr round 87 (radius: 15)
[19:44:02] [worker #2] ML tree search #8, logLikelihood: -111901.250243
[19:46:48 -110302.432739] SLOW spr round 88 (radius: 20)
[19:52:37 -110285.879887] SLOW spr round 89 (radius: 5)
[19:56:56 -110239.312365] SLOW spr round 90 (radius: 5)
[20:00:48 -110239.311174] SLOW spr round 91 (radius: 10)
[20:04:19 -110238.800018] SLOW spr round 92 (radius: 5)
[20:08:30 -110238.795267] SLOW spr round 93 (radius: 10)
[20:12:09 -110238.528844] SLOW spr round 94 (radius: 5)
[20:16:24 -110238.032845] SLOW spr round 95 (radius: 5)
[20:20:27 -110237.746265] SLOW spr round 96 (radius: 5)
[20:24:25 -110237.746196] SLOW spr round 97 (radius: 10)
[20:27:57 -110237.746196] SLOW spr round 98 (radius: 15)
[20:32:49 -110237.746196] SLOW spr round 99 (radius: 20)
[20:38:33 -110235.913388] SLOW spr round 100 (radius: 5)
[20:43:03 -110233.215399] SLOW spr round 101 (radius: 5)
[20:46:59 -110233.214605] SLOW spr round 102 (radius: 10)
[20:50:37 -110233.214593] SLOW spr round 103 (radius: 15)
[20:55:24 -110233.214593] SLOW spr round 104 (radius: 20)
[21:01:12 -110226.230069] SLOW spr round 105 (radius: 5)
[21:05:41 -110208.802364] SLOW spr round 106 (radius: 5)
[21:09:35 -110208.802171] SLOW spr round 107 (radius: 10)
[21:13:09 -110208.098757] SLOW spr round 108 (radius: 5)
[21:17:23 -110208.098719] SLOW spr round 109 (radius: 10)
[21:21:04 -110208.098719] SLOW spr round 110 (radius: 15)
[21:25:39 -110208.019641] SLOW spr round 111 (radius: 20)
[21:31:22 -110207.549432] SLOW spr round 112 (radius: 5)
[21:35:26 -110207.196498] SLOW spr round 113 (radius: 5)
[21:39:09 -110207.196434] SLOW spr round 114 (radius: 10)
[21:42:39 -110207.196434] SLOW spr round 115 (radius: 15)
[21:46:58 -110207.196434] SLOW spr round 116 (radius: 20)
[21:52:23 -110206.662263] SLOW spr round 117 (radius: 5)
[21:56:46 -110205.042105] SLOW spr round 118 (radius: 5)
[22:00:31 -110205.042097] SLOW spr round 119 (radius: 10)
[22:03:46 -110205.042097] SLOW spr round 120 (radius: 15)
[22:08:07 -110205.042097] SLOW spr round 121 (radius: 20)
[22:11:40] [worker #1] ML tree search #7, logLikelihood: -117466.996034
[22:13:30 -110202.273240] SLOW spr round 122 (radius: 5)
[22:17:35 -110202.273196] SLOW spr round 123 (radius: 10)
[22:21:05 -110202.273193] SLOW spr round 124 (radius: 15)
[22:25:17 -110202.273192] SLOW spr round 125 (radius: 20)
[22:30:40 -110201.897697] SLOW spr round 126 (radius: 5)
[22:34:49 -110198.569319] SLOW spr round 127 (radius: 5)
[22:38:30 -110198.116533] SLOW spr round 128 (radius: 5)
[22:41:54 -110198.116482] SLOW spr round 129 (radius: 10)
[22:45:09 -110198.116478] SLOW spr round 130 (radius: 15)
[22:49:37 -110198.116477] SLOW spr round 131 (radius: 20)
[22:55:09 -110198.061900] SLOW spr round 132 (radius: 25)
[23:01:14 -110160.991026] SLOW spr round 133 (radius: 5)
[23:05:25 -110084.014844] SLOW spr round 134 (radius: 5)
[23:09:11 -110059.584540] SLOW spr round 135 (radius: 5)
[23:12:39 -110057.742924] SLOW spr round 136 (radius: 5)
[23:16:00 -110057.742906] SLOW spr round 137 (radius: 10)
[23:19:17 -110050.564657] SLOW spr round 138 (radius: 5)
[23:23:16 -110050.396374] SLOW spr round 139 (radius: 5)
[23:26:56 -110050.396364] SLOW spr round 140 (radius: 10)
[23:30:15 -110050.396363] SLOW spr round 141 (radius: 15)
[23:34:51 -110044.118855] SLOW spr round 142 (radius: 5)
[23:39:00 -110042.161698] SLOW spr round 143 (radius: 5)
[23:42:43 -110042.161664] SLOW spr round 144 (radius: 10)
[23:46:03 -110042.161664] SLOW spr round 145 (radius: 15)
[23:50:37 -110041.721070] SLOW spr round 146 (radius: 5)
[23:54:46 -110039.817062] SLOW spr round 147 (radius: 5)
[23:58:33 -110039.816520] SLOW spr round 148 (radius: 10)
[24:02:20 -110036.160373] SLOW spr round 149 (radius: 5)
[24:06:22 -110035.972870] SLOW spr round 150 (radius: 5)
[24:10:02 -110035.972760] SLOW spr round 151 (radius: 10)
[24:13:40 -110035.972747] SLOW spr round 152 (radius: 15)
[24:18:23 -110035.972745] SLOW spr round 153 (radius: 20)
[24:24:06 -110035.972745] SLOW spr round 154 (radius: 25)
[24:30:19 -110019.756534] SLOW spr round 155 (radius: 5)
[24:34:32 -109843.284526] SLOW spr round 156 (radius: 5)
[24:38:18 -109725.390323] SLOW spr round 157 (radius: 5)
[24:41:50 -109607.458047] SLOW spr round 158 (radius: 5)
[24:45:20 -109604.365068] SLOW spr round 159 (radius: 5)
[24:48:57 -109601.467320] SLOW spr round 160 (radius: 5)
[24:52:13 -109578.663170] SLOW spr round 161 (radius: 5)
[24:55:49 -109578.663049] SLOW spr round 162 (radius: 10)
[24:59:02 -109578.663049] SLOW spr round 163 (radius: 15)
[25:03:23 -109573.147427] SLOW spr round 164 (radius: 5)
[25:07:18 -109572.482460] SLOW spr round 165 (radius: 5)
[25:10:54 -109572.459797] SLOW spr round 166 (radius: 10)
[25:14:19 -109564.222817] SLOW spr round 167 (radius: 5)
[25:18:17 -109556.633115] SLOW spr round 168 (radius: 5)
[25:21:52 -109556.325662] SLOW spr round 169 (radius: 5)
[25:25:14 -109556.325026] SLOW spr round 170 (radius: 10)
[25:28:27 -109556.324997] SLOW spr round 171 (radius: 15)
[25:32:47 -109556.324995] SLOW spr round 172 (radius: 20)
[25:37:48 -109545.345137] SLOW spr round 173 (radius: 5)
[25:41:46 -109544.559849] SLOW spr round 174 (radius: 5)
[25:45:19 -109544.559837] SLOW spr round 175 (radius: 10)
[25:48:35 -109529.775781] SLOW spr round 176 (radius: 5)
[25:49:37] [worker #3] ML tree search #9, logLikelihood: -113984.353558
[25:52:31 -109516.263219] SLOW spr round 177 (radius: 5)
[25:56:07 -109513.810583] SLOW spr round 178 (radius: 5)
[25:59:30 -109513.810532] SLOW spr round 179 (radius: 10)
[26:02:45 -109513.810531] SLOW spr round 180 (radius: 15)
[26:07:08 -109513.810531] SLOW spr round 181 (radius: 20)
[26:12:13 -109513.810531] SLOW spr round 182 (radius: 25)
[26:18:05 -109477.220728] SLOW spr round 183 (radius: 5)
[26:22:36 -109474.813542] SLOW spr round 184 (radius: 5)
[26:26:28 -109474.810682] SLOW spr round 185 (radius: 10)
[26:30:02 -109474.809357] SLOW spr round 186 (radius: 15)
[26:34:48 -109474.809357] SLOW spr round 187 (radius: 20)
[26:40:27 -109474.809357] SLOW spr round 188 (radius: 25)
[26:46:57 -109473.518810] SLOW spr round 189 (radius: 5)
[26:51:29 -109473.518801] SLOW spr round 190 (radius: 10)
[26:55:26 -109473.206927] SLOW spr round 191 (radius: 5)
[26:59:39 -109473.206482] SLOW spr round 192 (radius: 10)
[27:03:19 -109473.206477] SLOW spr round 193 (radius: 15)
[27:07:54 -109473.206477] SLOW spr round 194 (radius: 20)
[27:13:37 -109468.679558] SLOW spr round 195 (radius: 5)
[27:18:06 -109464.842405] SLOW spr round 196 (radius: 5)
[27:22:07 -109464.619713] SLOW spr round 197 (radius: 5)
[27:25:56 -109464.619045] SLOW spr round 198 (radius: 10)
[27:29:38 -109464.619043] SLOW spr round 199 (radius: 15)
[27:34:29 -109464.619043] SLOW spr round 200 (radius: 20)
[27:40:09 -109464.619043] SLOW spr round 201 (radius: 25)
[27:46:37 -109464.499895] SLOW spr round 202 (radius: 5)
[27:51:11 -109462.945158] SLOW spr round 203 (radius: 5)
[27:55:23 -109462.945053] SLOW spr round 204 (radius: 10)
[27:59:07 -109462.945053] SLOW spr round 205 (radius: 15)
[28:04:01 -109462.945053] SLOW spr round 206 (radius: 20)
[28:09:45 -109462.945053] SLOW spr round 207 (radius: 25)
[28:16:13 -109462.945053] Model parameter optimization (eps = 0.100000)

[28:16:53] [worker #0] ML tree search #6, logLikelihood: -109437.552955

[28:16:53 -137396.577004] Initial branch length optimization
[28:16:55 -119592.666828] Model parameter optimization (eps = 10.000000)
[28:18:05 -111114.879328] AUTODETECT spr round 1 (radius: 5)
[28:20:43 -108936.163640] AUTODETECT spr round 2 (radius: 10)
[28:23:44 -108172.500496] AUTODETECT spr round 3 (radius: 15)
[28:27:20 -107764.875836] AUTODETECT spr round 4 (radius: 20)
[28:31:28 -107509.054215] AUTODETECT spr round 5 (radius: 25)
[28:36:22 -107317.123513] SPR radius for FAST iterations: 25 (autodetect)
[28:36:23 -107317.123513] Model parameter optimization (eps = 3.000000)
[28:36:59 -107233.281761] FAST spr round 1 (radius: 25)
[28:43:24 -106054.700168] FAST spr round 2 (radius: 25)
[28:48:06 -105735.368474] FAST spr round 3 (radius: 25)
[28:51:47 -105592.905280] FAST spr round 4 (radius: 25)
[28:55:00 -105547.780078] FAST spr round 5 (radius: 25)
[28:57:58 -105541.573872] FAST spr round 6 (radius: 25)
[29:00:52 -105541.064930] FAST spr round 7 (radius: 25)
[29:03:41 -105541.064886] Model parameter optimization (eps = 1.000000)
[29:04:08 -105517.914692] SLOW spr round 1 (radius: 5)
[29:08:05 -105463.416205] SLOW spr round 2 (radius: 5)
[29:11:42 -105446.077225] SLOW spr round 3 (radius: 5)
[29:15:22 -105441.276256] SLOW spr round 4 (radius: 5)
[29:19:04 -105439.358338] SLOW spr round 5 (radius: 5)
[29:22:40 -105438.912639] SLOW spr round 6 (radius: 5)
[29:26:06 -105438.912534] SLOW spr round 7 (radius: 10)
[29:29:39 -105425.202453] SLOW spr round 8 (radius: 5)
[29:34:00 -105424.007664] SLOW spr round 9 (radius: 5)
[29:37:54 -105424.007494] SLOW spr round 10 (radius: 10)
[29:41:36 -105423.299195] SLOW spr round 11 (radius: 5)
[29:45:57 -105422.987830] SLOW spr round 12 (radius: 5)
[29:49:28 -105422.987708] SLOW spr round 13 (radius: 10)
[29:52:45 -105421.248835] SLOW spr round 14 (radius: 5)
[29:56:39 -105421.248757] SLOW spr round 15 (radius: 10)
[30:00:07 -105407.948751] SLOW spr round 16 (radius: 5)
[30:04:03 -105401.241095] SLOW spr round 17 (radius: 5)
[30:07:35 -105396.071024] SLOW spr round 18 (radius: 5)
[30:10:55 -105394.683573] SLOW spr round 19 (radius: 5)
[30:14:19 -105394.665732] SLOW spr round 20 (radius: 10)
[30:17:43 -105394.463091] SLOW spr round 21 (radius: 5)
[30:21:53 -105394.461960] SLOW spr round 22 (radius: 10)
[30:25:20 -105394.398345] SLOW spr round 23 (radius: 15)
[30:30:14 -105380.591796] SLOW spr round 24 (radius: 5)
[30:34:31 -105366.225778] SLOW spr round 25 (radius: 5)
[30:38:06 -105366.225491] SLOW spr round 26 (radius: 10)
[30:41:25 -105360.657571] SLOW spr round 27 (radius: 5)
[30:45:24 -105357.524511] SLOW spr round 28 (radius: 5)
[30:48:57 -105357.524471] SLOW spr round 29 (radius: 10)
[30:52:14 -105355.537237] SLOW spr round 30 (radius: 5)
[30:56:16 -105354.776707] SLOW spr round 31 (radius: 5)
[30:59:49 -105354.776559] SLOW spr round 32 (radius: 10)
[31:03:03 -105354.697921] SLOW spr round 33 (radius: 15)
[31:07:53 -105352.738714] SLOW spr round 34 (radius: 5)
[31:12:02 -105352.680919] SLOW spr round 35 (radius: 10)
[31:13:47] [worker #1] ML tree search #12, logLikelihood: -105660.039892
[31:15:37 -105351.389183] SLOW spr round 36 (radius: 5)
[31:19:39 -105351.389099] SLOW spr round 37 (radius: 10)
[31:23:08 -105350.900470] SLOW spr round 38 (radius: 5)
[31:27:09 -105350.899787] SLOW spr round 39 (radius: 10)
[31:30:37 -105348.322094] SLOW spr round 40 (radius: 5)
[31:34:39 -105348.322078] SLOW spr round 41 (radius: 10)
[31:38:07 -105348.322078] SLOW spr round 42 (radius: 15)
[31:42:50 -105346.799975] SLOW spr round 43 (radius: 5)
[31:47:09 -105344.674335] SLOW spr round 44 (radius: 5)
[31:50:54 -105344.674041] SLOW spr round 45 (radius: 10)
[31:54:18 -105342.148353] SLOW spr round 46 (radius: 5)
[31:56:27] [worker #4] ML tree search #10, logLikelihood: -116396.460598
[31:58:27 -105339.184741] SLOW spr round 47 (radius: 5)
[32:02:07 -105339.184717] SLOW spr round 48 (radius: 10)
[32:05:27 -105337.589651] SLOW spr round 49 (radius: 5)
[32:09:34 -105337.589650] SLOW spr round 50 (radius: 10)
[32:13:04 -105337.589650] SLOW spr round 51 (radius: 15)
[32:17:49 -105336.194743] SLOW spr round 52 (radius: 5)
[32:22:06 -105336.194579] SLOW spr round 53 (radius: 10)
[32:25:44 -105336.194579] SLOW spr round 54 (radius: 15)
[32:30:27 -105334.976145] SLOW spr round 55 (radius: 5)
[32:34:43 -105334.717837] SLOW spr round 56 (radius: 5)
[32:38:28 -105334.715731] SLOW spr round 57 (radius: 10)
[32:41:48 -105334.715649] SLOW spr round 58 (radius: 15)
[32:46:36 -105334.561065] SLOW spr round 59 (radius: 5)
[32:50:46 -105334.561013] SLOW spr round 60 (radius: 10)
[32:54:25 -105334.561013] SLOW spr round 61 (radius: 15)
[32:59:08 -105334.561013] SLOW spr round 62 (radius: 20)
[33:06:06 -105321.134506] SLOW spr round 63 (radius: 5)
[33:10:34 -105318.999780] SLOW spr round 64 (radius: 5)
[33:12:26] [worker #2] ML tree search #13, logLikelihood: -105186.849426
[33:14:25 -105318.999690] SLOW spr round 65 (radius: 10)
[33:17:53 -105314.656995] SLOW spr round 66 (radius: 5)
[33:22:03 -105314.656995] SLOW spr round 67 (radius: 10)
[33:25:38 -105314.656995] SLOW spr round 68 (radius: 15)
[33:30:36 -105312.722355] SLOW spr round 69 (radius: 5)
[33:35:03 -105310.703893] SLOW spr round 70 (radius: 5)
[33:38:53 -105310.702168] SLOW spr round 71 (radius: 10)
[33:42:20 -105310.701905] SLOW spr round 72 (radius: 15)
[33:47:26 -105310.701871] SLOW spr round 73 (radius: 20)
[33:54:30 -105310.033342] SLOW spr round 74 (radius: 5)
[33:58:57 -105310.032954] SLOW spr round 75 (radius: 10)
[34:02:44 -105310.032904] SLOW spr round 76 (radius: 15)
[34:07:34 -105310.032895] SLOW spr round 77 (radius: 20)
[34:14:43 -105309.636289] SLOW spr round 78 (radius: 5)
[34:19:08 -105309.636046] SLOW spr round 79 (radius: 10)
[34:22:54 -105309.636044] SLOW spr round 80 (radius: 15)
[34:27:39 -105309.636044] SLOW spr round 81 (radius: 20)
[34:34:39 -105309.636044] SLOW spr round 82 (radius: 25)
[34:43:59 -105296.909092] SLOW spr round 83 (radius: 5)
[34:48:24 -105293.562901] SLOW spr round 84 (radius: 5)
[34:52:13 -105290.695303] SLOW spr round 85 (radius: 5)
[34:55:43 -105290.695288] SLOW spr round 86 (radius: 10)
[34:59:04 -105290.417446] SLOW spr round 87 (radius: 5)
[35:03:13 -105290.417373] SLOW spr round 88 (radius: 10)
[35:06:45 -105290.371871] SLOW spr round 89 (radius: 15)
[35:11:34 -105290.370970] SLOW spr round 90 (radius: 20)
[35:18:39 -105280.402584] SLOW spr round 91 (radius: 5)
[35:23:09 -105280.402534] SLOW spr round 92 (radius: 10)
[35:26:55 -105280.402534] SLOW spr round 93 (radius: 15)
[35:31:45 -105280.402534] SLOW spr round 94 (radius: 20)
[35:38:48 -105278.889129] SLOW spr round 95 (radius: 5)
[35:43:19 -105275.166650] SLOW spr round 96 (radius: 5)
[35:47:12 -105273.762999] SLOW spr round 97 (radius: 5)
[35:50:46 -105273.743711] SLOW spr round 98 (radius: 10)
[35:54:07 -105273.743711] SLOW spr round 99 (radius: 15)
[35:59:16 -105273.743711] SLOW spr round 100 (radius: 20)
[36:06:03 -105273.202939] SLOW spr round 101 (radius: 5)
[36:10:28 -105272.418340] SLOW spr round 102 (radius: 5)
[36:14:19 -105272.418085] SLOW spr round 103 (radius: 10)
[36:17:45 -105272.418084] SLOW spr round 104 (radius: 15)
[36:22:47 -105272.418084] SLOW spr round 105 (radius: 20)
[36:29:39 -105272.418084] SLOW spr round 106 (radius: 25)
[36:38:55 -105265.248312] SLOW spr round 107 (radius: 5)
[36:43:26 -105257.061403] SLOW spr round 108 (radius: 5)
[36:47:21 -105257.061300] SLOW spr round 109 (radius: 10)
[36:50:53 -105251.303993] SLOW spr round 110 (radius: 5)
[36:55:07 -105249.709204] SLOW spr round 111 (radius: 5)
[36:58:50 -105249.709204] SLOW spr round 112 (radius: 10)
[37:02:10 -105249.709204] SLOW spr round 113 (radius: 15)
[37:07:13 -105249.709204] SLOW spr round 114 (radius: 20)
[37:14:03 -105249.709204] SLOW spr round 115 (radius: 25)
[37:23:21 -105247.233315] SLOW spr round 116 (radius: 5)
[37:27:54 -105238.102409] SLOW spr round 117 (radius: 5)
[37:31:47 -105236.542946] SLOW spr round 118 (radius: 5)
[37:35:22 -105236.540691] SLOW spr round 119 (radius: 10)
[37:38:45 -105229.275807] SLOW spr round 120 (radius: 5)
[37:42:57 -105229.108888] SLOW spr round 121 (radius: 5)
[37:46:40 -105229.108502] SLOW spr round 122 (radius: 10)
[37:50:02 -105229.108497] SLOW spr round 123 (radius: 15)
[37:55:00 -105229.108497] SLOW spr round 124 (radius: 20)
[38:01:37 -105228.909567] SLOW spr round 125 (radius: 5)
[38:06:00 -105228.568426] SLOW spr round 126 (radius: 5)
[38:09:50 -105228.568117] SLOW spr round 127 (radius: 10)
[38:13:14 -105228.568107] SLOW spr round 128 (radius: 15)
[38:18:08 -105228.568106] SLOW spr round 129 (radius: 20)
[38:24:18 -105219.291690] SLOW spr round 130 (radius: 5)
[38:27:31] [worker #3] ML tree search #14, logLikelihood: -105188.470469
[38:28:28 -105216.031514] SLOW spr round 131 (radius: 5)
[38:32:07 -105213.496229] SLOW spr round 132 (radius: 5)
[38:35:29 -105213.495940] SLOW spr round 133 (radius: 10)
[38:38:39 -105213.495796] SLOW spr round 134 (radius: 15)
[38:43:25 -105213.495795] SLOW spr round 135 (radius: 20)
[38:49:31 -105213.495795] SLOW spr round 136 (radius: 25)
[38:57:47] [worker #2] ML tree search #18, logLikelihood: -105024.972195
[38:57:52 -105205.500850] SLOW spr round 137 (radius: 5)
[39:02:03 -105204.382362] SLOW spr round 138 (radius: 5)
[39:05:42 -105203.948146] SLOW spr round 139 (radius: 5)
[39:09:02 -105203.948018] SLOW spr round 140 (radius: 10)
[39:12:09 -105203.948004] SLOW spr round 141 (radius: 15)
[39:16:53 -105203.947998] SLOW spr round 142 (radius: 20)
[39:23:07 -105203.947996] SLOW spr round 143 (radius: 25)
[39:31:56 -105202.697544] SLOW spr round 144 (radius: 5)
[39:36:12 -105202.645065] SLOW spr round 145 (radius: 10)
[39:39:49 -105202.644965] SLOW spr round 146 (radius: 15)
[39:44:15 -105202.644965] SLOW spr round 147 (radius: 20)
[39:50:35 -105202.644965] SLOW spr round 148 (radius: 25)
[39:58:53 -105198.095235] SLOW spr round 149 (radius: 5)
[40:03:07 -105188.391366] SLOW spr round 150 (radius: 5)
[40:06:44 -105186.391506] SLOW spr round 151 (radius: 5)
[40:10:05 -105186.218463] SLOW spr round 152 (radius: 5)
[40:13:16 -105186.218263] SLOW spr round 153 (radius: 10)
[40:16:22 -105186.218256] SLOW spr round 154 (radius: 15)
[40:21:05 -105186.218256] SLOW spr round 155 (radius: 20)
[40:27:09 -105186.218256] SLOW spr round 156 (radius: 25)
[40:35:25 -105186.218256] Model parameter optimization (eps = 0.100000)

[40:35:49] [worker #0] ML tree search #11, logLikelihood: -105177.384552

[40:35:49 -137780.963890] Initial branch length optimization
[40:35:51 -119887.177403] Model parameter optimization (eps = 10.000000)
[40:36:47 -111290.447282] AUTODETECT spr round 1 (radius: 5)
[40:39:05 -108872.932346] AUTODETECT spr round 2 (radius: 10)
[40:41:44 -108064.591836] AUTODETECT spr round 3 (radius: 15)
[40:44:48 -107596.729338] AUTODETECT spr round 4 (radius: 20)
[40:48:29 -107133.974560] AUTODETECT spr round 5 (radius: 25)
[40:52:22 -106938.028528] SPR radius for FAST iterations: 25 (autodetect)
[40:52:22 -106938.028528] Model parameter optimization (eps = 3.000000)
[40:52:47 -106836.427480] FAST spr round 1 (radius: 25)
[40:58:17 -105774.154233] FAST spr round 2 (radius: 25)
[41:02:15 -105528.872637] FAST spr round 3 (radius: 25)
[41:05:23 -105470.421971] FAST spr round 4 (radius: 25)
[41:08:09 -105449.117777] FAST spr round 5 (radius: 25)
[41:10:47 -105442.247484] FAST spr round 6 (radius: 25)
[41:13:14 -105442.247075] Model parameter optimization (eps = 1.000000)
[41:13:42 -105390.211337] SLOW spr round 1 (radius: 5)
[41:17:12 -105341.703865] SLOW spr round 2 (radius: 5)
[41:20:33 -105330.974726] SLOW spr round 3 (radius: 5)
[41:21:51] [worker #4] ML tree search #15, logLikelihood: -105309.831707
[41:23:43 -105330.974498] SLOW spr round 4 (radius: 10)
[41:27:02 -105315.848129] SLOW spr round 5 (radius: 5)
[41:31:23 -105313.151713] SLOW spr round 6 (radius: 5)
[41:35:11 -105313.151449] SLOW spr round 7 (radius: 10)
[41:38:39 -105312.124427] SLOW spr round 8 (radius: 5)
[41:42:50 -105312.124127] SLOW spr round 9 (radius: 10)
[41:46:25 -105311.660020] SLOW spr round 10 (radius: 5)
[41:50:32 -105311.660007] SLOW spr round 11 (radius: 10)
[41:54:05 -105311.255993] SLOW spr round 12 (radius: 5)
[41:58:13 -105311.255776] SLOW spr round 13 (radius: 10)
[42:01:47 -105310.893460] SLOW spr round 14 (radius: 5)
[42:05:55 -105306.450651] SLOW spr round 15 (radius: 5)
[42:09:36 -105306.449634] SLOW spr round 16 (radius: 10)
[42:13:04 -105306.107232] SLOW spr round 17 (radius: 5)
[42:17:13 -105306.107211] SLOW spr round 18 (radius: 10)
[42:20:51 -105305.788701] SLOW spr round 19 (radius: 5)
[42:24:59 -105305.788518] SLOW spr round 20 (radius: 10)
[42:28:34 -105305.770837] SLOW spr round 21 (radius: 15)
[42:33:20 -105291.795311] SLOW spr round 22 (radius: 5)
[42:37:48 -105282.898550] SLOW spr round 23 (radius: 5)
[42:41:34 -105282.898504] SLOW spr round 24 (radius: 10)
[42:44:59 -105282.845707] SLOW spr round 25 (radius: 15)
[42:49:44 -105282.500285] SLOW spr round 26 (radius: 5)
[42:53:57 -105282.500117] SLOW spr round 27 (radius: 10)
[42:57:38 -105280.611891] SLOW spr round 28 (radius: 5)
[43:01:41 -105279.427784] SLOW spr round 29 (radius: 5)
[43:05:18 -105279.427702] SLOW spr round 30 (radius: 10)
[43:08:39 -105279.427690] SLOW spr round 31 (radius: 15)
[43:13:27 -105278.726050] SLOW spr round 32 (radius: 5)
[43:17:45 -105278.725989] SLOW spr round 33 (radius: 10)
[43:21:23 -105278.725976] SLOW spr round 34 (radius: 15)
[43:26:00 -105278.531854] SLOW spr round 35 (radius: 5)
[43:30:16 -105278.222277] SLOW spr round 36 (radius: 5)
[43:34:04 -105278.222246] SLOW spr round 37 (radius: 10)
[43:37:26 -105278.222234] SLOW spr round 38 (radius: 15)
[43:42:12 -105278.222222] SLOW spr round 39 (radius: 20)
[43:48:26 -105271.251764] SLOW spr round 40 (radius: 5)
[43:52:51 -105268.867405] SLOW spr round 41 (radius: 5)
[43:56:40 -105268.867267] SLOW spr round 42 (radius: 10)
[44:00:05 -105268.867254] SLOW spr round 43 (radius: 15)
[44:04:52 -105266.916537] SLOW spr round 44 (radius: 5)
[44:09:09 -105266.547308] SLOW spr round 45 (radius: 5)
[44:12:54 -105266.547255] SLOW spr round 46 (radius: 10)
[44:16:18 -105266.547242] SLOW spr round 47 (radius: 15)
[44:20:57] [worker #1] ML tree search #17, logLikelihood: -105284.444602
[44:21:08 -105266.105141] SLOW spr round 48 (radius: 5)
[44:25:25 -105265.725122] SLOW spr round 49 (radius: 5)
[44:29:09 -105265.724003] SLOW spr round 50 (radius: 10)
[44:32:32 -105265.723935] SLOW spr round 51 (radius: 15)
[44:37:16 -105265.723919] SLOW spr round 52 (radius: 20)
[44:39:04] [worker #3] ML tree search #19, logLikelihood: -105123.869924
[44:43:18 -105261.502639] SLOW spr round 53 (radius: 5)
[44:47:33 -105259.912388] SLOW spr round 54 (radius: 5)
[44:51:18 -105259.910891] SLOW spr round 55 (radius: 10)
[44:54:32 -105259.910809] SLOW spr round 56 (radius: 15)
[44:59:16 -105259.910793] SLOW spr round 57 (radius: 20)
[45:05:34 -105259.910780] SLOW spr round 58 (radius: 25)
[45:13:15 -105256.020869] SLOW spr round 59 (radius: 5)
[45:17:37 -105253.778258] SLOW spr round 60 (radius: 5)
[45:21:15 -105253.777811] SLOW spr round 61 (radius: 10)
[45:24:25 -105253.777717] SLOW spr round 62 (radius: 15)
[45:28:55 -105253.777680] SLOW spr round 63 (radius: 20)
[45:35:19 -105253.777660] SLOW spr round 64 (radius: 25)
[45:43:54 -105252.883853] SLOW spr round 65 (radius: 5)
[45:48:46 -105244.929292] SLOW spr round 66 (radius: 5)
[45:53:03 -105243.892626] SLOW spr round 67 (radius: 5)
[45:56:49 -105243.892348] SLOW spr round 68 (radius: 10)
[46:00:18 -105239.814569] SLOW spr round 69 (radius: 5)
[46:03:50 -105239.727010] SLOW spr round 70 (radius: 10)
[46:06:56 -105239.726775] SLOW spr round 71 (radius: 15)
[46:11:01 -105231.434705] SLOW spr round 72 (radius: 5)
[46:14:48 -105231.055287] SLOW spr round 73 (radius: 5)
[46:18:04 -105231.053937] SLOW spr round 74 (radius: 10)
[46:21:03 -105230.240370] SLOW spr round 75 (radius: 5)
[46:24:40 -105229.707343] SLOW spr round 76 (radius: 5)
[46:27:56 -105229.707217] SLOW spr round 77 (radius: 10)
[46:30:52 -105229.707179] SLOW spr round 78 (radius: 15)
[46:35:07 -105229.707172] SLOW spr round 79 (radius: 20)
[46:40:26 -105229.707171] SLOW spr round 80 (radius: 25)
[46:47:03 -105229.249630] SLOW spr round 81 (radius: 5)
[46:50:52 -105228.520789] SLOW spr round 82 (radius: 5)
[46:54:15 -105227.213082] SLOW spr round 83 (radius: 5)
[46:57:19 -105227.213082] SLOW spr round 84 (radius: 10)
[47:00:14 -105227.213082] SLOW spr round 85 (radius: 15)
[47:04:31 -105225.936570] SLOW spr round 86 (radius: 5)
[47:08:18 -105225.936511] SLOW spr round 87 (radius: 10)
[47:11:28 -105225.360332] SLOW spr round 88 (radius: 5)
[47:15:03 -105225.116700] SLOW spr round 89 (radius: 5)
[47:18:11 -105225.116696] SLOW spr round 90 (radius: 10)
[47:21:05 -105225.116696] SLOW spr round 91 (radius: 15)
[47:25:15 -105225.116696] SLOW spr round 92 (radius: 20)
[47:30:35 -105225.116696] SLOW spr round 93 (radius: 25)
[47:37:15 -105224.858266] SLOW spr round 94 (radius: 5)
[47:41:02 -105224.858265] SLOW spr round 95 (radius: 10)
[47:44:14 -105224.858265] SLOW spr round 96 (radius: 15)
[47:48:24 -105224.858265] SLOW spr round 97 (radius: 20)
[47:53:55 -105224.858265] SLOW spr round 98 (radius: 25)
[48:00:33 -105224.621143] SLOW spr round 99 (radius: 5)
[48:04:19 -105223.639025] SLOW spr round 100 (radius: 5)
[48:07:38 -105223.639000] SLOW spr round 101 (radius: 10)
[48:10:34 -105223.638998] SLOW spr round 102 (radius: 15)
[48:14:41 -105223.638997] SLOW spr round 103 (radius: 20)
[48:20:20 -105223.638997] SLOW spr round 104 (radius: 25)
[48:27:11 -105223.638997] Model parameter optimization (eps = 0.100000)

[48:27:30] [worker #0] ML tree search #16, logLikelihood: -105219.539093

[49:57:14] [worker #4] ML tree search #20, logLikelihood: -105198.604078

Optimized model parameters:

   Partition 0: noname
   Rate heterogeneity: GAMMA (4 cats, mean),  alpha: 0.330647 (ML),  weights&rates: (0.250000,0.008108) (0.250000,0.128451) (0.250000,0.643857) (0.250000,3.219585) 
   Base frequencies (ML): 0.052993 0.464370 0.362233 0.120404 
   Substitution rates (ML): 1.315422 7.440876 7.260397 2.727463 6.155856 1.000000 


Final LogLikelihood: -105024.972195

AIC score: 224345.944389 / AICc score: 102426449.944389 / BIC score: 249402.054208
Free parameters (model + branch lengths): 7148

WARNING: Number of free parameters (K=7148) is larger than alignment size (n=246).
         This might lead to overfitting and compromise tree inference results!


WARNING: Best ML tree contains 434 near-zero branches!

Best ML tree with collapsed near-zero branches saved to: /home2/ISAD/dp415/dada2_pipeline_myxorpoB/data/output/run_myxo_gtdbr202/raxml/myxo_asv/myxo_98.raxml.bestTreeCollapsed
Best ML tree saved to: /home2/ISAD/dp415/dada2_pipeline_myxorpoB/data/output/run_myxo_gtdbr202/raxml/myxo_asv/myxo_98.raxml.bestTree
All ML trees saved to: /home2/ISAD/dp415/dada2_pipeline_myxorpoB/data/output/run_myxo_gtdbr202/raxml/myxo_asv/myxo_98.raxml.mlTrees
Optimized model saved to: /home2/ISAD/dp415/dada2_pipeline_myxorpoB/data/output/run_myxo_gtdbr202/raxml/myxo_asv/myxo_98.raxml.bestModel

Execution log saved to: /home2/ISAD/dp415/dada2_pipeline_myxorpoB/data/output/run_myxo_gtdbr202/raxml/myxo_asv/myxo_98.raxml.log

Analysis started: 17-Jan-2022 15:23:22 / finished: 19-Jan-2022 17:20:38

Elapsed time: 179835.100 seconds

