
RAxML-NG v. 1.1 released on 29.11.2021 by The Exelixis Lab.
Developed by: Alexey M. Kozlov and Alexandros Stamatakis.
Contributors: Diego Darriba, Tomas Flouri, Benoit Morel, Sarah Lutteropp, Ben Bettisworth.
Latest version: https://github.com/amkozlov/raxml-ng
Questions/problems/suggestions? Please visit: https://groups.google.com/forum/#!forum/raxml

System: Intel(R) Xeon(R) Gold 6230 CPU @ 2.10GHz, 40 cores, 376 GB RAM

RAxML-NG was called at 22-Jan-2024 17:11:46 as follows:

raxml-ng --msa alignment_95percent.fasta --model GTR+G --prefix boots --threads 25 --bootstrap --bs-trees autoMRE{500} --seed 42 --tree-constraint constraint_tree_95percent.tre

Analysis options:
  run mode: Bootstrapping
  start tree(s): 
  bootstrap replicates: max: 500 + bootstopping (autoMRE, cutoff: 0.030000)
  topological constraint: constraint_tree_95percent.tre (algorithm: NEW)
  random seed: 42
  tip-inner: OFF
  pattern compression: ON
  per-rate scalers: OFF
  site repeats: ON
  branch lengths: proportional (ML estimate, algorithm: NR-FAST)
  SIMD kernels: AVX2
  parallelization: coarse-grained (auto), PTHREADS (25 threads), thread pinning: OFF

[00:00:00] Reading alignment from file: alignment_95percent.fasta
[00:00:00] Loaded alignment with 1023 taxa and 246 sites

Alignment comprises 1 partitions and 155 patterns

Partition 0: noname
Model: GTR+FO+G4m
Alignment sites / patterns: 246 / 155
Gaps: 8.89 %
Invariant sites: 37.80 %


NOTE: Binary MSA file created: boots.raxml.rba

[00:00:00] Loading constraint tree from: constraint_tree_95percent.tre
[00:00:00] Loaded non-comprehensive constraint tree with 601 taxa

Parallelization scheme autoconfig: 25 worker(s) x 1 thread(s)

Parallel reduction/worker buffer size: 1 KB  / 0 KB

[00:00:00] Data distribution: max. partitions/sites/weight per thread: 1 / 155 / 2480
[00:00:00] Data distribution: max. searches per worker: 20
[00:00:00] Starting bootstrapping analysis with 500 replicates.

[00:34:59] [worker #20] Bootstrap tree #21, logLikelihood: -45073.125413
[00:35:39] [worker #2] Bootstrap tree #3, logLikelihood: -39479.059290
[00:38:08] [worker #22] Bootstrap tree #23, logLikelihood: -36793.191454
[00:38:40] [worker #0] Bootstrap tree #1, logLikelihood: -47714.285846
[00:43:38] [worker #16] Bootstrap tree #17, logLikelihood: -43389.663096
[00:45:14] [worker #6] Bootstrap tree #7, logLikelihood: -44819.896434
[00:46:17] [worker #18] Bootstrap tree #19, logLikelihood: -44915.717105
[00:48:03] [worker #21] Bootstrap tree #22, logLikelihood: -45790.105070
[00:48:58] [worker #10] Bootstrap tree #11, logLikelihood: -41514.244472
[00:50:23] [worker #4] Bootstrap tree #5, logLikelihood: -37705.895696
[00:51:04] [worker #7] Bootstrap tree #8, logLikelihood: -43464.790520
[00:52:19] [worker #11] Bootstrap tree #12, logLikelihood: -50923.217998
[00:56:12] [worker #24] Bootstrap tree #25, logLikelihood: -41594.407501
[00:57:16] [worker #13] Bootstrap tree #14, logLikelihood: -47677.532201
[00:57:20] [worker #3] Bootstrap tree #4, logLikelihood: -43625.409694
[01:00:01] [worker #15] Bootstrap tree #16, logLikelihood: -50407.671607
[01:00:02] [worker #23] Bootstrap tree #24, logLikelihood: -47402.375806
[01:01:01] [worker #1] Bootstrap tree #2, logLikelihood: -43386.744318
[01:05:19] [worker #17] Bootstrap tree #18, logLikelihood: -37947.978491
[01:06:46] [worker #14] Bootstrap tree #15, logLikelihood: -47403.561329
[01:09:09] [worker #5] Bootstrap tree #6, logLikelihood: -35373.209538
[01:11:08] [worker #9] Bootstrap tree #10, logLikelihood: -46386.440837
[01:14:40] [worker #8] Bootstrap tree #9, logLikelihood: -46560.652148
[01:17:01] [worker #6] Bootstrap tree #32, logLikelihood: -36666.515759
[01:18:40] [worker #19] Bootstrap tree #20, logLikelihood: -51805.617783
[01:20:04] [worker #12] Bootstrap tree #13, logLikelihood: -43139.686823
[01:20:21] [worker #0] Bootstrap tree #26, logLikelihood: -45323.745134
[01:24:36] [worker #7] Bootstrap tree #33, logLikelihood: -46929.511829
[01:25:18] [worker #2] Bootstrap tree #28, logLikelihood: -48168.836201
[01:29:26] [worker #4] Bootstrap tree #30, logLikelihood: -43090.060824
[01:30:11] [worker #20] Bootstrap tree #46, logLikelihood: -40465.662956
[01:34:39] [worker #16] Bootstrap tree #42, logLikelihood: -46139.285863
[01:36:04] [worker #22] Bootstrap tree #48, logLikelihood: -47738.919619
[01:37:28] [worker #11] Bootstrap tree #37, logLikelihood: -40738.117281
[01:38:56] [worker #18] Bootstrap tree #44, logLikelihood: -39259.127089
[01:42:00] [worker #21] Bootstrap tree #47, logLikelihood: -48129.451278
[01:42:31] [worker #5] Bootstrap tree #31, logLikelihood: -42507.323322
[01:46:18] [worker #15] Bootstrap tree #41, logLikelihood: -44128.057797
[01:49:38] [worker #24] Bootstrap tree #50, logLikelihood: -38114.648284
[01:49:52] [worker #3] Bootstrap tree #29, logLikelihood: -38606.832753
[01:51:51] [worker #1] Bootstrap tree #27, logLikelihood: -42468.906485
[01:52:45] [worker #23] Bootstrap tree #49, logLikelihood: -44733.258661
[01:57:02] [worker #17] Bootstrap tree #43, logLikelihood: -45052.082696
[01:57:47] [worker #10] Bootstrap tree #36, logLikelihood: -44756.525412
[01:58:55] [worker #13] Bootstrap tree #39, logLikelihood: -48516.735765
[02:04:51] [worker #9] Bootstrap tree #35, logLikelihood: -47267.448400
[02:07:48] [worker #19] Bootstrap tree #45, logLikelihood: -47767.866562
[02:08:03] [worker #14] Bootstrap tree #40, logLikelihood: -48491.581706
[02:11:56] [worker #8] Bootstrap tree #34, logLikelihood: -48816.492334
[02:16:01] [worker #12] Bootstrap tree #38, logLikelihood: -41263.044180
[02:53:37] [worker #22] Bootstrap tree #73, logLikelihood: -40491.202323
[02:55:17] [worker #3] Bootstrap tree #54, logLikelihood: -39891.363159
[02:55:42] [worker #7] Bootstrap tree #58, logLikelihood: -46109.978967
[02:58:11] [worker #12] Bootstrap tree #63, logLikelihood: -46670.427437
[03:01:21] [worker #10] Bootstrap tree #61, logLikelihood: -50476.632897
[03:02:26] [worker #5] Bootstrap tree #56, logLikelihood: -53384.687096
[03:04:04] [worker #8] Bootstrap tree #59, logLikelihood: -36686.964102
[03:04:34] [worker #17] Bootstrap tree #68, logLikelihood: -46752.647832
[03:06:19] [worker #23] Bootstrap tree #74, logLikelihood: -45980.024565
[03:09:05] [worker #0] Bootstrap tree #51, logLikelihood: -42943.509175
[03:09:35] [worker #20] Bootstrap tree #71, logLikelihood: -48331.373740
[03:12:00] [worker #2] Bootstrap tree #53, logLikelihood: -39151.838941
[03:15:18] [worker #24] Bootstrap tree #75, logLikelihood: -38620.953079
[03:15:28] [worker #1] Bootstrap tree #52, logLikelihood: -38661.426130
[03:17:13] [worker #7] Bootstrap tree #83, logLikelihood: -44838.540408
[03:17:34] [worker #16] Bootstrap tree #67, logLikelihood: -46147.871323
[03:20:18] [worker #6] Bootstrap tree #57, logLikelihood: -46380.770523
[03:20:45] [worker #9] Bootstrap tree #60, logLikelihood: -40906.481615
[03:21:10] [worker #21] Bootstrap tree #72, logLikelihood: -37007.535518
[03:22:32] [worker #19] Bootstrap tree #70, logLikelihood: -45734.495467
[03:22:32] [worker #14] Bootstrap tree #65, logLikelihood: -44761.217690
[03:23:43] [worker #4] Bootstrap tree #55, logLikelihood: -52625.205839
[03:31:40] [worker #13] Bootstrap tree #64, logLikelihood: -49606.353021
[03:31:51] [worker #15] Bootstrap tree #66, logLikelihood: -46870.647450
[03:37:27] [worker #11] Bootstrap tree #62, logLikelihood: -52106.693801
[03:40:20] [worker #18] Bootstrap tree #69, logLikelihood: -52440.622082
[03:40:51] [worker #3] Bootstrap tree #79, logLikelihood: -50109.311299
[03:42:09] [worker #12] Bootstrap tree #88, logLikelihood: -40661.247622
[03:45:59] [worker #22] Bootstrap tree #98, logLikelihood: -39339.381692
[03:46:06] [worker #5] Bootstrap tree #81, logLikelihood: -51529.927093
[03:53:36] [worker #17] Bootstrap tree #93, logLikelihood: -45623.343214
[03:54:41] [worker #1] Bootstrap tree #77, logLikelihood: -43780.072519
[03:56:43] [worker #10] Bootstrap tree #86, logLikelihood: -44006.949578
[03:59:02] [worker #20] Bootstrap tree #96, logLikelihood: -33229.756831
[03:59:04] [worker #8] Bootstrap tree #84, logLikelihood: -40350.097323
[04:01:42] [worker #23] Bootstrap tree #99, logLikelihood: -40541.971533
[04:06:33] [worker #9] Bootstrap tree #85, logLikelihood: -48435.026869
[04:11:23] [worker #2] Bootstrap tree #78, logLikelihood: -42821.628379
[04:14:37] [worker #4] Bootstrap tree #80, logLikelihood: -43968.294630
[04:16:20] [worker #6] Bootstrap tree #82, logLikelihood: -50014.433071
[04:16:25] [worker #13] Bootstrap tree #89, logLikelihood: -49144.415988
[04:17:39] [worker #24] Bootstrap tree #100, logLikelihood: -49622.362977
[04:18:28] [worker #0] Bootstrap tree #76, logLikelihood: -42555.247449
[04:21:27] [worker #15] Bootstrap tree #91, logLikelihood: -50072.146778
[04:21:47] [worker #21] Bootstrap tree #97, logLikelihood: -44174.567754
[04:21:57] [worker #14] Bootstrap tree #90, logLikelihood: -49409.514680
[04:23:19] [worker #16] Bootstrap tree #92, logLikelihood: -45263.560986
[04:24:21] [worker #19] Bootstrap tree #95, logLikelihood: -42053.240752
[04:25:59] [worker #11] Bootstrap tree #87, logLikelihood: -48518.768007
[04:54:44] [worker #18] Bootstrap tree #94, logLikelihood: -38845.687045
[05:30:41] [worker #14] Bootstrap tree #115, logLikelihood: -36128.524099
[05:39:00] [worker #3] Bootstrap tree #104, logLikelihood: -39097.185316
[05:41:52] [worker #15] Bootstrap tree #116, logLikelihood: -40584.748480
[05:42:48] [worker #8] Bootstrap tree #109, logLikelihood: -40658.925900
[05:45:30] [worker #22] Bootstrap tree #123, logLikelihood: -43951.038846
[05:47:01] [worker #18] Bootstrap tree #119, logLikelihood: -46864.125963
[05:47:44] [worker #19] Bootstrap tree #120, logLikelihood: -48876.389208
[05:48:39] [worker #10] Bootstrap tree #111, logLikelihood: -38947.083164
[05:49:22] [worker #4] Bootstrap tree #105, logLikelihood: -42165.884055
[05:49:33] [worker #16] Bootstrap tree #117, logLikelihood: -46066.960626
[05:49:44] [worker #2] Bootstrap tree #103, logLikelihood: -44078.460196
[05:52:19] [worker #1] Bootstrap tree #102, logLikelihood: -40399.458518
[05:52:20] [worker #23] Bootstrap tree #124, logLikelihood: -49835.313277
[05:53:14] [worker #13] Bootstrap tree #114, logLikelihood: -40954.361557
[05:53:52] [worker #24] Bootstrap tree #125, logLikelihood: -46018.906091
[05:55:13] [worker #12] Bootstrap tree #113, logLikelihood: -43884.751220
[05:58:59] [worker #17] Bootstrap tree #118, logLikelihood: -44314.016636
[06:02:11] [worker #5] Bootstrap tree #106, logLikelihood: -45150.158944
[06:06:04] [worker #21] Bootstrap tree #122, logLikelihood: -42840.147774
[06:12:49] [worker #7] Bootstrap tree #108, logLikelihood: -54174.832102
[06:22:55] [worker #6] Bootstrap tree #107, logLikelihood: -43754.651496
[06:26:40] [worker #11] Bootstrap tree #112, logLikelihood: -40937.268245
[06:26:45] [worker #20] Bootstrap tree #121, logLikelihood: -46936.245528
[06:27:50] [worker #9] Bootstrap tree #110, logLikelihood: -55457.052150
[06:29:39] [worker #2] Bootstrap tree #128, logLikelihood: -36864.843990
[06:30:31] [worker #3] Bootstrap tree #129, logLikelihood: -39009.783267
[06:31:24] [worker #14] Bootstrap tree #140, logLikelihood: -41048.532498
[06:32:31] [worker #4] Bootstrap tree #130, logLikelihood: -53808.512292
[06:33:30] [worker #15] Bootstrap tree #141, logLikelihood: -52893.042778
[06:38:35] [worker #16] Bootstrap tree #142, logLikelihood: -52802.169589
[06:41:02] [worker #18] Bootstrap tree #144, logLikelihood: -39628.134451
[06:42:30] [worker #17] Bootstrap tree #143, logLikelihood: -48384.264030
[06:42:43] [worker #24] Bootstrap tree #150, logLikelihood: -48394.013069
[06:44:00] [worker #22] Bootstrap tree #148, logLikelihood: -46609.333158
[06:45:24] [worker #13] Bootstrap tree #139, logLikelihood: -36065.018975
[06:47:40] [worker #12] Bootstrap tree #138, logLikelihood: -58399.346028
[06:48:50] [worker #1] Bootstrap tree #127, logLikelihood: -38508.255384
[06:48:55] [worker #10] Bootstrap tree #136, logLikelihood: -52999.341940
[06:50:12] [worker #21] Bootstrap tree #147, logLikelihood: -49105.854373
[06:53:26] [worker #19] Bootstrap tree #145, logLikelihood: -42008.557404
[06:53:34] [worker #23] Bootstrap tree #149, logLikelihood: -47675.351566
[06:53:57] [worker #8] Bootstrap tree #134, logLikelihood: -50812.679520
[06:58:11] [worker #0] Bootstrap tree #101, logLikelihood: -41844.615144
[06:58:49] [worker #9] Bootstrap tree #135, logLikelihood: -37730.929933
[07:00:46] [worker #7] Bootstrap tree #133, logLikelihood: -47387.935312
[07:03:30] [worker #6] Bootstrap tree #132, logLikelihood: -41447.345366
[07:07:14] [worker #11] Bootstrap tree #137, logLikelihood: -49489.461587
[07:07:47] [worker #20] Bootstrap tree #146, logLikelihood: -49847.580095
[07:13:51] [worker #5] Bootstrap tree #131, logLikelihood: -45249.681504
[07:56:48] [worker #0] Bootstrap tree #126, logLikelihood: -44188.272582
[08:52:00] [worker #6] Bootstrap tree #157, logLikelihood: -37943.497259
[08:52:23] [worker #12] Bootstrap tree #163, logLikelihood: -39428.339839
[08:52:30] [worker #16] Bootstrap tree #167, logLikelihood: -44041.745445
[08:52:30] [worker #11] Bootstrap tree #162, logLikelihood: -45171.051414
[08:53:29] [worker #4] Bootstrap tree #155, logLikelihood: -39287.708820
[08:54:26] [worker #15] Bootstrap tree #166, logLikelihood: -41735.920207
[08:57:33] [worker #1] Bootstrap tree #152, logLikelihood: -41553.253685
[08:58:20] [worker #22] Bootstrap tree #173, logLikelihood: -43774.410754
[08:59:38] [worker #19] Bootstrap tree #170, logLikelihood: -43729.299509
[08:59:45] [worker #5] Bootstrap tree #156, logLikelihood: -41812.977027
[09:00:42] [worker #2] Bootstrap tree #153, logLikelihood: -57125.987584
[09:01:00] [worker #14] Bootstrap tree #165, logLikelihood: -49225.037712
[09:02:40] [worker #21] Bootstrap tree #172, logLikelihood: -38638.564217
[09:04:02] [worker #3] Bootstrap tree #154, logLikelihood: -42077.280768
[09:07:35] [worker #10] Bootstrap tree #161, logLikelihood: -38115.299691
[09:12:19] [worker #24] Bootstrap tree #175, logLikelihood: -52691.797447
[09:13:38] [worker #13] Bootstrap tree #164, logLikelihood: -45796.013196
[09:13:39] [worker #20] Bootstrap tree #171, logLikelihood: -42008.858019
[09:13:52] [worker #9] Bootstrap tree #160, logLikelihood: -49293.997091
[09:15:12] [worker #23] Bootstrap tree #174, logLikelihood: -46459.576120
[09:16:22] [worker #18] Bootstrap tree #169, logLikelihood: -43020.277853
[09:18:49] [worker #0] Bootstrap tree #151, logLikelihood: -46896.649381
[09:20:49] [worker #7] Bootstrap tree #158, logLikelihood: -44921.068199
[09:26:29] [worker #8] Bootstrap tree #159, logLikelihood: -47519.814167
[09:26:44] [worker #17] Bootstrap tree #168, logLikelihood: -49375.297936
[09:29:35] [worker #4] Bootstrap tree #180, logLikelihood: -43104.634721
[09:30:16] [worker #15] Bootstrap tree #191, logLikelihood: -46306.260085
[09:39:12] [worker #12] Bootstrap tree #188, logLikelihood: -45216.273797
[09:47:08] [worker #2] Bootstrap tree #178, logLikelihood: -44750.427623
[09:47:49] [worker #3] Bootstrap tree #179, logLikelihood: -43838.989105
[09:49:21] [worker #19] Bootstrap tree #195, logLikelihood: -48623.851832
[09:52:07] [worker #11] Bootstrap tree #187, logLikelihood: -45222.052968
[09:53:15] [worker #6] Bootstrap tree #182, logLikelihood: -41641.168418
[09:53:21] [worker #16] Bootstrap tree #192, logLikelihood: -38869.127698
[09:53:36] [worker #5] Bootstrap tree #181, logLikelihood: -45249.626520
[09:53:46] [worker #9] Bootstrap tree #185, logLikelihood: -46662.492447
[09:54:53] [worker #20] Bootstrap tree #196, logLikelihood: -42940.504443
[09:56:46] [worker #14] Bootstrap tree #190, logLikelihood: -47030.069089
[09:57:10] [worker #10] Bootstrap tree #186, logLikelihood: -49297.559300
[09:59:27] [worker #21] Bootstrap tree #197, logLikelihood: -43538.150901
[10:00:28] [worker #13] Bootstrap tree #189, logLikelihood: -44949.326449
[10:02:15] [worker #1] Bootstrap tree #177, logLikelihood: -44674.685458
[10:04:13] [worker #7] Bootstrap tree #183, logLikelihood: -45416.374670
[10:04:38] [worker #8] Bootstrap tree #184, logLikelihood: -39676.451774
[10:05:39] [worker #22] Bootstrap tree #198, logLikelihood: -44353.762781
[10:07:38] [worker #24] Bootstrap tree #200, logLikelihood: -42682.287496
[10:07:52] [worker #17] Bootstrap tree #193, logLikelihood: -45970.049064
[10:08:23] [worker #23] Bootstrap tree #199, logLikelihood: -57081.653081
[10:11:33] [worker #18] Bootstrap tree #194, logLikelihood: -49644.524387
[10:12:48] [worker #0] Bootstrap tree #176, logLikelihood: -48871.597506
[11:04:00] [worker #0] Bootstrap tree #201, logLikelihood: -37456.454131
[11:07:38] [worker #18] Bootstrap tree #219, logLikelihood: -47879.293309
[11:07:49] [worker #5] Bootstrap tree #206, logLikelihood: -42663.639636
[11:09:06] [worker #9] Bootstrap tree #210, logLikelihood: -40601.159188
[11:09:14] [worker #22] Bootstrap tree #223, logLikelihood: -47539.341186
[11:13:30] [worker #11] Bootstrap tree #212, logLikelihood: -47112.576296
[11:14:03] [worker #14] Bootstrap tree #215, logLikelihood: -46855.451003
[11:14:59] [worker #1] Bootstrap tree #202, logLikelihood: -39516.764098
[11:16:53] [worker #4] Bootstrap tree #205, logLikelihood: -44382.483018
[11:17:08] [worker #20] Bootstrap tree #221, logLikelihood: -49457.472436
[11:17:40] [worker #13] Bootstrap tree #214, logLikelihood: -50108.921408
[11:17:58] [worker #10] Bootstrap tree #211, logLikelihood: -51898.281983
[11:19:23] [worker #24] Bootstrap tree #225, logLikelihood: -43594.978172
[11:21:03] [worker #16] Bootstrap tree #217, logLikelihood: -38272.084644
[11:21:24] [worker #7] Bootstrap tree #208, logLikelihood: -38800.036411
[11:21:33] [worker #12] Bootstrap tree #213, logLikelihood: -51305.178555
[11:22:38] [worker #23] Bootstrap tree #224, logLikelihood: -44679.615662
[11:24:46] [worker #2] Bootstrap tree #203, logLikelihood: -39536.328194
[11:27:44] [worker #21] Bootstrap tree #222, logLikelihood: -43952.409927
[11:28:15] [worker #6] Bootstrap tree #207, logLikelihood: -45970.701031
[11:29:17] [worker #19] Bootstrap tree #220, logLikelihood: -55260.550805
[11:41:02] [worker #17] Bootstrap tree #218, logLikelihood: -47981.531018
[11:45:22] [worker #8] Bootstrap tree #209, logLikelihood: -41019.603199
[11:45:31] [worker #13] Bootstrap tree #239, logLikelihood: -40431.099631
[11:48:06] [worker #3] Bootstrap tree #204, logLikelihood: -39067.342784
[11:51:18] [worker #7] Bootstrap tree #233, logLikelihood: -48177.324944
[11:53:39] [worker #10] Bootstrap tree #236, logLikelihood: -43726.546687
[11:55:13] [worker #18] Bootstrap tree #244, logLikelihood: -45908.901203
[11:55:33] [worker #15] Bootstrap tree #216, logLikelihood: -43053.000763
[12:03:31] [worker #22] Bootstrap tree #248, logLikelihood: -45294.384421
[12:04:38] [worker #21] Bootstrap tree #247, logLikelihood: -44341.761756
[12:06:49] [worker #9] Bootstrap tree #235, logLikelihood: -44824.737526
[12:08:47] [worker #4] Bootstrap tree #230, logLikelihood: -50216.078878
[12:09:13] [worker #5] Bootstrap tree #231, logLikelihood: -46112.074764
[12:11:06] [worker #23] Bootstrap tree #249, logLikelihood: -47582.646351
[12:11:24] [worker #16] Bootstrap tree #242, logLikelihood: -50793.554377
[12:12:11] [worker #1] Bootstrap tree #227, logLikelihood: -41415.171134
[12:17:14] [worker #14] Bootstrap tree #240, logLikelihood: -48498.809229
[12:17:15] [worker #24] Bootstrap tree #250, logLikelihood: -53091.860944
[12:21:38] [worker #20] Bootstrap tree #246, logLikelihood: -52699.090643
[12:22:21] [worker #2] Bootstrap tree #228, logLikelihood: -39670.358074
[12:24:14] [worker #11] Bootstrap tree #237, logLikelihood: -40653.555362
[12:28:51] [worker #8] Bootstrap tree #234, logLikelihood: -41592.175058
[12:33:53] [worker #6] Bootstrap tree #232, logLikelihood: -40279.819704
[12:37:15] [worker #15] Bootstrap tree #241, logLikelihood: -40999.201817
[12:37:19] [worker #17] Bootstrap tree #243, logLikelihood: -35041.563791
[12:38:00] [worker #0] Bootstrap tree #226, logLikelihood: -50403.436191
[12:38:14] [worker #19] Bootstrap tree #245, logLikelihood: -37113.270085
[12:48:29] [worker #3] Bootstrap tree #229, logLikelihood: -51739.026814
[12:52:39] [worker #12] Bootstrap tree #238, logLikelihood: -40665.872893
[13:40:32] [worker #0] Bootstrap tree #251, logLikelihood: -43419.897617
[13:46:49] [worker #9] Bootstrap tree #260, logLikelihood: -41077.328711
[13:49:45] [worker #17] Bootstrap tree #268, logLikelihood: -37429.608240
[13:50:19] [worker #8] Bootstrap tree #259, logLikelihood: -46869.314652
[13:51:25] [worker #15] Bootstrap tree #266, logLikelihood: -41921.104816
[13:51:53] [worker #12] Bootstrap tree #263, logLikelihood: -42050.506088
[13:52:27] [worker #11] Bootstrap tree #262, logLikelihood: -42309.152260
[13:52:33] [worker #13] Bootstrap tree #264, logLikelihood: -41492.776323
[13:53:15] [worker #22] Bootstrap tree #273, logLikelihood: -45708.805063
[13:56:33] [worker #3] Bootstrap tree #254, logLikelihood: -42913.995417
[13:57:57] [worker #4] Bootstrap tree #255, logLikelihood: -40407.871704
[13:58:14] [worker #10] Bootstrap tree #261, logLikelihood: -46879.193286
[13:59:39] [worker #19] Bootstrap tree #270, logLikelihood: -45562.440151
[14:04:08] [worker #21] Bootstrap tree #272, logLikelihood: -42203.624132
[14:05:14] [worker #7] Bootstrap tree #258, logLikelihood: -46262.730628
[14:05:39] [worker #1] Bootstrap tree #252, logLikelihood: -50160.125562
[14:07:40] [worker #5] Bootstrap tree #256, logLikelihood: -43886.369249
[14:07:43] [worker #16] Bootstrap tree #267, logLikelihood: -45342.222483
[14:08:26] [worker #24] Bootstrap tree #275, logLikelihood: -49242.786664
[14:10:24] [worker #6] Bootstrap tree #257, logLikelihood: -49237.740023
[14:11:25] [worker #18] Bootstrap tree #269, logLikelihood: -45112.638013
[14:13:04] [worker #14] Bootstrap tree #265, logLikelihood: -44983.914007
[14:13:05] [worker #23] Bootstrap tree #274, logLikelihood: -48299.969013
[14:15:18] [worker #20] Bootstrap tree #271, logLikelihood: -48911.444057
[14:18:40] [worker #2] Bootstrap tree #253, logLikelihood: -46645.961311
[14:22:22] [worker #11] Bootstrap tree #287, logLikelihood: -43823.241930
[14:28:14] [worker #17] Bootstrap tree #293, logLikelihood: -49889.609301
[14:29:57] [worker #9] Bootstrap tree #285, logLikelihood: -39217.740328
[14:33:55] [worker #22] Bootstrap tree #298, logLikelihood: -49481.050692
[14:35:19] [worker #5] Bootstrap tree #281, logLikelihood: -46995.877434
[14:36:18] [worker #8] Bootstrap tree #284, logLikelihood: -41581.434280
[14:39:54] [worker #7] Bootstrap tree #283, logLikelihood: -45617.872014
[14:42:28] [worker #12] Bootstrap tree #288, logLikelihood: -45335.990886
[14:42:47] [worker #6] Bootstrap tree #282, logLikelihood: -50476.062945
[14:42:52] [worker #0] Bootstrap tree #276, logLikelihood: -45439.282774
[14:44:31] [worker #13] Bootstrap tree #289, logLikelihood: -48326.961342
[14:44:33] [worker #4] Bootstrap tree #280, logLikelihood: -41641.836142
[14:45:22] [worker #3] Bootstrap tree #279, logLikelihood: -39880.227880
[14:46:48] [worker #15] Bootstrap tree #291, logLikelihood: -40592.741230
[14:48:36] [worker #19] Bootstrap tree #295, logLikelihood: -43022.454126
[14:49:46] [worker #21] Bootstrap tree #297, logLikelihood: -36493.479213
[14:53:15] [worker #1] Bootstrap tree #277, logLikelihood: -47109.434315
[14:54:12] [worker #18] Bootstrap tree #294, logLikelihood: -49414.775862
[14:54:19] [worker #10] Bootstrap tree #286, logLikelihood: -44280.486522
[14:55:10] [worker #24] Bootstrap tree #300, logLikelihood: -43999.553105
[14:55:16] [worker #2] Bootstrap tree #278, logLikelihood: -50936.439513
[14:58:17] [worker #14] Bootstrap tree #290, logLikelihood: -42446.664452
[15:02:37] [worker #16] Bootstrap tree #292, logLikelihood: -56208.849054
[15:02:53] [worker #23] Bootstrap tree #299, logLikelihood: -43793.927830
[15:03:37] [worker #20] Bootstrap tree #296, logLikelihood: -49212.499718
[15:56:09] [worker #20] Bootstrap tree #321, logLikelihood: -37780.039823
[15:56:54] [worker #7] Bootstrap tree #308, logLikelihood: -48379.592908
[16:04:03] [worker #9] Bootstrap tree #310, logLikelihood: -46083.743870
[16:07:43] [worker #21] Bootstrap tree #322, logLikelihood: -45764.691771
[16:07:50] [worker #3] Bootstrap tree #304, logLikelihood: -50605.127106
[16:09:30] [worker #1] Bootstrap tree #302, logLikelihood: -39846.691638
[16:12:24] [worker #12] Bootstrap tree #313, logLikelihood: -45618.125775
[16:12:33] [worker #14] Bootstrap tree #315, logLikelihood: -52039.003015
[16:14:06] [worker #6] Bootstrap tree #307, logLikelihood: -48280.470028
[16:14:12] [worker #24] Bootstrap tree #325, logLikelihood: -45045.696632
[16:14:36] [worker #0] Bootstrap tree #301, logLikelihood: -38805.012661
[16:14:54] [worker #11] Bootstrap tree #312, logLikelihood: -40684.801072
[16:15:29] [worker #15] Bootstrap tree #316, logLikelihood: -42737.087529
[16:19:13] [worker #2] Bootstrap tree #303, logLikelihood: -39908.573637
[16:20:27] [worker #18] Bootstrap tree #319, logLikelihood: -44077.634581
[16:21:32] [worker #13] Bootstrap tree #314, logLikelihood: -38753.099409
[16:24:41] [worker #16] Bootstrap tree #317, logLikelihood: -54542.092897
[16:25:13] [worker #17] Bootstrap tree #318, logLikelihood: -43536.628088
[16:26:57] [worker #5] Bootstrap tree #306, logLikelihood: -47666.226020
[16:27:28] [worker #10] Bootstrap tree #311, logLikelihood: -47225.054162
[16:37:36] [worker #4] Bootstrap tree #305, logLikelihood: -48009.600563
[16:38:23] [worker #22] Bootstrap tree #323, logLikelihood: -39647.739813
[16:39:32] [worker #9] Bootstrap tree #335, logLikelihood: -39845.691247
[16:41:54] [worker #7] Bootstrap tree #333, logLikelihood: -49596.332488
[16:43:40] [worker #8] Bootstrap tree #309, logLikelihood: -36513.369576
[16:47:44] [worker #19] Bootstrap tree #320, logLikelihood: -42301.872458
[16:50:51] [worker #6] Bootstrap tree #332, logLikelihood: -53528.380266
[16:51:05] [worker #15] Bootstrap tree #341, logLikelihood: -54071.413827
[16:55:29] [worker #20] Bootstrap tree #346, logLikelihood: -42442.712067
[16:59:14] [worker #1] Bootstrap tree #327, logLikelihood: -46719.581349
[16:59:15] [worker #0] Bootstrap tree #326, logLikelihood: -47316.322420
[17:03:35] [worker #14] Bootstrap tree #340, logLikelihood: -46459.444426
[17:04:10] [worker #16] Bootstrap tree #342, logLikelihood: -45206.143824
[17:04:38] [worker #24] Bootstrap tree #350, logLikelihood: -44395.175945
[17:06:55] [worker #21] Bootstrap tree #347, logLikelihood: -46486.279450
[17:08:06] [worker #2] Bootstrap tree #328, logLikelihood: -39831.451498
[17:08:11] [worker #5] Bootstrap tree #331, logLikelihood: -34297.255082
[17:11:33] [worker #23] Bootstrap tree #324, logLikelihood: -47078.618237
[17:13:09] [worker #11] Bootstrap tree #337, logLikelihood: -48900.568926
[17:17:29] [worker #17] Bootstrap tree #343, logLikelihood: -43813.607599
[17:19:49] [worker #8] Bootstrap tree #334, logLikelihood: -43260.602121
[17:22:23] [worker #10] Bootstrap tree #336, logLikelihood: -43993.801225
[17:23:45] [worker #3] Bootstrap tree #329, logLikelihood: -49383.359560
[17:26:07] [worker #18] Bootstrap tree #344, logLikelihood: -43829.151542
[17:28:54] [worker #12] Bootstrap tree #338, logLikelihood: -48563.385932
[17:32:12] [worker #4] Bootstrap tree #330, logLikelihood: -42501.769128
[17:34:20] [worker #22] Bootstrap tree #348, logLikelihood: -40798.985627
[17:40:14] [worker #13] Bootstrap tree #339, logLikelihood: -48871.274662
[17:47:50] [worker #23] Bootstrap tree #349, logLikelihood: -34933.445341
[17:56:54] [worker #19] Bootstrap tree #345, logLikelihood: -49986.790023
[18:52:42] [worker #19] Bootstrap tree #370, logLikelihood: -46700.382026
[18:58:54] [worker #5] Bootstrap tree #356, logLikelihood: -42935.725107
[19:01:34] [worker #6] Bootstrap tree #357, logLikelihood: -50503.755956
[19:02:10] [worker #23] Bootstrap tree #374, logLikelihood: -43295.041169
[19:02:26] [worker #4] Bootstrap tree #355, logLikelihood: -40750.815352
[19:05:58] [worker #0] Bootstrap tree #351, logLikelihood: -40354.143221
[19:06:13] [worker #12] Bootstrap tree #363, logLikelihood: -43419.652528
[19:06:52] [worker #10] Bootstrap tree #361, logLikelihood: -47396.009326
[19:12:45] [worker #11] Bootstrap tree #362, logLikelihood: -41194.285239
[19:15:43] [worker #8] Bootstrap tree #359, logLikelihood: -46108.061954
[19:16:08] [worker #16] Bootstrap tree #367, logLikelihood: -51683.531083
[19:16:10] [worker #14] Bootstrap tree #365, logLikelihood: -44240.121493
[19:17:03] [worker #24] Bootstrap tree #375, logLikelihood: -40846.414320
[19:18:36] [worker #1] Bootstrap tree #352, logLikelihood: -43308.133671
[19:19:57] [worker #9] Bootstrap tree #360, logLikelihood: -49910.455434
[19:21:12] [worker #18] Bootstrap tree #369, logLikelihood: -42272.517355
[19:22:12] [worker #7] Bootstrap tree #358, logLikelihood: -46075.908109
[19:23:47] [worker #3] Bootstrap tree #354, logLikelihood: -43544.402469
[19:24:09] [worker #17] Bootstrap tree #368, logLikelihood: -47213.051622
[19:30:25] [worker #13] Bootstrap tree #364, logLikelihood: -46882.612484
[19:30:25] [worker #20] Bootstrap tree #371, logLikelihood: -46073.468871
[19:30:36] [worker #21] Bootstrap tree #372, logLikelihood: -44960.871737
[19:32:27] [worker #2] Bootstrap tree #353, logLikelihood: -51111.682458
[19:34:28] [worker #19] Bootstrap tree #395, logLikelihood: -55189.984401
[19:34:38] [worker #4] Bootstrap tree #380, logLikelihood: -42026.927424
[19:36:55] [worker #15] Bootstrap tree #366, logLikelihood: -47431.684293
[19:39:36] [worker #23] Bootstrap tree #399, logLikelihood: -46719.855836
[19:43:31] [worker #5] Bootstrap tree #381, logLikelihood: -51067.972175
[19:45:40] [worker #6] Bootstrap tree #382, logLikelihood: -41076.672631
[19:50:07] [worker #22] Bootstrap tree #373, logLikelihood: -43153.450455
[19:56:04] [worker #8] Bootstrap tree #384, logLikelihood: -43165.048013
[19:57:02] [worker #12] Bootstrap tree #388, logLikelihood: -50453.163074
[19:58:44] [worker #1] Bootstrap tree #377, logLikelihood: -36448.136142
[20:03:01] [worker #24] Bootstrap tree #400, logLikelihood: -39299.975428
[20:05:05] [worker #3] Bootstrap tree #379, logLikelihood: -46452.971024
[20:05:23] [worker #11] Bootstrap tree #387, logLikelihood: -37232.257286
[20:06:28] [worker #7] Bootstrap tree #383, logLikelihood: -47563.274146
[20:06:52] [worker #9] Bootstrap tree #385, logLikelihood: -50420.193777
[20:08:38] [worker #20] Bootstrap tree #396, logLikelihood: -44462.856685
[20:11:28] [worker #17] Bootstrap tree #393, logLikelihood: -50555.095086
[20:12:42] [worker #16] Bootstrap tree #392, logLikelihood: -41163.012808
[20:15:27] [worker #21] Bootstrap tree #397, logLikelihood: -41878.243637
[20:15:40] [worker #2] Bootstrap tree #378, logLikelihood: -49392.214857
[20:15:59] [worker #18] Bootstrap tree #394, logLikelihood: -48627.302071
[20:26:16] [worker #0] Bootstrap tree #376, logLikelihood: -46780.497314
[20:27:04] [worker #14] Bootstrap tree #390, logLikelihood: -52059.676931
[20:27:57] [worker #10] Bootstrap tree #386, logLikelihood: -42221.525753
[20:30:03] [worker #13] Bootstrap tree #389, logLikelihood: -48661.346841
[20:40:56] [worker #22] Bootstrap tree #398, logLikelihood: -46003.075361
[20:41:54] [worker #15] Bootstrap tree #391, logLikelihood: -42465.892579
[21:44:31] [worker #6] Bootstrap tree #407, logLikelihood: -42304.554908
[21:48:37] [worker #18] Bootstrap tree #419, logLikelihood: -43990.783347
[21:50:33] [worker #9] Bootstrap tree #410, logLikelihood: -46259.681639
[21:53:51] [worker #2] Bootstrap tree #403, logLikelihood: -48657.110367
[21:56:00] [worker #20] Bootstrap tree #421, logLikelihood: -45076.818934
[21:56:24] [worker #10] Bootstrap tree #411, logLikelihood: -37009.952092
[21:57:16] [worker #7] Bootstrap tree #408, logLikelihood: -42418.991673
[21:57:53] [worker #14] Bootstrap tree #415, logLikelihood: -46052.309508
[22:00:03] [worker #3] Bootstrap tree #404, logLikelihood: -46784.236569
[22:00:51] [worker #17] Bootstrap tree #418, logLikelihood: -47961.168132
[22:02:02] [worker #19] Bootstrap tree #420, logLikelihood: -45485.919642
[22:02:13] [worker #24] Bootstrap tree #425, logLikelihood: -47421.091885
[22:05:07] [worker #13] Bootstrap tree #414, logLikelihood: -49278.430857
[22:05:33] [worker #4] Bootstrap tree #405, logLikelihood: -45485.858081
[22:07:36] [worker #1] Bootstrap tree #402, logLikelihood: -52161.666446
[22:07:43] [worker #16] Bootstrap tree #417, logLikelihood: -51480.258736
[22:09:06] [worker #15] Bootstrap tree #416, logLikelihood: -46240.535236
[22:10:55] [worker #23] Bootstrap tree #424, logLikelihood: -47994.720788
[22:11:21] [worker #22] Bootstrap tree #423, logLikelihood: -45047.772406
[22:12:47] [worker #12] Bootstrap tree #413, logLikelihood: -43147.302552
[22:17:29] [worker #11] Bootstrap tree #412, logLikelihood: -42622.484496
[22:20:05] [worker #21] Bootstrap tree #422, logLikelihood: -47185.303743
[22:20:32] [worker #0] Bootstrap tree #401, logLikelihood: -42867.049906
[22:23:04] [worker #5] Bootstrap tree #406, logLikelihood: -57961.509296
[22:27:39] [worker #6] Bootstrap tree #432, logLikelihood: -40368.023333
[22:30:30] [worker #8] Bootstrap tree #409, logLikelihood: -44804.382361
[22:32:52] [worker #18] Bootstrap tree #444, logLikelihood: -41206.759078
[22:40:06] [worker #4] Bootstrap tree #430, logLikelihood: -37480.142347
[22:41:28] [worker #14] Bootstrap tree #440, logLikelihood: -50547.431123
[22:46:44] [worker #17] Bootstrap tree #443, logLikelihood: -49099.325696
[22:48:42] [worker #23] Bootstrap tree #449, logLikelihood: -43461.400900
[22:50:22] [worker #3] Bootstrap tree #429, logLikelihood: -42177.537013
[22:50:31] [worker #16] Bootstrap tree #442, logLikelihood: -40360.559193
[22:51:19] [worker #7] Bootstrap tree #433, logLikelihood: -46679.235531
[22:52:20] [worker #13] Bootstrap tree #439, logLikelihood: -40395.503489
[22:52:26] [worker #10] Bootstrap tree #436, logLikelihood: -41500.787835
[22:55:22] [worker #11] Bootstrap tree #437, logLikelihood: -38708.567991
[22:56:18] [worker #1] Bootstrap tree #427, logLikelihood: -39031.091784
[22:59:36] [worker #21] Bootstrap tree #447, logLikelihood: -43892.227404
[23:00:52] [worker #0] Bootstrap tree #426, logLikelihood: -46986.639550
[23:05:20] [worker #12] Bootstrap tree #438, logLikelihood: -48188.704544
[23:06:28] [worker #19] Bootstrap tree #445, logLikelihood: -47463.832526
[23:07:17] [worker #22] Bootstrap tree #448, logLikelihood: -47924.417001
[23:09:00] [worker #8] Bootstrap tree #434, logLikelihood: -40595.558879
[23:11:51] [worker #15] Bootstrap tree #441, logLikelihood: -48855.616647
[23:11:54] [worker #2] Bootstrap tree #428, logLikelihood: -49396.107551
[23:13:20] [worker #9] Bootstrap tree #435, logLikelihood: -50486.190229
[23:13:44] [worker #24] Bootstrap tree #450, logLikelihood: -45280.372541
[23:17:49] [worker #20] Bootstrap tree #446, logLikelihood: -45088.926801
[23:35:24] [worker #5] Bootstrap tree #431, logLikelihood: -36920.558731
[24:37:37] [worker #17] Bootstrap tree #468, logLikelihood: -40226.780417
[24:49:52] [worker #4] Bootstrap tree #455, logLikelihood: -48498.848248
[24:51:18] [worker #6] Bootstrap tree #457, logLikelihood: -40734.822847
[24:52:50] [worker #21] Bootstrap tree #472, logLikelihood: -41071.406958
[24:57:09] [worker #9] Bootstrap tree #460, logLikelihood: -42518.978746
[24:57:50] [worker #10] Bootstrap tree #461, logLikelihood: -39527.267720
[24:58:04] [worker #11] Bootstrap tree #462, logLikelihood: -49523.855682
[24:58:09] [worker #16] Bootstrap tree #467, logLikelihood: -54365.863310
[25:00:05] [worker #19] Bootstrap tree #470, logLikelihood: -45878.091676
[25:01:25] [worker #22] Bootstrap tree #473, logLikelihood: -37619.142021
[25:02:20] [worker #2] Bootstrap tree #453, logLikelihood: -43587.551317
[25:02:25] [worker #7] Bootstrap tree #458, logLikelihood: -42532.275068
[25:03:17] [worker #23] Bootstrap tree #474, logLikelihood: -38152.062413
[25:04:32] [worker #13] Bootstrap tree #464, logLikelihood: -39751.777289
[25:05:58] [worker #3] Bootstrap tree #454, logLikelihood: -45506.161395
[25:07:37] [worker #14] Bootstrap tree #465, logLikelihood: -48179.401745
[25:08:11] [worker #24] Bootstrap tree #475, logLikelihood: -51742.684004
[25:08:48] [worker #17] Bootstrap tree #493, logLikelihood: -51741.341786
[25:10:30] [worker #12] Bootstrap tree #463, logLikelihood: -46131.704898
[25:10:38] [worker #8] Bootstrap tree #459, logLikelihood: -46268.464671
[25:14:16] [worker #0] Bootstrap tree #451, logLikelihood: -48500.325229
[25:15:12] [worker #1] Bootstrap tree #452, logLikelihood: -46259.236029
[25:15:25] [worker #15] Bootstrap tree #466, logLikelihood: -45844.129912
[25:16:06] [worker #20] Bootstrap tree #471, logLikelihood: -44146.263554
[25:28:10] [worker #18] Bootstrap tree #469, logLikelihood: -48223.955285
[25:29:42] [worker #5] Bootstrap tree #456, logLikelihood: -46007.375660
[25:31:15] [worker #6] Bootstrap tree #482, logLikelihood: -41397.704024
[25:43:05] [worker #7] Bootstrap tree #483, logLikelihood: -42843.931010
[25:44:48] [worker #13] Bootstrap tree #489, logLikelihood: -45203.962490
[25:44:56] [worker #21] Bootstrap tree #497, logLikelihood: -48879.089152
[25:49:20] [worker #2] Bootstrap tree #478, logLikelihood: -43428.874382
[25:49:24] [worker #4] Bootstrap tree #480, logLikelihood: -45868.429777
[25:50:03] [worker #10] Bootstrap tree #486, logLikelihood: -38993.446084
[25:51:11] [worker #19] Bootstrap tree #495, logLikelihood: -43366.978842
[25:51:30] [worker #11] Bootstrap tree #487, logLikelihood: -49532.260972
[25:52:18] [worker #22] Bootstrap tree #498, logLikelihood: -36203.823897
[25:53:30] [worker #3] Bootstrap tree #479, logLikelihood: -42057.839952
[25:53:57] [worker #20] Bootstrap tree #496, logLikelihood: -35838.473983
[25:54:51] [worker #14] Bootstrap tree #490, logLikelihood: -50702.904601
[25:57:27] [worker #9] Bootstrap tree #485, logLikelihood: -53895.828243
[25:58:32] [worker #24] Bootstrap tree #500, logLikelihood: -39422.098298
[26:01:14] [worker #0] Bootstrap tree #476, logLikelihood: -41726.319664
[26:05:37] [worker #8] Bootstrap tree #484, logLikelihood: -37521.928116
[26:08:48] [worker #18] Bootstrap tree #494, logLikelihood: -40601.835039
[26:10:07] [worker #5] Bootstrap tree #481, logLikelihood: -50319.622513
[26:11:26] [worker #15] Bootstrap tree #491, logLikelihood: -46680.628397
[26:13:34] [worker #12] Bootstrap tree #488, logLikelihood: -51481.197208
[26:14:07] [worker #1] Bootstrap tree #477, logLikelihood: -35061.799805
[26:15:16] [worker #23] Bootstrap tree #499, logLikelihood: -46951.112163
[26:17:03] [worker #16] Bootstrap tree #492, logLikelihood: -47389.687536
[26:51:38] Bootstrapping converged after 500 replicates.

Bootstrap trees saved to: /home2/ISAD/dp415/raxml_mbe_response/myxo_95/boots.raxml.bootstraps

Execution log saved to: /home2/ISAD/dp415/raxml_mbe_response/myxo_95/boots.raxml.log

Analysis started: 22-Jan-2024 17:11:46 / finished: 23-Jan-2024 20:03:25

Elapsed time: 96699.862 seconds

