
RAxML-NG v. 1.1 released on 29.11.2021 by The Exelixis Lab.
Developed by: Alexey M. Kozlov and Alexandros Stamatakis.
Contributors: Diego Darriba, Tomas Flouri, Benoit Morel, Sarah Lutteropp, Ben Bettisworth.
Latest version: https://github.com/amkozlov/raxml-ng
Questions/problems/suggestions? Please visit: https://groups.google.com/forum/#!forum/raxml

System: Intel(R) Xeon(R) Gold 6230 CPU @ 2.10GHz, 40 cores, 376 GB RAM

RAxML-NG was called at 19-Jan-2022 08:46:35 as follows:

raxml-ng --msa alignments/alignment_myxo_92percent.fasta --model GTR+G --seed 2 --prefix raxml/myxo_92/myxo_92 --threads 5

Analysis options:
  run mode: ML tree search
  start tree(s): random (10) + parsimony (10)
  random seed: 2
  tip-inner: OFF
  pattern compression: ON
  per-rate scalers: OFF
  site repeats: ON
  fast spr radius: AUTO
  spr subtree cutoff: 1.000000
  branch lengths: proportional (ML estimate, algorithm: NR-FAST)
  SIMD kernels: AVX2
  parallelization: coarse-grained (auto), PTHREADS (5 threads), thread pinning: OFF

[00:00:00] Reading alignment from file: alignments/alignment_myxo_92percent.fasta
[00:00:00] Loaded alignment with 1614 taxa and 249 sites

Alignment comprises 1 partitions and 179 patterns

Partition 0: noname
Model: GTR+FO+G4m
Alignment sites / patterns: 249 / 179
Gaps: 9.94 %
Invariant sites: 28.51 %


NOTE: Binary MSA file already exists: raxml/myxo_92/myxo_92.raxml.rba

Parallelization scheme autoconfig: 5 worker(s) x 1 thread(s)

Parallel reduction/worker buffer size: 1 KB  / 0 KB

[00:00:00] Generating 10 random starting tree(s) with 1614 taxa
[00:00:00] Generating 10 parsimony starting tree(s) with 1614 taxa
[00:00:05] Data distribution: max. partitions/sites/weight per thread: 1 / 179 / 2864
[00:00:05] Data distribution: max. searches per worker: 4

Starting ML tree search with 20 distinct starting trees

[00:00:05 -150622.177454] Initial branch length optimization
[00:00:06 -136318.806834] Model parameter optimization (eps = 10.000000)
[00:00:16 -124300.923290] AUTODETECT spr round 1 (radius: 5)
[00:00:51 -110456.184099] AUTODETECT spr round 2 (radius: 10)
[00:01:37 -98789.228260] AUTODETECT spr round 3 (radius: 15)
[00:02:28 -92538.121975] AUTODETECT spr round 4 (radius: 20)
[00:03:30 -89180.536253] AUTODETECT spr round 5 (radius: 25)
[00:04:45 -87010.263973] SPR radius for FAST iterations: 25 (autodetect)
[00:04:45 -87010.263973] Model parameter optimization (eps = 3.000000)
[00:05:34 -86141.034974] FAST spr round 1 (radius: 25)
[00:07:43 -81473.230349] FAST spr round 2 (radius: 25)
[00:08:50 -80496.054402] FAST spr round 3 (radius: 25)
[00:09:38 -80112.698950] FAST spr round 4 (radius: 25)
[00:10:18 -80054.108653] FAST spr round 5 (radius: 25)
[00:10:54 -80051.115728] FAST spr round 6 (radius: 25)
[00:11:28 -80050.071719] FAST spr round 7 (radius: 25)
[00:12:01 -80049.643324] FAST spr round 8 (radius: 25)
[00:12:33 -80049.643319] Model parameter optimization (eps = 1.000000)
[00:12:55 -79874.903154] SLOW spr round 1 (radius: 5)
[00:13:45 -79755.600561] SLOW spr round 2 (radius: 5)
[00:14:31 -79737.624426] SLOW spr round 3 (radius: 5)
[00:15:15 -79736.649151] SLOW spr round 4 (radius: 5)
[00:15:58 -79736.646949] SLOW spr round 5 (radius: 10)
[00:16:42 -79728.086162] SLOW spr round 6 (radius: 5)
[00:17:38 -79725.335001] SLOW spr round 7 (radius: 5)
[00:18:26 -79725.201846] SLOW spr round 8 (radius: 5)
[00:19:10 -79725.201475] SLOW spr round 9 (radius: 10)
[00:19:54 -79724.132811] SLOW spr round 10 (radius: 5)
[00:20:49 -79722.947530] SLOW spr round 11 (radius: 5)
[00:21:36 -79722.946955] SLOW spr round 12 (radius: 10)
[00:22:21 -79713.323795] SLOW spr round 13 (radius: 5)
[00:23:16 -79710.571086] SLOW spr round 14 (radius: 5)
[00:24:04 -79709.901695] SLOW spr round 15 (radius: 5)
[00:24:48 -79709.901594] SLOW spr round 16 (radius: 10)
[00:25:31 -79706.558270] SLOW spr round 17 (radius: 5)
[00:26:25 -79706.557965] SLOW spr round 18 (radius: 10)
[00:27:12 -79701.451855] SLOW spr round 19 (radius: 5)
[00:28:05 -79700.891916] SLOW spr round 20 (radius: 5)
[00:28:52 -79700.891391] SLOW spr round 21 (radius: 10)
[00:29:35 -79700.582280] SLOW spr round 22 (radius: 5)
[00:30:29 -79700.500427] SLOW spr round 23 (radius: 10)
[00:31:14 -79700.209525] SLOW spr round 24 (radius: 5)
[00:32:06 -79700.131705] SLOW spr round 25 (radius: 10)
[00:32:51 -79699.872582] SLOW spr round 26 (radius: 5)
[00:33:44 -79699.543164] SLOW spr round 27 (radius: 5)
[00:34:31 -79699.542953] SLOW spr round 28 (radius: 10)
[00:35:14 -79699.410126] SLOW spr round 29 (radius: 5)
[00:36:08 -79699.409930] SLOW spr round 30 (radius: 10)
[00:36:54 -79699.265313] SLOW spr round 31 (radius: 5)
[00:37:47 -79699.228170] SLOW spr round 32 (radius: 10)
[00:38:33 -79699.138304] SLOW spr round 33 (radius: 15)
[00:39:38 -79680.067552] SLOW spr round 34 (radius: 5)
[00:40:35 -79677.164137] SLOW spr round 35 (radius: 5)
[00:41:23 -79676.594560] SLOW spr round 36 (radius: 5)
[00:42:08 -79676.594365] SLOW spr round 37 (radius: 10)
[00:42:51 -79673.613422] SLOW spr round 38 (radius: 5)
[00:43:45 -79672.884923] SLOW spr round 39 (radius: 5)
[00:44:33 -79667.645793] SLOW spr round 40 (radius: 5)
[00:45:18 -79663.213796] SLOW spr round 41 (radius: 5)
[00:46:02 -79660.390871] SLOW spr round 42 (radius: 5)
[00:46:44 -79659.600737] SLOW spr round 43 (radius: 5)
[00:47:26 -79659.599177] SLOW spr round 44 (radius: 10)
[00:48:08 -79655.102533] SLOW spr round 45 (radius: 5)
[00:49:03 -79655.066375] SLOW spr round 46 (radius: 10)
[00:49:48 -79654.668361] SLOW spr round 47 (radius: 5)
[00:50:41 -79654.422645] SLOW spr round 48 (radius: 5)
[00:51:27 -79654.421889] SLOW spr round 49 (radius: 10)
[00:52:10 -79654.278779] SLOW spr round 50 (radius: 5)
[00:53:03 -79654.265674] SLOW spr round 51 (radius: 10)
[00:53:48 -79654.264973] SLOW spr round 52 (radius: 15)
[00:54:51 -79652.548206] SLOW spr round 53 (radius: 5)
[00:55:47 -79651.219344] SLOW spr round 54 (radius: 5)
[00:56:36 -79650.119720] SLOW spr round 55 (radius: 5)
[00:57:20 -79650.119619] SLOW spr round 56 (radius: 10)
[00:58:02 -79649.609023] SLOW spr round 57 (radius: 5)
[00:58:56 -79649.608954] SLOW spr round 58 (radius: 10)
[00:59:41 -79649.608952] SLOW spr round 59 (radius: 15)
[01:00:44 -79649.324033] SLOW spr round 60 (radius: 5)
[01:01:39 -79649.323872] SLOW spr round 61 (radius: 10)
[01:02:26 -79649.323865] SLOW spr round 62 (radius: 15)
[01:03:28 -79649.323865] SLOW spr round 63 (radius: 20)
[01:05:01 -79635.737688] SLOW spr round 64 (radius: 5)
[01:05:58 -79599.152320] SLOW spr round 65 (radius: 5)
[01:06:48 -79594.365748] SLOW spr round 66 (radius: 5)
[01:07:33 -79594.356422] SLOW spr round 67 (radius: 10)
[01:08:15 -79593.497484] SLOW spr round 68 (radius: 5)
[01:09:09 -79593.493346] SLOW spr round 69 (radius: 10)
[01:09:55 -79593.492542] SLOW spr round 70 (radius: 15)
[01:10:58 -79591.764365] SLOW spr round 71 (radius: 5)
[01:11:53 -79591.763843] SLOW spr round 72 (radius: 10)
[01:12:40 -79591.763766] SLOW spr round 73 (radius: 15)
[01:13:43 -79591.763717] SLOW spr round 74 (radius: 20)
[01:15:13 -79587.037264] SLOW spr round 75 (radius: 5)
[01:16:10 -79586.064748] SLOW spr round 76 (radius: 5)
[01:16:59 -79586.063932] SLOW spr round 77 (radius: 10)
[01:17:42 -79586.063780] SLOW spr round 78 (radius: 15)
[01:18:47 -79585.970898] SLOW spr round 79 (radius: 20)
[01:20:15 -79584.933862] SLOW spr round 80 (radius: 5)
[01:21:12 -79583.512138] SLOW spr round 81 (radius: 5)
[01:22:00 -79583.512086] SLOW spr round 82 (radius: 10)
[01:22:44 -79583.512080] SLOW spr round 83 (radius: 15)
[01:23:49 -79583.512079] SLOW spr round 84 (radius: 20)
[01:25:17 -79583.105919] SLOW spr round 85 (radius: 5)
[01:26:13 -79582.423348] SLOW spr round 86 (radius: 5)
[01:27:02 -79582.423324] SLOW spr round 87 (radius: 10)
[01:27:44 -79582.423324] SLOW spr round 88 (radius: 15)
[01:28:49 -79582.423324] SLOW spr round 89 (radius: 20)
[01:30:17 -79581.998193] SLOW spr round 90 (radius: 5)
[01:31:13 -79581.136937] SLOW spr round 91 (radius: 5)
[01:32:02 -79581.136497] SLOW spr round 92 (radius: 10)
[01:32:44 -79581.136466] SLOW spr round 93 (radius: 15)
[01:33:49 -79580.679278] SLOW spr round 94 (radius: 5)
[01:34:45 -79578.487882] SLOW spr round 95 (radius: 5)
[01:35:33 -79578.487169] SLOW spr round 96 (radius: 10)
[01:36:16 -79578.487155] SLOW spr round 97 (radius: 15)
[01:37:21 -79578.487154] SLOW spr round 98 (radius: 20)
[01:38:48 -79578.167890] SLOW spr round 99 (radius: 5)
[01:39:44 -79577.335069] SLOW spr round 100 (radius: 5)
[01:40:32 -79576.950178] SLOW spr round 101 (radius: 5)
[01:41:17 -79576.950157] SLOW spr round 102 (radius: 10)
[01:41:59 -79576.950157] SLOW spr round 103 (radius: 15)
[01:43:06 -79576.757902] SLOW spr round 104 (radius: 5)
[01:44:01 -79576.755318] SLOW spr round 105 (radius: 10)
[01:44:48 -79576.754846] SLOW spr round 106 (radius: 15)
[01:45:50 -79576.754756] SLOW spr round 107 (radius: 20)
[01:47:19 -79576.754739] SLOW spr round 108 (radius: 25)
[01:49:04 -79561.004863] SLOW spr round 109 (radius: 5)
[01:50:01 -79504.550123] SLOW spr round 110 (radius: 5)
[01:50:51 -79493.748780] SLOW spr round 111 (radius: 5)
[01:51:36 -79490.890937] SLOW spr round 112 (radius: 5)
[01:52:19 -79490.890716] SLOW spr round 113 (radius: 10)
[01:53:01 -79490.890713] SLOW spr round 114 (radius: 15)
[01:54:09 -79474.896809] SLOW spr round 115 (radius: 5)
[01:55:04 -79473.890479] SLOW spr round 116 (radius: 5)
[01:55:52 -79473.889719] SLOW spr round 117 (radius: 10)
[01:56:35 -79471.361316] SLOW spr round 118 (radius: 5)
[01:57:29 -79470.437729] SLOW spr round 119 (radius: 5)
[01:58:16 -79468.314778] SLOW spr round 120 (radius: 5)
[01:58:59 -79468.314340] SLOW spr round 121 (radius: 10)
[01:59:41 -79468.314310] SLOW spr round 122 (radius: 15)
[02:00:48 -79467.925087] SLOW spr round 123 (radius: 5)
[02:01:45 -79467.229669] SLOW spr round 124 (radius: 5)
[02:02:33 -79467.228702] SLOW spr round 125 (radius: 10)
[02:03:16 -79467.228652] SLOW spr round 126 (radius: 15)
[02:04:21 -79467.228649] SLOW spr round 127 (radius: 20)
[02:05:48 -79454.033805] SLOW spr round 128 (radius: 5)
[02:06:45 -79451.954541] SLOW spr round 129 (radius: 5)
[02:07:34 -79451.954523] SLOW spr round 130 (radius: 10)
[02:08:17 -79451.954522] SLOW spr round 131 (radius: 15)
[02:09:22 -79451.954521] SLOW spr round 132 (radius: 20)
[02:10:48 -79451.954521] SLOW spr round 133 (radius: 25)
[02:12:30 -79451.954521] Model parameter optimization (eps = 0.100000)

[02:12:44] [worker #0] ML tree search #1, logLikelihood: -79432.014251

[02:12:45 -150399.436964] Initial branch length optimization
[02:12:45 -136047.824540] Model parameter optimization (eps = 10.000000)
[02:12:53 -124054.289598] AUTODETECT spr round 1 (radius: 5)
[02:13:28 -110211.771644] AUTODETECT spr round 2 (radius: 10)
[02:14:12 -99035.753283] AUTODETECT spr round 3 (radius: 15)
[02:15:02 -92183.890005] AUTODETECT spr round 4 (radius: 20)
[02:16:03 -89271.178066] AUTODETECT spr round 5 (radius: 25)
[02:17:15 -86854.464011] SPR radius for FAST iterations: 25 (autodetect)
[02:17:15 -86854.464011] Model parameter optimization (eps = 3.000000)
[02:18:15 -86128.650292] FAST spr round 1 (radius: 25)
[02:20:20 -80517.207357] FAST spr round 2 (radius: 25)
[02:21:31 -79718.424272] FAST spr round 3 (radius: 25)
[02:22:21 -79589.505472] FAST spr round 4 (radius: 25)
[02:23:02 -79569.533076] FAST spr round 5 (radius: 25)
[02:23:37 -79567.968994] FAST spr round 6 (radius: 25)
[02:24:10 -79567.909293] Model parameter optimization (eps = 1.000000)
[02:24:32 -79384.315658] SLOW spr round 1 (radius: 5)
[02:25:23 -79327.724461] SLOW spr round 2 (radius: 5)
[02:26:10 -79312.188694] SLOW spr round 3 (radius: 5)
[02:26:54 -79308.913133] SLOW spr round 4 (radius: 5)
[02:27:37 -79307.956756] SLOW spr round 5 (radius: 5)
[02:28:19 -79307.956603] SLOW spr round 6 (radius: 10)
[02:29:03 -79289.008016] SLOW spr round 7 (radius: 5)
[02:29:59 -79284.393720] SLOW spr round 8 (radius: 5)
[02:30:47 -79278.615803] SLOW spr round 9 (radius: 5)
[02:31:33 -79276.874038] SLOW spr round 10 (radius: 5)
[02:32:15 -79276.873967] SLOW spr round 11 (radius: 10)
[02:32:59 -79271.712812] SLOW spr round 12 (radius: 5)
[02:33:54 -79270.831088] SLOW spr round 13 (radius: 5)
[02:34:41 -79270.830970] SLOW spr round 14 (radius: 10)
[02:35:25 -79269.566207] SLOW spr round 15 (radius: 5)
[02:36:20 -79268.975326] SLOW spr round 16 (radius: 5)
[02:37:07 -79268.973731] SLOW spr round 17 (radius: 10)
[02:37:50 -79268.382317] SLOW spr round 18 (radius: 5)
[02:38:44 -79268.382008] SLOW spr round 19 (radius: 10)
[02:39:16] [worker #2] ML tree search #3, logLikelihood: -80104.718716
[02:39:23] [worker #4] ML tree search #5, logLikelihood: -78789.661861
[02:39:31 -79262.094028] SLOW spr round 20 (radius: 5)
[02:40:26 -79257.142988] SLOW spr round 21 (radius: 5)
[02:41:14 -79255.487801] SLOW spr round 22 (radius: 5)
[02:41:58 -79255.486911] SLOW spr round 23 (radius: 10)
[02:42:41 -79255.133307] SLOW spr round 24 (radius: 5)
[02:43:36 -79255.012621] SLOW spr round 25 (radius: 5)
[02:44:25 -79254.658632] SLOW spr round 26 (radius: 5)
[02:45:10 -79254.658330] SLOW spr round 27 (radius: 10)
[02:45:52 -79254.355876] SLOW spr round 28 (radius: 5)
[02:46:46 -79254.355731] SLOW spr round 29 (radius: 10)
[02:47:33 -79253.391213] SLOW spr round 30 (radius: 5)
[02:48:28 -79249.913868] SLOW spr round 31 (radius: 5)
[02:49:15 -79249.912567] SLOW spr round 32 (radius: 10)
[02:49:59 -79249.912515] SLOW spr round 33 (radius: 15)
[02:51:12 -79240.083288] SLOW spr round 34 (radius: 5)
[02:52:06] [worker #3] ML tree search #4, logLikelihood: -79146.542192
[02:52:10 -79234.285159] SLOW spr round 35 (radius: 5)
[02:53:00 -79233.829633] SLOW spr round 36 (radius: 5)
[02:53:46 -79233.829331] SLOW spr round 37 (radius: 10)
[02:54:29 -79233.829294] SLOW spr round 38 (radius: 15)
[02:55:42 -79231.171565] SLOW spr round 39 (radius: 5)
[02:56:39 -79230.541908] SLOW spr round 40 (radius: 5)
[02:57:29 -79230.540657] SLOW spr round 41 (radius: 10)
[02:58:12 -79230.540396] SLOW spr round 42 (radius: 15)
[02:59:24 -79226.903064] SLOW spr round 43 (radius: 5)
[03:00:17 -79225.093466] SLOW spr round 44 (radius: 5)
[03:01:04 -79225.092297] SLOW spr round 45 (radius: 10)
[03:01:45 -79225.001385] SLOW spr round 46 (radius: 15)
[03:02:51 -79220.070161] SLOW spr round 47 (radius: 5)
[03:03:45 -79202.011004] SLOW spr round 48 (radius: 5)
[03:04:32 -79200.869304] SLOW spr round 49 (radius: 5)
[03:05:15 -79200.867405] SLOW spr round 50 (radius: 10)
[03:05:56 -79196.036545] SLOW spr round 51 (radius: 5)
[03:06:49 -79195.701181] SLOW spr round 52 (radius: 5)
[03:07:34 -79195.700899] SLOW spr round 53 (radius: 10)
[03:08:16 -79195.461253] SLOW spr round 54 (radius: 5)
[03:09:08 -79195.460712] SLOW spr round 55 (radius: 10)
[03:09:53 -79193.870892] SLOW spr round 56 (radius: 5)
[03:10:45 -79188.842887] SLOW spr round 57 (radius: 5)
[03:11:30 -79187.884833] SLOW spr round 58 (radius: 5)
[03:12:05] [worker #1] ML tree search #2, logLikelihood: -79122.873551
[03:12:12 -79187.884607] SLOW spr round 59 (radius: 10)
[03:12:52 -79187.858966] SLOW spr round 60 (radius: 15)
[03:14:01 -79184.029178] SLOW spr round 61 (radius: 5)
[03:14:55 -79178.159144] SLOW spr round 62 (radius: 5)
[03:15:41 -79177.398728] SLOW spr round 63 (radius: 5)
[03:16:23 -79176.500814] SLOW spr round 64 (radius: 5)
[03:17:02 -79176.500777] SLOW spr round 65 (radius: 10)
[03:17:42 -79176.500777] SLOW spr round 66 (radius: 15)
[03:18:50 -79174.897159] SLOW spr round 67 (radius: 5)
[03:19:43 -79174.859977] SLOW spr round 68 (radius: 10)
[03:20:27 -79170.559266] SLOW spr round 69 (radius: 5)
[03:21:17 -79168.567723] SLOW spr round 70 (radius: 5)
[03:22:00 -79168.565955] SLOW spr round 71 (radius: 10)
[03:22:41 -79168.565632] SLOW spr round 72 (radius: 15)
[03:23:48 -79166.620300] SLOW spr round 73 (radius: 5)
[03:24:41 -79152.644512] SLOW spr round 74 (radius: 5)
[03:25:27 -79152.527360] SLOW spr round 75 (radius: 5)
[03:26:08 -79152.526864] SLOW spr round 76 (radius: 10)
[03:26:48 -79152.526801] SLOW spr round 77 (radius: 15)
[03:27:54 -79152.106127] SLOW spr round 78 (radius: 5)
[03:28:46 -79152.104812] SLOW spr round 79 (radius: 10)
[03:29:30 -79152.104680] SLOW spr round 80 (radius: 15)
[03:30:32 -79152.008541] SLOW spr round 81 (radius: 20)
[03:32:02 -79139.376004] SLOW spr round 82 (radius: 5)
[03:32:57 -79138.335474] SLOW spr round 83 (radius: 5)
[03:33:44 -79137.278931] SLOW spr round 84 (radius: 5)
[03:34:26 -79136.860706] SLOW spr round 85 (radius: 5)
[03:35:06 -79136.860490] SLOW spr round 86 (radius: 10)
[03:35:46 -79136.788584] SLOW spr round 87 (radius: 15)
[03:36:54 -79136.788320] SLOW spr round 88 (radius: 20)
[03:38:20 -79135.244436] SLOW spr round 89 (radius: 5)
[03:39:12 -79133.968441] SLOW spr round 90 (radius: 5)
[03:39:59 -79133.968322] SLOW spr round 91 (radius: 10)
[03:40:40 -79133.968321] SLOW spr round 92 (radius: 15)
[03:41:46 -79133.968321] SLOW spr round 93 (radius: 20)
[03:43:15 -79133.163170] SLOW spr round 94 (radius: 5)
[03:44:09 -79130.862822] SLOW spr round 95 (radius: 5)
[03:44:55 -79130.862739] SLOW spr round 96 (radius: 10)
[03:45:36 -79130.862737] SLOW spr round 97 (radius: 15)
[03:46:41 -79130.862737] SLOW spr round 98 (radius: 20)
[03:48:08 -79129.776239] SLOW spr round 99 (radius: 5)
[03:48:59 -79129.006601] SLOW spr round 100 (radius: 5)
[03:49:43 -79128.970137] SLOW spr round 101 (radius: 10)
[03:50:24 -79128.969854] SLOW spr round 102 (radius: 15)
[03:51:28 -79128.969854] SLOW spr round 103 (radius: 20)
[03:52:53 -79127.042310] SLOW spr round 104 (radius: 5)
[03:53:46 -79126.587714] SLOW spr round 105 (radius: 5)
[03:54:31 -79126.586890] SLOW spr round 106 (radius: 10)
[03:55:12 -79126.586737] SLOW spr round 107 (radius: 15)
[03:56:16 -79126.100419] SLOW spr round 108 (radius: 5)
[03:57:08 -79126.100320] SLOW spr round 109 (radius: 10)
[03:57:51 -79126.100320] SLOW spr round 110 (radius: 15)
[03:58:52 -79126.100320] SLOW spr round 111 (radius: 20)
[04:00:20 -79126.100320] SLOW spr round 112 (radius: 25)
[04:02:01 -79049.958670] SLOW spr round 113 (radius: 5)
[04:02:55 -78988.322137] SLOW spr round 114 (radius: 5)
[04:03:42 -78976.900852] SLOW spr round 115 (radius: 5)
[04:04:25 -78971.514778] SLOW spr round 116 (radius: 5)
[04:05:06 -78970.583309] SLOW spr round 117 (radius: 5)
[04:05:44 -78970.583274] SLOW spr round 118 (radius: 10)
[04:06:23 -78966.918923] SLOW spr round 119 (radius: 5)
[04:07:15 -78966.317877] SLOW spr round 120 (radius: 5)
[04:07:59 -78966.317464] SLOW spr round 121 (radius: 10)
[04:08:40 -78966.317459] SLOW spr round 122 (radius: 15)
[04:09:46 -78954.780353] SLOW spr round 123 (radius: 5)
[04:10:39 -78954.780220] SLOW spr round 124 (radius: 10)
[04:11:23 -78954.780219] SLOW spr round 125 (radius: 15)
[04:12:26 -78954.752047] SLOW spr round 126 (radius: 20)
[04:13:54 -78950.986948] SLOW spr round 127 (radius: 5)
[04:14:47 -78950.461082] SLOW spr round 128 (radius: 5)
[04:15:33 -78950.460858] SLOW spr round 129 (radius: 10)
[04:16:13 -78950.460851] SLOW spr round 130 (radius: 15)
[04:17:18 -78950.460851] SLOW spr round 131 (radius: 20)
[04:18:44 -78948.877546] SLOW spr round 132 (radius: 5)
[04:19:37 -78948.470310] SLOW spr round 133 (radius: 5)
[04:20:26 -78948.470011] SLOW spr round 134 (radius: 10)
[04:21:08 -78948.469999] SLOW spr round 135 (radius: 15)
[04:22:14 -78948.469998] SLOW spr round 136 (radius: 20)
[04:23:41 -78948.469998] SLOW spr round 137 (radius: 25)
[04:25:20 -78948.469998] Model parameter optimization (eps = 0.100000)

[04:25:35] [worker #0] ML tree search #6, logLikelihood: -78917.119431

[04:25:35 -96105.096872] Initial branch length optimization
[04:25:36 -89267.291753] Model parameter optimization (eps = 10.000000)
[04:25:58 -83519.537249] AUTODETECT spr round 1 (radius: 5)
[04:26:25 -82116.997380] AUTODETECT spr round 2 (radius: 10)
[04:26:59 -81595.817311] AUTODETECT spr round 3 (radius: 15)
[04:27:44 -81218.008611] AUTODETECT spr round 4 (radius: 20)
[04:28:39 -80920.918577] AUTODETECT spr round 5 (radius: 25)
[04:29:41 -80779.090916] SPR radius for FAST iterations: 25 (autodetect)
[04:29:41 -80779.090916] Model parameter optimization (eps = 3.000000)
[04:29:55 -80698.094516] FAST spr round 1 (radius: 25)
[04:31:36 -79770.407335] FAST spr round 2 (radius: 25)
[04:32:40 -79576.970916] FAST spr round 3 (radius: 25)
[04:33:32 -79480.703278] FAST spr round 4 (radius: 25)
[04:34:14 -79462.300908] FAST spr round 5 (radius: 25)
[04:34:51 -79449.069487] FAST spr round 6 (radius: 25)
[04:35:25 -79447.153182] FAST spr round 7 (radius: 25)
[04:35:57 -79445.808389] FAST spr round 8 (radius: 25)
[04:36:28 -79440.660906] FAST spr round 9 (radius: 25)
[04:36:58 -79440.394120] FAST spr round 10 (radius: 25)
[04:37:28 -79440.171540] FAST spr round 11 (radius: 25)
[04:37:58 -79439.016698] FAST spr round 12 (radius: 25)
[04:38:28 -79438.832544] FAST spr round 13 (radius: 25)
[04:38:57 -79438.648333] FAST spr round 14 (radius: 25)
[04:39:27 -79437.666036] FAST spr round 15 (radius: 25)
[04:39:57 -79437.507076] FAST spr round 16 (radius: 25)
[04:40:27 -79437.506974] Model parameter optimization (eps = 1.000000)
[04:40:55 -79211.191654] SLOW spr round 1 (radius: 5)
[04:41:39 -79104.371961] SLOW spr round 2 (radius: 5)
[04:42:21 -79071.362236] SLOW spr round 3 (radius: 5)
[04:43:01 -79070.223116] SLOW spr round 4 (radius: 5)
[04:43:40 -79070.178959] SLOW spr round 5 (radius: 10)
[04:44:19 -79048.864970] SLOW spr round 6 (radius: 5)
[04:45:11 -79044.599477] SLOW spr round 7 (radius: 5)
[04:45:54 -79043.825500] SLOW spr round 8 (radius: 5)
[04:46:35 -79043.549818] SLOW spr round 9 (radius: 5)
[04:47:14 -79043.549698] SLOW spr round 10 (radius: 10)
[04:47:54 -79037.999628] SLOW spr round 11 (radius: 5)
[04:48:45 -79033.730992] SLOW spr round 12 (radius: 5)
[04:49:29 -79033.728576] SLOW spr round 13 (radius: 10)
[04:50:10 -79029.457473] SLOW spr round 14 (radius: 5)
[04:51:01 -79026.676638] SLOW spr round 15 (radius: 5)
[04:51:44 -79026.438384] SLOW spr round 16 (radius: 5)
[04:52:24 -79026.438345] SLOW spr round 17 (radius: 10)
[04:53:03 -79025.836197] SLOW spr round 18 (radius: 5)
[04:53:52 -79025.549150] SLOW spr round 19 (radius: 5)
[04:54:36 -79025.546933] SLOW spr round 20 (radius: 10)
[04:55:16 -79025.030545] SLOW spr round 21 (radius: 5)
[04:56:06 -79021.521151] SLOW spr round 22 (radius: 5)
[04:56:50 -79021.518881] SLOW spr round 23 (radius: 10)
[04:57:30 -79021.211108] SLOW spr round 24 (radius: 5)
[04:58:20 -79020.712982] SLOW spr round 25 (radius: 5)
[04:59:04 -79020.205907] SLOW spr round 26 (radius: 5)
[04:59:44 -79020.205844] SLOW spr round 27 (radius: 10)
[05:00:23 -79017.232226] SLOW spr round 28 (radius: 5)
[05:01:13 -79017.230470] SLOW spr round 29 (radius: 10)
[05:01:55 -79013.750119] SLOW spr round 30 (radius: 5)
[05:02:44 -79013.635445] SLOW spr round 31 (radius: 5)
[05:03:26 -79013.635319] SLOW spr round 32 (radius: 10)
[05:04:05 -79013.469440] SLOW spr round 33 (radius: 5)
[05:04:54 -79013.469339] SLOW spr round 34 (radius: 10)
[05:05:36 -79013.325479] SLOW spr round 35 (radius: 5)
[05:06:14] [worker #4] ML tree search #10, logLikelihood: -78736.263431
[05:06:25 -79013.316216] SLOW spr round 36 (radius: 10)
[05:07:07 -79013.177630] SLOW spr round 37 (radius: 5)
[05:07:56 -79013.177282] SLOW spr round 38 (radius: 10)
[05:08:38 -79013.038195] SLOW spr round 39 (radius: 5)
[05:09:27 -79012.738796] SLOW spr round 40 (radius: 5)
[05:10:10 -79012.738714] SLOW spr round 41 (radius: 10)
[05:10:49 -79012.538268] SLOW spr round 42 (radius: 5)
[05:11:39 -79012.538186] SLOW spr round 43 (radius: 10)
[05:12:21 -79012.449984] SLOW spr round 44 (radius: 15)
[05:13:18 -79005.065349] SLOW spr round 45 (radius: 5)
[05:14:13 -78997.337670] SLOW spr round 46 (radius: 5)
[05:14:59 -78996.742870] SLOW spr round 47 (radius: 5)
[05:15:40 -78996.704219] SLOW spr round 48 (radius: 10)
[05:16:20 -78996.665042] SLOW spr round 49 (radius: 15)
[05:17:20 -78995.133014] SLOW spr round 50 (radius: 5)
[05:18:12 -78994.242378] SLOW spr round 51 (radius: 5)
[05:18:57 -78994.241480] SLOW spr round 52 (radius: 10)
[05:19:36 -78994.194460] SLOW spr round 53 (radius: 15)
[05:20:34 -78993.620022] SLOW spr round 54 (radius: 5)
[05:21:25 -78993.619277] SLOW spr round 55 (radius: 10)
[05:22:08 -78993.577266] SLOW spr round 56 (radius: 15)
[05:23:03 -78992.720714] SLOW spr round 57 (radius: 5)
[05:23:54 -78991.936617] SLOW spr round 58 (radius: 5)
[05:24:39 -78991.410940] SLOW spr round 59 (radius: 5)
[05:25:20 -78991.409247] SLOW spr round 60 (radius: 10)
[05:25:59 -78990.487311] SLOW spr round 61 (radius: 5)
[05:26:49 -78990.269620] SLOW spr round 62 (radius: 5)
[05:27:33 -78990.269168] SLOW spr round 63 (radius: 10)
[05:28:12 -78989.973788] SLOW spr round 64 (radius: 5)
[05:29:05 -78987.662128] SLOW spr round 65 (radius: 5)
[05:29:49 -78987.662073] SLOW spr round 66 (radius: 10)
[05:30:28 -78987.662073] SLOW spr round 67 (radius: 15)
[05:31:27 -78984.315555] SLOW spr round 68 (radius: 5)
[05:32:18 -78984.315464] SLOW spr round 69 (radius: 10)
[05:33:01 -78984.315451] SLOW spr round 70 (radius: 15)
[05:33:57 -78984.315449] SLOW spr round 71 (radius: 20)
[05:35:17 -78974.679210] SLOW spr round 72 (radius: 5)
[05:35:57] [worker #2] ML tree search #8, logLikelihood: -79666.856512
[05:36:10 -78958.773875] SLOW spr round 73 (radius: 5)
[05:36:59 -78958.141035] SLOW spr round 74 (radius: 5)
[05:37:42 -78958.140881] SLOW spr round 75 (radius: 10)
[05:38:22 -78958.140872] SLOW spr round 76 (radius: 15)
[05:39:22 -78958.140871] SLOW spr round 77 (radius: 20)
[05:40:38 -78955.591736] SLOW spr round 78 (radius: 5)
[05:41:30 -78955.225681] SLOW spr round 79 (radius: 5)
[05:42:15 -78955.011606] SLOW spr round 80 (radius: 5)
[05:42:56 -78952.548389] SLOW spr round 81 (radius: 5)
[05:43:36 -78952.447901] SLOW spr round 82 (radius: 5)
[05:44:14 -78952.447773] SLOW spr round 83 (radius: 10)
[05:44:53 -78952.447773] SLOW spr round 84 (radius: 15)
[05:45:54 -78950.526378] SLOW spr round 85 (radius: 5)
[05:46:47 -78950.261447] SLOW spr round 86 (radius: 5)
[05:47:33 -78950.261405] SLOW spr round 87 (radius: 10)
[05:48:13 -78950.261403] SLOW spr round 88 (radius: 15)
[05:49:11 -78950.261403] SLOW spr round 89 (radius: 20)
[05:50:27 -78947.578649] SLOW spr round 90 (radius: 5)
[05:51:20 -78939.976437] SLOW spr round 91 (radius: 5)
[05:52:00] [worker #1] ML tree search #7, logLikelihood: -79083.343140
[05:52:06 -78938.008707] SLOW spr round 92 (radius: 5)
[05:52:48 -78937.812816] SLOW spr round 93 (radius: 5)
[05:53:27 -78937.812455] SLOW spr round 94 (radius: 10)
[05:54:06 -78937.041938] SLOW spr round 95 (radius: 5)
[05:54:56 -78937.041769] SLOW spr round 96 (radius: 10)
[05:55:38 -78937.041768] SLOW spr round 97 (radius: 15)
[05:56:33 -78937.041768] SLOW spr round 98 (radius: 20)
[05:57:51 -78935.804435] SLOW spr round 99 (radius: 5)
[05:58:44 -78928.357302] SLOW spr round 100 (radius: 5)
[05:59:29 -78926.860221] SLOW spr round 101 (radius: 5)
[06:00:10 -78925.787853] SLOW spr round 102 (radius: 5)
[06:00:50 -78925.535176] SLOW spr round 103 (radius: 5)
[06:01:29 -78925.534904] SLOW spr round 104 (radius: 10)
[06:02:08 -78925.341584] SLOW spr round 105 (radius: 5)
[06:02:58 -78925.340900] SLOW spr round 106 (radius: 10)
[06:03:40 -78925.340841] SLOW spr round 107 (radius: 15)
[06:04:36 -78924.705320] SLOW spr round 108 (radius: 5)
[06:05:29 -78921.147453] SLOW spr round 109 (radius: 5)
[06:06:13 -78920.811063] SLOW spr round 110 (radius: 5)
[06:06:55 -78920.810265] SLOW spr round 111 (radius: 10)
[06:07:34 -78914.896618] SLOW spr round 112 (radius: 5)
[06:08:25 -78913.071604] SLOW spr round 113 (radius: 5)
[06:09:09 -78913.065703] SLOW spr round 114 (radius: 10)
[06:09:48 -78913.064883] SLOW spr round 115 (radius: 15)
[06:10:48 -78913.017198] SLOW spr round 116 (radius: 20)
[06:12:04 -78912.819507] SLOW spr round 117 (radius: 5)
[06:12:57 -78912.818986] SLOW spr round 118 (radius: 10)
[06:13:41 -78912.818972] SLOW spr round 119 (radius: 15)
[06:14:37 -78912.818971] SLOW spr round 120 (radius: 20)
[06:15:56 -78912.818971] SLOW spr round 121 (radius: 25)
[06:17:28 -78869.663362] SLOW spr round 122 (radius: 5)
[06:18:21 -78857.328033] SLOW spr round 123 (radius: 5)
[06:19:07 -78847.902504] SLOW spr round 124 (radius: 5)
[06:19:49 -78846.433600] SLOW spr round 125 (radius: 5)
[06:20:27 -78846.432910] SLOW spr round 126 (radius: 10)
[06:21:05 -78845.919967] SLOW spr round 127 (radius: 5)
[06:21:56 -78843.437718] SLOW spr round 128 (radius: 5)
[06:22:39 -78843.197997] SLOW spr round 129 (radius: 5)
[06:23:19 -78843.044091] SLOW spr round 130 (radius: 5)
[06:23:58 -78843.035003] SLOW spr round 131 (radius: 10)
[06:24:36 -78843.033621] SLOW spr round 132 (radius: 15)
[06:25:38 -78840.275106] SLOW spr round 133 (radius: 5)
[06:26:29 -78840.274998] SLOW spr round 134 (radius: 10)
[06:27:11 -78839.105905] SLOW spr round 135 (radius: 5)
[06:27:59 -78838.911116] SLOW spr round 136 (radius: 5)
[06:28:39 -78838.909759] SLOW spr round 137 (radius: 10)
[06:29:16 -78834.213868] SLOW spr round 138 (radius: 5)
[06:30:04 -78831.401731] SLOW spr round 139 (radius: 5)
[06:30:44 -78831.401434] SLOW spr round 140 (radius: 10)
[06:31:21 -78831.401424] SLOW spr round 141 (radius: 15)
[06:32:15 -78831.325179] SLOW spr round 142 (radius: 20)
[06:33:26 -78830.252890] SLOW spr round 143 (radius: 5)
[06:34:14 -78830.252794] SLOW spr round 144 (radius: 10)
[06:34:54 -78830.252792] SLOW spr round 145 (radius: 15)
[06:35:46 -78830.252792] SLOW spr round 146 (radius: 20)
[06:36:58 -78830.252792] SLOW spr round 147 (radius: 25)
[06:38:23 -78814.339986] SLOW spr round 148 (radius: 5)
[06:39:11 -78801.211501] SLOW spr round 149 (radius: 5)
[06:39:53 -78801.209692] SLOW spr round 150 (radius: 10)
[06:40:29 -78801.209571] SLOW spr round 151 (radius: 15)
[06:41:23 -78801.209563] SLOW spr round 152 (radius: 20)
[06:42:35 -78801.209562] SLOW spr round 153 (radius: 25)
[06:43:59 -78801.056979] SLOW spr round 154 (radius: 5)
[06:44:47 -78801.056928] SLOW spr round 155 (radius: 10)
[06:45:27 -78801.056927] SLOW spr round 156 (radius: 15)
[06:46:18 -78801.056927] SLOW spr round 157 (radius: 20)
[06:47:32 -78801.056927] SLOW spr round 158 (radius: 25)
[06:48:57 -78801.056927] Model parameter optimization (eps = 0.100000)

[06:49:09] [worker #0] ML tree search #11, logLikelihood: -78781.740281

[06:49:09 -95957.866604] Initial branch length optimization
[06:49:09 -89007.924984] Model parameter optimization (eps = 10.000000)
[06:49:27 -83205.844130] AUTODETECT spr round 1 (radius: 5)
[06:49:52 -81814.299213] AUTODETECT spr round 2 (radius: 10)
[06:50:23 -81252.690435] AUTODETECT spr round 3 (radius: 15)
[06:51:06 -80937.847398] AUTODETECT spr round 4 (radius: 20)
[06:51:57 -80722.807724] AUTODETECT spr round 5 (radius: 25)
[06:52:54 -80607.400533] SPR radius for FAST iterations: 25 (autodetect)
[06:52:54 -80607.400533] Model parameter optimization (eps = 3.000000)
[06:53:05 -80523.959244] FAST spr round 1 (radius: 25)
[06:54:46 -79790.615337] FAST spr round 2 (radius: 25)
[06:55:47 -79602.283639] FAST spr round 3 (radius: 25)
[06:56:30 -79515.916239] FAST spr round 4 (radius: 25)
[06:57:04 -79492.022355] FAST spr round 5 (radius: 25)
[06:57:34 -79486.645975] FAST spr round 6 (radius: 25)
[06:58:02 -79481.236248] FAST spr round 7 (radius: 25)
[06:58:29 -79480.665204] FAST spr round 8 (radius: 25)
[06:58:54 -79480.551386] FAST spr round 9 (radius: 25)
[06:59:20 -79480.551090] Model parameter optimization (eps = 1.000000)
[06:59:42 -79192.664670] SLOW spr round 1 (radius: 5)
[07:00:23 -79079.608882] SLOW spr round 2 (radius: 5)
[07:01:01 -79052.638875] SLOW spr round 3 (radius: 5)
[07:01:38 -79044.240617] SLOW spr round 4 (radius: 5)
[07:02:15 -79040.434948] SLOW spr round 5 (radius: 5)
[07:02:50 -79040.433983] SLOW spr round 6 (radius: 10)
[07:03:28 -78990.194112] SLOW spr round 7 (radius: 5)
[07:04:15 -78974.574519] SLOW spr round 8 (radius: 5)
[07:04:55 -78968.044735] SLOW spr round 9 (radius: 5)
[07:05:33 -78965.290221] SLOW spr round 10 (radius: 5)
[07:06:08 -78964.291404] SLOW spr round 11 (radius: 5)
[07:06:42 -78964.290902] SLOW spr round 12 (radius: 10)
[07:07:19 -78957.609138] SLOW spr round 13 (radius: 5)
[07:08:06 -78956.991325] SLOW spr round 14 (radius: 5)
[07:08:47 -78954.023502] SLOW spr round 15 (radius: 5)
[07:09:24 -78953.944535] SLOW spr round 16 (radius: 10)
[07:09:59 -78951.081869] SLOW spr round 17 (radius: 5)
[07:10:45 -78951.080919] SLOW spr round 18 (radius: 10)
[07:11:25 -78937.191976] SLOW spr round 19 (radius: 5)
[07:12:10 -78925.979825] SLOW spr round 20 (radius: 5)
[07:12:50 -78922.906788] SLOW spr round 21 (radius: 5)
[07:13:26 -78922.906705] SLOW spr round 22 (radius: 10)
[07:14:02 -78921.814578] SLOW spr round 23 (radius: 5)
[07:14:47 -78921.814328] SLOW spr round 24 (radius: 10)
[07:15:25 -78921.236320] SLOW spr round 25 (radius: 5)
[07:16:08 -78921.228759] SLOW spr round 26 (radius: 10)
[07:16:46 -78920.927442] SLOW spr round 27 (radius: 5)
[07:17:31 -78918.771374] SLOW spr round 28 (radius: 5)
[07:18:09 -78918.771008] SLOW spr round 29 (radius: 10)
[07:18:45 -78918.647124] SLOW spr round 30 (radius: 5)
[07:19:30 -78918.646579] SLOW spr round 31 (radius: 10)
[07:20:08 -78918.590321] SLOW spr round 32 (radius: 15)
[07:21:03 -78905.170713] SLOW spr round 33 (radius: 5)
[07:21:51 -78895.575852] SLOW spr round 34 (radius: 5)
[07:22:31 -78895.574144] SLOW spr round 35 (radius: 10)
[07:23:07 -78895.573888] SLOW spr round 36 (radius: 15)
[07:24:04 -78892.970395] SLOW spr round 37 (radius: 5)
[07:24:51 -78890.504356] SLOW spr round 38 (radius: 5)
[07:25:32 -78890.503625] SLOW spr round 39 (radius: 10)
[07:25:34] [worker #2] ML tree search #13, logLikelihood: -78520.107389
[07:26:09 -78890.211862] SLOW spr round 40 (radius: 5)
[07:26:54 -78889.768518] SLOW spr round 41 (radius: 5)
[07:27:33 -78888.530348] SLOW spr round 42 (radius: 5)
[07:28:09 -78888.514193] SLOW spr round 43 (radius: 10)
[07:28:44 -78888.103952] SLOW spr round 44 (radius: 5)
[07:28:50] [worker #4] ML tree search #15, logLikelihood: -78721.656691
[07:29:30 -78887.687880] SLOW spr round 45 (radius: 5)
[07:30:09 -78887.687868] SLOW spr round 46 (radius: 10)
[07:30:45 -78887.687868] SLOW spr round 47 (radius: 15)
[07:31:43 -78884.454832] SLOW spr round 48 (radius: 5)
[07:32:18] [worker #3] ML tree search #9, logLikelihood: -79086.359668
[07:32:31 -78883.170999] SLOW spr round 49 (radius: 5)
[07:33:13 -78882.783898] SLOW spr round 50 (radius: 5)
[07:33:51 -78882.783710] SLOW spr round 51 (radius: 10)
[07:34:28 -78881.777600] SLOW spr round 52 (radius: 5)
[07:35:14 -78881.777369] SLOW spr round 53 (radius: 10)
[07:35:54 -78880.283913] SLOW spr round 54 (radius: 5)
[07:36:40 -78878.333292] SLOW spr round 55 (radius: 5)
[07:37:19 -78878.332896] SLOW spr round 56 (radius: 10)
[07:37:56 -78878.207823] SLOW spr round 57 (radius: 5)
[07:38:43 -78877.188309] SLOW spr round 58 (radius: 5)
[07:39:24 -78877.188049] SLOW spr round 59 (radius: 10)
[07:40:01 -78876.475295] SLOW spr round 60 (radius: 5)
[07:40:48 -78874.158930] SLOW spr round 61 (radius: 5)
[07:41:29 -78874.158002] SLOW spr round 62 (radius: 10)
[07:42:06 -78874.157989] SLOW spr round 63 (radius: 15)
[07:43:05 -78873.083556] SLOW spr round 64 (radius: 5)
[07:43:53 -78872.562287] SLOW spr round 65 (radius: 5)
[07:44:34 -78872.560952] SLOW spr round 66 (radius: 10)
[07:45:12 -78872.252616] SLOW spr round 67 (radius: 5)
[07:45:57 -78872.252535] SLOW spr round 68 (radius: 10)
[07:46:37 -78872.252534] SLOW spr round 69 (radius: 15)
[07:47:33 -78871.476241] SLOW spr round 70 (radius: 5)
[07:48:22 -78870.791472] SLOW spr round 71 (radius: 5)
[07:49:03 -78870.176022] SLOW spr round 72 (radius: 5)
[07:49:40 -78869.083218] SLOW spr round 73 (radius: 5)
[07:50:16 -78869.083107] SLOW spr round 74 (radius: 10)
[07:50:51 -78869.083096] SLOW spr round 75 (radius: 15)
[07:51:52 -78868.583897] SLOW spr round 76 (radius: 5)
[07:52:40 -78867.169703] SLOW spr round 77 (radius: 5)
[07:53:20 -78867.165514] SLOW spr round 78 (radius: 10)
[07:53:57 -78867.164237] SLOW spr round 79 (radius: 15)
[07:54:55 -78866.934383] SLOW spr round 80 (radius: 5)
[07:55:43 -78865.941019] SLOW spr round 81 (radius: 5)
[07:56:24 -78865.940890] SLOW spr round 82 (radius: 10)
[07:57:01 -78865.940890] SLOW spr round 83 (radius: 15)
[07:58:00 -78865.788577] SLOW spr round 84 (radius: 5)
[07:58:48 -78865.164241] SLOW spr round 85 (radius: 5)
[07:59:29 -78865.163945] SLOW spr round 86 (radius: 10)
[08:00:05 -78865.139910] SLOW spr round 87 (radius: 15)
[08:01:04 -78862.795399] SLOW spr round 88 (radius: 5)
[08:01:51 -78862.795305] SLOW spr round 89 (radius: 10)
[08:02:31 -78862.795303] SLOW spr round 90 (radius: 15)
[08:03:26 -78862.715152] SLOW spr round 91 (radius: 20)
[08:04:46 -78837.708458] SLOW spr round 92 (radius: 5)
[08:05:35 -78833.327644] SLOW spr round 93 (radius: 5)
[08:06:17 -78833.042091] SLOW spr round 94 (radius: 5)
[08:06:54 -78833.041979] SLOW spr round 95 (radius: 10)
[08:07:30 -78829.674667] SLOW spr round 96 (radius: 5)
[08:08:15 -78829.311346] SLOW spr round 97 (radius: 5)
[08:08:55 -78829.311320] SLOW spr round 98 (radius: 10)
[08:09:31 -78829.311320] SLOW spr round 99 (radius: 15)
[08:10:30 -78827.815133] SLOW spr round 100 (radius: 5)
[08:11:17 -78827.691092] SLOW spr round 101 (radius: 5)
[08:11:57 -78827.690891] SLOW spr round 102 (radius: 10)
[08:12:33 -78827.690882] SLOW spr round 103 (radius: 15)
[08:13:31 -78826.942661] SLOW spr round 104 (radius: 5)
[08:13:50] [worker #1] ML tree search #12, logLikelihood: -78481.129206
[08:14:19 -78826.939357] SLOW spr round 105 (radius: 10)
[08:14:59 -78826.938924] SLOW spr round 106 (radius: 15)
[08:15:53 -78826.938849] SLOW spr round 107 (radius: 20)
[08:17:11 -78826.683225] SLOW spr round 108 (radius: 5)
[08:17:59 -78826.528875] SLOW spr round 109 (radius: 5)
[08:18:39 -78826.528739] SLOW spr round 110 (radius: 10)
[08:19:15 -78826.528738] SLOW spr round 111 (radius: 15)
[08:20:12 -78826.528738] SLOW spr round 112 (radius: 20)
[08:21:28 -78826.164029] SLOW spr round 113 (radius: 5)
[08:22:16 -78826.112907] SLOW spr round 114 (radius: 10)
[08:22:57 -78826.112745] SLOW spr round 115 (radius: 15)
[08:23:52 -78826.112739] SLOW spr round 116 (radius: 20)
[08:25:11 -78826.050494] SLOW spr round 117 (radius: 25)
[08:26:39 -78790.787934] SLOW spr round 118 (radius: 5)
[08:27:27 -78779.131535] SLOW spr round 119 (radius: 5)
[08:28:08 -78779.075532] SLOW spr round 120 (radius: 10)
[08:28:45 -78779.051530] SLOW spr round 121 (radius: 15)
[08:29:41 -78775.953414] SLOW spr round 122 (radius: 5)
[08:30:28 -78772.670927] SLOW spr round 123 (radius: 5)
[08:31:09 -78769.257071] SLOW spr round 124 (radius: 5)
[08:31:46 -78766.262556] SLOW spr round 125 (radius: 5)
[08:32:21 -78766.262090] SLOW spr round 126 (radius: 10)
[08:32:55 -78765.410345] SLOW spr round 127 (radius: 5)
[08:33:40 -78765.197048] SLOW spr round 128 (radius: 5)
[08:34:19 -78765.197044] SLOW spr round 129 (radius: 10)
[08:34:55 -78764.960890] SLOW spr round 130 (radius: 5)
[08:35:40 -78764.638198] SLOW spr round 131 (radius: 5)
[08:36:18 -78764.636020] SLOW spr round 132 (radius: 10)
[08:36:54 -78764.635788] SLOW spr round 133 (radius: 15)
[08:37:50 -78757.836918] SLOW spr round 134 (radius: 5)
[08:38:37 -78757.809167] SLOW spr round 135 (radius: 10)
[08:39:16 -78757.808189] SLOW spr round 136 (radius: 15)
[08:40:10 -78757.808156] SLOW spr round 137 (radius: 20)
[08:41:26 -78756.696335] SLOW spr round 138 (radius: 5)
[08:42:13 -78756.693647] SLOW spr round 139 (radius: 10)
[08:42:53 -78756.693522] SLOW spr round 140 (radius: 15)
[08:43:46 -78756.693516] SLOW spr round 141 (radius: 20)
[08:45:03 -78756.693516] SLOW spr round 142 (radius: 25)
[08:46:28 -78751.433386] SLOW spr round 143 (radius: 5)
[08:47:14 -78749.897343] SLOW spr round 144 (radius: 5)
[08:47:54 -78749.894955] SLOW spr round 145 (radius: 10)
[08:48:30 -78749.894461] SLOW spr round 146 (radius: 15)
[08:49:26 -78749.894318] SLOW spr round 147 (radius: 20)
[08:50:40 -78749.760331] SLOW spr round 148 (radius: 5)
[08:51:26 -78749.036744] SLOW spr round 149 (radius: 5)
[08:52:06 -78749.032990] SLOW spr round 150 (radius: 10)
[08:52:42 -78747.866321] SLOW spr round 151 (radius: 5)
[08:53:25 -78747.866254] SLOW spr round 152 (radius: 10)
[08:54:03 -78747.866254] SLOW spr round 153 (radius: 15)
[08:54:57 -78747.866254] SLOW spr round 154 (radius: 20)
[08:56:14 -78747.866254] SLOW spr round 155 (radius: 25)
[08:57:40 -78745.585145] SLOW spr round 156 (radius: 5)
[08:58:27 -78745.081475] SLOW spr round 157 (radius: 5)
[08:59:08 -78745.079291] SLOW spr round 158 (radius: 10)
[08:59:44 -78745.079288] SLOW spr round 159 (radius: 15)
[09:00:39 -78745.079287] SLOW spr round 160 (radius: 20)
[09:01:54 -78745.079287] SLOW spr round 161 (radius: 25)
[09:02:53] [worker #2] ML tree search #18, logLikelihood: -79138.750387
[09:03:20 -78744.848730] SLOW spr round 162 (radius: 5)
[09:04:06 -78744.848205] SLOW spr round 163 (radius: 10)
[09:04:45 -78744.848103] SLOW spr round 164 (radius: 15)
[09:05:37 -78744.848084] SLOW spr round 165 (radius: 20)
[09:06:52 -78744.848080] SLOW spr round 166 (radius: 25)
[09:08:16 -78744.848079] Model parameter optimization (eps = 0.100000)

[09:08:27] [worker #0] ML tree search #16, logLikelihood: -78726.821911

[09:30:56] [worker #1] ML tree search #17, logLikelihood: -78807.099438
[09:35:05] [worker #3] ML tree search #14, logLikelihood: -78691.217996
[09:49:18] [worker #4] ML tree search #20, logLikelihood: -78759.296158
[12:36:29] [worker #3] ML tree search #19, logLikelihood: -79326.932828

Optimized model parameters:

   Partition 0: noname
   Rate heterogeneity: GAMMA (4 cats, mean),  alpha: 0.324159 (ML),  weights&rates: (0.250000,0.007458) (0.250000,0.123373) (0.250000,0.634231) (0.250000,3.234938) 
   Base frequencies (ML): 0.040744 0.497763 0.336037 0.125456 
   Substitution rates (ML): 2.252984 14.180316 17.281620 2.957703 6.343986 1.000000 


Final LogLikelihood: -78481.129206

AIC score: 163430.258413 / AICc score: 21087410.258413 / BIC score: 174805.701080
Free parameters (model + branch lengths): 3234

WARNING: Number of free parameters (K=3234) is larger than alignment size (n=249).
         This might lead to overfitting and compromise tree inference results!


WARNING: Best ML tree contains 150 near-zero branches!

Best ML tree with collapsed near-zero branches saved to: /home2/ISAD/dp415/dada2_pipeline_myxorpoB/data/output/run_myxo_gtdbr202/raxml/myxo_92/myxo_92.raxml.bestTreeCollapsed
Best ML tree saved to: /home2/ISAD/dp415/dada2_pipeline_myxorpoB/data/output/run_myxo_gtdbr202/raxml/myxo_92/myxo_92.raxml.bestTree
All ML trees saved to: /home2/ISAD/dp415/dada2_pipeline_myxorpoB/data/output/run_myxo_gtdbr202/raxml/myxo_92/myxo_92.raxml.mlTrees
Optimized model saved to: /home2/ISAD/dp415/dada2_pipeline_myxorpoB/data/output/run_myxo_gtdbr202/raxml/myxo_92/myxo_92.raxml.bestModel

Execution log saved to: /home2/ISAD/dp415/dada2_pipeline_myxorpoB/data/output/run_myxo_gtdbr202/raxml/myxo_92/myxo_92.raxml.log

Analysis started: 19-Jan-2022 08:46:35 / finished: 19-Jan-2022 21:23:04

Elapsed time: 45389.534 seconds

