
RAxML-NG v. 1.1 released on 29.11.2021 by The Exelixis Lab.
Developed by: Alexey M. Kozlov and Alexandros Stamatakis.
Contributors: Diego Darriba, Tomas Flouri, Benoit Morel, Sarah Lutteropp, Ben Bettisworth.
Latest version: https://github.com/amkozlov/raxml-ng
Questions/problems/suggestions? Please visit: https://groups.google.com/forum/#!forum/raxml

System: Intel(R) Xeon(R) Gold 6230 CPU @ 2.10GHz, 40 cores, 376 GB RAM

RAxML-NG was called at 19-Jan-2022 08:45:46 as follows:

raxml-ng --msa alignments/alignment_myxo_93percent.fasta --model GTR+G --seed 2 --prefix raxml/myxo_93/myxo_93 --threads 5

Analysis options:
  run mode: ML tree search
  start tree(s): random (10) + parsimony (10)
  random seed: 2
  tip-inner: OFF
  pattern compression: ON
  per-rate scalers: OFF
  site repeats: ON
  fast spr radius: AUTO
  spr subtree cutoff: 1.000000
  branch lengths: proportional (ML estimate, algorithm: NR-FAST)
  SIMD kernels: AVX2
  parallelization: coarse-grained (auto), PTHREADS (5 threads), thread pinning: OFF

[00:00:00] Reading alignment from file: alignments/alignment_myxo_93percent.fasta
[00:00:00] Loaded alignment with 1999 taxa and 246 sites

Alignment comprises 1 partitions and 181 patterns

Partition 0: noname
Model: GTR+FO+G4m
Alignment sites / patterns: 246 / 181
Gaps: 8.86 %
Invariant sites: 26.83 %


NOTE: Binary MSA file already exists: raxml/myxo_93/myxo_93.raxml.rba

Parallelization scheme autoconfig: 5 worker(s) x 1 thread(s)

Parallel reduction/worker buffer size: 1 KB  / 0 KB

[00:00:00] Generating 10 random starting tree(s) with 1999 taxa
[00:00:00] Generating 10 parsimony starting tree(s) with 1999 taxa
[00:00:09] Data distribution: max. partitions/sites/weight per thread: 1 / 181 / 2896
[00:00:09] Data distribution: max. searches per worker: 4

Starting ML tree search with 20 distinct starting trees

[00:00:09 -181688.796893] Initial branch length optimization
[00:00:09 -164403.959518] Model parameter optimization (eps = 10.000000)
[00:00:21 -149052.481716] AUTODETECT spr round 1 (radius: 5)
[00:01:06 -131881.301295] AUTODETECT spr round 2 (radius: 10)
[00:02:04 -118098.437803] AUTODETECT spr round 3 (radius: 15)
[00:03:22 -108671.263646] AUTODETECT spr round 4 (radius: 20)
[00:04:49 -104918.466326] AUTODETECT spr round 5 (radius: 25)
[00:06:24 -102276.511371] SPR radius for FAST iterations: 25 (autodetect)
[00:06:24 -102276.511371] Model parameter optimization (eps = 3.000000)
[00:07:20 -101399.181244] FAST spr round 1 (radius: 25)
[00:10:17 -93947.367370] FAST spr round 2 (radius: 25)
[00:11:57 -92400.093446] FAST spr round 3 (radius: 25)
[00:13:07 -92164.306478] FAST spr round 4 (radius: 25)
[00:14:07 -92098.960659] FAST spr round 5 (radius: 25)
[00:15:02 -92085.953688] FAST spr round 6 (radius: 25)
[00:15:52 -92084.031785] FAST spr round 7 (radius: 25)
[00:16:42 -92083.687343] FAST spr round 8 (radius: 25)
[00:17:30 -92083.687342] Model parameter optimization (eps = 1.000000)
[00:18:06 -91866.099459] SLOW spr round 1 (radius: 5)
[00:19:14 -91743.797208] SLOW spr round 2 (radius: 5)
[00:20:19 -91723.273440] SLOW spr round 3 (radius: 5)
[00:21:21 -91713.401306] SLOW spr round 4 (radius: 5)
[00:22:23 -91712.095299] SLOW spr round 5 (radius: 5)
[00:23:24 -91712.094986] SLOW spr round 6 (radius: 10)
[00:24:27 -91691.144086] SLOW spr round 7 (radius: 5)
[00:25:44 -91687.061530] SLOW spr round 8 (radius: 5)
[00:26:53 -91683.301989] SLOW spr round 9 (radius: 5)
[00:27:56 -91683.301900] SLOW spr round 10 (radius: 10)
[00:28:58 -91677.451765] SLOW spr round 11 (radius: 5)
[00:30:14 -91677.352743] SLOW spr round 12 (radius: 10)
[00:31:20 -91671.157102] SLOW spr round 13 (radius: 5)
[00:32:34 -91665.977708] SLOW spr round 14 (radius: 5)
[00:33:39 -91665.957551] SLOW spr round 15 (radius: 10)
[00:34:40 -91665.689193] SLOW spr round 16 (radius: 5)
[00:35:56 -91662.769283] SLOW spr round 17 (radius: 5)
[00:37:03 -91662.767088] SLOW spr round 18 (radius: 10)
[00:38:05 -91662.688207] SLOW spr round 19 (radius: 15)
[00:39:42 -91631.094731] SLOW spr round 20 (radius: 5)
[00:40:59 -91612.416429] SLOW spr round 21 (radius: 5)
[00:42:10 -91607.849324] SLOW spr round 22 (radius: 5)
[00:43:14 -91606.949778] SLOW spr round 23 (radius: 5)
[00:44:16 -91606.948700] SLOW spr round 24 (radius: 10)
[00:45:17 -91598.991223] SLOW spr round 25 (radius: 5)
[00:46:33 -91597.938852] SLOW spr round 26 (radius: 5)
[00:47:41 -91596.462868] SLOW spr round 27 (radius: 5)
[00:48:44 -91596.461323] SLOW spr round 28 (radius: 10)
[00:49:45 -91595.298568] SLOW spr round 29 (radius: 5)
[00:51:01 -91592.954891] SLOW spr round 30 (radius: 5)
[00:52:08 -91592.954028] SLOW spr round 31 (radius: 10)
[00:53:10 -91592.725164] SLOW spr round 32 (radius: 5)
[00:54:24 -91592.722138] SLOW spr round 33 (radius: 10)
[00:55:29 -91592.511535] SLOW spr round 34 (radius: 5)
[00:56:44 -91591.416408] SLOW spr round 35 (radius: 5)
[00:57:51 -91590.781552] SLOW spr round 36 (radius: 5)
[00:58:53 -91590.781479] SLOW spr round 37 (radius: 10)
[00:59:54 -91590.781479] SLOW spr round 38 (radius: 15)
[01:01:29 -91584.028807] SLOW spr round 39 (radius: 5)
[01:02:46 -91580.794108] SLOW spr round 40 (radius: 5)
[01:03:54 -91580.793513] SLOW spr round 41 (radius: 10)
[01:04:56 -91580.006467] SLOW spr round 42 (radius: 5)
[01:06:10 -91580.003049] SLOW spr round 43 (radius: 10)
[01:07:15 -91579.866709] SLOW spr round 44 (radius: 5)
[01:08:29 -91579.816297] SLOW spr round 45 (radius: 10)
[01:09:33 -91579.816035] SLOW spr round 46 (radius: 15)
[01:11:02 -91578.574527] SLOW spr round 47 (radius: 5)
[01:12:19 -91575.355115] SLOW spr round 48 (radius: 5)
[01:13:27 -91575.341456] SLOW spr round 49 (radius: 10)
[01:14:29 -91575.341115] SLOW spr round 50 (radius: 15)
[01:15:59 -91574.571852] SLOW spr round 51 (radius: 5)
[01:17:16 -91574.571137] SLOW spr round 52 (radius: 10)
[01:18:23 -91571.920616] SLOW spr round 53 (radius: 5)
[01:19:36 -91571.123608] SLOW spr round 54 (radius: 5)
[01:20:41 -91571.122729] SLOW spr round 55 (radius: 10)
[01:21:43 -91571.122697] SLOW spr round 56 (radius: 15)
[01:23:13 -91570.927687] SLOW spr round 57 (radius: 5)
[01:24:30 -91570.404333] SLOW spr round 58 (radius: 5)
[01:25:37 -91570.403498] SLOW spr round 59 (radius: 10)
[01:26:39 -91570.403473] SLOW spr round 60 (radius: 15)
[01:28:09 -91570.344635] SLOW spr round 61 (radius: 20)
[01:30:00 -91553.644477] SLOW spr round 62 (radius: 5)
[01:31:19 -91539.829147] SLOW spr round 63 (radius: 5)
[01:32:28 -91538.175230] SLOW spr round 64 (radius: 5)
[01:33:31 -91537.912464] SLOW spr round 65 (radius: 5)
[01:34:32 -91537.912440] SLOW spr round 66 (radius: 10)
[01:35:33 -91535.653096] SLOW spr round 67 (radius: 5)
[01:36:47 -91535.527595] SLOW spr round 68 (radius: 5)
[01:37:54 -91535.525199] SLOW spr round 69 (radius: 10)
[01:38:55 -91533.475795] SLOW spr round 70 (radius: 5)
[01:40:09 -91532.413247] SLOW spr round 71 (radius: 5)
[01:41:15 -91532.258234] SLOW spr round 72 (radius: 5)
[01:42:17 -91532.257900] SLOW spr round 73 (radius: 10)
[01:43:18 -91532.257864] SLOW spr round 74 (radius: 15)
[01:44:50 -91532.087966] SLOW spr round 75 (radius: 5)
[01:46:07 -91532.005859] SLOW spr round 76 (radius: 10)
[01:47:14 -91527.783637] SLOW spr round 77 (radius: 5)
[01:48:27 -91527.783596] SLOW spr round 78 (radius: 10)
[01:49:31 -91527.783595] SLOW spr round 79 (radius: 15)
[01:50:57 -91527.783594] SLOW spr round 80 (radius: 20)
[01:52:47 -91526.128523] SLOW spr round 81 (radius: 5)
[01:54:04 -91526.127739] SLOW spr round 82 (radius: 10)
[01:55:11 -91526.127733] SLOW spr round 83 (radius: 15)
[01:56:37 -91526.127733] SLOW spr round 84 (radius: 20)
[01:58:27 -91525.817135] SLOW spr round 85 (radius: 5)
[01:59:45 -91522.917427] SLOW spr round 86 (radius: 5)
[02:00:53 -91522.917168] SLOW spr round 87 (radius: 10)
[02:01:55 -91522.917164] SLOW spr round 88 (radius: 15)
[02:03:24 -91522.917164] SLOW spr round 89 (radius: 20)
[02:05:13 -91522.669656] SLOW spr round 90 (radius: 5)
[02:06:30 -91521.392332] SLOW spr round 91 (radius: 5)
[02:07:39 -91521.391366] SLOW spr round 92 (radius: 10)
[02:08:41 -91521.391274] SLOW spr round 93 (radius: 15)
[02:10:11 -91521.391266] SLOW spr round 94 (radius: 20)
[02:11:59 -91521.349922] SLOW spr round 95 (radius: 25)
[02:14:04 -91501.739247] SLOW spr round 96 (radius: 5)
[02:15:24 -91485.113672] SLOW spr round 97 (radius: 5)
[02:16:34 -91483.665334] SLOW spr round 98 (radius: 5)
[02:17:38 -91483.665264] SLOW spr round 99 (radius: 10)
[02:18:39 -91483.665261] SLOW spr round 100 (radius: 15)
[02:20:11 -91483.665261] SLOW spr round 101 (radius: 20)
[02:21:58 -91483.584092] SLOW spr round 102 (radius: 25)
[02:24:01 -91483.074409] SLOW spr round 103 (radius: 5)
[02:25:20 -91482.358881] SLOW spr round 104 (radius: 5)
[02:26:30 -91481.141521] SLOW spr round 105 (radius: 5)
[02:27:34 -91480.023060] SLOW spr round 106 (radius: 5)
[02:28:35 -91480.022793] SLOW spr round 107 (radius: 10)
[02:29:35 -91480.022786] SLOW spr round 108 (radius: 15)
[02:31:07 -91480.022785] SLOW spr round 109 (radius: 20)
[02:32:55 -91479.985594] SLOW spr round 110 (radius: 25)
[02:34:58 -91479.495773] SLOW spr round 111 (radius: 5)
[02:36:16 -91476.120445] SLOW spr round 112 (radius: 5)
[02:37:24 -91476.120137] SLOW spr round 113 (radius: 10)
[02:38:25 -91473.958699] SLOW spr round 114 (radius: 5)
[02:39:39 -91469.955828] SLOW spr round 115 (radius: 5)
[02:40:46 -91469.658034] SLOW spr round 116 (radius: 5)
[02:41:49 -91469.658022] SLOW spr round 117 (radius: 10)
[02:42:49 -91469.658022] SLOW spr round 118 (radius: 15)
[02:44:21 -91468.925620] SLOW spr round 119 (radius: 5)
[02:45:37 -91468.923936] SLOW spr round 120 (radius: 10)
[02:46:43 -91468.923846] SLOW spr round 121 (radius: 15)
[02:48:09 -91468.845987] SLOW spr round 122 (radius: 20)
[02:49:56 -91468.845813] SLOW spr round 123 (radius: 25)
[02:51:56 -91468.845807] Model parameter optimization (eps = 0.100000)

[02:52:16] [worker #0] ML tree search #1, logLikelihood: -91438.076581

[02:52:16 -182221.267428] Initial branch length optimization
[02:52:16 -164798.319214] Model parameter optimization (eps = 10.000000)
[02:52:30 -149439.768659] AUTODETECT spr round 1 (radius: 5)
[02:53:23 -131786.131204] AUTODETECT spr round 2 (radius: 10)
[02:54:24 -117225.517572] AUTODETECT spr round 3 (radius: 15)
[02:55:39 -108580.288050] AUTODETECT spr round 4 (radius: 20)
[02:57:12 -104941.299014] AUTODETECT spr round 5 (radius: 25)
[02:59:00 -102994.060921] SPR radius for FAST iterations: 25 (autodetect)
[02:59:00 -102994.060921] Model parameter optimization (eps = 3.000000)
[03:00:09 -102147.023604] FAST spr round 1 (radius: 25)
[03:02:46 -95707.355708] FAST spr round 2 (radius: 25)
[03:04:20 -94733.307663] FAST spr round 3 (radius: 25)
[03:05:33 -94537.361051] FAST spr round 4 (radius: 25)
[03:06:34 -94458.306354] FAST spr round 5 (radius: 25)
[03:07:28 -94446.331482] FAST spr round 6 (radius: 25)
[03:08:17 -94446.275572] Model parameter optimization (eps = 1.000000)
[03:08:21] [worker #4] ML tree search #5, logLikelihood: -92466.017276
[03:08:55 -94259.135159] SLOW spr round 1 (radius: 5)
[03:10:03 -94140.655615] SLOW spr round 2 (radius: 5)
[03:11:06 -94120.074677] SLOW spr round 3 (radius: 5)
[03:12:07 -94112.111147] SLOW spr round 4 (radius: 5)
[03:13:07 -94107.501342] SLOW spr round 5 (radius: 5)
[03:14:06 -94107.289706] SLOW spr round 6 (radius: 5)
[03:15:03 -94107.289565] SLOW spr round 7 (radius: 10)
[03:16:03 -94091.573166] SLOW spr round 8 (radius: 5)
[03:17:17 -94085.140077] SLOW spr round 9 (radius: 5)
[03:18:23 -94084.976741] SLOW spr round 10 (radius: 5)
[03:19:23 -94084.976003] SLOW spr round 11 (radius: 10)
[03:20:22 -94083.068181] SLOW spr round 12 (radius: 5)
[03:21:35 -94082.730228] SLOW spr round 13 (radius: 5)
[03:22:41 -94081.938822] SLOW spr round 14 (radius: 5)
[03:23:42 -94081.723512] SLOW spr round 15 (radius: 5)
[03:24:42 -94081.722899] SLOW spr round 16 (radius: 10)
[03:25:45 -94079.470173] SLOW spr round 17 (radius: 5)
[03:27:05 -94077.730600] SLOW spr round 18 (radius: 5)
[03:28:15 -94076.079462] SLOW spr round 19 (radius: 5)
[03:29:17 -94075.828616] SLOW spr round 20 (radius: 5)
[03:30:16 -94075.824631] SLOW spr round 21 (radius: 10)
[03:31:15 -94075.225263] SLOW spr round 22 (radius: 5)
[03:31:44] [worker #3] ML tree search #4, logLikelihood: -92787.107894
[03:32:27 -94075.221456] SLOW spr round 23 (radius: 10)
[03:33:30 -94068.399010] SLOW spr round 24 (radius: 5)
[03:34:42 -94068.162877] SLOW spr round 25 (radius: 5)
[03:35:46 -94068.162694] SLOW spr round 26 (radius: 10)
[03:36:45 -94067.667558] SLOW spr round 27 (radius: 5)
[03:37:58 -94063.673681] SLOW spr round 28 (radius: 5)
[03:39:01 -94063.522661] SLOW spr round 29 (radius: 5)
[03:40:00 -94063.522390] SLOW spr round 30 (radius: 10)
[03:40:58 -94063.145436] SLOW spr round 31 (radius: 5)
[03:42:10 -94063.061069] SLOW spr round 32 (radius: 10)
[03:43:12 -94062.820436] SLOW spr round 33 (radius: 5)
[03:44:23 -94062.820383] SLOW spr round 34 (radius: 10)
[03:44:44] [worker #1] ML tree search #2, logLikelihood: -91447.827770
[03:45:23 -94062.820382] SLOW spr round 35 (radius: 15)
[03:46:43 -94044.272948] SLOW spr round 36 (radius: 5)
[03:47:58 -94041.873940] SLOW spr round 37 (radius: 5)
[03:49:03 -94040.744637] SLOW spr round 38 (radius: 5)
[03:50:01 -94040.743891] SLOW spr round 39 (radius: 10)
[03:50:59 -94039.386713] SLOW spr round 40 (radius: 5)
[03:52:10 -94039.380934] SLOW spr round 41 (radius: 10)
[03:53:12 -94039.380381] SLOW spr round 42 (radius: 15)
[03:54:29 -94037.251699] SLOW spr round 43 (radius: 5)
[03:55:43 -94037.251324] SLOW spr round 44 (radius: 10)
[03:56:45 -94037.251315] SLOW spr round 45 (radius: 15)
[03:58:03 -94036.026646] SLOW spr round 46 (radius: 5)
[03:59:16 -94035.961273] SLOW spr round 47 (radius: 10)
[04:00:19 -94035.961252] SLOW spr round 48 (radius: 15)
[04:01:37 -94035.814649] SLOW spr round 49 (radius: 5)
[04:02:51 -94035.810400] SLOW spr round 50 (radius: 10)
[04:03:53 -94035.784615] SLOW spr round 51 (radius: 15)
[04:05:12 -94035.777733] SLOW spr round 52 (radius: 20)
[04:06:56 -94015.234863] SLOW spr round 53 (radius: 5)
[04:08:12 -94009.006498] SLOW spr round 54 (radius: 5)
[04:09:18 -94007.617320] SLOW spr round 55 (radius: 5)
[04:10:19 -94007.617214] SLOW spr round 56 (radius: 10)
[04:11:17 -94007.060039] SLOW spr round 57 (radius: 5)
[04:12:29 -94006.383635] SLOW spr round 58 (radius: 5)
[04:13:32 -94006.383278] SLOW spr round 59 (radius: 10)
[04:14:31 -94006.383272] SLOW spr round 60 (radius: 15)
[04:15:53 -93996.702476] SLOW spr round 61 (radius: 5)
[04:17:08 -93994.180726] SLOW spr round 62 (radius: 5)
[04:18:12 -93994.180476] SLOW spr round 63 (radius: 10)
[04:19:11 -93994.180452] SLOW spr round 64 (radius: 15)
[04:20:32 -93994.180445] SLOW spr round 65 (radius: 20)
[04:22:12 -93993.877562] SLOW spr round 66 (radius: 5)
[04:23:27 -93993.875965] SLOW spr round 67 (radius: 10)
[04:24:31 -93993.875963] SLOW spr round 68 (radius: 15)
[04:25:49 -93993.875963] SLOW spr round 69 (radius: 20)
[04:27:31 -93991.802081] SLOW spr round 70 (radius: 5)
[04:28:47 -93991.643227] SLOW spr round 71 (radius: 5)
[04:29:53 -93991.639858] SLOW spr round 72 (radius: 10)
[04:30:53 -93991.638635] SLOW spr round 73 (radius: 15)
[04:32:14 -93991.609422] SLOW spr round 74 (radius: 20)
[04:33:54 -93990.488939] SLOW spr round 75 (radius: 5)
[04:35:10 -93989.766969] SLOW spr round 76 (radius: 5)
[04:36:16 -93989.766771] SLOW spr round 77 (radius: 10)
[04:37:15 -93989.766770] SLOW spr round 78 (radius: 15)
[04:38:36 -93989.766770] SLOW spr round 79 (radius: 20)
[04:40:16 -93989.617246] SLOW spr round 80 (radius: 5)
[04:41:31 -93989.552948] SLOW spr round 81 (radius: 10)
[04:42:38 -93989.550923] SLOW spr round 82 (radius: 15)
[04:43:57 -93989.550814] SLOW spr round 83 (radius: 20)
[04:45:38 -93989.435477] SLOW spr round 84 (radius: 5)
[04:46:53 -93989.031930] SLOW spr round 85 (radius: 5)
[04:47:59 -93989.031283] SLOW spr round 86 (radius: 10)
[04:48:58 -93989.031279] SLOW spr round 87 (radius: 15)
[04:50:22 -93987.404424] SLOW spr round 88 (radius: 5)
[04:51:37 -93987.142225] SLOW spr round 89 (radius: 5)
[04:52:42 -93987.140151] SLOW spr round 90 (radius: 10)
[04:53:40 -93987.139057] SLOW spr round 91 (radius: 15)
[04:55:02 -93987.138393] SLOW spr round 92 (radius: 20)
[04:56:42 -93987.138318] SLOW spr round 93 (radius: 25)
[04:57:13] [worker #2] ML tree search #3, logLikelihood: -91450.073201
[04:58:39 -93985.301010] SLOW spr round 94 (radius: 5)
[04:59:56 -93984.272383] SLOW spr round 95 (radius: 5)
[05:01:02 -93984.272237] SLOW spr round 96 (radius: 10)
[05:02:01 -93984.272236] SLOW spr round 97 (radius: 15)
[05:03:23 -93984.272236] SLOW spr round 98 (radius: 20)
[05:05:02 -93961.039947] SLOW spr round 99 (radius: 5)
[05:06:17 -93960.982933] SLOW spr round 100 (radius: 10)
[05:07:20 -93960.981527] SLOW spr round 101 (radius: 15)
[05:08:39 -93960.981243] SLOW spr round 102 (radius: 20)
[05:10:19 -93960.981190] SLOW spr round 103 (radius: 25)
[05:12:20 -93956.769992] SLOW spr round 104 (radius: 5)
[05:13:26 -93956.769915] SLOW spr round 105 (radius: 10)
[05:14:25 -93956.769914] SLOW spr round 106 (radius: 15)
[05:15:48 -93956.769914] SLOW spr round 107 (radius: 20)
[05:17:21 -93956.769914] SLOW spr round 108 (radius: 25)
[05:19:07 -93955.178280] SLOW spr round 109 (radius: 5)
[05:20:20 -93955.173366] SLOW spr round 110 (radius: 10)
[05:21:30 -93955.173230] SLOW spr round 111 (radius: 15)
[05:22:43 -93955.173225] SLOW spr round 112 (radius: 20)
[05:24:15 -93955.173225] SLOW spr round 113 (radius: 25)
[05:25:07] [worker #4] ML tree search #10, logLikelihood: -91981.352565
[05:26:14 -93954.218928] SLOW spr round 114 (radius: 5)
[05:27:26 -93954.218615] SLOW spr round 115 (radius: 10)
[05:28:32 -93954.218611] SLOW spr round 116 (radius: 15)
[05:29:52 -93954.218610] SLOW spr round 117 (radius: 20)
[05:31:31 -93954.218610] SLOW spr round 118 (radius: 25)
[05:33:34 -93954.218610] Model parameter optimization (eps = 0.100000)

[05:33:58] [worker #0] ML tree search #6, logLikelihood: -93935.434975

[05:33:58 -111501.672551] Initial branch length optimization
[05:33:59 -102887.005255] Model parameter optimization (eps = 10.000000)
[05:34:22 -95953.496564] AUTODETECT spr round 1 (radius: 5)
[05:34:59 -94202.804355] AUTODETECT spr round 2 (radius: 10)
[05:35:55 -93512.653902] AUTODETECT spr round 3 (radius: 15)
[05:36:59 -93003.935543] AUTODETECT spr round 4 (radius: 20)
[05:38:15 -92679.497005] AUTODETECT spr round 5 (radius: 25)
[05:39:49 -92510.771880] SPR radius for FAST iterations: 25 (autodetect)
[05:39:49 -92510.771880] Model parameter optimization (eps = 3.000000)
[05:40:04 -92400.442354] FAST spr round 1 (radius: 25)
[05:43:03 -91541.337857] FAST spr round 2 (radius: 25)
[05:44:50 -91371.311970] FAST spr round 3 (radius: 25)
[05:46:05 -91330.536077] FAST spr round 4 (radius: 25)
[05:47:06 -91316.083829] FAST spr round 5 (radius: 25)
[05:47:59 -91310.630336] FAST spr round 6 (radius: 25)
[05:48:49 -91309.904675] FAST spr round 7 (radius: 25)
[05:49:37 -91308.324688] FAST spr round 8 (radius: 25)
[05:50:24 -91308.319646] Model parameter optimization (eps = 1.000000)
[05:50:40 -91269.675049] SLOW spr round 1 (radius: 5)
[05:51:43 -91218.674826] SLOW spr round 2 (radius: 5)
[05:52:42 -91205.202757] SLOW spr round 3 (radius: 5)
[05:53:41 -91197.132216] SLOW spr round 4 (radius: 5)
[05:54:37 -91196.079817] SLOW spr round 5 (radius: 5)
[05:55:33 -91196.079705] SLOW spr round 6 (radius: 10)
[05:56:31 -91184.399660] SLOW spr round 7 (radius: 5)
[05:57:42 -91180.229129] SLOW spr round 8 (radius: 5)
[05:58:44 -91180.226441] SLOW spr round 9 (radius: 10)
[05:59:42 -91178.832592] SLOW spr round 10 (radius: 5)
[06:00:51 -91177.936087] SLOW spr round 11 (radius: 5)
[06:01:53 -91177.935887] SLOW spr round 12 (radius: 10)
[06:02:51 -91176.893949] SLOW spr round 13 (radius: 5)
[06:04:01 -91176.893889] SLOW spr round 14 (radius: 10)
[06:05:03 -91175.283228] SLOW spr round 15 (radius: 5)
[06:06:13 -91174.007566] SLOW spr round 16 (radius: 5)
[06:07:15 -91174.007532] SLOW spr round 17 (radius: 10)
[06:08:13 -91173.305999] SLOW spr round 18 (radius: 5)
[06:09:23 -91173.305927] SLOW spr round 19 (radius: 10)
[06:10:25 -91173.125602] SLOW spr round 20 (radius: 5)
[06:11:33 -91171.189185] SLOW spr round 21 (radius: 5)
[06:12:34 -91170.309014] SLOW spr round 22 (radius: 5)
[06:13:32 -91169.600879] SLOW spr round 23 (radius: 5)
[06:14:29 -91169.600862] SLOW spr round 24 (radius: 10)
[06:15:25 -91169.480273] SLOW spr round 25 (radius: 5)
[06:16:36 -91167.757608] SLOW spr round 26 (radius: 5)
[06:17:38 -91167.757334] SLOW spr round 27 (radius: 10)
[06:18:35 -91167.670959] SLOW spr round 28 (radius: 15)
[06:20:05 -91148.128511] SLOW spr round 29 (radius: 5)
[06:21:18 -91146.354006] SLOW spr round 30 (radius: 5)
[06:22:22 -91146.351060] SLOW spr round 31 (radius: 10)
[06:23:21 -91146.350351] SLOW spr round 32 (radius: 15)
[06:24:49 -91144.276300] SLOW spr round 33 (radius: 5)
[06:26:02 -91144.274159] SLOW spr round 34 (radius: 10)
[06:27:05 -91144.257210] SLOW spr round 35 (radius: 15)
[06:28:29 -91142.998672] SLOW spr round 36 (radius: 5)
[06:29:46 -91141.693711] SLOW spr round 37 (radius: 5)
[06:30:46 -91141.572583] SLOW spr round 38 (radius: 5)
[06:31:39 -91141.572431] SLOW spr round 39 (radius: 10)
[06:32:31 -91140.815352] SLOW spr round 40 (radius: 5)
[06:33:32 -91140.705859] SLOW spr round 41 (radius: 5)
[06:34:26 -91140.705732] SLOW spr round 42 (radius: 10)
[06:35:17 -91140.138280] SLOW spr round 43 (radius: 5)
[06:36:18 -91140.134830] SLOW spr round 44 (radius: 10)
[06:37:11 -91140.134663] SLOW spr round 45 (radius: 15)
[06:38:26 -91138.916373] SLOW spr round 46 (radius: 5)
[06:39:29 -91138.391481] SLOW spr round 47 (radius: 5)
[06:40:25 -91138.391127] SLOW spr round 48 (radius: 10)
[06:41:15 -91138.391025] SLOW spr round 49 (radius: 15)
[06:42:32 -91135.748852] SLOW spr round 50 (radius: 5)
[06:43:36 -91130.415940] SLOW spr round 51 (radius: 5)
[06:44:32 -91130.150850] SLOW spr round 52 (radius: 5)
[06:45:22 -91130.149301] SLOW spr round 53 (radius: 10)
[06:46:11 -91129.805802] SLOW spr round 54 (radius: 5)
[06:47:14 -91126.190459] SLOW spr round 55 (radius: 5)
[06:48:08 -91125.520528] SLOW spr round 56 (radius: 5)
[06:48:57 -91125.520501] SLOW spr round 57 (radius: 10)
[06:49:46 -91125.520501] SLOW spr round 58 (radius: 15)
[06:51:04 -91121.013813] SLOW spr round 59 (radius: 5)
[06:51:49] [worker #3] ML tree search #9, logLikelihood: -92966.605606
[06:51:55] [worker #1] ML tree search #7, logLikelihood: -91702.470179
[06:52:09 -91116.862211] SLOW spr round 60 (radius: 5)
[06:53:06 -91115.954913] SLOW spr round 61 (radius: 5)
[06:53:58 -91115.954857] SLOW spr round 62 (radius: 10)
[06:54:48 -91114.561953] SLOW spr round 63 (radius: 5)
[06:55:50 -91114.525316] SLOW spr round 64 (radius: 10)
[06:56:42 -91114.252410] SLOW spr round 65 (radius: 5)
[06:57:43 -91114.178379] SLOW spr round 66 (radius: 10)
[06:58:35 -91113.442051] SLOW spr round 67 (radius: 5)
[06:59:37 -91110.432178] SLOW spr round 68 (radius: 5)
[07:00:31 -91107.415582] SLOW spr round 69 (radius: 5)
[07:01:22 -91107.415339] SLOW spr round 70 (radius: 10)
[07:02:11 -91107.415331] SLOW spr round 71 (radius: 15)
[07:03:29 -91106.567127] SLOW spr round 72 (radius: 5)
[07:04:34 -91105.099358] SLOW spr round 73 (radius: 5)
[07:05:32 -91104.757219] SLOW spr round 74 (radius: 5)
[07:06:24 -91104.756167] SLOW spr round 75 (radius: 10)
[07:07:14 -91104.756139] SLOW spr round 76 (radius: 15)
[07:08:32 -91103.777708] SLOW spr round 77 (radius: 5)
[07:09:36 -91102.262093] SLOW spr round 78 (radius: 5)
[07:10:31 -91102.013058] SLOW spr round 79 (radius: 5)
[07:11:23 -91102.012963] SLOW spr round 80 (radius: 10)
[07:12:12 -91100.718123] SLOW spr round 81 (radius: 5)
[07:13:15 -91098.175027] SLOW spr round 82 (radius: 5)
[07:14:09 -91098.140153] SLOW spr round 83 (radius: 10)
[07:14:59 -91098.140045] SLOW spr round 84 (radius: 15)
[07:16:14 -91097.421972] SLOW spr round 85 (radius: 5)
[07:17:17 -91097.421693] SLOW spr round 86 (radius: 10)
[07:18:11 -91097.421680] SLOW spr round 87 (radius: 15)
[07:19:25 -91096.622378] SLOW spr round 88 (radius: 5)
[07:20:28 -91096.447843] SLOW spr round 89 (radius: 5)
[07:21:23 -91096.447185] SLOW spr round 90 (radius: 10)
[07:22:14 -91096.447170] SLOW spr round 91 (radius: 15)
[07:23:30 -91096.240511] SLOW spr round 92 (radius: 5)
[07:24:33 -91096.240314] SLOW spr round 93 (radius: 10)
[07:25:28 -91096.240313] SLOW spr round 94 (radius: 15)
[07:26:40 -91096.240313] SLOW spr round 95 (radius: 20)
[07:28:20 -91063.447712] SLOW spr round 96 (radius: 5)
[07:29:26 -91060.879464] SLOW spr round 97 (radius: 5)
[07:30:22 -91058.973658] SLOW spr round 98 (radius: 5)
[07:31:15 -91058.341420] SLOW spr round 99 (radius: 5)
[07:32:05 -91058.341346] SLOW spr round 100 (radius: 10)
[07:32:54 -91057.738004] SLOW spr round 101 (radius: 5)
[07:33:56 -91056.666296] SLOW spr round 102 (radius: 5)
[07:34:50 -91056.666195] SLOW spr round 103 (radius: 10)
[07:35:40 -91056.666195] SLOW spr round 104 (radius: 15)
[07:36:57 -91049.211783] SLOW spr round 105 (radius: 5)
[07:38:02 -91037.748923] SLOW spr round 106 (radius: 5)
[07:38:58 -91037.102713] SLOW spr round 107 (radius: 5)
[07:39:49 -91036.869155] SLOW spr round 108 (radius: 5)
[07:40:38 -91036.869135] SLOW spr round 109 (radius: 10)
[07:41:27 -91036.235926] SLOW spr round 110 (radius: 5)
[07:42:28 -91035.910930] SLOW spr round 111 (radius: 5)
[07:43:22 -91035.910597] SLOW spr round 112 (radius: 10)
[07:44:12 -91034.741419] SLOW spr round 113 (radius: 5)
[07:45:14 -91034.669378] SLOW spr round 114 (radius: 10)
[07:46:06 -91033.971365] SLOW spr round 115 (radius: 5)
[07:47:06 -91033.971262] SLOW spr round 116 (radius: 10)
[07:47:59 -91033.971261] SLOW spr round 117 (radius: 15)
[07:49:14 -91033.121576] SLOW spr round 118 (radius: 5)
[07:50:18 -91029.491438] SLOW spr round 119 (radius: 5)
[07:51:13 -91029.491402] SLOW spr round 120 (radius: 10)
[07:52:02 -91029.491402] SLOW spr round 121 (radius: 15)
[07:53:18 -91028.857553] SLOW spr round 122 (radius: 5)
[07:54:20 -91028.799991] SLOW spr round 123 (radius: 10)
[07:55:14 -91028.799063] SLOW spr round 124 (radius: 15)
[07:56:27 -91028.695423] SLOW spr round 125 (radius: 5)
[07:57:30 -91025.783754] SLOW spr round 126 (radius: 5)
[07:58:25 -91025.537755] SLOW spr round 127 (radius: 5)
[07:59:17 -91025.537535] SLOW spr round 128 (radius: 10)
[08:00:06 -91024.402353] SLOW spr round 129 (radius: 5)
[08:01:06 -91024.402312] SLOW spr round 130 (radius: 10)
[08:01:59 -91024.402312] SLOW spr round 131 (radius: 15)
[08:03:12 -91014.283796] SLOW spr round 132 (radius: 5)
[08:04:15 -91014.283420] SLOW spr round 133 (radius: 10)
[08:05:10 -91014.004782] SLOW spr round 134 (radius: 5)
[08:06:10 -91014.004768] SLOW spr round 135 (radius: 10)
[08:07:03 -91014.004768] SLOW spr round 136 (radius: 15)
[08:08:17 -91006.263141] SLOW spr round 137 (radius: 5)
[08:09:21 -90991.106548] SLOW spr round 138 (radius: 5)
[08:10:17 -90988.060228] SLOW spr round 139 (radius: 5)
[08:11:08 -90987.742561] SLOW spr round 140 (radius: 5)
[08:11:56 -90987.742097] SLOW spr round 141 (radius: 10)
[08:12:44 -90987.742093] SLOW spr round 142 (radius: 15)
[08:14:02 -90987.742093] SLOW spr round 143 (radius: 20)
[08:15:38 -90981.191415] SLOW spr round 144 (radius: 5)
[08:16:42 -90980.890676] SLOW spr round 145 (radius: 5)
[08:17:38 -90980.890504] SLOW spr round 146 (radius: 10)
[08:18:28 -90980.470544] SLOW spr round 147 (radius: 5)
[08:19:29 -90978.900037] SLOW spr round 148 (radius: 5)
[08:20:23 -90978.899260] SLOW spr round 149 (radius: 10)
[08:21:13 -90978.899200] SLOW spr round 150 (radius: 15)
[08:22:29 -90978.899196] SLOW spr round 151 (radius: 20)
[08:24:05 -90978.251704] SLOW spr round 152 (radius: 5)
[08:25:08 -90978.251598] SLOW spr round 153 (radius: 10)
[08:25:47] [worker #2] ML tree search #8, logLikelihood: -92736.134835
[08:26:03 -90978.251596] SLOW spr round 154 (radius: 15)
[08:27:15 -90978.251596] SLOW spr round 155 (radius: 20)
[08:28:53 -90978.251596] SLOW spr round 156 (radius: 25)
[08:30:49 -90964.875423] SLOW spr round 157 (radius: 5)
[08:31:54 -90954.312352] SLOW spr round 158 (radius: 5)
[08:32:50 -90952.344570] SLOW spr round 159 (radius: 5)
[08:33:43 -90951.349358] SLOW spr round 160 (radius: 5)
[08:34:32 -90951.236909] SLOW spr round 161 (radius: 5)
[08:35:20 -90951.236802] SLOW spr round 162 (radius: 10)
[08:36:09 -90951.236799] SLOW spr round 163 (radius: 15)
[08:37:27 -90950.740660] SLOW spr round 164 (radius: 5)
[08:38:30 -90950.740502] SLOW spr round 165 (radius: 10)
[08:39:24 -90950.072417] SLOW spr round 166 (radius: 5)
[08:40:24 -90949.532027] SLOW spr round 167 (radius: 5)
[08:41:18 -90949.531531] SLOW spr round 168 (radius: 10)
[08:42:08 -90949.531526] SLOW spr round 169 (radius: 15)
[08:43:23 -90948.787259] SLOW spr round 170 (radius: 5)
[08:44:25 -90948.787113] SLOW spr round 171 (radius: 10)
[08:45:19 -90948.787111] SLOW spr round 172 (radius: 15)
[08:46:29 -90948.787111] SLOW spr round 173 (radius: 20)
[08:48:04 -90948.787111] SLOW spr round 174 (radius: 25)
[08:49:56 -90947.581696] SLOW spr round 175 (radius: 5)
[08:51:02 -90939.107667] SLOW spr round 176 (radius: 5)
[08:51:58 -90937.466142] SLOW spr round 177 (radius: 5)
[08:52:50 -90937.466051] SLOW spr round 178 (radius: 10)
[08:53:40 -90937.271325] SLOW spr round 179 (radius: 5)
[08:54:41 -90936.918574] SLOW spr round 180 (radius: 5)
[08:55:35 -90936.918562] SLOW spr round 181 (radius: 10)
[08:56:25 -90936.918561] SLOW spr round 182 (radius: 15)
[08:57:39 -90936.289600] SLOW spr round 183 (radius: 5)
[08:58:42 -90936.289373] SLOW spr round 184 (radius: 10)
[08:59:36 -90936.289362] SLOW spr round 185 (radius: 15)
[09:00:48 -90936.289361] SLOW spr round 186 (radius: 20)
[09:02:21 -90917.462218] SLOW spr round 187 (radius: 5)
[09:03:27 -90908.424259] SLOW spr round 188 (radius: 5)
[09:04:23 -90907.562060] SLOW spr round 189 (radius: 5)
[09:05:13 -90907.437036] SLOW spr round 190 (radius: 5)
[09:06:02 -90907.436967] SLOW spr round 191 (radius: 10)
[09:06:49 -90907.436967] SLOW spr round 192 (radius: 15)
[09:08:06 -90900.145382] SLOW spr round 193 (radius: 5)
[09:09:09 -90900.143505] SLOW spr round 194 (radius: 10)
[09:10:04 -90896.112907] SLOW spr round 195 (radius: 5)
[09:11:05 -90895.173305] SLOW spr round 196 (radius: 5)
[09:11:59 -90895.172917] SLOW spr round 197 (radius: 10)
[09:12:48 -90895.172912] SLOW spr round 198 (radius: 15)
[09:14:04 -90894.763846] SLOW spr round 199 (radius: 5)
[09:15:06 -90894.738247] SLOW spr round 200 (radius: 10)
[09:16:00 -90894.738244] SLOW spr round 201 (radius: 15)
[09:17:10 -90894.738244] SLOW spr round 202 (radius: 20)
[09:18:43 -90890.236856] SLOW spr round 203 (radius: 5)
[09:19:47 -90886.464274] SLOW spr round 204 (radius: 5)
[09:20:43 -90886.463885] SLOW spr round 205 (radius: 10)
[09:21:34 -90885.211259] SLOW spr round 206 (radius: 5)
[09:22:35 -90884.845922] SLOW spr round 207 (radius: 5)
[09:23:30 -90883.950159] SLOW spr round 208 (radius: 5)
[09:24:20 -90883.949988] SLOW spr round 209 (radius: 10)
[09:25:10 -90883.949986] SLOW spr round 210 (radius: 15)
[09:26:26 -90883.949986] SLOW spr round 211 (radius: 20)
[09:27:58 -90883.061037] SLOW spr round 212 (radius: 5)
[09:29:01 -90883.055340] SLOW spr round 213 (radius: 10)
[09:29:57 -90883.055081] SLOW spr round 214 (radius: 15)
[09:31:07 -90883.055069] SLOW spr round 215 (radius: 20)
[09:32:41 -90883.055069] SLOW spr round 216 (radius: 25)
[09:34:27 -90881.938403] SLOW spr round 217 (radius: 5)
[09:35:31 -90877.886119] SLOW spr round 218 (radius: 5)
[09:36:27 -90877.886118] SLOW spr round 219 (radius: 10)
[09:37:18 -90877.886118] SLOW spr round 220 (radius: 15)
[09:38:32 -90877.886118] SLOW spr round 221 (radius: 20)
[09:40:05 -90877.886118] SLOW spr round 222 (radius: 25)
[09:41:52 -90866.249280] SLOW spr round 223 (radius: 5)
[09:42:56 -90864.064998] SLOW spr round 224 (radius: 5)
[09:43:52 -90857.552872] SLOW spr round 225 (radius: 5)
[09:44:44 -90856.460500] SLOW spr round 226 (radius: 5)
[09:45:33 -90856.450789] SLOW spr round 227 (radius: 10)
[09:46:22 -90856.449917] SLOW spr round 228 (radius: 15)
[09:47:40 -90848.570347] SLOW spr round 229 (radius: 5)
[09:48:43 -90846.719258] SLOW spr round 230 (radius: 5)
[09:49:37 -90844.170833] SLOW spr round 231 (radius: 5)
[09:50:27 -90844.102540] SLOW spr round 232 (radius: 10)
[09:51:15 -90844.102494] SLOW spr round 233 (radius: 15)
[09:52:31 -90843.581377] SLOW spr round 234 (radius: 5)
[09:52:53] [worker #1] ML tree search #12, logLikelihood: -90811.947826
[09:53:05] [worker #4] ML tree search #15, logLikelihood: -90534.207285
[09:53:35 -90843.495925] SLOW spr round 235 (radius: 10)
[09:54:31 -90843.495895] SLOW spr round 236 (radius: 15)
[09:55:44 -90843.495894] SLOW spr round 237 (radius: 20)
[09:57:20 -90839.548936] SLOW spr round 238 (radius: 5)
[09:58:24 -90838.146862] SLOW spr round 239 (radius: 5)
[09:59:21 -90838.146164] SLOW spr round 240 (radius: 10)
[10:00:11 -90838.146122] SLOW spr round 241 (radius: 15)
[10:01:25 -90838.146118] SLOW spr round 242 (radius: 20)
[10:02:59 -90838.146117] SLOW spr round 243 (radius: 25)
[10:04:50 -90827.631665] SLOW spr round 244 (radius: 5)
[10:05:56 -90824.427750] SLOW spr round 245 (radius: 5)
[10:06:53 -90823.975729] SLOW spr round 246 (radius: 5)
[10:07:45 -90823.975701] SLOW spr round 247 (radius: 10)
[10:08:35 -90823.975697] SLOW spr round 248 (radius: 15)
[10:09:51 -90823.975695] SLOW spr round 249 (radius: 20)
[10:11:25 -90823.975694] SLOW spr round 250 (radius: 25)
[10:13:15 -90820.339211] SLOW spr round 251 (radius: 5)
[10:14:21 -90818.600194] SLOW spr round 252 (radius: 5)
[10:15:17 -90818.430321] SLOW spr round 253 (radius: 5)
[10:16:09 -90818.430126] SLOW spr round 254 (radius: 10)
[10:16:58 -90818.257178] SLOW spr round 255 (radius: 5)
[10:18:01 -90817.556413] SLOW spr round 256 (radius: 5)
[10:18:55 -90817.556374] SLOW spr round 257 (radius: 10)
[10:19:45 -90817.556374] SLOW spr round 258 (radius: 15)
[10:21:00 -90817.556374] SLOW spr round 259 (radius: 20)
[10:22:34 -90817.556374] SLOW spr round 260 (radius: 25)
[10:24:24 -90817.556374] Model parameter optimization (eps = 0.100000)

[10:24:32] [worker #0] ML tree search #11, logLikelihood: -90812.762785

[10:24:32 -111275.910297] Initial branch length optimization
[10:24:33 -102710.996252] Model parameter optimization (eps = 10.000000)
[10:24:58 -95843.090803] AUTODETECT spr round 1 (radius: 5)
[10:25:36 -94058.457165] AUTODETECT spr round 2 (radius: 10)
[10:26:22 -93402.856723] AUTODETECT spr round 3 (radius: 15)
[10:27:25 -93016.349434] AUTODETECT spr round 4 (radius: 20)
[10:28:42 -92765.763898] AUTODETECT spr round 5 (radius: 25)
[10:30:13 -92599.874418] SPR radius for FAST iterations: 25 (autodetect)
[10:30:13 -92599.874418] Model parameter optimization (eps = 3.000000)
[10:30:28 -92481.059951] FAST spr round 1 (radius: 25)
[10:33:25 -91356.944721] FAST spr round 2 (radius: 25)
[10:35:10 -91162.932434] FAST spr round 3 (radius: 25)
[10:36:22 -91089.525075] FAST spr round 4 (radius: 25)
[10:37:16 -91081.945354] FAST spr round 5 (radius: 25)
[10:38:01 -91079.665446] FAST spr round 6 (radius: 25)
[10:38:42 -91079.665311] Model parameter optimization (eps = 1.000000)
[10:38:55 -91050.389797] SLOW spr round 1 (radius: 5)
[10:39:52 -91010.536613] SLOW spr round 2 (radius: 5)
[10:40:45 -90997.760133] SLOW spr round 3 (radius: 5)
[10:41:36 -90996.327094] SLOW spr round 4 (radius: 5)
[10:42:15] [worker #3] ML tree search #14, logLikelihood: -90318.519311
[10:42:27 -90992.665285] SLOW spr round 5 (radius: 5)
[10:43:17 -90988.709804] SLOW spr round 6 (radius: 5)
[10:44:07 -90987.821450] SLOW spr round 7 (radius: 5)
[10:44:55 -90987.819446] SLOW spr round 8 (radius: 10)
[10:45:46 -90976.505092] SLOW spr round 9 (radius: 5)
[10:46:50 -90964.175675] SLOW spr round 10 (radius: 5)
[10:47:46 -90963.949186] SLOW spr round 11 (radius: 5)
[10:48:37 -90963.266549] SLOW spr round 12 (radius: 5)
[10:49:26 -90963.266294] SLOW spr round 13 (radius: 10)
[10:50:15 -90961.952396] SLOW spr round 14 (radius: 5)
[10:51:18 -90961.699602] SLOW spr round 15 (radius: 5)
[10:52:13 -90961.699561] SLOW spr round 16 (radius: 10)
[10:53:05 -90959.759264] SLOW spr round 17 (radius: 5)
[10:54:08 -90955.605450] SLOW spr round 18 (radius: 5)
[10:55:02 -90955.605378] SLOW spr round 19 (radius: 10)
[10:55:54 -90947.037809] SLOW spr round 20 (radius: 5)
[10:56:57 -90944.687171] SLOW spr round 21 (radius: 5)
[10:57:55 -90940.974501] SLOW spr round 22 (radius: 5)
[10:58:47 -90940.441998] SLOW spr round 23 (radius: 5)
[10:59:36 -90940.441607] SLOW spr round 24 (radius: 10)
[11:00:26 -90939.110105] SLOW spr round 25 (radius: 5)
[11:01:29 -90936.274302] SLOW spr round 26 (radius: 5)
[11:02:24 -90936.274293] SLOW spr round 27 (radius: 10)
[11:03:15 -90935.441014] SLOW spr round 28 (radius: 5)
[11:04:18 -90933.068308] SLOW spr round 29 (radius: 5)
[11:05:12 -90933.068129] SLOW spr round 30 (radius: 10)
[11:06:03 -90929.816314] SLOW spr round 31 (radius: 5)
[11:07:04 -90929.816297] SLOW spr round 32 (radius: 10)
[11:07:59 -90928.826864] SLOW spr round 33 (radius: 5)
[11:09:01 -90922.875436] SLOW spr round 34 (radius: 5)
[11:09:55 -90922.874749] SLOW spr round 35 (radius: 10)
[11:10:45 -90922.589967] SLOW spr round 36 (radius: 5)
[11:11:46 -90919.903487] SLOW spr round 37 (radius: 5)
[11:12:41 -90919.902615] SLOW spr round 38 (radius: 10)
[11:13:32 -90919.791359] SLOW spr round 39 (radius: 5)
[11:14:34 -90919.790580] SLOW spr round 40 (radius: 10)
[11:15:28 -90918.057584] SLOW spr round 41 (radius: 5)
[11:16:31 -90915.142374] SLOW spr round 42 (radius: 5)
[11:17:26 -90915.141422] SLOW spr round 43 (radius: 10)
[11:18:16 -90914.828651] SLOW spr round 44 (radius: 5)
[11:19:19 -90912.068093] SLOW spr round 45 (radius: 5)
[11:20:14 -90912.066354] SLOW spr round 46 (radius: 10)
[11:21:04 -90911.940232] SLOW spr round 47 (radius: 5)
[11:22:07 -90911.844417] SLOW spr round 48 (radius: 10)
[11:23:00 -90911.417734] SLOW spr round 49 (radius: 5)
[11:24:03 -90909.146822] SLOW spr round 50 (radius: 5)
[11:24:57 -90908.951961] SLOW spr round 51 (radius: 5)
[11:25:48 -90908.950858] SLOW spr round 52 (radius: 10)
[11:26:39 -90905.743525] SLOW spr round 53 (radius: 5)
[11:27:41 -90902.971167] SLOW spr round 54 (radius: 5)
[11:28:35 -90902.732214] SLOW spr round 55 (radius: 5)
[11:29:26 -90902.732211] SLOW spr round 56 (radius: 10)
[11:30:15 -90900.589458] SLOW spr round 57 (radius: 5)
[11:31:17 -90900.395984] SLOW spr round 58 (radius: 5)
[11:32:12 -90900.395969] SLOW spr round 59 (radius: 10)
[11:33:02 -90899.302721] SLOW spr round 60 (radius: 5)
[11:34:04 -90898.934696] SLOW spr round 61 (radius: 5)
[11:34:59 -90897.010821] SLOW spr round 62 (radius: 5)
[11:35:49 -90897.010619] SLOW spr round 63 (radius: 10)
[11:36:38 -90896.977416] SLOW spr round 64 (radius: 15)
[11:38:02 -90879.768576] SLOW spr round 65 (radius: 5)
[11:39:07 -90867.424631] SLOW spr round 66 (radius: 5)
[11:40:03 -90867.423629] SLOW spr round 67 (radius: 10)
[11:40:53 -90866.600727] SLOW spr round 68 (radius: 5)
[11:41:55 -90866.598750] SLOW spr round 69 (radius: 10)
[11:42:48 -90866.598701] SLOW spr round 70 (radius: 15)
[11:44:03 -90865.618750] SLOW spr round 71 (radius: 5)
[11:44:54] [worker #2] ML tree search #13, logLikelihood: -90128.296104
[11:45:07 -90865.506169] SLOW spr round 72 (radius: 5)
[11:46:04 -90865.505682] SLOW spr round 73 (radius: 10)
[11:46:54 -90865.505674] SLOW spr round 74 (radius: 15)
[11:48:13 -90864.923221] SLOW spr round 75 (radius: 5)
[11:48:48] [worker #4] ML tree search #20, logLikelihood: -90463.752096
[11:49:17 -90864.922812] SLOW spr round 76 (radius: 10)
[11:50:10 -90864.922779] SLOW spr round 77 (radius: 15)
[11:51:23 -90864.483609] SLOW spr round 78 (radius: 5)
[11:52:27 -90862.667736] SLOW spr round 79 (radius: 5)
[11:53:21 -90862.667130] SLOW spr round 80 (radius: 10)
[11:54:10 -90862.667123] SLOW spr round 81 (radius: 15)
[11:55:27 -90862.355803] SLOW spr round 82 (radius: 5)
[11:56:31 -90861.524530] SLOW spr round 83 (radius: 5)
[11:57:26 -90861.524523] SLOW spr round 84 (radius: 10)
[11:58:15 -90861.524523] SLOW spr round 85 (radius: 15)
[11:59:32 -90860.623673] SLOW spr round 86 (radius: 5)
[12:00:35 -90860.523905] SLOW spr round 87 (radius: 10)
[12:01:30 -90859.793160] SLOW spr round 88 (radius: 5)
[12:02:31 -90854.753562] SLOW spr round 89 (radius: 5)
[12:03:23 -90854.448361] SLOW spr round 90 (radius: 5)
[12:04:12 -90854.448246] SLOW spr round 91 (radius: 10)
[12:05:00 -90854.448246] SLOW spr round 92 (radius: 15)
[12:06:21 -90853.578399] SLOW spr round 93 (radius: 5)
[12:07:24 -90852.827469] SLOW spr round 94 (radius: 5)
[12:08:18 -90852.075513] SLOW spr round 95 (radius: 5)
[12:09:07 -90852.074938] SLOW spr round 96 (radius: 10)
[12:09:55 -90852.074738] SLOW spr round 97 (radius: 15)
[12:11:14 -90851.847035] SLOW spr round 98 (radius: 5)
[12:12:17 -90851.352968] SLOW spr round 99 (radius: 5)
[12:13:10 -90851.352729] SLOW spr round 100 (radius: 10)
[12:13:59 -90851.352722] SLOW spr round 101 (radius: 15)
[12:15:15 -90849.864801] SLOW spr round 102 (radius: 5)
[12:16:17 -90849.430296] SLOW spr round 103 (radius: 5)
[12:17:11 -90849.430018] SLOW spr round 104 (radius: 10)
[12:18:01 -90849.430016] SLOW spr round 105 (radius: 15)
[12:19:18 -90849.339848] SLOW spr round 106 (radius: 20)
[12:21:02 -90844.914751] SLOW spr round 107 (radius: 5)
[12:22:06 -90841.201589] SLOW spr round 108 (radius: 5)
[12:23:02 -90841.201312] SLOW spr round 109 (radius: 10)
[12:23:52 -90838.325359] SLOW spr round 110 (radius: 5)
[12:24:52 -90837.103971] SLOW spr round 111 (radius: 5)
[12:25:45 -90837.103924] SLOW spr round 112 (radius: 10)
[12:26:34 -90837.103923] SLOW spr round 113 (radius: 15)
[12:27:52 -90834.010127] SLOW spr round 114 (radius: 5)
[12:28:54 -90831.963188] SLOW spr round 115 (radius: 5)
[12:29:48 -90831.963157] SLOW spr round 116 (radius: 10)
[12:30:35 -90831.963157] SLOW spr round 117 (radius: 15)
[12:31:51 -90831.963157] SLOW spr round 118 (radius: 20)
[12:33:31 -90830.972301] SLOW spr round 119 (radius: 5)
[12:34:34 -90830.967660] SLOW spr round 120 (radius: 10)
[12:35:27 -90830.967500] SLOW spr round 121 (radius: 15)
[12:36:37 -90830.967495] SLOW spr round 122 (radius: 20)
[12:38:16 -90828.981862] SLOW spr round 123 (radius: 5)
[12:39:17 -90821.404594] SLOW spr round 124 (radius: 5)
[12:40:10 -90821.053704] SLOW spr round 125 (radius: 5)
[12:40:58 -90821.053578] SLOW spr round 126 (radius: 10)
[12:41:43 -90821.053576] SLOW spr round 127 (radius: 15)
[12:42:57 -90821.053576] SLOW spr round 128 (radius: 20)
[12:44:32 -90819.759216] SLOW spr round 129 (radius: 5)
[12:45:32 -90819.757904] SLOW spr round 130 (radius: 10)
[12:46:22 -90819.757669] SLOW spr round 131 (radius: 15)
[12:47:30 -90819.757612] SLOW spr round 132 (radius: 20)
[12:49:09 -90816.612463] SLOW spr round 133 (radius: 5)
[12:50:09 -90813.224681] SLOW spr round 134 (radius: 5)
[12:51:01 -90813.223688] SLOW spr round 135 (radius: 10)
[12:51:48 -90813.223572] SLOW spr round 136 (radius: 15)
[12:53:00 -90813.223551] SLOW spr round 137 (radius: 20)
[12:54:36 -90813.223547] SLOW spr round 138 (radius: 25)
[12:56:27 -90805.249418] SLOW spr round 139 (radius: 5)
[12:57:27 -90791.979915] SLOW spr round 140 (radius: 5)
[12:58:17 -90788.018991] SLOW spr round 141 (radius: 5)
[12:59:03 -90788.018817] SLOW spr round 142 (radius: 10)
[12:59:49 -90786.584800] SLOW spr round 143 (radius: 5)
[13:00:00] [worker #1] ML tree search #17, logLikelihood: -90653.900067
[13:00:45 -90785.727904] SLOW spr round 144 (radius: 5)
[13:01:32 -90785.347270] SLOW spr round 145 (radius: 5)
[13:02:16 -90785.346741] SLOW spr round 146 (radius: 10)
[13:02:58 -90784.897516] SLOW spr round 147 (radius: 5)
[13:03:53 -90783.923798] SLOW spr round 148 (radius: 5)
[13:04:41 -90783.630437] SLOW spr round 149 (radius: 5)
[13:05:25 -90783.546544] SLOW spr round 150 (radius: 10)
[13:06:07 -90783.546157] SLOW spr round 151 (radius: 15)
[13:07:18 -90781.570769] SLOW spr round 152 (radius: 5)
[13:08:13 -90780.871194] SLOW spr round 153 (radius: 5)
[13:09:01 -90780.870003] SLOW spr round 154 (radius: 10)
[13:09:44 -90780.869981] SLOW spr round 155 (radius: 15)
[13:10:54 -90780.869981] SLOW spr round 156 (radius: 20)
[13:12:24 -90780.629704] SLOW spr round 157 (radius: 5)
[13:13:20 -90780.628431] SLOW spr round 158 (radius: 10)
[13:14:08 -90780.628384] SLOW spr round 159 (radius: 15)
[13:15:15 -90780.628382] SLOW spr round 160 (radius: 20)
[13:16:52 -90780.615635] SLOW spr round 161 (radius: 25)
[13:18:38 -90775.311821] SLOW spr round 162 (radius: 5)
[13:19:37 -90772.096481] SLOW spr round 163 (radius: 5)
[13:20:28 -90772.096306] SLOW spr round 164 (radius: 10)
[13:21:13 -90771.355162] SLOW spr round 165 (radius: 5)
[13:22:07 -90767.389203] SLOW spr round 166 (radius: 5)
[13:22:54 -90765.734116] SLOW spr round 167 (radius: 5)
[13:23:37 -90765.734031] SLOW spr round 168 (radius: 10)
[13:24:21 -90765.734030] SLOW spr round 169 (radius: 15)
[13:25:32 -90765.734030] SLOW spr round 170 (radius: 20)
[13:27:02 -90765.734030] SLOW spr round 171 (radius: 25)
[13:28:46 -90763.098937] SLOW spr round 172 (radius: 5)
[13:29:43 -90759.552321] SLOW spr round 173 (radius: 5)
[13:30:32 -90759.552303] SLOW spr round 174 (radius: 10)
[13:31:15 -90759.552302] SLOW spr round 175 (radius: 15)
[13:32:24 -90759.552302] SLOW spr round 176 (radius: 20)
[13:33:54 -90759.552302] SLOW spr round 177 (radius: 25)
[13:35:06] [worker #3] ML tree search #19, logLikelihood: -90561.071153
[13:35:36 -90758.960688] SLOW spr round 178 (radius: 5)
[13:36:35 -90749.420929] SLOW spr round 179 (radius: 5)
[13:37:25 -90749.292092] SLOW spr round 180 (radius: 5)
[13:38:09 -90749.289361] SLOW spr round 181 (radius: 10)
[13:38:51 -90749.288946] SLOW spr round 182 (radius: 15)
[13:40:01 -90749.288876] SLOW spr round 183 (radius: 20)
[13:41:30 -90749.288863] SLOW spr round 184 (radius: 25)
[13:43:13 -90748.299736] SLOW spr round 185 (radius: 5)
[13:44:07 -90747.696642] SLOW spr round 186 (radius: 5)
[13:44:55 -90747.696127] SLOW spr round 187 (radius: 10)
[13:45:38 -90745.927563] SLOW spr round 188 (radius: 5)
[13:46:32 -90745.301743] SLOW spr round 189 (radius: 5)
[13:47:19 -90745.301620] SLOW spr round 190 (radius: 10)
[13:48:03 -90745.044921] SLOW spr round 191 (radius: 5)
[13:48:57 -90745.044891] SLOW spr round 192 (radius: 10)
[13:49:41 -90744.560375] SLOW spr round 193 (radius: 5)
[13:50:33 -90744.560227] SLOW spr round 194 (radius: 10)
[13:51:18 -90744.560226] SLOW spr round 195 (radius: 15)
[13:52:21 -90744.560226] SLOW spr round 196 (radius: 20)
[13:53:51 -90744.560226] SLOW spr round 197 (radius: 25)
[13:55:34 -90744.091101] SLOW spr round 198 (radius: 5)
[13:56:29 -90744.090388] SLOW spr round 199 (radius: 10)
[13:57:16 -90743.614054] SLOW spr round 200 (radius: 5)
[13:58:07 -90743.613635] SLOW spr round 201 (radius: 10)
[13:58:52 -90742.733953] SLOW spr round 202 (radius: 5)
[13:59:46 -90739.611362] SLOW spr round 203 (radius: 5)
[14:00:34 -90738.058436] SLOW spr round 204 (radius: 5)
[14:01:16 -90738.006844] SLOW spr round 205 (radius: 10)
[14:01:57 -90738.006758] SLOW spr round 206 (radius: 15)
[14:03:05 -90738.006757] SLOW spr round 207 (radius: 20)
[14:04:31 -90736.834955] SLOW spr round 208 (radius: 5)
[14:05:27 -90731.472866] SLOW spr round 209 (radius: 5)
[14:06:15 -90731.472777] SLOW spr round 210 (radius: 10)
[14:06:58 -90731.472776] SLOW spr round 211 (radius: 15)
[14:08:04 -90731.472775] SLOW spr round 212 (radius: 20)
[14:09:33 -90731.472775] SLOW spr round 213 (radius: 25)
[14:11:12 -90728.820710] SLOW spr round 214 (radius: 5)
[14:12:07 -90727.260872] SLOW spr round 215 (radius: 5)
[14:12:54 -90727.260291] SLOW spr round 216 (radius: 10)
[14:13:36 -90727.260189] SLOW spr round 217 (radius: 15)
[14:14:42 -90727.260169] SLOW spr round 218 (radius: 20)
[14:16:10 -90727.260166] SLOW spr round 219 (radius: 25)
[14:17:51 -90727.209053] Model parameter optimization (eps = 0.100000)

[14:18:26] [worker #0] ML tree search #16, logLikelihood: -90495.957294

[14:21:13] [worker #2] ML tree search #18, logLikelihood: -91134.216181

Optimized model parameters:

   Partition 0: noname
   Rate heterogeneity: GAMMA (4 cats, mean),  alpha: 0.316798 (ML),  weights&rates: (0.250000,0.006757) (0.250000,0.117610) (0.250000,0.622964) (0.250000,3.252670) 
   Base frequencies (ML): 0.037172 0.504158 0.335894 0.122775 
   Substitution rates (ML): 2.489519 15.492869 17.226753 3.064417 6.407260 1.000000 


Final LogLikelihood: -90128.296104

AIC score: 188264.592208 / AICc score: 32260304.592208 / BIC score: 202299.939678
Free parameters (model + branch lengths): 4004

WARNING: Number of free parameters (K=4004) is larger than alignment size (n=246).
         This might lead to overfitting and compromise tree inference results!


WARNING: Best ML tree contains 183 near-zero branches!

Best ML tree with collapsed near-zero branches saved to: /home2/ISAD/dp415/dada2_pipeline_myxorpoB/data/output/run_myxo_gtdbr202/raxml/myxo_93/myxo_93.raxml.bestTreeCollapsed
Best ML tree saved to: /home2/ISAD/dp415/dada2_pipeline_myxorpoB/data/output/run_myxo_gtdbr202/raxml/myxo_93/myxo_93.raxml.bestTree
All ML trees saved to: /home2/ISAD/dp415/dada2_pipeline_myxorpoB/data/output/run_myxo_gtdbr202/raxml/myxo_93/myxo_93.raxml.mlTrees
Optimized model saved to: /home2/ISAD/dp415/dada2_pipeline_myxorpoB/data/output/run_myxo_gtdbr202/raxml/myxo_93/myxo_93.raxml.bestModel

Execution log saved to: /home2/ISAD/dp415/dada2_pipeline_myxorpoB/data/output/run_myxo_gtdbr202/raxml/myxo_93/myxo_93.raxml.log

Analysis started: 19-Jan-2022 08:45:46 / finished: 19-Jan-2022 23:07:00

Elapsed time: 51673.720 seconds

