
RAxML-NG v. 1.1 released on 29.11.2021 by The Exelixis Lab.
Developed by: Alexey M. Kozlov and Alexandros Stamatakis.
Contributors: Diego Darriba, Tomas Flouri, Benoit Morel, Sarah Lutteropp, Ben Bettisworth.
Latest version: https://github.com/amkozlov/raxml-ng
Questions/problems/suggestions? Please visit: https://groups.google.com/forum/#!forum/raxml

System: Intel(R) Xeon(R) Gold 6230 CPU @ 2.10GHz, 40 cores, 376 GB RAM

RAxML-NG was called at 17-Jan-2022 15:59:43 as follows:

raxml-ng --msa alignments/alignment_myxo_95percent.fasta --model GTR+G --seed 2 --prefix raxml/myxo_95/myxo_95 --threads 5

Analysis options:
  run mode: ML tree search
  start tree(s): random (10) + parsimony (10)
  random seed: 2
  tip-inner: OFF
  pattern compression: ON
  per-rate scalers: OFF
  site repeats: ON
  fast spr radius: AUTO
  spr subtree cutoff: 1.000000
  branch lengths: proportional (ML estimate, algorithm: NR-FAST)
  SIMD kernels: AVX2
  parallelization: coarse-grained (auto), PTHREADS (5 threads), thread pinning: OFF

[00:00:00] Reading alignment from file: alignments/alignment_myxo_95percent.fasta
[00:00:00] Loaded alignment with 2781 taxa and 246 sites

Alignment comprises 1 partitions and 175 patterns

Partition 0: noname
Model: GTR+FO+G4m
Alignment sites / patterns: 246 / 175
Gaps: 8.85 %
Invariant sites: 28.86 %


NOTE: Binary MSA file already exists: raxml/myxo_95/myxo_95.raxml.rba

Parallelization scheme autoconfig: 5 worker(s) x 1 thread(s)


NOTE: Per-rate scalers were automatically enabled to prevent numerical issues on taxa-rich alignments.
NOTE: You can use --force switch to skip this check and fall back to per-site scalers.

Parallel reduction/worker buffer size: 1 KB  / 0 KB

[00:00:00] Generating 10 random starting tree(s) with 2781 taxa
[00:00:00] Generating 10 parsimony starting tree(s) with 2781 taxa
[00:00:20] Data distribution: max. partitions/sites/weight per thread: 1 / 175 / 2800
[00:00:20] Data distribution: max. searches per worker: 4

Starting ML tree search with 20 distinct starting trees

[00:00:20 -243903.897516] Initial branch length optimization
[00:00:22 -220391.067076] Model parameter optimization (eps = 10.000000)
[00:00:44 -198088.827181] AUTODETECT spr round 1 (radius: 5)
[00:02:28 -172407.021897] AUTODETECT spr round 2 (radius: 10)
[00:04:19 -149996.064293] AUTODETECT spr round 3 (radius: 15)
[00:06:23 -137074.751919] AUTODETECT spr round 4 (radius: 20)
[00:08:42 -129744.758231] AUTODETECT spr round 5 (radius: 25)
[00:11:17 -126152.693766] SPR radius for FAST iterations: 25 (autodetect)
[00:11:17 -126152.693766] Model parameter optimization (eps = 3.000000)
[00:12:37 -124876.237002] FAST spr round 1 (radius: 25)
[00:16:42 -115088.600425] FAST spr round 2 (radius: 25)
[00:19:29 -113713.655806] FAST spr round 3 (radius: 25)
[00:21:38 -113443.608051] FAST spr round 4 (radius: 25)
[00:23:29 -113392.008697] FAST spr round 5 (radius: 25)
[00:25:16 -113367.338020] FAST spr round 6 (radius: 25)
[00:26:53 -113357.370996] FAST spr round 7 (radius: 25)
[00:28:28 -113356.137859] FAST spr round 8 (radius: 25)
[00:30:02 -113356.137450] Model parameter optimization (eps = 1.000000)
[00:30:52 -113207.500364] SLOW spr round 1 (radius: 5)
[00:33:25 -113141.521631] SLOW spr round 2 (radius: 5)
[00:35:47 -113114.899462] SLOW spr round 3 (radius: 5)
[00:38:06 -113112.164386] SLOW spr round 4 (radius: 5)
[00:40:20 -113111.867078] SLOW spr round 5 (radius: 5)
[00:42:31 -113111.865379] SLOW spr round 6 (radius: 10)
[00:44:49 -113089.359895] SLOW spr round 7 (radius: 5)
[00:47:45 -113075.500399] SLOW spr round 8 (radius: 5)
[00:50:16 -113074.478038] SLOW spr round 9 (radius: 5)
[00:52:35 -113074.445059] SLOW spr round 10 (radius: 10)
[00:54:48 -113070.064293] SLOW spr round 11 (radius: 5)
[00:57:42 -113063.980605] SLOW spr round 12 (radius: 5)
[01:00:10 -113063.979832] SLOW spr round 13 (radius: 10)
[01:02:27 -113059.485953] SLOW spr round 14 (radius: 5)
[01:05:19 -113054.636461] SLOW spr round 15 (radius: 5)
[01:07:47 -113054.635586] SLOW spr round 16 (radius: 10)
[01:10:00 -113054.205390] SLOW spr round 17 (radius: 5)
[01:12:49 -113054.202502] SLOW spr round 18 (radius: 10)
[01:15:13 -113050.958742] SLOW spr round 19 (radius: 5)
[01:18:01 -113049.589226] SLOW spr round 20 (radius: 5)
[01:20:28 -113049.331302] SLOW spr round 21 (radius: 5)
[01:22:45 -113049.330740] SLOW spr round 22 (radius: 10)
[01:24:57 -113048.519942] SLOW spr round 23 (radius: 5)
[01:27:49 -113046.643865] SLOW spr round 24 (radius: 5)
[01:30:18 -113046.540043] SLOW spr round 25 (radius: 5)
[01:32:35 -113046.539943] SLOW spr round 26 (radius: 10)
[01:34:47 -113044.899153] SLOW spr round 27 (radius: 5)
[01:37:37 -113044.667981] SLOW spr round 28 (radius: 5)
[01:40:05 -113044.667979] SLOW spr round 29 (radius: 10)
[01:42:18 -113044.554368] SLOW spr round 30 (radius: 5)
[01:45:06 -113044.554361] SLOW spr round 31 (radius: 10)
[01:47:28 -113044.388245] SLOW spr round 32 (radius: 5)
[01:50:13 -113043.559351] SLOW spr round 33 (radius: 5)
[01:52:37 -113043.559338] SLOW spr round 34 (radius: 10)
[01:54:48 -113043.461037] SLOW spr round 35 (radius: 15)
[01:58:25 -113023.581690] SLOW spr round 36 (radius: 5)
[02:01:22 -113019.182323] SLOW spr round 37 (radius: 5)
[02:03:55 -113019.137607] SLOW spr round 38 (radius: 10)
[02:06:10 -113016.164853] SLOW spr round 39 (radius: 5)
[02:08:59 -113015.860094] SLOW spr round 40 (radius: 5)
[02:11:25 -113015.860064] SLOW spr round 41 (radius: 10)
[02:13:38 -113015.718424] SLOW spr round 42 (radius: 5)
[02:16:27 -113015.718377] SLOW spr round 43 (radius: 10)
[02:18:48 -113015.520000] SLOW spr round 44 (radius: 5)
[02:21:31 -113015.519782] SLOW spr round 45 (radius: 10)
[02:23:51 -113015.451056] SLOW spr round 46 (radius: 15)
[02:27:15 -113014.116963] SLOW spr round 47 (radius: 5)
[02:30:09 -113014.105970] SLOW spr round 48 (radius: 10)
[02:32:34 -113014.034619] SLOW spr round 49 (radius: 15)
[02:35:54 -113012.565663] SLOW spr round 50 (radius: 5)
[02:38:52 -113010.919953] SLOW spr round 51 (radius: 5)
[02:41:21 -113010.919439] SLOW spr round 52 (radius: 10)
[02:43:34 -113010.867730] SLOW spr round 53 (radius: 15)
[02:47:07 -113005.854650] SLOW spr round 54 (radius: 5)
[02:50:01 -113005.548941] SLOW spr round 55 (radius: 5)
[02:52:30 -113005.548936] SLOW spr round 56 (radius: 10)
[02:54:42 -113005.548936] SLOW spr round 57 (radius: 15)
[02:58:13 -113005.442029] SLOW spr round 58 (radius: 5)
[03:01:08 -113005.058073] SLOW spr round 59 (radius: 5)
[03:03:37 -113005.058046] SLOW spr round 60 (radius: 10)
[03:05:50 -113005.058045] SLOW spr round 61 (radius: 15)
[03:09:31 -113004.961369] SLOW spr round 62 (radius: 20)
[03:14:23 -112972.527607] SLOW spr round 63 (radius: 5)
[03:17:46 -112957.367594] SLOW spr round 64 (radius: 5)
[03:20:25 -112957.214064] SLOW spr round 65 (radius: 5)
[03:22:48 -112957.213918] SLOW spr round 66 (radius: 10)
[03:25:01 -112954.133572] SLOW spr round 67 (radius: 5)
[03:27:56 -112954.133499] SLOW spr round 68 (radius: 10)
[03:30:20 -112953.920628] SLOW spr round 69 (radius: 5)
[03:33:09 -112952.807665] SLOW spr round 70 (radius: 5)
[03:35:37 -112952.807613] SLOW spr round 71 (radius: 10)
[03:37:51 -112952.807610] SLOW spr round 72 (radius: 15)
[03:41:35 -112947.905578] SLOW spr round 73 (radius: 5)
[03:44:37 -112945.443854] SLOW spr round 74 (radius: 5)
[03:47:24 -112945.443843] SLOW spr round 75 (radius: 10)
[03:49:40 -112945.443843] SLOW spr round 76 (radius: 15)
[03:53:22 -112944.910461] SLOW spr round 77 (radius: 5)
[03:56:25 -112941.898563] SLOW spr round 78 (radius: 5)
[03:59:01 -112941.511848] SLOW spr round 79 (radius: 5)
[04:01:22 -112941.511781] SLOW spr round 80 (radius: 10)
[04:03:34 -112941.493281] SLOW spr round 81 (radius: 15)
[04:07:27 -112941.390120] SLOW spr round 82 (radius: 5)
[04:10:33 -112941.389950] SLOW spr round 83 (radius: 10)
[04:13:01 -112941.389944] SLOW spr round 84 (radius: 15)
[04:16:30 -112941.389944] SLOW spr round 85 (radius: 20)
[04:21:19 -112940.486977] SLOW spr round 86 (radius: 5)
[04:24:23 -112940.486822] SLOW spr round 87 (radius: 10)
[04:26:56 -112940.486821] SLOW spr round 88 (radius: 15)
[04:30:24 -112940.486821] SLOW spr round 89 (radius: 20)
[04:35:14 -112940.386011] SLOW spr round 90 (radius: 5)
[04:38:21 -112939.776312] SLOW spr round 91 (radius: 5)
[04:40:58 -112939.776229] SLOW spr round 92 (radius: 10)
[04:43:14 -112939.776225] SLOW spr round 93 (radius: 15)
[04:46:54 -112939.776225] SLOW spr round 94 (radius: 20)
[04:51:40 -112939.755583] SLOW spr round 95 (radius: 25)
[04:57:31 -112925.474486] SLOW spr round 96 (radius: 5)
[05:00:39 -112872.682657] SLOW spr round 97 (radius: 5)
[05:03:17 -112856.653752] SLOW spr round 98 (radius: 5)
[05:05:36 -112839.312254] SLOW spr round 99 (radius: 5)
[05:07:48 -112834.590399] SLOW spr round 100 (radius: 5)
[05:09:54 -112834.590324] SLOW spr round 101 (radius: 10)
[05:12:03 -112826.401920] SLOW spr round 102 (radius: 5)
[05:14:52 -112826.383935] SLOW spr round 103 (radius: 10)
[05:15:31] [worker #2] ML tree search #3, logLikelihood: -114715.235351
[05:17:12 -112825.428341] SLOW spr round 104 (radius: 5)
[05:19:55 -112825.257917] SLOW spr round 105 (radius: 5)
[05:22:16 -112825.257892] SLOW spr round 106 (radius: 10)
[05:24:24 -112824.645571] SLOW spr round 107 (radius: 5)
[05:27:07 -112824.635929] SLOW spr round 108 (radius: 10)
[05:29:23 -112824.635684] SLOW spr round 109 (radius: 15)
[05:32:39 -112821.207326] SLOW spr round 110 (radius: 5)
[05:35:29 -112821.207283] SLOW spr round 111 (radius: 10)
[05:37:51 -112821.207254] SLOW spr round 112 (radius: 15)
[05:41:04 -112821.106221] SLOW spr round 113 (radius: 5)
[05:43:52 -112821.106095] SLOW spr round 114 (radius: 10)
[05:44:46] [worker #3] ML tree search #4, logLikelihood: -111622.448237
[05:46:14 -112821.106091] SLOW spr round 115 (radius: 15)
[05:49:27 -112821.106089] SLOW spr round 116 (radius: 20)
[05:53:54 -112821.106088] SLOW spr round 117 (radius: 25)
[05:59:13 -112820.060914] SLOW spr round 118 (radius: 5)
[06:02:11 -112820.060153] SLOW spr round 119 (radius: 10)
[06:04:36 -112820.060124] SLOW spr round 120 (radius: 15)
[06:07:48 -112820.060123] SLOW spr round 121 (radius: 20)
[06:12:14 -112820.060123] SLOW spr round 122 (radius: 25)
[06:17:28 -112819.302840] SLOW spr round 123 (radius: 5)
[06:20:22 -112815.544027] SLOW spr round 124 (radius: 5)
[06:21:56] [worker #1] ML tree search #2, logLikelihood: -112364.925206
[06:22:55 -112809.732282] SLOW spr round 125 (radius: 5)
[06:25:12 -112809.495017] SLOW spr round 126 (radius: 5)
[06:27:21 -112809.494736] SLOW spr round 127 (radius: 10)
[06:29:30 -112790.689062] SLOW spr round 128 (radius: 5)
[06:32:18 -112784.675289] SLOW spr round 129 (radius: 5)
[06:34:46 -112784.119330] SLOW spr round 130 (radius: 5)
[06:37:01 -112784.116524] SLOW spr round 131 (radius: 10)
[06:39:09 -112781.076085] SLOW spr round 132 (radius: 5)
[06:41:56 -112780.293885] SLOW spr round 133 (radius: 5)
[06:44:21 -112780.293790] SLOW spr round 134 (radius: 10)
[06:46:29 -112780.152417] SLOW spr round 135 (radius: 5)
[06:49:12 -112780.026103] SLOW spr round 136 (radius: 5)
[06:51:35 -112780.010074] SLOW spr round 137 (radius: 10)
[06:53:42 -112780.010013] SLOW spr round 138 (radius: 15)
[06:57:04 -112779.215162] SLOW spr round 139 (radius: 5)
[06:59:53 -112779.215070] SLOW spr round 140 (radius: 10)
[07:02:13 -112778.525852] SLOW spr round 141 (radius: 5)
[07:04:52 -112778.525310] SLOW spr round 142 (radius: 10)
[07:07:07 -112778.525305] SLOW spr round 143 (radius: 15)
[07:10:24 -112777.097908] SLOW spr round 144 (radius: 5)
[07:13:16 -112776.233763] SLOW spr round 145 (radius: 5)
[07:15:43 -112776.233328] SLOW spr round 146 (radius: 10)
[07:17:55 -112773.867303] SLOW spr round 147 (radius: 5)
[07:20:39 -112772.104297] SLOW spr round 148 (radius: 5)
[07:23:01 -112772.104077] SLOW spr round 149 (radius: 10)
[07:25:08 -112771.976081] SLOW spr round 150 (radius: 5)
[07:27:56 -112771.975871] SLOW spr round 151 (radius: 10)
[07:30:14 -112771.975870] SLOW spr round 152 (radius: 15)
[07:33:27 -112771.786660] SLOW spr round 153 (radius: 5)
[07:36:17 -112771.786460] SLOW spr round 154 (radius: 10)
[07:38:40 -112771.386135] SLOW spr round 155 (radius: 5)
[07:41:23 -112769.210736] SLOW spr round 156 (radius: 5)
[07:43:47 -112769.210724] SLOW spr round 157 (radius: 10)
[07:45:57 -112769.210724] SLOW spr round 158 (radius: 15)
[07:49:47 -112766.804572] SLOW spr round 159 (radius: 5)
[07:52:51 -112766.644154] SLOW spr round 160 (radius: 5)
[07:55:20 -112766.643757] SLOW spr round 161 (radius: 10)
[07:57:31 -112766.643757] SLOW spr round 162 (radius: 15)
[08:00:54 -112766.643757] SLOW spr round 163 (radius: 20)
[08:05:15 -112762.052964] SLOW spr round 164 (radius: 5)
[08:08:08 -112762.052559] SLOW spr round 165 (radius: 10)
[08:10:33 -112762.052532] SLOW spr round 166 (radius: 15)
[08:13:43 -112762.052526] SLOW spr round 167 (radius: 20)
[08:18:06 -112762.052524] SLOW spr round 168 (radius: 25)
[08:21:12] [worker #4] ML tree search #5, logLikelihood: -111946.068373
[08:23:20 -112761.911609] SLOW spr round 169 (radius: 5)
[08:26:16 -112760.673568] SLOW spr round 170 (radius: 5)
[08:28:47 -112760.012437] SLOW spr round 171 (radius: 5)
[08:31:04 -112760.012399] SLOW spr round 172 (radius: 10)
[08:33:13 -112757.841438] SLOW spr round 173 (radius: 5)
[08:36:01 -112746.672258] SLOW spr round 174 (radius: 5)
[08:38:28 -112742.463599] SLOW spr round 175 (radius: 5)
[08:40:43 -112742.462603] SLOW spr round 176 (radius: 10)
[08:42:52 -112742.462490] SLOW spr round 177 (radius: 15)
[08:46:21 -112741.228641] SLOW spr round 178 (radius: 5)
[08:49:12 -112741.226414] SLOW spr round 179 (radius: 10)
[08:51:33 -112741.207713] SLOW spr round 180 (radius: 15)
[08:54:45 -112741.201010] SLOW spr round 181 (radius: 20)
[08:59:06 -112741.197141] SLOW spr round 182 (radius: 25)
[09:04:21 -112741.137870] Model parameter optimization (eps = 0.100000)

[09:04:54] [worker #0] ML tree search #1, logLikelihood: -112716.058675

[09:04:54 -244472.613190] Initial branch length optimization
[09:04:56 -220860.834528] Model parameter optimization (eps = 10.000000)
[09:05:14 -198332.291458] AUTODETECT spr round 1 (radius: 5)
[09:06:58 -171042.593525] AUTODETECT spr round 2 (radius: 10)
[09:08:50 -149306.210318] AUTODETECT spr round 3 (radius: 15)
[09:10:58 -136870.017312] AUTODETECT spr round 4 (radius: 20)
[09:13:17 -129671.896435] AUTODETECT spr round 5 (radius: 25)
[09:15:46 -125836.012449] SPR radius for FAST iterations: 25 (autodetect)
[09:15:46 -125836.012449] Model parameter optimization (eps = 3.000000)
[09:17:28 -124560.009473] FAST spr round 1 (radius: 25)
[09:21:26 -115571.059564] FAST spr round 2 (radius: 25)
[09:24:15 -113841.812456] FAST spr round 3 (radius: 25)
[09:26:22 -113061.325729] FAST spr round 4 (radius: 25)
[09:28:13 -112951.131108] FAST spr round 5 (radius: 25)
[09:29:55 -112932.989283] FAST spr round 6 (radius: 25)
[09:31:32 -112927.997459] FAST spr round 7 (radius: 25)
[09:33:05 -112926.187985] FAST spr round 8 (radius: 25)
[09:34:38 -112926.183918] Model parameter optimization (eps = 1.000000)
[09:35:15 -112791.707565] SLOW spr round 1 (radius: 5)
[09:37:34 -112730.106414] SLOW spr round 2 (radius: 5)
[09:39:50 -112711.353977] SLOW spr round 3 (radius: 5)
[09:41:58 -112703.519606] SLOW spr round 4 (radius: 5)
[09:44:05 -112701.381835] SLOW spr round 5 (radius: 5)
[09:46:11 -112701.380411] SLOW spr round 6 (radius: 10)
[09:48:21 -112678.709127] SLOW spr round 7 (radius: 5)
[09:51:02 -112670.452079] SLOW spr round 8 (radius: 5)
[09:53:24 -112666.844414] SLOW spr round 9 (radius: 5)
[09:55:33 -112666.844307] SLOW spr round 10 (radius: 10)
[09:57:37 -112665.119520] SLOW spr round 11 (radius: 5)
[10:00:14 -112664.657995] SLOW spr round 12 (radius: 5)
[10:02:33 -112664.656875] SLOW spr round 13 (radius: 10)
[10:04:40 -112663.763588] SLOW spr round 14 (radius: 5)
[10:07:16 -112662.628732] SLOW spr round 15 (radius: 5)
[10:09:34 -112662.095216] SLOW spr round 16 (radius: 5)
[10:11:44 -112662.094514] SLOW spr round 17 (radius: 10)
[10:13:47 -112661.461651] SLOW spr round 18 (radius: 5)
[10:16:24 -112661.460836] SLOW spr round 19 (radius: 10)
[10:18:38 -112660.166281] SLOW spr round 20 (radius: 5)
[10:21:15 -112657.998797] SLOW spr round 21 (radius: 5)
[10:23:32 -112657.884892] SLOW spr round 22 (radius: 5)
[10:25:41 -112657.884497] SLOW spr round 23 (radius: 10)
[10:27:46 -112657.503391] SLOW spr round 24 (radius: 5)
[10:30:26 -112656.160433] SLOW spr round 25 (radius: 5)
[10:32:46 -112656.158213] SLOW spr round 26 (radius: 10)
[10:34:52 -112655.799857] SLOW spr round 27 (radius: 5)
[10:37:27 -112655.799735] SLOW spr round 28 (radius: 10)
[10:39:40 -112655.705235] SLOW spr round 29 (radius: 15)
[10:42:50 -112634.845318] SLOW spr round 30 (radius: 5)
[10:45:36 -112625.758508] SLOW spr round 31 (radius: 5)
[10:48:01 -112624.372494] SLOW spr round 32 (radius: 5)
[10:50:15 -112623.557191] SLOW spr round 33 (radius: 5)
[10:52:22 -112623.554286] SLOW spr round 34 (radius: 10)
[10:54:23 -112621.237004] SLOW spr round 35 (radius: 5)
[10:57:00 -112620.367699] SLOW spr round 36 (radius: 5)
[10:59:19 -112620.367583] SLOW spr round 37 (radius: 10)
[11:01:24 -112619.635755] SLOW spr round 38 (radius: 5)
[11:04:00 -112619.635226] SLOW spr round 39 (radius: 10)
[11:06:12 -112619.579975] SLOW spr round 40 (radius: 15)
[11:09:14 -112614.434053] SLOW spr round 41 (radius: 5)
[11:11:55 -112614.433480] SLOW spr round 42 (radius: 10)
[11:14:11 -112614.433411] SLOW spr round 43 (radius: 15)
[11:17:09 -112613.988582] SLOW spr round 44 (radius: 5)
[11:19:52 -112613.879014] SLOW spr round 45 (radius: 5)
[11:22:13 -112613.878631] SLOW spr round 46 (radius: 10)
[11:24:19 -112611.971715] SLOW spr round 47 (radius: 5)
[11:26:57 -112610.840110] SLOW spr round 48 (radius: 5)
[11:29:16 -112610.839561] SLOW spr round 49 (radius: 10)
[11:31:23 -112610.839543] SLOW spr round 50 (radius: 15)
[11:34:33 -112609.818782] SLOW spr round 51 (radius: 5)
[11:37:17 -112607.810283] SLOW spr round 52 (radius: 5)
[11:39:41 -112607.783771] SLOW spr round 53 (radius: 10)
[11:41:49 -112605.681517] SLOW spr round 54 (radius: 5)
[11:44:27 -112603.401342] SLOW spr round 55 (radius: 5)
[11:46:47 -112601.711047] SLOW spr round 56 (radius: 5)
[11:48:55 -112601.710058] SLOW spr round 57 (radius: 10)
[11:50:57 -112601.642080] SLOW spr round 58 (radius: 15)
[11:54:05 -112601.499137] SLOW spr round 59 (radius: 5)
[11:56:44 -112601.467018] SLOW spr round 60 (radius: 10)
[11:58:59 -112601.464104] SLOW spr round 61 (radius: 15)
[12:01:55 -112601.385304] SLOW spr round 62 (radius: 20)
[12:06:13 -112578.609594] SLOW spr round 63 (radius: 5)
[12:08:57 -112576.157327] SLOW spr round 64 (radius: 5)
[12:11:19 -112575.453461] SLOW spr round 65 (radius: 5)
[12:13:29 -112575.447894] SLOW spr round 66 (radius: 10)
[12:15:31 -112575.447866] SLOW spr round 67 (radius: 15)
[12:18:39 -112574.335937] SLOW spr round 68 (radius: 5)
[12:21:18 -112574.335121] SLOW spr round 69 (radius: 10)
[12:23:33 -112574.335105] SLOW spr round 70 (radius: 15)
[12:26:30 -112574.242154] SLOW spr round 71 (radius: 20)
[12:30:45 -112572.947095] SLOW spr round 72 (radius: 5)
[12:33:29 -112572.204273] SLOW spr round 73 (radius: 5)
[12:35:49 -112572.204021] SLOW spr round 74 (radius: 10)
[12:37:55 -112571.191065] SLOW spr round 75 (radius: 5)
[12:40:28 -112571.190999] SLOW spr round 76 (radius: 10)
[12:42:38 -112571.190998] SLOW spr round 77 (radius: 15)
[12:45:37 -112571.190998] SLOW spr round 78 (radius: 20)
[12:49:53 -112570.120739] SLOW spr round 79 (radius: 5)
[12:52:36 -112569.665535] SLOW spr round 80 (radius: 5)
[12:54:58 -112569.665459] SLOW spr round 81 (radius: 10)
[12:57:05 -112569.665449] SLOW spr round 82 (radius: 15)
[13:00:08 -112569.665448] SLOW spr round 83 (radius: 20)
[13:04:13 -112569.229861] SLOW spr round 84 (radius: 5)
[13:07:10 -112557.364661] SLOW spr round 85 (radius: 5)
[13:09:45 -112557.361893] SLOW spr round 86 (radius: 10)
[13:11:54 -112557.361123] SLOW spr round 87 (radius: 15)
[13:14:59 -112557.360853] SLOW spr round 88 (radius: 20)
[13:19:07 -112556.185466] SLOW spr round 89 (radius: 5)
[13:21:55 -112554.684158] SLOW spr round 90 (radius: 5)
[13:24:21 -112554.682221] SLOW spr round 91 (radius: 10)
[13:26:30 -112554.682076] SLOW spr round 92 (radius: 15)
[13:29:37 -112554.682067] SLOW spr round 93 (radius: 20)
[13:33:47 -112554.392203] SLOW spr round 94 (radius: 5)
[13:36:35 -112554.391470] SLOW spr round 95 (radius: 10)
[13:38:56 -112554.391434] SLOW spr round 96 (radius: 15)
[13:41:55 -112554.391432] SLOW spr round 97 (radius: 20)
[13:46:11 -112554.391432] SLOW spr round 98 (radius: 25)
[13:51:06 -112536.293074] SLOW spr round 99 (radius: 5)
[13:53:54 -112530.760179] SLOW spr round 100 (radius: 5)
[13:56:21 -112528.686149] SLOW spr round 101 (radius: 5)
[13:58:35 -112528.672493] SLOW spr round 102 (radius: 10)
[14:00:43 -112521.397398] SLOW spr round 103 (radius: 5)
[14:03:21 -112516.096755] SLOW spr round 104 (radius: 5)
[14:05:38 -112516.096188] SLOW spr round 105 (radius: 10)
[14:07:42 -112516.096169] SLOW spr round 106 (radius: 15)
[14:10:45 -112513.503092] SLOW spr round 107 (radius: 5)
[14:13:24 -112513.502934] SLOW spr round 108 (radius: 10)
[14:15:39 -112513.502934] SLOW spr round 109 (radius: 15)
[14:18:31 -112513.502934] SLOW spr round 110 (radius: 20)
[14:22:34 -112513.502934] SLOW spr round 111 (radius: 25)
[14:27:11 -112511.455110] SLOW spr round 112 (radius: 5)
[14:29:53 -112511.454707] SLOW spr round 113 (radius: 10)
[14:32:10 -112511.454707] SLOW spr round 114 (radius: 15)
[14:35:02 -112511.454706] SLOW spr round 115 (radius: 20)
[14:39:06 -112511.454706] SLOW spr round 116 (radius: 25)
[14:43:31] [worker #4] ML tree search #10, logLikelihood: -110287.700130
[14:43:47 -112509.929054] SLOW spr round 117 (radius: 5)
[14:46:33 -112505.639844] SLOW spr round 118 (radius: 5)
[14:48:55 -112505.639742] SLOW spr round 119 (radius: 10)
[14:51:01 -112505.639719] SLOW spr round 120 (radius: 15)
[14:54:03 -112505.639714] SLOW spr round 121 (radius: 20)
[14:57:36] [worker #1] ML tree search #7, logLikelihood: -116428.589937
[14:58:05 -112505.639713] SLOW spr round 122 (radius: 25)
[14:59:30] [worker #3] ML tree search #9, logLikelihood: -113361.129145
[15:02:48 -112504.165848] SLOW spr round 123 (radius: 5)
[15:05:33 -112504.007059] SLOW spr round 124 (radius: 5)
[15:07:59 -112504.006879] SLOW spr round 125 (radius: 10)
[15:10:08 -112504.006862] SLOW spr round 126 (radius: 15)
[15:13:10 -112504.006860] SLOW spr round 127 (radius: 20)
[15:17:11 -112504.006859] SLOW spr round 128 (radius: 25)
[15:21:53 -112503.021407] SLOW spr round 129 (radius: 5)
[15:24:38 -112503.010267] SLOW spr round 130 (radius: 10)
[15:26:58 -112503.008532] SLOW spr round 131 (radius: 15)
[15:29:52 -112503.007793] SLOW spr round 132 (radius: 20)
[15:33:57 -112503.007423] SLOW spr round 133 (radius: 25)
[15:38:44 -112479.567967] SLOW spr round 134 (radius: 5)
[15:41:35 -112387.625682] SLOW spr round 135 (radius: 5)
[15:44:03 -112374.329608] SLOW spr round 136 (radius: 5)
[15:46:17 -112374.327697] SLOW spr round 137 (radius: 10)
[15:48:22 -112359.684644] SLOW spr round 138 (radius: 5)
[15:51:01 -112352.748189] SLOW spr round 139 (radius: 5)
[15:53:21 -112350.239420] SLOW spr round 140 (radius: 5)
[15:55:32 -112350.238608] SLOW spr round 141 (radius: 10)
[15:57:37 -112350.238383] SLOW spr round 142 (radius: 15)
[16:00:49 -112348.717837] SLOW spr round 143 (radius: 5)
[16:03:34 -112348.717766] SLOW spr round 144 (radius: 10)
[16:05:52 -112348.717729] SLOW spr round 145 (radius: 15)
[16:08:50 -112348.717709] SLOW spr round 146 (radius: 20)
[16:13:02 -112348.717699] SLOW spr round 147 (radius: 25)
[16:17:49 -112348.553642] SLOW spr round 148 (radius: 5)
[16:20:36 -112348.553600] SLOW spr round 149 (radius: 10)
[16:22:58 -112348.553596] SLOW spr round 150 (radius: 15)
[16:25:58 -112348.553595] SLOW spr round 151 (radius: 20)
[16:30:11 -112348.553594] SLOW spr round 152 (radius: 25)
[16:35:01 -112348.481273] Model parameter optimization (eps = 0.100000)

[16:35:27] [worker #0] ML tree search #6, logLikelihood: -112336.390915

[16:35:27 -134526.419668] Initial branch length optimization
[16:35:28 -122215.493226] Model parameter optimization (eps = 10.000000)
[16:36:11 -113421.513177] AUTODETECT spr round 1 (radius: 5)
[16:37:37 -111315.457419] AUTODETECT spr round 2 (radius: 10)
[16:39:18 -110582.719704] AUTODETECT spr round 3 (radius: 15)
[16:41:19 -110167.916895] AUTODETECT spr round 4 (radius: 20)
[16:43:51 -109988.134243] AUTODETECT spr round 5 (radius: 25)
[16:47:06 -109673.523939] SPR radius for FAST iterations: 25 (autodetect)
[16:47:06 -109673.523939] Model parameter optimization (eps = 3.000000)
[16:47:22 -109590.233848] FAST spr round 1 (radius: 25)
[16:51:42 -108655.119623] FAST spr round 2 (radius: 25)
[16:54:39 -108372.636107] FAST spr round 3 (radius: 25)
[16:56:52 -108305.581758] FAST spr round 4 (radius: 25)
[16:58:43 -108282.533566] FAST spr round 5 (radius: 25)
[17:00:22 -108271.115108] FAST spr round 6 (radius: 25)
[17:01:53 -108271.114418] Model parameter optimization (eps = 1.000000)
[17:02:06 -108255.382770] SLOW spr round 1 (radius: 5)
[17:04:21 -108202.047194] SLOW spr round 2 (radius: 5)
[17:06:22 -108194.436316] SLOW spr round 3 (radius: 5)
[17:08:19 -108194.198149] SLOW spr round 4 (radius: 5)
[17:10:14 -108193.934847] SLOW spr round 5 (radius: 5)
[17:12:07 -108193.623703] SLOW spr round 6 (radius: 5)
[17:13:59 -108193.623608] SLOW spr round 7 (radius: 10)
[17:15:56 -108183.601836] SLOW spr round 8 (radius: 5)
[17:18:20 -108169.271299] SLOW spr round 9 (radius: 5)
[17:20:28 -108168.340088] SLOW spr round 10 (radius: 5)
[17:22:28 -108168.340059] SLOW spr round 11 (radius: 10)
[17:24:24 -108165.765970] SLOW spr round 12 (radius: 5)
[17:26:47 -108165.355665] SLOW spr round 13 (radius: 5)
[17:28:54 -108164.790323] SLOW spr round 14 (radius: 5)
[17:30:53 -108164.790307] SLOW spr round 15 (radius: 10)
[17:32:49 -108162.036828] SLOW spr round 16 (radius: 5)
[17:35:11 -108161.929035] SLOW spr round 17 (radius: 5)
[17:37:17 -108161.928723] SLOW spr round 18 (radius: 10)
[17:39:13 -108159.607948] SLOW spr round 19 (radius: 5)
[17:41:38 -108157.802983] SLOW spr round 20 (radius: 5)
[17:43:42 -108157.685355] SLOW spr round 21 (radius: 5)
[17:45:38 -108157.685349] SLOW spr round 22 (radius: 10)
[17:47:29 -108157.434881] SLOW spr round 23 (radius: 5)
[17:49:48 -108157.434795] SLOW spr round 24 (radius: 10)
[17:52:01 -108154.638346] SLOW spr round 25 (radius: 5)
[17:54:20 -108152.441972] SLOW spr round 26 (radius: 5)
[17:56:24 -108152.441894] SLOW spr round 27 (radius: 10)
[17:58:20 -108152.270232] SLOW spr round 28 (radius: 5)
[18:00:39 -108151.585730] SLOW spr round 29 (radius: 5)
[18:02:43 -108151.585728] SLOW spr round 30 (radius: 10)
[18:04:38 -108151.400801] SLOW spr round 31 (radius: 5)
[18:06:58 -108151.400696] SLOW spr round 32 (radius: 10)
[18:08:59 -108150.337268] SLOW spr round 33 (radius: 5)
[18:11:19 -108147.807759] SLOW spr round 34 (radius: 5)
[18:13:24 -108146.283611] SLOW spr round 35 (radius: 5)
[18:15:21 -108146.283609] SLOW spr round 36 (radius: 10)
[18:17:14 -108145.500587] SLOW spr round 37 (radius: 5)
[18:19:36 -108144.615920] SLOW spr round 38 (radius: 5)
[18:21:41] [worker #2] ML tree search #8, logLikelihood: -114191.637948
[18:21:41 -108144.615871] SLOW spr round 39 (radius: 10)
[18:23:57 -108144.436388] SLOW spr round 40 (radius: 5)
[18:26:19 -108144.249658] SLOW spr round 41 (radius: 5)
[18:28:24 -108144.249651] SLOW spr round 42 (radius: 10)
[18:30:20 -108143.800680] SLOW spr round 43 (radius: 5)
[18:32:41 -108141.130890] SLOW spr round 44 (radius: 5)
[18:34:46 -108141.130890] SLOW spr round 45 (radius: 10)
[18:36:42 -108141.041618] SLOW spr round 46 (radius: 15)
[18:39:37 -108120.288236] SLOW spr round 47 (radius: 5)
[18:42:05 -108108.234404] SLOW spr round 48 (radius: 5)
[18:44:14 -108105.107850] SLOW spr round 49 (radius: 5)
[18:46:13 -108104.915732] SLOW spr round 50 (radius: 5)
[18:48:07 -108104.914383] SLOW spr round 51 (radius: 10)
[18:50:13 -108101.384100] SLOW spr round 52 (radius: 5)
[18:52:43 -108097.253777] SLOW spr round 53 (radius: 5)
[18:54:46 -108097.253774] SLOW spr round 54 (radius: 10)
[18:56:40 -108095.576952] SLOW spr round 55 (radius: 5)
[18:58:58 -108095.307110] SLOW spr round 56 (radius: 5)
[19:01:14 -108095.306952] SLOW spr round 57 (radius: 10)
[19:03:24 -108093.937440] SLOW spr round 58 (radius: 5)
[19:05:42 -108093.468183] SLOW spr round 59 (radius: 5)
[19:07:46 -108093.399571] SLOW spr round 60 (radius: 10)
[19:09:41 -108093.399520] SLOW spr round 61 (radius: 15)
[19:12:31 -108090.830363] SLOW spr round 62 (radius: 5)
[19:14:55 -108085.170416] SLOW spr round 63 (radius: 5)
[19:17:02 -108085.170305] SLOW spr round 64 (radius: 10)
[19:18:56 -108085.170305] SLOW spr round 65 (radius: 15)
[19:21:43 -108083.323195] SLOW spr round 66 (radius: 5)
[19:24:07 -108083.323177] SLOW spr round 67 (radius: 10)
[19:26:09 -108083.323177] SLOW spr round 68 (radius: 15)
[19:28:51 -108082.138267] SLOW spr round 69 (radius: 5)
[19:31:16 -108078.518790] SLOW spr round 70 (radius: 5)
[19:33:24 -108078.518700] SLOW spr round 71 (radius: 10)
[19:35:19 -108077.967875] SLOW spr round 72 (radius: 5)
[19:37:37 -108077.945331] SLOW spr round 73 (radius: 10)
[19:39:35 -108077.529230] SLOW spr round 74 (radius: 5)
[19:41:51 -108077.514370] SLOW spr round 75 (radius: 10)
[19:43:49 -108077.514348] SLOW spr round 76 (radius: 15)
[19:46:33 -108076.557118] SLOW spr round 77 (radius: 5)
[19:48:58 -108076.556900] SLOW spr round 78 (radius: 10)
[19:51:02 -108076.556899] SLOW spr round 79 (radius: 15)
[19:53:44 -108075.631375] SLOW spr round 80 (radius: 5)
[19:56:08 -108075.031644] SLOW spr round 81 (radius: 5)
[19:58:13 -108075.031520] SLOW spr round 82 (radius: 10)
[20:00:06 -108075.031520] SLOW spr round 83 (radius: 15)
[20:02:56 -108074.366819] SLOW spr round 84 (radius: 5)
[20:05:21 -108072.967604] SLOW spr round 85 (radius: 5)
[20:07:28 -108072.967428] SLOW spr round 86 (radius: 10)
[20:09:22 -108072.302351] SLOW spr round 87 (radius: 5)
[20:11:42 -108072.302263] SLOW spr round 88 (radius: 10)
[20:13:40 -108072.302263] SLOW spr round 89 (radius: 15)
[20:16:24 -108071.819863] SLOW spr round 90 (radius: 5)
[20:18:48 -108071.819835] SLOW spr round 91 (radius: 10)
[20:20:52 -108071.819830] SLOW spr round 92 (radius: 15)
[20:23:35 -108071.230518] SLOW spr round 93 (radius: 5)
[20:26:00 -108068.803144] SLOW spr round 94 (radius: 5)
[20:28:08 -108067.887617] SLOW spr round 95 (radius: 5)
[20:30:06 -108067.887549] SLOW spr round 96 (radius: 10)
[20:31:57 -108067.887549] SLOW spr round 97 (radius: 15)
[20:34:53 -108067.450769] SLOW spr round 98 (radius: 5)
[20:37:21 -108066.783661] SLOW spr round 99 (radius: 5)
[20:39:31 -108066.783496] SLOW spr round 100 (radius: 10)
[20:41:27 -108066.783496] SLOW spr round 101 (radius: 15)
[20:44:21 -108065.600819] SLOW spr round 102 (radius: 5)
[20:46:45 -108065.380883] SLOW spr round 103 (radius: 5)
[20:48:53 -108065.380853] SLOW spr round 104 (radius: 10)
[20:50:49 -108065.380853] SLOW spr round 105 (radius: 15)
[20:53:41 -108065.054465] SLOW spr round 106 (radius: 5)
[20:56:07 -108065.048467] SLOW spr round 107 (radius: 10)
[20:57:01] [worker #1] ML tree search #12, logLikelihood: -108477.308158
[20:58:11 -108065.048428] SLOW spr round 108 (radius: 15)
[21:00:55 -108064.840561] SLOW spr round 109 (radius: 5)
[21:03:22 -108064.839605] SLOW spr round 110 (radius: 10)
[21:05:27 -108064.818393] SLOW spr round 111 (radius: 15)
[21:08:11 -108064.818222] SLOW spr round 112 (radius: 20)
[21:12:23 -108050.994375] SLOW spr round 113 (radius: 5)
[21:14:49 -108048.824421] SLOW spr round 114 (radius: 5)
[21:16:56 -108048.329156] SLOW spr round 115 (radius: 5)
[21:18:57 -108048.050731] SLOW spr round 116 (radius: 5)
[21:20:52 -108048.050731] SLOW spr round 117 (radius: 10)
[21:22:44 -108048.050731] SLOW spr round 118 (radius: 15)
[21:25:41 -108044.202625] SLOW spr round 119 (radius: 5)
[21:28:06 -108041.151771] SLOW spr round 120 (radius: 5)
[21:30:14 -108041.114920] SLOW spr round 121 (radius: 10)
[21:32:09 -108041.114912] SLOW spr round 122 (radius: 15)
[21:34:58 -108039.907400] SLOW spr round 123 (radius: 5)
[21:37:23 -108039.907391] SLOW spr round 124 (radius: 10)
[21:39:26 -108039.907391] SLOW spr round 125 (radius: 15)
[21:42:09 -108039.907391] SLOW spr round 126 (radius: 20)
[21:46:19 -108034.234730] SLOW spr round 127 (radius: 5)
[21:48:43 -108034.234703] SLOW spr round 128 (radius: 10)
[21:50:47 -108034.234703] SLOW spr round 129 (radius: 15)
[21:53:27 -108034.234703] SLOW spr round 130 (radius: 20)
[21:57:35 -108032.399111] SLOW spr round 131 (radius: 5)
[22:00:02 -108030.215262] SLOW spr round 132 (radius: 5)
[22:02:11 -108029.314426] SLOW spr round 133 (radius: 5)
[22:04:11 -108025.735326] SLOW spr round 134 (radius: 5)
[22:06:04 -108025.734835] SLOW spr round 135 (radius: 10)
[22:07:54 -108025.112283] SLOW spr round 136 (radius: 5)
[22:10:09 -108025.112246] SLOW spr round 137 (radius: 10)
[22:12:08 -108025.112246] SLOW spr round 138 (radius: 15)
[22:14:42 -108020.418948] SLOW spr round 139 (radius: 5)
[22:17:04 -108019.726977] SLOW spr round 140 (radius: 5)
[22:19:10 -108016.603637] SLOW spr round 141 (radius: 5)
[22:21:08 -108016.603603] SLOW spr round 142 (radius: 10)
[22:22:58 -108016.603574] SLOW spr round 143 (radius: 15)
[22:25:46 -108016.603545] SLOW spr round 144 (radius: 20)
[22:29:31 -108015.109587] SLOW spr round 145 (radius: 5)
[22:31:57 -108009.997528] SLOW spr round 146 (radius: 5)
[22:34:04 -108008.663271] SLOW spr round 147 (radius: 5)
[22:36:01 -108008.663176] SLOW spr round 148 (radius: 10)
[22:37:52 -108008.663144] SLOW spr round 149 (radius: 15)
[22:40:38 -108008.663112] SLOW spr round 150 (radius: 20)
[22:44:22 -108007.368167] SLOW spr round 151 (radius: 5)
[22:46:45 -108007.367316] SLOW spr round 152 (radius: 10)
[22:48:49 -108007.367277] SLOW spr round 153 (radius: 15)
[22:51:24 -108007.367245] SLOW spr round 154 (radius: 20)
[22:55:14 -108006.968242] SLOW spr round 155 (radius: 5)
[22:57:40 -108006.805146] SLOW spr round 156 (radius: 5)
[22:59:47 -108006.804975] SLOW spr round 157 (radius: 10)
[23:01:41 -108005.561686] SLOW spr round 158 (radius: 5)
[23:03:59 -108005.561632] SLOW spr round 159 (radius: 10)
[23:05:58 -108005.522995] SLOW spr round 160 (radius: 15)
[23:08:26] [worker #3] ML tree search #14, logLikelihood: -107308.423105
[23:08:37 -108005.522950] SLOW spr round 161 (radius: 20)
[23:12:28 -108004.439200] SLOW spr round 162 (radius: 5)
[23:14:51 -108004.439165] SLOW spr round 163 (radius: 10)
[23:16:57 -108004.439130] SLOW spr round 164 (radius: 15)
[23:19:32 -108004.439095] SLOW spr round 165 (radius: 20)
[23:23:24 -108004.439060] SLOW spr round 166 (radius: 25)
[23:28:29 -107979.906921] SLOW spr round 167 (radius: 5)
[23:30:59 -107968.984786] SLOW spr round 168 (radius: 5)
[23:33:09 -107968.918899] SLOW spr round 169 (radius: 10)
[23:35:06 -107959.958153] SLOW spr round 170 (radius: 5)
[23:37:27 -107956.342217] SLOW spr round 171 (radius: 5)
[23:39:31 -107956.201025] SLOW spr round 172 (radius: 5)
[23:41:28 -107956.200999] SLOW spr round 173 (radius: 10)
[23:43:24 -107948.268813] SLOW spr round 174 (radius: 5)
[23:45:48 -107944.803727] SLOW spr round 175 (radius: 5)
[23:47:55 -107944.803583] SLOW spr round 176 (radius: 10)
[23:49:52 -107941.798846] SLOW spr round 177 (radius: 5)
[23:52:14 -107941.458978] SLOW spr round 178 (radius: 5)
[23:54:19 -107941.458910] SLOW spr round 179 (radius: 10)
[23:56:14 -107941.458892] SLOW spr round 180 (radius: 15)
[23:59:21 -107940.236058] SLOW spr round 181 (radius: 5)
[24:01:56 -107939.955248] SLOW spr round 182 (radius: 5)
[24:04:11 -107939.954977] SLOW spr round 183 (radius: 10)
[24:06:07 -107938.756898] SLOW spr round 184 (radius: 5)
[24:08:28 -107937.768448] SLOW spr round 185 (radius: 5)
[24:10:33 -107937.768260] SLOW spr round 186 (radius: 10)
[24:12:27 -107937.768234] SLOW spr round 187 (radius: 15)
[24:15:15 -107937.270428] SLOW spr round 188 (radius: 5)
[24:17:48 -107936.842216] SLOW spr round 189 (radius: 5)
[24:19:57 -107934.545888] SLOW spr round 190 (radius: 5)
[24:21:57 -107933.856470] SLOW spr round 191 (radius: 5)
[24:23:51 -107933.856206] SLOW spr round 192 (radius: 10)
[24:25:44 -107933.856181] SLOW spr round 193 (radius: 15)
[24:28:39 -107933.856157] SLOW spr round 194 (radius: 20)
[24:32:24 -107930.367032] SLOW spr round 195 (radius: 5)
[24:34:48 -107925.857636] SLOW spr round 196 (radius: 5)
[24:36:59 -107921.817450] SLOW spr round 197 (radius: 5)
[24:38:58 -107921.817301] SLOW spr round 198 (radius: 10)
[24:40:49 -107921.817274] SLOW spr round 199 (radius: 15)
[24:43:36 -107918.044883] SLOW spr round 200 (radius: 5)
[24:45:57 -107918.035561] SLOW spr round 201 (radius: 10)
[24:47:58 -107918.035526] SLOW spr round 202 (radius: 15)
[24:50:38 -107918.035500] SLOW spr round 203 (radius: 20)
[24:54:27 -107917.706688] SLOW spr round 204 (radius: 5)
[24:56:51 -107917.706526] SLOW spr round 205 (radius: 10)
[24:58:53 -107917.159724] SLOW spr round 206 (radius: 5)
[25:01:07 -107917.159220] SLOW spr round 207 (radius: 10)
[25:03:02 -107917.159214] SLOW spr round 208 (radius: 15)
[25:05:39 -107916.776443] SLOW spr round 209 (radius: 5)
[25:08:01 -107915.664066] SLOW spr round 210 (radius: 5)
[25:10:06 -107915.664062] SLOW spr round 211 (radius: 10)
[25:11:59 -107915.664062] SLOW spr round 212 (radius: 15)
[25:14:41 -107915.664062] SLOW spr round 213 (radius: 20)
[25:18:25 -107913.668230] SLOW spr round 214 (radius: 5)
[25:20:48 -107913.668224] SLOW spr round 215 (radius: 10)
[25:22:52 -107913.570558] SLOW spr round 216 (radius: 15)
[25:25:28 -107913.569878] SLOW spr round 217 (radius: 20)
[25:29:16 -107913.569847] SLOW spr round 218 (radius: 25)
[25:34:16 -107909.171411] SLOW spr round 219 (radius: 5)
[25:36:48 -107905.761002] SLOW spr round 220 (radius: 5)
[25:39:00 -107905.368482] SLOW spr round 221 (radius: 5)
[25:41:02 -107905.368342] SLOW spr round 222 (radius: 10)
[25:42:56 -107903.785067] SLOW spr round 223 (radius: 5)
[25:45:17 -107902.492946] SLOW spr round 224 (radius: 5)
[25:47:22 -107902.492845] SLOW spr round 225 (radius: 10)
[25:49:18 -107902.492843] SLOW spr round 226 (radius: 15)
[25:52:06 -107902.139635] SLOW spr round 227 (radius: 5)
[25:54:32 -107901.471495] SLOW spr round 228 (radius: 5)
[25:56:38 -107901.471304] SLOW spr round 229 (radius: 10)
[25:58:32 -107901.471304] SLOW spr round 230 (radius: 15)
[26:01:17 -107901.471304] SLOW spr round 231 (radius: 20)
[26:05:01 -107901.471304] SLOW spr round 232 (radius: 25)
[26:10:05 -107901.471304] Model parameter optimization (eps = 0.100000)

[26:10:36] [worker #0] ML tree search #11, logLikelihood: -107881.719386

[26:10:36 -134925.744013] Initial branch length optimization
[26:10:37 -122720.917762] Model parameter optimization (eps = 10.000000)
[26:11:24 -114085.620526] AUTODETECT spr round 1 (radius: 5)
[26:12:52 -111938.213810] AUTODETECT spr round 2 (radius: 10)
[26:14:32 -111074.443215] AUTODETECT spr round 3 (radius: 15)
[26:16:35 -110450.374642] AUTODETECT spr round 4 (radius: 20)
[26:18:55 -110258.898374] AUTODETECT spr round 5 (radius: 25)
[26:21:33 -110139.222025] SPR radius for FAST iterations: 25 (autodetect)
[26:21:33 -110139.222025] Model parameter optimization (eps = 3.000000)
[26:21:56 -110032.634395] FAST spr round 1 (radius: 25)
[26:25:58 -108917.712623] FAST spr round 2 (radius: 25)
[26:28:48 -108626.835556] FAST spr round 3 (radius: 25)
[26:30:57 -108534.074959] FAST spr round 4 (radius: 25)
[26:32:43 -108521.231543] FAST spr round 5 (radius: 25)
[26:34:19 -108519.230467] FAST spr round 6 (radius: 25)
[26:35:49 -108518.530170] FAST spr round 7 (radius: 25)
[26:37:21 -108516.445892] FAST spr round 8 (radius: 25)
[26:38:48 -108516.432228] Model parameter optimization (eps = 1.000000)
[26:38:59 -108506.248042] SLOW spr round 1 (radius: 5)
[26:41:04 -108458.483250] SLOW spr round 2 (radius: 5)
[26:43:00 -108430.541001] SLOW spr round 3 (radius: 5)
[26:44:55 -108418.334253] SLOW spr round 4 (radius: 5)
[26:46:47 -108416.666959] SLOW spr round 5 (radius: 5)
[26:48:39 -108415.999623] SLOW spr round 6 (radius: 5)
[26:50:31 -108415.225930] SLOW spr round 7 (radius: 5)
[26:52:21 -108415.225835] SLOW spr round 8 (radius: 10)
[26:54:17 -108406.348999] SLOW spr round 9 (radius: 5)
[26:56:40 -108397.847623] SLOW spr round 10 (radius: 5)
[26:58:47 -108397.427021] SLOW spr round 11 (radius: 5)
[27:00:46 -108397.427008] SLOW spr round 12 (radius: 10)
[27:02:38 -108394.674274] SLOW spr round 13 (radius: 5)
[27:04:57 -108391.594853] SLOW spr round 14 (radius: 5)
[27:07:00 -108391.358521] SLOW spr round 15 (radius: 5)
[27:08:53 -108391.357439] SLOW spr round 16 (radius: 10)
[27:10:42 -108387.362749] SLOW spr round 17 (radius: 5)
[27:13:01 -108384.880551] SLOW spr round 18 (radius: 5)
[27:15:05 -108384.879873] SLOW spr round 19 (radius: 10)
[27:16:57 -108382.609288] SLOW spr round 20 (radius: 5)
[27:19:14 -108380.512650] SLOW spr round 21 (radius: 5)
[27:21:15 -108380.512147] SLOW spr round 22 (radius: 10)
[27:23:06 -108379.369402] SLOW spr round 23 (radius: 5)
[27:25:22 -108379.259048] SLOW spr round 24 (radius: 5)
[27:27:24 -108379.256687] SLOW spr round 25 (radius: 10)
[27:29:14 -108374.926586] SLOW spr round 26 (radius: 5)
[27:31:41 -108374.291900] SLOW spr round 27 (radius: 5)
[27:33:44 -108369.503237] SLOW spr round 28 (radius: 5)
[27:35:39 -108369.498354] SLOW spr round 29 (radius: 10)
[27:37:29 -108368.271616] SLOW spr round 30 (radius: 5)
[27:39:47 -108366.901700] SLOW spr round 31 (radius: 5)
[27:41:48 -108366.901606] SLOW spr round 32 (radius: 10)
[27:43:39 -108366.366089] SLOW spr round 33 (radius: 5)
[27:45:57 -108364.881188] SLOW spr round 34 (radius: 5)
[27:47:59 -108364.881168] SLOW spr round 35 (radius: 10)
[27:49:50 -108364.352082] SLOW spr round 36 (radius: 5)
[27:52:04 -108363.975849] SLOW spr round 37 (radius: 5)
[27:54:03 -108363.975828] SLOW spr round 38 (radius: 10)
[27:55:53 -108363.644930] SLOW spr round 39 (radius: 5)
[27:58:08 -108361.624503] SLOW spr round 40 (radius: 5)
[28:00:09 -108360.723205] SLOW spr round 41 (radius: 5)
[28:01:59 -108360.723201] SLOW spr round 42 (radius: 10)
[28:03:44 -108360.577001] SLOW spr round 43 (radius: 5)
[28:05:59 -108360.576967] SLOW spr round 44 (radius: 10)
[28:07:54 -108360.529121] SLOW spr round 45 (radius: 15)
[28:10:35 -108346.985637] SLOW spr round 46 (radius: 5)
[28:12:55 -108333.118019] SLOW spr round 47 (radius: 5)
[28:15:00 -108332.171983] SLOW spr round 48 (radius: 5)
[28:16:55 -108332.170513] SLOW spr round 49 (radius: 10)
[28:18:39 -108332.125779] SLOW spr round 50 (radius: 15)
[28:21:31 -108323.963326] SLOW spr round 51 (radius: 5)
[28:23:56 -108315.114306] SLOW spr round 52 (radius: 5)
[28:26:01 -108313.902754] SLOW spr round 53 (radius: 5)
[28:27:54 -108313.901663] SLOW spr round 54 (radius: 10)
[28:29:40 -108313.901587] SLOW spr round 55 (radius: 15)
[28:32:30 -108313.056915] SLOW spr round 56 (radius: 5)
[28:34:50 -108312.767692] SLOW spr round 57 (radius: 5)
[28:36:52 -108312.767689] SLOW spr round 58 (radius: 10)
[28:38:44 -108312.741251] SLOW spr round 59 (radius: 15)
[28:40:06] [worker #2] ML tree search #13, logLikelihood: -107929.694937
[28:41:30 -108312.442981] SLOW spr round 60 (radius: 5)
[28:43:51 -108311.424391] SLOW spr round 61 (radius: 5)
[28:45:56 -108311.424381] SLOW spr round 62 (radius: 10)
[28:47:47 -108311.424381] SLOW spr round 63 (radius: 15)
[28:50:32 -108311.137264] SLOW spr round 64 (radius: 5)
[28:52:53 -108308.705062] SLOW spr round 65 (radius: 5)
[28:54:57 -108308.704992] SLOW spr round 66 (radius: 10)
[28:56:45 -108308.704992] SLOW spr round 67 (radius: 15)
[28:59:32 -108308.461239] SLOW spr round 68 (radius: 5)
[29:01:54 -108307.984727] SLOW spr round 69 (radius: 5)
[29:03:59 -108307.984630] SLOW spr round 70 (radius: 10)
[29:05:50 -108307.984627] SLOW spr round 71 (radius: 15)
[29:08:36 -108307.728210] SLOW spr round 72 (radius: 5)
[29:10:56 -108306.055213] SLOW spr round 73 (radius: 5)
[29:12:57 -108306.054648] SLOW spr round 74 (radius: 10)
[29:14:44 -108306.054628] SLOW spr round 75 (radius: 15)
[29:17:09] [worker #4] ML tree search #15, logLikelihood: -107968.731773
[29:17:31 -108305.994090] SLOW spr round 76 (radius: 20)
[29:21:16 -108284.802082] SLOW spr round 77 (radius: 5)
[29:23:41 -108275.239125] SLOW spr round 78 (radius: 5)
[29:25:50 -108271.128222] SLOW spr round 79 (radius: 5)
[29:27:50 -108268.447705] SLOW spr round 80 (radius: 5)
[29:29:43 -108268.447480] SLOW spr round 81 (radius: 10)
[29:31:32 -108265.750549] SLOW spr round 82 (radius: 5)
[29:33:52 -108265.750545] SLOW spr round 83 (radius: 10)
[29:35:51 -108263.815064] SLOW spr round 84 (radius: 5)
[29:38:08 -108263.815055] SLOW spr round 85 (radius: 10)
[29:40:02 -108263.490233] SLOW spr round 86 (radius: 5)
[29:42:20 -108263.045447] SLOW spr round 87 (radius: 5)
[29:44:21 -108263.043606] SLOW spr round 88 (radius: 10)
[29:46:12 -108262.492776] SLOW spr round 89 (radius: 5)
[29:48:30 -108262.492710] SLOW spr round 90 (radius: 10)
[29:50:27 -108262.492710] SLOW spr round 91 (radius: 15)
[29:53:08 -108255.004248] SLOW spr round 92 (radius: 5)
[29:55:32 -108252.873680] SLOW spr round 93 (radius: 5)
[29:57:36 -108252.872953] SLOW spr round 94 (radius: 10)
[29:59:28 -108251.816870] SLOW spr round 95 (radius: 5)
[30:01:57 -108250.696925] SLOW spr round 96 (radius: 5)
[30:04:08 -108250.057350] SLOW spr round 97 (radius: 5)
[30:06:15 -108250.056964] SLOW spr round 98 (radius: 10)
[30:08:18 -108250.056958] SLOW spr round 99 (radius: 15)
[30:11:19 -108247.782510] SLOW spr round 100 (radius: 5)
[30:13:46 -108247.136995] SLOW spr round 101 (radius: 5)
[30:13:49] [worker #1] ML tree search #17, logLikelihood: -107943.021619
[30:15:48 -108247.136765] SLOW spr round 102 (radius: 10)
[30:17:53 -108247.136764] SLOW spr round 103 (radius: 15)
[30:20:56 -108245.658795] SLOW spr round 104 (radius: 5)
[30:23:26 -108245.318035] SLOW spr round 105 (radius: 5)
[30:25:37 -108245.298247] SLOW spr round 106 (radius: 10)
[30:27:37 -108245.298233] SLOW spr round 107 (radius: 15)
[30:30:29 -108245.094438] SLOW spr round 108 (radius: 5)
[30:32:56 -108243.557888] SLOW spr round 109 (radius: 5)
[30:34:59 -108243.557860] SLOW spr round 110 (radius: 10)
[30:36:47 -108243.431796] SLOW spr round 111 (radius: 5)
[30:39:02 -108243.236896] SLOW spr round 112 (radius: 5)
[30:41:03 -108243.236864] SLOW spr round 113 (radius: 10)
[30:42:53 -108243.236864] SLOW spr round 114 (radius: 15)
[30:45:40 -108242.615762] SLOW spr round 115 (radius: 5)
[30:48:00 -108242.598356] SLOW spr round 116 (radius: 10)
[30:50:00 -108242.598330] SLOW spr round 117 (radius: 15)
[30:52:39 -108242.598330] SLOW spr round 118 (radius: 20)
[30:56:21 -108233.165921] SLOW spr round 119 (radius: 5)
[30:58:47 -108227.482421] SLOW spr round 120 (radius: 5)
[31:00:52 -108227.481980] SLOW spr round 121 (radius: 10)
[31:02:43 -108224.797032] SLOW spr round 122 (radius: 5)
[31:04:58 -108224.797007] SLOW spr round 123 (radius: 10)
[31:06:53 -108224.797007] SLOW spr round 124 (radius: 15)
[31:09:33 -108224.797007] SLOW spr round 125 (radius: 20)
[31:13:07 -108223.653065] SLOW spr round 126 (radius: 5)
[31:15:25 -108223.652741] SLOW spr round 127 (radius: 10)
[31:17:22 -108223.652733] SLOW spr round 128 (radius: 15)
[31:19:58 -108223.652733] SLOW spr round 129 (radius: 20)
[31:23:36 -108222.776913] SLOW spr round 130 (radius: 5)
[31:25:58 -108222.776897] SLOW spr round 131 (radius: 10)
[31:27:59 -108222.674474] SLOW spr round 132 (radius: 5)
[31:30:13 -108219.352631] SLOW spr round 133 (radius: 5)
[31:32:10 -108218.127253] SLOW spr round 134 (radius: 5)
[31:34:03 -108217.219954] SLOW spr round 135 (radius: 5)
[31:35:49 -108217.219951] SLOW spr round 136 (radius: 10)
[31:37:33 -108217.219951] SLOW spr round 137 (radius: 15)
[31:40:21 -108215.080551] SLOW spr round 138 (radius: 5)
[31:42:42 -108214.560993] SLOW spr round 139 (radius: 5)
[31:44:44 -108214.560925] SLOW spr round 140 (radius: 10)
[31:46:30 -108213.183059] SLOW spr round 141 (radius: 5)
[31:48:41 -108213.182859] SLOW spr round 142 (radius: 10)
[31:50:31 -108213.171993] SLOW spr round 143 (radius: 15)
[31:52:02] [worker #3] ML tree search #19, logLikelihood: -108178.120034
[31:52:55 -108213.171986] SLOW spr round 144 (radius: 20)
[31:56:11 -108212.602749] SLOW spr round 145 (radius: 5)
[31:58:17 -108212.602705] SLOW spr round 146 (radius: 10)
[32:00:03 -108212.021289] SLOW spr round 147 (radius: 5)
[32:02:01 -108212.021282] SLOW spr round 148 (radius: 10)
[32:03:41 -108212.021282] SLOW spr round 149 (radius: 15)
[32:06:04 -108211.599336] SLOW spr round 150 (radius: 5)
[32:08:09 -108210.870711] SLOW spr round 151 (radius: 5)
[32:09:59 -108210.870619] SLOW spr round 152 (radius: 10)
[32:11:37 -108210.870619] SLOW spr round 153 (radius: 15)
[32:14:05 -108210.870619] SLOW spr round 154 (radius: 20)
[32:17:19 -108210.769557] SLOW spr round 155 (radius: 5)
[32:19:24 -108210.769283] SLOW spr round 156 (radius: 10)
[32:21:11 -108210.769278] SLOW spr round 157 (radius: 15)
[32:23:31 -108210.769278] SLOW spr round 158 (radius: 20)
[32:26:46 -108210.769278] SLOW spr round 159 (radius: 25)
[32:30:38 -108201.039313] SLOW spr round 160 (radius: 5)
[32:32:47 -108197.129109] SLOW spr round 161 (radius: 5)
[32:34:37 -108197.126537] SLOW spr round 162 (radius: 10)
[32:36:14 -108196.502206] SLOW spr round 163 (radius: 5)
[32:38:18 -108194.267948] SLOW spr round 164 (radius: 5)
[32:40:08 -108194.267946] SLOW spr round 165 (radius: 10)
[32:41:46 -108194.173624] SLOW spr round 166 (radius: 15)
[32:44:17 -108194.173576] SLOW spr round 167 (radius: 20)
[32:47:33 -108194.173575] SLOW spr round 168 (radius: 25)
[32:51:27 -108192.929143] SLOW spr round 169 (radius: 5)
[32:53:40 -108188.659218] SLOW spr round 170 (radius: 5)
[32:55:33 -108188.658591] SLOW spr round 171 (radius: 10)
[32:57:12 -108184.719201] SLOW spr round 172 (radius: 5)
[32:59:16 -108184.461717] SLOW spr round 173 (radius: 5)
[33:01:04 -108184.461194] SLOW spr round 174 (radius: 10)
[33:02:41 -108184.461173] SLOW spr round 175 (radius: 15)
[33:05:13 -108184.461172] SLOW spr round 176 (radius: 20)
[33:08:31 -108184.461172] SLOW spr round 177 (radius: 25)
[33:12:28 -108184.085588] SLOW spr round 178 (radius: 5)
[33:14:38 -108184.055747] SLOW spr round 179 (radius: 10)
[33:16:29 -108182.795341] SLOW spr round 180 (radius: 5)
[33:18:30 -108182.795341] SLOW spr round 181 (radius: 10)
[33:20:11 -108182.795341] SLOW spr round 182 (radius: 15)
[33:22:39 -108182.795341] SLOW spr round 183 (radius: 20)
[33:26:04 -108182.795341] SLOW spr round 184 (radius: 25)
[33:30:06 -108182.795341] Model parameter optimization (eps = 0.100000)

[33:30:20] [worker #0] ML tree search #16, logLikelihood: -108177.721665

[36:57:40] [worker #2] ML tree search #18, logLikelihood: -108049.274285
[37:03:28] [worker #4] ML tree search #20, logLikelihood: -107737.215363

Optimized model parameters:

   Partition 0: noname
   Rate heterogeneity: GAMMA (4 cats, mean),  alpha: 0.320404 (ML),  weights&rates: (0.250000,0.007096) (0.250000,0.120432) (0.250000,0.628529) (0.250000,3.243943) 
   Base frequencies (ML): 0.035082 0.489213 0.354924 0.120781 
   Substitution rates (ML): 2.538319 16.015017 17.598989 3.307600 7.053794 1.000000 


Final LogLikelihood: -107308.423105

AIC score: 225752.846210 / AICc score: 62242136.846210 / BIC score: 245270.532203
Free parameters (model + branch lengths): 5568

WARNING: Number of free parameters (K=5568) is larger than alignment size (n=246).
         This might lead to overfitting and compromise tree inference results!


WARNING: Best ML tree contains 250 near-zero branches!

Best ML tree with collapsed near-zero branches saved to: /home2/ISAD/dp415/dada2_pipeline_myxorpoB/data/output/run_myxo_gtdbr202/raxml/myxo_95/myxo_95.raxml.bestTreeCollapsed
Best ML tree saved to: /home2/ISAD/dp415/dada2_pipeline_myxorpoB/data/output/run_myxo_gtdbr202/raxml/myxo_95/myxo_95.raxml.bestTree
All ML trees saved to: /home2/ISAD/dp415/dada2_pipeline_myxorpoB/data/output/run_myxo_gtdbr202/raxml/myxo_95/myxo_95.raxml.mlTrees
Optimized model saved to: /home2/ISAD/dp415/dada2_pipeline_myxorpoB/data/output/run_myxo_gtdbr202/raxml/myxo_95/myxo_95.raxml.bestModel

Execution log saved to: /home2/ISAD/dp415/dada2_pipeline_myxorpoB/data/output/run_myxo_gtdbr202/raxml/myxo_95/myxo_95.raxml.log

Analysis started: 17-Jan-2022 15:59:43 / finished: 19-Jan-2022 05:03:12

Elapsed time: 133408.612 seconds

