
RAxML-NG v. 1.1 released on 29.11.2021 by The Exelixis Lab.
Developed by: Alexey M. Kozlov and Alexandros Stamatakis.
Contributors: Diego Darriba, Tomas Flouri, Benoit Morel, Sarah Lutteropp, Ben Bettisworth.
Latest version: https://github.com/amkozlov/raxml-ng
Questions/problems/suggestions? Please visit: https://groups.google.com/forum/#!forum/raxml

System: Intel(R) Xeon(R) Gold 6230 CPU @ 2.10GHz, 40 cores, 376 GB RAM

RAxML-NG was called at 20-Jan-2022 09:35:04 as follows:

raxml-ng --rfdist --tree myxo_95.raxml.mlTrees mltrees --prefix RF

Analysis options:
  run mode: RF distance computation
  start tree(s): user
  random seed: 1642671304
  SIMD kernels: AVX2
  parallelization: coarse-grained (auto), PTHREADS (auto)

Reading input trees from file: myxo_95.raxml.mlTrees
Loaded 20 trees with 2781 taxa.

Average absolute RF distance in this tree set: 4586.957895
Average relative RF distance in this tree set: 0.825586
Number of unique topologies in this tree set: 20

Pairwise RF distances saved to: /home2/ISAD/dp415/dada2_pipeline_myxorpoB/data/output/run_myxo_gtdbr202/raxml/myxo_95/RF.raxml.rfDistances

Execution log saved to: /home2/ISAD/dp415/dada2_pipeline_myxorpoB/data/output/run_myxo_gtdbr202/raxml/myxo_95/RF.raxml.log

Analysis started: 20-Jan-2022 09:35:04 / finished: 20-Jan-2022 09:35:04

Elapsed time: 0.258 seconds

