
RAxML-NG v. 1.1 released on 29.11.2021 by The Exelixis Lab.
Developed by: Alexey M. Kozlov and Alexandros Stamatakis.
Contributors: Diego Darriba, Tomas Flouri, Benoit Morel, Sarah Lutteropp, Ben Bettisworth.
Latest version: https://github.com/amkozlov/raxml-ng
Questions/problems/suggestions? Please visit: https://groups.google.com/forum/#!forum/raxml

System: Intel(R) Xeon(R) Gold 6230 CPU @ 2.10GHz, 40 cores, 376 GB RAM

RAxML-NG was called at 17-Jan-2022 15:22:29 as follows:

raxml-ng --msa alignments/alignment_myxo_99percent.fasta --model GTR+G --seed 2 --prefix raxml/myxo_asv/myxo_99 --threads 5

Analysis options:
  run mode: ML tree search
  start tree(s): random (10) + parsimony (10)
  random seed: 2
  tip-inner: OFF
  pattern compression: ON
  per-rate scalers: OFF
  site repeats: ON
  fast spr radius: AUTO
  spr subtree cutoff: 1.000000
  branch lengths: proportional (ML estimate, algorithm: NR-FAST)
  SIMD kernels: AVX2
  parallelization: coarse-grained (auto), PTHREADS (5 threads), thread pinning: OFF

[00:00:00] Reading alignment from file: alignments/alignment_myxo_99percent.fasta
[00:00:00] Loaded alignment with 3292 taxa and 246 sites

Alignment comprises 1 partitions and 162 patterns

Partition 0: noname
Model: GTR+FO+G4m
Alignment sites / patterns: 246 / 162
Gaps: 8.89 %
Invariant sites: 35.37 %


NOTE: Binary MSA file already exists: raxml/myxo_asv/myxo_99.raxml.rba

Parallelization scheme autoconfig: 5 worker(s) x 1 thread(s)


NOTE: Per-rate scalers were automatically enabled to prevent numerical issues on taxa-rich alignments.
NOTE: You can use --force switch to skip this check and fall back to per-site scalers.

Parallel reduction/worker buffer size: 1 KB  / 0 KB

[00:00:00] Generating 10 random starting tree(s) with 3292 taxa
[00:00:00] Generating 10 parsimony starting tree(s) with 3292 taxa
[00:00:33] Data distribution: max. partitions/sites/weight per thread: 1 / 162 / 2592
[00:00:33] Data distribution: max. searches per worker: 4

Starting ML tree search with 20 distinct starting trees

[00:00:33 -280303.352894] Initial branch length optimization
[00:00:35 -252428.377852] Model parameter optimization (eps = 10.000000)
[00:01:09 -225739.601432] AUTODETECT spr round 1 (radius: 5)
[00:03:56 -187572.780311] AUTODETECT spr round 2 (radius: 10)
[00:06:54 -155080.515326] AUTODETECT spr round 3 (radius: 15)
[00:10:09 -136797.209096] AUTODETECT spr round 4 (radius: 20)
[00:13:35 -125621.447907] AUTODETECT spr round 5 (radius: 25)
[00:17:08 -118583.439017] SPR radius for FAST iterations: 25 (autodetect)
[00:17:08 -118583.439017] Model parameter optimization (eps = 3.000000)
[00:19:36 -116579.670885] FAST spr round 1 (radius: 25)
[00:24:35 -102445.933617] FAST spr round 2 (radius: 25)
[00:28:15 -99607.103899] FAST spr round 3 (radius: 25)
[00:31:23 -98318.260629] FAST spr round 4 (radius: 25)
[00:34:18 -97914.128597] FAST spr round 5 (radius: 25)
[00:37:03 -97875.696212] FAST spr round 6 (radius: 25)
[00:39:41 -97868.126064] FAST spr round 7 (radius: 25)
[00:42:13 -97867.418880] FAST spr round 8 (radius: 25)
[00:44:41 -97867.418822] Model parameter optimization (eps = 1.000000)
[00:45:14 -97743.688193] SLOW spr round 1 (radius: 5)
[00:48:43 -97699.157316] SLOW spr round 2 (radius: 5)
[00:51:59 -97681.121122] SLOW spr round 3 (radius: 5)
[00:55:13 -97678.285894] SLOW spr round 4 (radius: 5)
[00:58:21 -97678.284915] SLOW spr round 5 (radius: 10)
[01:01:30 -97670.828943] SLOW spr round 6 (radius: 5)
[01:05:24 -97665.692854] SLOW spr round 7 (radius: 5)
[01:08:52 -97665.510243] SLOW spr round 8 (radius: 5)
[01:12:02 -97665.228741] SLOW spr round 9 (radius: 5)
[01:15:08 -97665.228481] SLOW spr round 10 (radius: 10)
[01:18:13 -97663.740140] SLOW spr round 11 (radius: 5)
[01:22:02 -97663.740115] SLOW spr round 12 (radius: 10)
[01:25:21 -97662.086496] SLOW spr round 13 (radius: 5)
[01:29:05 -97662.086410] SLOW spr round 14 (radius: 10)
[01:32:19 -97662.008304] SLOW spr round 15 (radius: 15)
[01:36:33 -97658.102667] SLOW spr round 16 (radius: 5)
[01:40:25 -97656.668559] SLOW spr round 17 (radius: 5)
[01:43:51 -97656.668524] SLOW spr round 18 (radius: 10)
[01:46:59 -97655.169894] SLOW spr round 19 (radius: 5)
[01:50:43 -97653.152346] SLOW spr round 20 (radius: 5)
[01:54:03 -97652.386395] SLOW spr round 21 (radius: 5)
[01:57:13 -97652.386384] SLOW spr round 22 (radius: 10)
[02:00:16 -97652.386384] SLOW spr round 23 (radius: 15)
[02:04:34 -97646.928270] SLOW spr round 24 (radius: 5)
[02:08:22 -97646.925246] SLOW spr round 25 (radius: 10)
[02:11:38 -97643.995176] SLOW spr round 26 (radius: 5)
[02:15:12 -97643.537668] SLOW spr round 27 (radius: 5)
[02:18:26 -97643.351475] SLOW spr round 28 (radius: 5)
[02:21:29 -97643.351461] SLOW spr round 29 (radius: 10)
[02:24:27 -97643.351461] SLOW spr round 30 (radius: 15)
[02:28:40 -97635.339674] SLOW spr round 31 (radius: 5)
[02:32:20 -97634.768515] SLOW spr round 32 (radius: 5)
[02:35:36 -97634.768368] SLOW spr round 33 (radius: 10)
[02:38:34 -97634.768157] SLOW spr round 34 (radius: 15)
[02:42:35 -97633.638548] SLOW spr round 35 (radius: 5)
[02:46:16 -97633.637739] SLOW spr round 36 (radius: 10)
[02:49:26 -97633.636967] SLOW spr round 37 (radius: 15)
[02:53:23 -97632.603256] SLOW spr round 38 (radius: 5)
[02:57:04 -97632.602099] SLOW spr round 39 (radius: 10)
[03:00:12 -97632.602093] SLOW spr round 40 (radius: 15)
[03:04:04 -97631.886939] SLOW spr round 41 (radius: 5)
[03:07:44 -97631.886765] SLOW spr round 42 (radius: 10)
[03:10:51 -97631.886762] SLOW spr round 43 (radius: 15)
[03:14:43 -97631.040577] SLOW spr round 44 (radius: 5)
[03:18:23 -97631.040571] SLOW spr round 45 (radius: 10)
[03:21:34 -97631.040570] SLOW spr round 46 (radius: 15)
[03:25:30 -97630.395224] SLOW spr round 47 (radius: 5)
[03:29:13 -97630.395224] SLOW spr round 48 (radius: 10)
[03:32:22 -97629.607304] SLOW spr round 49 (radius: 5)
[03:35:55 -97628.789122] SLOW spr round 50 (radius: 5)
[03:39:08 -97628.581028] SLOW spr round 51 (radius: 5)
[03:42:12 -97628.581021] SLOW spr round 52 (radius: 10)
[03:45:08 -97628.581011] SLOW spr round 53 (radius: 15)
[03:49:20 -97628.232775] SLOW spr round 54 (radius: 5)
[03:53:03 -97628.143941] SLOW spr round 55 (radius: 10)
[03:56:14 -97628.143758] SLOW spr round 56 (radius: 15)
[04:00:10 -97628.094625] SLOW spr round 57 (radius: 20)
[04:05:20 -97610.052794] SLOW spr round 58 (radius: 5)
[04:09:06 -97605.852851] SLOW spr round 59 (radius: 5)
[04:12:25 -97605.849147] SLOW spr round 60 (radius: 10)
[04:15:23 -97605.849135] SLOW spr round 61 (radius: 15)
[04:19:29 -97605.849134] SLOW spr round 62 (radius: 20)
[04:24:35 -97602.489674] SLOW spr round 63 (radius: 5)
[04:28:22 -97602.487864] SLOW spr round 64 (radius: 10)
[04:31:37 -97602.487863] SLOW spr round 65 (radius: 15)
[04:35:35 -97602.487863] SLOW spr round 66 (radius: 20)
[04:40:46 -97601.574771] SLOW spr round 67 (radius: 5)
[04:44:33 -97600.970161] SLOW spr round 68 (radius: 5)
[04:47:52 -97600.969630] SLOW spr round 69 (radius: 10)
[04:50:52 -97600.969606] SLOW spr round 70 (radius: 15)
[04:54:57 -97600.969603] SLOW spr round 71 (radius: 20)
[05:00:05 -97600.486696] SLOW spr round 72 (radius: 5)
[05:03:49 -97600.486117] SLOW spr round 73 (radius: 10)
[05:07:04 -97600.486056] SLOW spr round 74 (radius: 15)
[05:11:00 -97600.486050] SLOW spr round 75 (radius: 20)
[05:16:11 -97600.312740] SLOW spr round 76 (radius: 5)
[05:19:56 -97600.312735] SLOW spr round 77 (radius: 10)
[05:23:10 -97600.312735] SLOW spr round 78 (radius: 15)
[05:27:05 -97600.312735] SLOW spr round 79 (radius: 20)
[05:32:15 -97600.312735] SLOW spr round 80 (radius: 25)
[05:38:30 -97586.410206] SLOW spr round 81 (radius: 5)
[05:42:22 -97581.801789] SLOW spr round 82 (radius: 5)
[05:45:46 -97571.442717] SLOW spr round 83 (radius: 5)
[05:48:59 -97563.610922] SLOW spr round 84 (radius: 5)
[05:52:04 -97561.927157] SLOW spr round 85 (radius: 5)
[05:55:05 -97561.927034] SLOW spr round 86 (radius: 10)
[05:58:01 -97561.927030] SLOW spr round 87 (radius: 15)
[06:02:21 -97537.703464] SLOW spr round 88 (radius: 5)
[06:06:04 -97537.703350] SLOW spr round 89 (radius: 10)
[06:09:18 -97537.703349] SLOW spr round 90 (radius: 15)
[06:13:20 -97537.703349] SLOW spr round 91 (radius: 20)
[06:18:39 -97535.394978] SLOW spr round 92 (radius: 5)
[06:22:24 -97535.394826] SLOW spr round 93 (radius: 10)
[06:25:39 -97535.394823] SLOW spr round 94 (radius: 15)
[06:29:36 -97535.394823] SLOW spr round 95 (radius: 20)
[06:34:56 -97535.394823] SLOW spr round 96 (radius: 25)
[06:41:24 -97520.885904] SLOW spr round 97 (radius: 5)
[06:45:16 -97517.481594] SLOW spr round 98 (radius: 5)
[06:48:36 -97517.481031] SLOW spr round 99 (radius: 10)
[06:51:40 -97512.128944] SLOW spr round 100 (radius: 5)
[06:55:16 -97511.393939] SLOW spr round 101 (radius: 5)
[06:58:30 -97511.393868] SLOW spr round 102 (radius: 10)
[07:01:28 -97511.137904] SLOW spr round 103 (radius: 5)
[07:05:02 -97511.136890] SLOW spr round 104 (radius: 10)
[07:08:07 -97511.136875] SLOW spr round 105 (radius: 15)
[07:08:11] [worker #1] ML tree search #2, logLikelihood: -95115.693162
[07:12:10 -97511.126334] SLOW spr round 106 (radius: 20)
[07:17:27 -97510.863509] SLOW spr round 107 (radius: 5)
[07:21:14 -97510.351467] SLOW spr round 108 (radius: 5)
[07:24:34 -97507.721781] SLOW spr round 109 (radius: 5)
[07:27:39 -97507.720324] SLOW spr round 110 (radius: 10)
[07:30:35 -97507.720089] SLOW spr round 111 (radius: 15)
[07:32:43] [worker #4] ML tree search #5, logLikelihood: -94539.407617
[07:34:49 -97507.720054] SLOW spr round 112 (radius: 20)
[07:40:06 -97507.251844] SLOW spr round 113 (radius: 5)
[07:43:53 -97507.251636] SLOW spr round 114 (radius: 10)
[07:47:07 -97507.251620] SLOW spr round 115 (radius: 15)
[07:51:07 -97507.221509] SLOW spr round 116 (radius: 20)
[07:56:29 -97507.219974] SLOW spr round 117 (radius: 25)
[08:03:01 -97496.230972] SLOW spr round 118 (radius: 5)
[08:06:54 -97480.281128] SLOW spr round 119 (radius: 5)
[08:10:17 -97480.278423] SLOW spr round 120 (radius: 10)
[08:12:48] [worker #3] ML tree search #4, logLikelihood: -98049.729886
[08:13:18 -97480.278252] SLOW spr round 121 (radius: 15)
[08:17:32 -97480.278236] SLOW spr round 122 (radius: 20)
[08:22:49 -97473.614011] SLOW spr round 123 (radius: 5)
[08:26:40 -97473.614009] SLOW spr round 124 (radius: 10)
[08:29:58 -97473.614008] SLOW spr round 125 (radius: 15)
[08:34:01 -97473.614008] SLOW spr round 126 (radius: 20)
[08:39:28 -97473.614008] SLOW spr round 127 (radius: 25)
[08:46:02 -97465.157088] SLOW spr round 128 (radius: 5)
[08:49:59 -97450.712733] SLOW spr round 129 (radius: 5)
[08:53:29 -97442.743925] SLOW spr round 130 (radius: 5)
[08:56:40 -97441.708775] SLOW spr round 131 (radius: 5)
[08:59:45 -97441.708645] SLOW spr round 132 (radius: 10)
[09:02:43 -97441.256043] SLOW spr round 133 (radius: 5)
[09:06:23 -97441.256004] SLOW spr round 134 (radius: 10)
[09:09:32 -97436.030925] SLOW spr round 135 (radius: 5)
[09:13:13 -97424.756603] SLOW spr round 136 (radius: 5)
[09:16:34 -97411.762259] SLOW spr round 137 (radius: 5)
[09:19:40 -97407.427812] SLOW spr round 138 (radius: 5)
[09:22:39 -97407.427807] SLOW spr round 139 (radius: 10)
[09:25:36 -97407.427797] SLOW spr round 140 (radius: 15)
[09:29:56 -97402.505323] SLOW spr round 141 (radius: 5)
[09:33:45 -97387.261381] SLOW spr round 142 (radius: 5)
[09:37:07 -97376.043919] SLOW spr round 143 (radius: 5)
[09:40:17 -97376.043686] SLOW spr round 144 (radius: 10)
[09:43:17 -97375.919427] SLOW spr round 145 (radius: 5)
[09:46:57 -97375.909349] SLOW spr round 146 (radius: 10)
[09:50:07 -97375.655101] SLOW spr round 147 (radius: 5)
[09:53:42 -97375.653532] SLOW spr round 148 (radius: 10)
[09:56:48 -97375.653501] SLOW spr round 149 (radius: 15)
[10:00:53 -97375.653501] SLOW spr round 150 (radius: 20)
[10:06:09 -97370.365822] SLOW spr round 151 (radius: 5)
[10:10:00 -97369.828023] SLOW spr round 152 (radius: 5)
[10:13:22 -97369.826959] SLOW spr round 153 (radius: 10)
[10:16:25 -97369.826923] SLOW spr round 154 (radius: 15)
[10:20:36 -97360.668133] SLOW spr round 155 (radius: 5)
[10:24:24 -97358.639852] SLOW spr round 156 (radius: 5)
[10:27:46 -97358.395100] SLOW spr round 157 (radius: 5)
[10:30:55 -97358.394314] SLOW spr round 158 (radius: 10)
[10:33:55 -97358.055535] SLOW spr round 159 (radius: 5)
[10:37:31 -97358.055312] SLOW spr round 160 (radius: 10)
[10:40:38 -97358.055310] SLOW spr round 161 (radius: 15)
[10:44:39 -97358.055310] SLOW spr round 162 (radius: 20)
[10:49:54 -97357.179407] SLOW spr round 163 (radius: 5)
[10:53:43 -97356.307387] SLOW spr round 164 (radius: 5)
[10:57:04 -97356.307281] SLOW spr round 165 (radius: 10)
[11:00:06 -97356.307281] SLOW spr round 166 (radius: 15)
[11:04:15 -97356.307281] SLOW spr round 167 (radius: 20)
[11:09:30 -97356.307281] SLOW spr round 168 (radius: 25)
[11:15:51 -97351.991878] SLOW spr round 169 (radius: 5)
[11:19:39 -97349.678930] SLOW spr round 170 (radius: 5)
[11:23:00 -97348.935160] SLOW spr round 171 (radius: 5)
[11:26:06 -97348.935098] SLOW spr round 172 (radius: 10)
[11:29:05 -97347.889032] SLOW spr round 173 (radius: 5)
[11:32:41 -97347.889031] SLOW spr round 174 (radius: 10)
[11:35:48 -97347.889031] SLOW spr round 175 (radius: 15)
[11:39:49 -97347.889031] SLOW spr round 176 (radius: 20)
[11:45:02 -97347.889031] SLOW spr round 177 (radius: 25)
[11:51:16 -97346.872985] SLOW spr round 178 (radius: 5)
[11:55:00 -97346.750635] SLOW spr round 179 (radius: 5)
[11:58:21 -97346.750570] SLOW spr round 180 (radius: 10)
[12:01:22 -97345.859273] SLOW spr round 181 (radius: 5)
[12:04:53 -97345.859203] SLOW spr round 182 (radius: 10)
[12:07:57 -97345.672074] SLOW spr round 183 (radius: 5)
[12:11:28 -97345.068742] SLOW spr round 184 (radius: 5)
[12:14:40 -97344.894853] SLOW spr round 185 (radius: 5)
[12:17:43 -97344.894598] SLOW spr round 186 (radius: 10)
[12:20:35 -97344.894595] SLOW spr round 187 (radius: 15)
[12:24:45 -97344.396422] SLOW spr round 188 (radius: 5)
[12:28:24 -97341.391660] SLOW spr round 189 (radius: 5)
[12:31:40 -97341.391643] SLOW spr round 190 (radius: 10)
[12:34:35 -97341.391643] SLOW spr round 191 (radius: 15)
[12:38:37 -97341.391643] SLOW spr round 192 (radius: 20)
[12:43:40 -97341.391643] SLOW spr round 193 (radius: 25)
[12:49:50 -97339.040240] SLOW spr round 194 (radius: 5)
[12:53:31 -97339.040034] SLOW spr round 195 (radius: 10)
[12:56:40 -97339.040031] SLOW spr round 196 (radius: 15)
[13:00:33 -97339.040031] SLOW spr round 197 (radius: 20)
[13:05:43 -97339.040031] SLOW spr round 198 (radius: 25)
[13:11:50 -97338.899411] SLOW spr round 199 (radius: 5)
[13:15:37 -97337.540081] SLOW spr round 200 (radius: 5)
[13:18:56 -97337.538796] SLOW spr round 201 (radius: 10)
[13:21:54 -97337.230944] SLOW spr round 202 (radius: 5)
[13:25:26 -97336.970238] SLOW spr round 203 (radius: 5)
[13:28:39 -97336.877538] SLOW spr round 204 (radius: 10)
[13:31:37 -97336.876981] SLOW spr round 205 (radius: 15)
[13:35:50 -97323.162596] SLOW spr round 206 (radius: 5)
[13:39:32 -97097.671677] SLOW spr round 207 (radius: 5)
[13:42:46 -96988.774122] SLOW spr round 208 (radius: 5)
[13:43:23] [worker #1] ML tree search #7, logLikelihood: -98281.734783
[13:45:49 -96909.257840] SLOW spr round 209 (radius: 5)
[13:48:49 -96892.657635] SLOW spr round 210 (radius: 5)
[13:51:47 -96873.424610] SLOW spr round 211 (radius: 5)
[13:54:39 -96872.551592] SLOW spr round 212 (radius: 5)
[13:57:28 -96872.551138] SLOW spr round 213 (radius: 10)
[14:00:28 -96704.383005] SLOW spr round 214 (radius: 5)
[14:03:59 -96505.970711] SLOW spr round 215 (radius: 5)
[14:07:06 -96391.503890] SLOW spr round 216 (radius: 5)
[14:10:04 -96383.423564] SLOW spr round 217 (radius: 5)
[14:12:58 -96383.423431] SLOW spr round 218 (radius: 10)
[14:15:50 -96341.177126] SLOW spr round 219 (radius: 5)
[14:19:19 -96322.237917] SLOW spr round 220 (radius: 5)
[14:22:26 -96320.415694] SLOW spr round 221 (radius: 5)
[14:25:21 -96320.415548] SLOW spr round 222 (radius: 10)
[14:28:12 -96317.830264] SLOW spr round 223 (radius: 5)
[14:31:36 -96317.830033] SLOW spr round 224 (radius: 10)
[14:34:38 -96312.372261] SLOW spr round 225 (radius: 5)
[14:38:04 -96292.519162] SLOW spr round 226 (radius: 5)
[14:40:31] [worker #4] ML tree search #10, logLikelihood: -103067.865049
[14:41:08 -96292.516276] SLOW spr round 227 (radius: 10)
[14:43:59 -96291.240933] SLOW spr round 228 (radius: 5)
[14:47:26 -96290.471063] SLOW spr round 229 (radius: 5)
[14:50:31 -96290.470648] SLOW spr round 230 (radius: 10)
[14:53:25 -96290.470605] SLOW spr round 231 (radius: 15)
[14:57:28 -96263.075398] SLOW spr round 232 (radius: 5)
[15:00:56 -96262.998586] SLOW spr round 233 (radius: 10)
[15:04:00 -96262.140531] SLOW spr round 234 (radius: 5)
[15:07:19 -96262.135997] SLOW spr round 235 (radius: 10)
[15:10:19 -96262.135033] SLOW spr round 236 (radius: 15)
[15:14:13 -96261.517130] SLOW spr round 237 (radius: 5)
[15:17:43 -96261.288054] SLOW spr round 238 (radius: 5)
[15:20:54 -96260.699519] SLOW spr round 239 (radius: 5)
[15:23:51 -96260.699460] SLOW spr round 240 (radius: 10)
[15:26:41 -96253.346111] SLOW spr round 241 (radius: 5)
[15:30:12 -96250.871694] SLOW spr round 242 (radius: 5)
[15:33:20 -96250.871073] SLOW spr round 243 (radius: 10)
[15:36:14 -96250.871051] SLOW spr round 244 (radius: 15)
[15:40:15 -96238.333440] SLOW spr round 245 (radius: 5)
[15:43:50 -96208.459034] SLOW spr round 246 (radius: 5)
[15:47:00 -96208.457646] SLOW spr round 247 (radius: 10)
[15:49:56 -96207.970532] SLOW spr round 248 (radius: 5)
[15:53:22 -96207.410839] SLOW spr round 249 (radius: 5)
[15:56:30 -96206.137184] SLOW spr round 250 (radius: 5)
[15:59:26 -96206.137145] SLOW spr round 251 (radius: 10)
[16:02:15 -96206.137142] SLOW spr round 252 (radius: 15)
[16:06:18 -96206.104968] SLOW spr round 253 (radius: 20)
[16:11:33 -96139.817857] SLOW spr round 254 (radius: 5)
[16:15:09 -95941.227916] SLOW spr round 255 (radius: 5)
[16:18:20 -95794.788736] SLOW spr round 256 (radius: 5)
[16:21:20 -95666.270190] SLOW spr round 257 (radius: 5)
[16:24:12 -95616.946601] SLOW spr round 258 (radius: 5)
[16:27:02 -95605.442345] SLOW spr round 259 (radius: 5)
[16:29:49 -95605.441471] SLOW spr round 260 (radius: 10)
[16:32:41 -95530.963673] SLOW spr round 261 (radius: 5)
[16:36:05 -95519.193484] SLOW spr round 262 (radius: 5)
[16:39:07 -95519.191734] SLOW spr round 263 (radius: 10)
[16:41:59 -95517.822575] SLOW spr round 264 (radius: 5)
[16:45:18 -95517.760138] SLOW spr round 265 (radius: 10)
[16:48:15 -95516.101514] SLOW spr round 266 (radius: 5)
[16:51:33 -95515.983118] SLOW spr round 267 (radius: 5)
[16:54:33 -95515.981944] SLOW spr round 268 (radius: 10)
[16:57:22 -95515.936485] SLOW spr round 269 (radius: 15)
[17:01:20 -95501.717004] SLOW spr round 270 (radius: 5)
[17:04:53 -95478.843433] SLOW spr round 271 (radius: 5)
[17:05:19] [worker #3] ML tree search #9, logLikelihood: -95077.245100
[17:08:02 -95476.389935] SLOW spr round 272 (radius: 5)
[17:11:01 -95473.811236] SLOW spr round 273 (radius: 5)
[17:13:53 -95473.810997] SLOW spr round 274 (radius: 10)
[17:16:40 -95470.807739] SLOW spr round 275 (radius: 5)
[17:20:03 -95470.323378] SLOW spr round 276 (radius: 5)
[17:23:06 -95470.323371] SLOW spr round 277 (radius: 10)
[17:25:57 -95470.323371] SLOW spr round 278 (radius: 15)
[17:29:50 -95446.432900] SLOW spr round 279 (radius: 5)
[17:33:20 -95444.624816] SLOW spr round 280 (radius: 5)
[17:36:25 -95444.622908] SLOW spr round 281 (radius: 10)
[17:39:17 -95444.622563] SLOW spr round 282 (radius: 15)
[17:43:07 -95444.622509] SLOW spr round 283 (radius: 20)
[17:46:34] [worker #2] ML tree search #3, logLikelihood: -98672.257550
[17:47:55 -95439.267620] SLOW spr round 284 (radius: 5)
[17:51:24 -95429.450268] SLOW spr round 285 (radius: 5)
[17:54:30 -95429.450104] SLOW spr round 286 (radius: 10)
[17:57:19 -95425.618850] SLOW spr round 287 (radius: 5)
[18:00:38 -95425.612532] SLOW spr round 288 (radius: 10)
[18:03:33 -95425.612132] SLOW spr round 289 (radius: 15)
[18:07:15 -95425.612110] SLOW spr round 290 (radius: 20)
[18:12:01 -95425.612109] SLOW spr round 291 (radius: 25)
[18:17:56 -95365.407676] SLOW spr round 292 (radius: 5)
[18:21:26 -95312.534453] SLOW spr round 293 (radius: 5)
[18:24:35 -95312.534239] SLOW spr round 294 (radius: 10)
[18:27:27 -95312.534221] SLOW spr round 295 (radius: 15)
[18:31:15 -95312.534219] SLOW spr round 296 (radius: 20)
[18:36:02 -95304.138803] SLOW spr round 297 (radius: 5)
[18:39:30 -95304.138422] SLOW spr round 298 (radius: 10)
[18:42:32 -95302.673267] SLOW spr round 299 (radius: 5)
[18:45:46 -95302.668193] SLOW spr round 300 (radius: 10)
[18:48:38 -95302.667743] SLOW spr round 301 (radius: 15)
[18:52:22 -95302.667703] SLOW spr round 302 (radius: 20)
[18:57:06 -95302.667700] SLOW spr round 303 (radius: 25)
[19:02:52 -95252.699668] SLOW spr round 304 (radius: 5)
[19:06:27 -95202.269869] SLOW spr round 305 (radius: 5)
[19:09:38 -95194.936016] SLOW spr round 306 (radius: 5)
[19:12:35 -95189.976902] SLOW spr round 307 (radius: 5)
[19:15:29 -95176.683511] SLOW spr round 308 (radius: 5)
[19:18:18 -95176.677359] SLOW spr round 309 (radius: 10)
[19:21:10 -95089.056347] SLOW spr round 310 (radius: 5)
[19:24:33 -95076.928676] SLOW spr round 311 (radius: 5)
[19:27:35 -95076.925511] SLOW spr round 312 (radius: 10)
[19:30:23 -95071.057224] SLOW spr round 313 (radius: 5)
[19:33:40 -95069.697367] SLOW spr round 314 (radius: 5)
[19:36:40 -95069.697345] SLOW spr round 315 (radius: 10)
[19:39:34 -95037.094042] SLOW spr round 316 (radius: 5)
[19:42:55 -95030.241613] SLOW spr round 317 (radius: 5)
[19:45:55 -95030.240980] SLOW spr round 318 (radius: 10)
[19:48:42 -95030.240973] SLOW spr round 319 (radius: 15)
[19:52:34 -95007.709182] SLOW spr round 320 (radius: 5)
[19:56:00 -94992.172413] SLOW spr round 321 (radius: 5)
[19:59:03 -94992.171040] SLOW spr round 322 (radius: 10)
[20:01:48 -94992.170899] SLOW spr round 323 (radius: 15)
[20:05:39 -94982.444578] SLOW spr round 324 (radius: 5)
[20:09:09 -94918.492274] SLOW spr round 325 (radius: 5)
[20:12:13 -94912.948675] SLOW spr round 326 (radius: 5)
[20:15:07 -94912.948640] SLOW spr round 327 (radius: 10)
[20:18:01 -94912.948640] SLOW spr round 328 (radius: 15)
[20:22:04 -94912.948640] SLOW spr round 329 (radius: 20)
[20:26:58 -94861.532568] SLOW spr round 330 (radius: 5)
[20:30:24 -94755.519150] SLOW spr round 331 (radius: 5)
[20:33:32 -94748.597336] SLOW spr round 332 (radius: 5)
[20:36:26 -94748.597324] SLOW spr round 333 (radius: 10)
[20:39:14 -94746.867385] SLOW spr round 334 (radius: 5)
[20:42:34 -94746.550227] SLOW spr round 335 (radius: 5)
[20:45:34 -94746.550106] SLOW spr round 336 (radius: 10)
[20:48:21 -94746.550102] SLOW spr round 337 (radius: 15)
[20:52:17 -94742.689784] SLOW spr round 338 (radius: 5)
[20:55:45 -94689.811880] SLOW spr round 339 (radius: 5)
[20:58:52 -94675.387151] SLOW spr round 340 (radius: 5)
[21:01:45 -94675.386972] SLOW spr round 341 (radius: 10)
[21:04:33 -94673.442171] SLOW spr round 342 (radius: 5)
[21:07:52 -94672.347043] SLOW spr round 343 (radius: 5)
[21:10:52 -94672.346519] SLOW spr round 344 (radius: 10)
[21:13:37 -94672.346507] SLOW spr round 345 (radius: 15)
[21:17:29 -94672.346506] SLOW spr round 346 (radius: 20)
[21:22:26 -94620.312881] SLOW spr round 347 (radius: 5)
[21:26:05 -94479.289133] SLOW spr round 348 (radius: 5)
[21:29:18 -94466.334010] SLOW spr round 349 (radius: 5)
[21:32:15 -94461.235826] SLOW spr round 350 (radius: 5)
[21:34:59 -94460.255310] SLOW spr round 351 (radius: 5)
[21:37:36 -94460.253652] SLOW spr round 352 (radius: 10)
[21:40:11 -94460.252291] SLOW spr round 353 (radius: 15)
[21:44:00 -94454.358726] SLOW spr round 354 (radius: 5)
[21:45:07] [worker #4] ML tree search #15, logLikelihood: -90098.728063
[21:47:18 -94452.430687] SLOW spr round 355 (radius: 5)
[21:50:19 -94452.429936] SLOW spr round 356 (radius: 10)
[21:53:04 -94452.429500] SLOW spr round 357 (radius: 15)
[21:56:51 -94452.332467] SLOW spr round 358 (radius: 20)
[22:01:34 -94452.332383] SLOW spr round 359 (radius: 25)
[22:07:12 -94448.940352] SLOW spr round 360 (radius: 5)
[22:10:36 -94447.208320] SLOW spr round 361 (radius: 5)
[22:13:39 -94447.208310] SLOW spr round 362 (radius: 10)
[22:16:22 -94447.208310] SLOW spr round 363 (radius: 15)
[22:20:07 -94447.208310] SLOW spr round 364 (radius: 20)
[22:24:49 -94447.208310] SLOW spr round 365 (radius: 25)
[22:30:25 -94443.655919] SLOW spr round 366 (radius: 5)
[22:33:52 -94443.287270] SLOW spr round 367 (radius: 5)
[22:36:55 -94443.286785] SLOW spr round 368 (radius: 10)
[22:39:40 -94442.791752] SLOW spr round 369 (radius: 5)
[22:42:55 -94442.791629] SLOW spr round 370 (radius: 10)
[22:45:46 -94442.791627] SLOW spr round 371 (radius: 15)
[22:49:25 -94442.791627] SLOW spr round 372 (radius: 20)
[22:54:10 -94442.791627] SLOW spr round 373 (radius: 25)
[22:59:45 -94442.463909] SLOW spr round 374 (radius: 5)
[23:03:06 -94442.463906] SLOW spr round 375 (radius: 10)
[23:06:03 -94442.463906] SLOW spr round 376 (radius: 15)
[23:09:40 -94442.463906] SLOW spr round 377 (radius: 20)
[23:14:30 -94442.463906] SLOW spr round 378 (radius: 25)
[23:20:04 -94442.463906] Model parameter optimization (eps = 0.100000)

[23:20:27] [worker #0] ML tree search #1, logLikelihood: -94426.979659

[23:20:27 -280651.133057] Initial branch length optimization
[23:20:29 -253064.393062] Model parameter optimization (eps = 10.000000)
[23:20:59 -226352.585722] AUTODETECT spr round 1 (radius: 5)
[23:23:36 -187793.273079] AUTODETECT spr round 2 (radius: 10)
[23:26:20 -155908.747152] AUTODETECT spr round 3 (radius: 15)
[23:29:15 -136840.725574] AUTODETECT spr round 4 (radius: 20)
[23:32:16] [worker #1] ML tree search #12, logLikelihood: -90506.639502
[23:32:24 -127206.255994] AUTODETECT spr round 5 (radius: 25)
[23:35:45 -121181.268069] SPR radius for FAST iterations: 25 (autodetect)
[23:35:45 -121181.268069] Model parameter optimization (eps = 3.000000)
[23:37:13 -119522.673826] FAST spr round 1 (radius: 25)
[23:42:03 -106492.095779] FAST spr round 2 (radius: 25)
[23:45:34 -104652.794521] FAST spr round 3 (radius: 25)
[23:48:26 -103886.575619] FAST spr round 4 (radius: 25)
[23:51:02 -103547.422638] FAST spr round 5 (radius: 25)
[23:53:29 -103332.959831] FAST spr round 6 (radius: 25)
[23:55:51 -103321.940487] FAST spr round 7 (radius: 25)
[23:58:09 -103320.506280] FAST spr round 8 (radius: 25)
[24:00:21 -103320.357366] FAST spr round 9 (radius: 25)
[24:02:37 -103320.357313] Model parameter optimization (eps = 1.000000)
[24:03:08 -103216.951792] SLOW spr round 1 (radius: 5)
[24:06:07 -103151.281086] SLOW spr round 2 (radius: 5)
[24:08:58 -103135.912998] SLOW spr round 3 (radius: 5)
[24:11:45 -103133.822842] SLOW spr round 4 (radius: 5)
[24:14:27 -103133.821918] SLOW spr round 5 (radius: 10)
[24:17:16 -103103.755892] SLOW spr round 6 (radius: 5)
[24:20:31 -103095.218891] SLOW spr round 7 (radius: 5)
[24:23:32 -103093.359034] SLOW spr round 8 (radius: 5)
[24:26:21 -103093.356849] SLOW spr round 9 (radius: 10)
[24:29:05 -103089.067229] SLOW spr round 10 (radius: 5)
[24:32:18 -103085.964591] SLOW spr round 11 (radius: 5)
[24:35:17 -103079.840166] SLOW spr round 12 (radius: 5)
[24:38:03 -103079.513122] SLOW spr round 13 (radius: 5)
[24:40:03] [worker #3] ML tree search #14, logLikelihood: -90238.928456
[24:40:47 -103079.512082] SLOW spr round 14 (radius: 10)
[24:43:28 -103078.498354] SLOW spr round 15 (radius: 5)
[24:46:47 -103078.054435] SLOW spr round 16 (radius: 5)
[24:49:42 -103078.052266] SLOW spr round 17 (radius: 10)
[24:52:26 -103077.572181] SLOW spr round 18 (radius: 5)
[24:55:40 -103077.572087] SLOW spr round 19 (radius: 10)
[24:58:34 -103073.726391] SLOW spr round 20 (radius: 5)
[25:01:47 -103072.415037] SLOW spr round 21 (radius: 5)
[25:04:41 -103072.414794] SLOW spr round 22 (radius: 10)
[25:07:26 -103070.807899] SLOW spr round 23 (radius: 5)
[25:10:38 -103070.806044] SLOW spr round 24 (radius: 10)
[25:13:29 -103070.349030] SLOW spr round 25 (radius: 5)
[25:16:48 -103070.348719] SLOW spr round 26 (radius: 10)
[25:19:38 -103069.999080] SLOW spr round 27 (radius: 5)
[25:22:49 -103069.874724] SLOW spr round 28 (radius: 5)
[25:25:43 -103069.873900] SLOW spr round 29 (radius: 10)
[25:28:27 -103069.550080] SLOW spr round 30 (radius: 5)
[25:31:38 -103069.550051] SLOW spr round 31 (radius: 10)
[25:34:30 -103069.475824] SLOW spr round 32 (radius: 15)
[25:38:08 -103052.092101] SLOW spr round 33 (radius: 5)
[25:41:33 -103029.246471] SLOW spr round 34 (radius: 5)
[25:44:39 -103014.682210] SLOW spr round 35 (radius: 5)
[25:47:33 -102988.029379] SLOW spr round 36 (radius: 5)
[25:50:21 -102977.814789] SLOW spr round 37 (radius: 5)
[25:53:07 -102975.986562] SLOW spr round 38 (radius: 5)
[25:55:52 -102975.338275] SLOW spr round 39 (radius: 5)
[25:58:33 -102975.259786] SLOW spr round 40 (radius: 10)
[26:01:20 -102966.012995] SLOW spr round 41 (radius: 5)
[26:04:40 -102955.695000] SLOW spr round 42 (radius: 5)
[26:07:40 -102951.757497] SLOW spr round 43 (radius: 5)
[26:10:26 -102951.439093] SLOW spr round 44 (radius: 5)
[26:13:13 -102949.381633] SLOW spr round 45 (radius: 5)
[26:15:58 -102948.448317] SLOW spr round 46 (radius: 5)
[26:18:46 -102948.425654] SLOW spr round 47 (radius: 10)
[26:21:40 -102942.272453] SLOW spr round 48 (radius: 5)
[26:25:10 -102938.117443] SLOW spr round 49 (radius: 5)
[26:28:21 -102937.768653] SLOW spr round 50 (radius: 5)
[26:31:24 -102937.768589] SLOW spr round 51 (radius: 10)
[26:34:14 -102936.633604] SLOW spr round 52 (radius: 5)
[26:37:46 -102936.107963] SLOW spr round 53 (radius: 5)
[26:40:56 -102936.107958] SLOW spr round 54 (radius: 10)
[26:43:54 -102935.055489] SLOW spr round 55 (radius: 5)
[26:47:25 -102935.054775] SLOW spr round 56 (radius: 10)
[26:50:29 -102934.495852] SLOW spr round 57 (radius: 5)
[26:54:00 -102934.466661] SLOW spr round 58 (radius: 10)
[26:57:02 -102931.993979] SLOW spr round 59 (radius: 5)
[27:00:32 -102929.240910] SLOW spr round 60 (radius: 5)
[27:03:41 -102929.240422] SLOW spr round 61 (radius: 10)
[27:06:36 -102929.240412] SLOW spr round 62 (radius: 15)
[27:10:40 -102887.878498] SLOW spr round 63 (radius: 5)
[27:14:27 -102847.595204] SLOW spr round 64 (radius: 5)
[27:17:43 -102846.033795] SLOW spr round 65 (radius: 5)
[27:20:45 -102846.033371] SLOW spr round 66 (radius: 10)
[27:23:37 -102841.125007] SLOW spr round 67 (radius: 5)
[27:27:08 -102841.124923] SLOW spr round 68 (radius: 10)
[27:30:12 -102841.124839] SLOW spr round 69 (radius: 15)
[27:34:01 -102840.868078] SLOW spr round 70 (radius: 5)
[27:37:37 -102840.479167] SLOW spr round 71 (radius: 5)
[27:40:54 -102839.409291] SLOW spr round 72 (radius: 5)
[27:43:59 -102838.603082] SLOW spr round 73 (radius: 5)
[27:46:57 -102838.602047] SLOW spr round 74 (radius: 10)
[27:49:50 -102838.601939] SLOW spr round 75 (radius: 15)
[27:53:50 -102838.430351] SLOW spr round 76 (radius: 5)
[27:57:23 -102838.430070] SLOW spr round 77 (radius: 10)
[28:00:29 -102833.738821] SLOW spr round 78 (radius: 5)
[28:03:56 -102833.738450] SLOW spr round 79 (radius: 10)
[28:06:57 -102833.738364] SLOW spr round 80 (radius: 15)
[28:10:43 -102833.738285] SLOW spr round 81 (radius: 20)
[28:15:32 -102825.165761] SLOW spr round 82 (radius: 5)
[28:19:14 -102823.557125] SLOW spr round 83 (radius: 5)
[28:22:31 -102823.556922] SLOW spr round 84 (radius: 10)
[28:25:27 -102822.676923] SLOW spr round 85 (radius: 5)
[28:28:56 -102822.354076] SLOW spr round 86 (radius: 5)
[28:32:06 -102822.353989] SLOW spr round 87 (radius: 10)
[28:35:02 -102822.353910] SLOW spr round 88 (radius: 15)
[28:38:55 -102822.353832] SLOW spr round 89 (radius: 20)
[28:43:38 -102819.917699] SLOW spr round 90 (radius: 5)
[28:47:20 -102818.176467] SLOW spr round 91 (radius: 5)
[28:50:36 -102818.176124] SLOW spr round 92 (radius: 10)
[28:53:35 -102818.176042] SLOW spr round 93 (radius: 15)
[28:57:31 -102818.175965] SLOW spr round 94 (radius: 20)
[29:02:10 -102815.544817] SLOW spr round 95 (radius: 5)
[29:05:48 -102815.130814] SLOW spr round 96 (radius: 5)
[29:09:01 -102815.129981] SLOW spr round 97 (radius: 10)
[29:11:59 -102815.129890] SLOW spr round 98 (radius: 15)
[29:15:46 -102815.129814] SLOW spr round 99 (radius: 20)
[29:20:23 -102815.129738] SLOW spr round 100 (radius: 25)
[29:26:00 -102792.970678] SLOW spr round 101 (radius: 5)
[29:29:39 -102789.892006] SLOW spr round 102 (radius: 5)
[29:32:55 -102789.891261] SLOW spr round 103 (radius: 10)
[29:35:54 -102789.076277] SLOW spr round 104 (radius: 5)
[29:39:20 -102789.076244] SLOW spr round 105 (radius: 10)
[29:42:21 -102788.675888] SLOW spr round 106 (radius: 5)
[29:45:41 -102788.675885] SLOW spr round 107 (radius: 10)
[29:48:41 -102788.675882] SLOW spr round 108 (radius: 15)
[29:52:26 -102786.801698] SLOW spr round 109 (radius: 5)
[29:52:48] [worker #4] ML tree search #20, logLikelihood: -90318.859615
[29:56:05 -102785.690342] SLOW spr round 110 (radius: 5)
[29:59:14 -102785.687927] SLOW spr round 111 (radius: 10)
[30:02:04 -102768.095233] SLOW spr round 112 (radius: 5)
[30:05:24 -102768.094746] SLOW spr round 113 (radius: 10)
[30:08:21 -102768.094539] SLOW spr round 114 (radius: 15)
[30:12:05 -102768.094451] SLOW spr round 115 (radius: 20)
[30:16:52 -102768.094414] SLOW spr round 116 (radius: 25)
[30:22:33 -102761.648284] SLOW spr round 117 (radius: 5)
[30:26:20 -102723.118615] SLOW spr round 118 (radius: 5)
[30:29:28 -102718.107059] SLOW spr round 119 (radius: 5)
[30:32:29 -102718.106912] SLOW spr round 120 (radius: 10)
[30:35:20 -102717.573830] SLOW spr round 121 (radius: 5)
[30:38:38 -102717.573552] SLOW spr round 122 (radius: 10)
[30:41:33 -102717.573547] SLOW spr round 123 (radius: 15)
[30:45:11 -102717.573545] SLOW spr round 124 (radius: 20)
[30:49:32 -102717.573542] SLOW spr round 125 (radius: 25)
[30:54:50 -102716.635990] SLOW spr round 126 (radius: 5)
[30:58:29 -102716.627987] SLOW spr round 127 (radius: 10)
[31:01:34 -102716.625890] SLOW spr round 128 (radius: 15)
[31:05:07 -102716.625318] SLOW spr round 129 (radius: 20)
[31:06:54] [worker #2] ML tree search #8, logLikelihood: -98532.367124
[31:09:38 -102716.625160] SLOW spr round 130 (radius: 25)
[31:15:11 -102715.896929] SLOW spr round 131 (radius: 5)
[31:18:49 -102711.232752] SLOW spr round 132 (radius: 5)
[31:21:58 -102710.852403] SLOW spr round 133 (radius: 5)
[31:24:58 -102710.852226] SLOW spr round 134 (radius: 10)
[31:25:41] [worker #1] ML tree search #17, logLikelihood: -90296.414776
[31:27:47 -102710.852219] SLOW spr round 135 (radius: 15)
[31:31:31 -102710.803693] SLOW spr round 136 (radius: 20)
[31:35:56 -102710.114983] SLOW spr round 137 (radius: 5)
[31:39:31 -102710.114756] SLOW spr round 138 (radius: 10)
[31:42:34 -102710.114746] SLOW spr round 139 (radius: 15)
[31:46:11 -102710.114743] SLOW spr round 140 (radius: 20)
[31:50:40 -102710.114740] SLOW spr round 141 (radius: 25)
[31:55:58 -102710.114737] Model parameter optimization (eps = 0.100000)

[31:56:33] [worker #0] ML tree search #6, logLikelihood: -102679.968460

[31:56:33 -120280.183118] Initial branch length optimization
[31:56:34 -102445.172785] Model parameter optimization (eps = 10.000000)
[31:57:33 -95302.739317] AUTODETECT spr round 1 (radius: 5)
[31:59:38 -93225.913310] AUTODETECT spr round 2 (radius: 10)
[32:02:03 -92531.137262] AUTODETECT spr round 3 (radius: 15)
[32:04:58 -92070.461676] AUTODETECT spr round 4 (radius: 20)
[32:08:19 -91824.253364] AUTODETECT spr round 5 (radius: 25)
[32:11:58 -91661.546004] SPR radius for FAST iterations: 25 (autodetect)
[32:11:59 -91661.546004] Model parameter optimization (eps = 3.000000)
[32:12:24 -91591.063833] FAST spr round 1 (radius: 25)
[32:17:04 -90835.794365] FAST spr round 2 (radius: 25)
[32:20:26 -90667.636589] FAST spr round 3 (radius: 25)
[32:23:08 -90613.678950] FAST spr round 4 (radius: 25)
[32:25:32 -90600.483755] FAST spr round 5 (radius: 25)
[32:27:48 -90596.569984] FAST spr round 6 (radius: 25)
[32:29:58 -90596.569981] Model parameter optimization (eps = 1.000000)
[32:30:08 -90589.974861] SLOW spr round 1 (radius: 5)
[32:33:10 -90551.503370] SLOW spr round 2 (radius: 5)
[32:36:04 -90539.953347] SLOW spr round 3 (radius: 5)
[32:38:44 -90539.924712] SLOW spr round 4 (radius: 10)
[32:41:26 -90528.011458] SLOW spr round 5 (radius: 5)
[32:44:46 -90523.467654] SLOW spr round 6 (radius: 5)
[32:47:38 -90522.849470] SLOW spr round 7 (radius: 5)
[32:50:23 -90522.849464] SLOW spr round 8 (radius: 10)
[32:53:02 -90521.158101] SLOW spr round 9 (radius: 5)
[32:56:19 -90519.636697] SLOW spr round 10 (radius: 5)
[32:56:56] [worker #3] ML tree search #19, logLikelihood: -90226.142466
[32:59:13 -90519.636696] SLOW spr round 11 (radius: 10)
[33:01:57 -90517.705506] SLOW spr round 12 (radius: 5)
[33:05:11 -90516.732119] SLOW spr round 13 (radius: 5)
[33:08:07 -90516.732119] SLOW spr round 14 (radius: 10)
[33:10:48 -90516.118280] SLOW spr round 15 (radius: 5)
[33:14:02 -90515.549855] SLOW spr round 16 (radius: 5)
[33:16:54 -90515.549849] SLOW spr round 17 (radius: 10)
[33:19:37 -90511.794552] SLOW spr round 18 (radius: 5)
[33:22:54 -90506.582395] SLOW spr round 19 (radius: 5)
[33:25:49 -90506.582382] SLOW spr round 20 (radius: 10)
[33:28:30 -90503.515956] SLOW spr round 21 (radius: 5)
[33:31:44 -90503.089716] SLOW spr round 22 (radius: 5)
[33:34:41 -90503.089712] SLOW spr round 23 (radius: 10)
[33:37:25 -90501.120019] SLOW spr round 24 (radius: 5)
[33:40:43 -90498.822711] SLOW spr round 25 (radius: 5)
[33:43:37 -90498.822632] SLOW spr round 26 (radius: 10)
[33:46:17 -90497.989091] SLOW spr round 27 (radius: 5)
[33:49:30 -90497.647745] SLOW spr round 28 (radius: 5)
[33:52:23 -90497.647636] SLOW spr round 29 (radius: 10)
[33:55:03 -90497.619653] SLOW spr round 30 (radius: 15)
[33:58:56 -90487.230006] SLOW spr round 31 (radius: 5)
[34:02:21 -90479.937178] SLOW spr round 32 (radius: 5)
[34:05:19 -90479.937113] SLOW spr round 33 (radius: 10)
[34:08:03 -90474.809148] SLOW spr round 34 (radius: 5)
[34:11:20 -90471.936727] SLOW spr round 35 (radius: 5)
[34:14:19 -90471.935542] SLOW spr round 36 (radius: 10)
[34:17:02 -90471.405054] SLOW spr round 37 (radius: 5)
[34:20:22 -90470.279886] SLOW spr round 38 (radius: 5)
[34:23:17 -90470.279860] SLOW spr round 39 (radius: 10)
[34:26:00 -90469.783838] SLOW spr round 40 (radius: 5)
[34:29:19 -90466.479369] SLOW spr round 41 (radius: 5)
[34:32:17 -90465.992315] SLOW spr round 42 (radius: 5)
[34:35:07 -90465.788801] SLOW spr round 43 (radius: 5)
[34:37:51 -90465.788684] SLOW spr round 44 (radius: 10)
[34:40:32 -90465.788684] SLOW spr round 45 (radius: 15)
[34:44:34 -90464.454303] SLOW spr round 46 (radius: 5)
[34:47:55 -90463.839920] SLOW spr round 47 (radius: 5)
[34:50:52 -90463.839780] SLOW spr round 48 (radius: 10)
[34:53:34 -90463.839691] SLOW spr round 49 (radius: 15)
[34:57:34 -90462.754037] SLOW spr round 50 (radius: 5)
[35:01:11 -90462.753844] SLOW spr round 51 (radius: 10)
[35:04:07 -90461.810165] SLOW spr round 52 (radius: 5)
[35:07:21 -90461.387511] SLOW spr round 53 (radius: 5)
[35:10:09 -90461.387507] SLOW spr round 54 (radius: 10)
[35:12:44 -90461.387507] SLOW spr round 55 (radius: 15)
[35:16:35 -90460.408941] SLOW spr round 56 (radius: 5)
[35:19:58 -90459.680032] SLOW spr round 57 (radius: 5)
[35:22:57 -90459.679731] SLOW spr round 58 (radius: 10)
[35:25:40 -90459.679730] SLOW spr round 59 (radius: 15)
[35:29:32 -90459.610316] SLOW spr round 60 (radius: 20)
[35:34:35 -90453.205027] SLOW spr round 61 (radius: 5)
[35:38:03 -90451.759664] SLOW spr round 62 (radius: 5)
[35:41:06 -90451.759660] SLOW spr round 63 (radius: 10)
[35:43:48 -90449.033049] SLOW spr round 64 (radius: 5)
[35:46:59 -90448.955139] SLOW spr round 65 (radius: 10)
[35:49:44 -90448.951856] SLOW spr round 66 (radius: 15)
[35:53:27 -90448.826766] SLOW spr round 67 (radius: 5)
[35:56:55 -90448.826533] SLOW spr round 68 (radius: 10)
[35:59:47 -90444.276182] SLOW spr round 69 (radius: 5)
[36:02:54 -90443.614130] SLOW spr round 70 (radius: 5)
[36:05:44 -90443.614119] SLOW spr round 71 (radius: 10)
[36:08:24 -90443.242386] SLOW spr round 72 (radius: 5)
[36:11:44 -90443.102648] SLOW spr round 73 (radius: 5)
[36:14:41 -90442.362541] SLOW spr round 74 (radius: 5)
[36:17:27 -90440.084352] SLOW spr round 75 (radius: 5)
[36:20:07 -90440.084201] SLOW spr round 76 (radius: 10)
[36:22:46 -90440.084199] SLOW spr round 77 (radius: 15)
[36:26:45 -90438.190339] SLOW spr round 78 (radius: 5)
[36:30:06 -90437.663574] SLOW spr round 79 (radius: 5)
[36:33:03 -90437.663130] SLOW spr round 80 (radius: 10)
[36:35:42 -90437.663123] SLOW spr round 81 (radius: 15)
[36:39:30 -90436.768767] SLOW spr round 82 (radius: 5)
[36:42:51 -90436.762883] SLOW spr round 83 (radius: 10)
[36:45:47 -90436.762106] SLOW spr round 84 (radius: 15)
[36:49:29 -90436.762007] SLOW spr round 85 (radius: 20)
[36:54:41 -90436.197407] SLOW spr round 86 (radius: 5)
[36:58:09 -90432.328381] SLOW spr round 87 (radius: 5)
[37:01:12 -90432.234899] SLOW spr round 88 (radius: 10)
[37:03:57 -90432.234868] SLOW spr round 89 (radius: 15)
[37:07:49 -90432.234868] SLOW spr round 90 (radius: 20)
[37:12:50 -90431.958185] SLOW spr round 91 (radius: 5)
[37:16:15 -90431.946407] SLOW spr round 92 (radius: 10)
[37:19:12 -90431.943403] SLOW spr round 93 (radius: 15)
[37:22:50 -90431.942762] SLOW spr round 94 (radius: 20)
[37:27:57 -90431.708764] SLOW spr round 95 (radius: 5)
[37:31:24 -90429.846752] SLOW spr round 96 (radius: 5)
[37:34:26 -90429.845702] SLOW spr round 97 (radius: 10)
[37:37:06 -90429.706616] SLOW spr round 98 (radius: 5)
[37:40:17 -90429.706481] SLOW spr round 99 (radius: 10)
[37:43:04 -90429.706477] SLOW spr round 100 (radius: 15)
[37:46:44 -90429.706477] SLOW spr round 101 (radius: 20)
[37:51:44 -90428.870979] SLOW spr round 102 (radius: 5)
[37:55:07 -90428.869670] SLOW spr round 103 (radius: 10)
[37:58:03 -90428.869597] SLOW spr round 104 (radius: 15)
[38:01:41 -90428.869591] SLOW spr round 105 (radius: 20)
[38:06:47 -90428.729993] SLOW spr round 106 (radius: 5)
[38:10:12 -90428.729476] SLOW spr round 107 (radius: 10)
[38:13:09 -90428.729465] SLOW spr round 108 (radius: 15)
[38:16:46 -90428.729464] SLOW spr round 109 (radius: 20)
[38:21:39 -90428.729464] SLOW spr round 110 (radius: 25)
[38:27:34 -90407.054681] SLOW spr round 111 (radius: 5)
[38:30:49 -90401.577324] SLOW spr round 112 (radius: 5)
[38:33:37 -90397.717897] SLOW spr round 113 (radius: 5)
[38:36:14 -90396.666747] SLOW spr round 114 (radius: 5)
[38:38:43 -90396.666683] SLOW spr round 115 (radius: 10)
[38:41:05 -90395.849172] SLOW spr round 116 (radius: 5)
[38:44:06 -90392.303027] SLOW spr round 117 (radius: 5)
[38:46:51 -90392.303007] SLOW spr round 118 (radius: 10)
[38:49:22 -90392.303007] SLOW spr round 119 (radius: 15)
[38:52:56 -90392.303007] SLOW spr round 120 (radius: 20)
[38:57:27 -90391.512361] SLOW spr round 121 (radius: 5)
[39:00:38 -90390.299735] SLOW spr round 122 (radius: 5)
[39:03:26 -90390.271378] SLOW spr round 123 (radius: 10)
[39:05:59 -90390.271350] SLOW spr round 124 (radius: 15)
[39:09:24 -90390.271350] SLOW spr round 125 (radius: 20)
[39:13:54 -90389.958643] SLOW spr round 126 (radius: 5)
[39:17:06 -90389.139619] SLOW spr round 127 (radius: 5)
[39:19:57 -90389.139577] SLOW spr round 128 (radius: 10)
[39:22:32 -90389.139576] SLOW spr round 129 (radius: 15)
[39:26:18 -90389.139576] SLOW spr round 130 (radius: 20)
[39:30:46 -90389.139576] SLOW spr round 131 (radius: 25)
[39:36:24 -90386.399699] SLOW spr round 132 (radius: 5)
[39:39:35 -90380.142506] SLOW spr round 133 (radius: 5)
[39:42:26 -90376.073884] SLOW spr round 134 (radius: 5)
[39:45:05 -90376.073872] SLOW spr round 135 (radius: 10)
[39:47:37 -90375.737819] SLOW spr round 136 (radius: 5)
[39:50:39 -90375.727932] SLOW spr round 137 (radius: 10)
[39:53:18 -90375.727662] SLOW spr round 138 (radius: 15)
[39:56:44 -90374.832998] SLOW spr round 139 (radius: 5)
[39:59:51 -90374.832788] SLOW spr round 140 (radius: 10)
[40:02:31 -90374.305234] SLOW spr round 141 (radius: 5)
[40:05:29 -90374.305190] SLOW spr round 142 (radius: 10)
[40:08:06 -90372.012894] SLOW spr round 143 (radius: 5)
[40:11:06 -90369.594078] SLOW spr round 144 (radius: 5)
[40:13:47 -90366.862371] SLOW spr round 145 (radius: 5)
[40:16:22 -90366.708923] SLOW spr round 146 (radius: 5)
[40:18:54 -90366.708801] SLOW spr round 147 (radius: 10)
[40:21:25 -90366.708801] SLOW spr round 148 (radius: 15)
[40:23:22] [worker #2] ML tree search #13, logLikelihood: -90357.399878
[40:25:05 -90366.708801] SLOW spr round 149 (radius: 20)
[40:29:40 -90366.708801] SLOW spr round 150 (radius: 25)
[40:35:28 -90364.286385] SLOW spr round 151 (radius: 5)
[40:38:34 -90364.028405] SLOW spr round 152 (radius: 5)
[40:41:17 -90364.028391] SLOW spr round 153 (radius: 10)
[40:43:45 -90364.028391] SLOW spr round 154 (radius: 15)
[40:47:16 -90364.028391] SLOW spr round 155 (radius: 20)
[40:51:44 -90364.028391] SLOW spr round 156 (radius: 25)
[40:57:19 -90360.866020] SLOW spr round 157 (radius: 5)
[41:00:27 -90359.224884] SLOW spr round 158 (radius: 5)
[41:03:13 -90359.224853] SLOW spr round 159 (radius: 10)
[41:05:44 -90353.058618] SLOW spr round 160 (radius: 5)
[41:08:42 -90350.774981] SLOW spr round 161 (radius: 5)
[41:11:21 -90350.774919] SLOW spr round 162 (radius: 10)
[41:13:49 -90350.774919] SLOW spr round 163 (radius: 15)
[41:17:21 -90350.774919] SLOW spr round 164 (radius: 20)
[41:21:48 -90350.774919] SLOW spr round 165 (radius: 25)
[41:27:31 -90349.417129] SLOW spr round 166 (radius: 5)
[41:30:53 -90349.417071] SLOW spr round 167 (radius: 10)
[41:33:48 -90349.417071] SLOW spr round 168 (radius: 15)
[41:37:16 -90349.226502] SLOW spr round 169 (radius: 5)
[41:40:34 -90349.226482] SLOW spr round 170 (radius: 10)
[41:43:25 -90349.226482] SLOW spr round 171 (radius: 15)
[41:46:59 -90349.226482] SLOW spr round 172 (radius: 20)
[41:51:45 -90335.183953] SLOW spr round 173 (radius: 5)
[41:55:02 -90335.183952] SLOW spr round 174 (radius: 10)
[41:57:53 -90335.183952] SLOW spr round 175 (radius: 15)
[42:01:21 -90335.183952] SLOW spr round 176 (radius: 20)
[42:06:08 -90335.183952] SLOW spr round 177 (radius: 25)
[42:12:00 -90335.183952] Model parameter optimization (eps = 0.100000)

[42:12:17] [worker #0] ML tree search #11, logLikelihood: -90332.669045

[42:12:17 -120308.775955] Initial branch length optimization
[42:12:19 -102530.236941] Model parameter optimization (eps = 10.000000)
[42:13:08 -95408.797669] AUTODETECT spr round 1 (radius: 5)
[42:15:13 -93337.736558] AUTODETECT spr round 2 (radius: 10)
[42:17:38 -92560.316727] AUTODETECT spr round 3 (radius: 15)
[42:20:30 -92191.179168] AUTODETECT spr round 4 (radius: 20)
[42:23:55 -91917.625067] AUTODETECT spr round 5 (radius: 25)
[42:27:42 -91758.158527] SPR radius for FAST iterations: 25 (autodetect)
[42:27:42 -91758.158527] Model parameter optimization (eps = 3.000000)
[42:28:05 -91669.057019] FAST spr round 1 (radius: 25)
[42:32:57 -90732.050969] FAST spr round 2 (radius: 25)
[42:36:22 -90564.136013] FAST spr round 3 (radius: 25)
[42:39:06 -90506.953289] FAST spr round 4 (radius: 25)
[42:41:31 -90483.251756] FAST spr round 5 (radius: 25)
[42:43:47 -90480.460761] FAST spr round 6 (radius: 25)
[42:45:57 -90480.460730] Model parameter optimization (eps = 1.000000)
[42:46:23 -90461.933760] SLOW spr round 1 (radius: 5)
[42:49:30 -90416.923461] SLOW spr round 2 (radius: 5)
[42:52:27 -90401.670098] SLOW spr round 3 (radius: 5)
[42:55:25 -90400.947355] SLOW spr round 4 (radius: 5)
[42:58:15 -90399.624053] SLOW spr round 5 (radius: 5)
[43:00:59 -90399.623408] SLOW spr round 6 (radius: 10)
[43:03:48 -90387.771578] SLOW spr round 7 (radius: 5)
[43:07:12 -90383.771374] SLOW spr round 8 (radius: 5)
[43:10:16 -90383.552620] SLOW spr round 9 (radius: 5)
[43:13:06 -90383.552619] SLOW spr round 10 (radius: 10)
[43:15:55 -90378.052474] SLOW spr round 11 (radius: 5)
[43:19:19 -90372.077792] SLOW spr round 12 (radius: 5)
[43:22:19 -90372.077782] SLOW spr round 13 (radius: 10)
[43:25:05 -90365.089969] SLOW spr round 14 (radius: 5)
[43:28:25 -90356.104759] SLOW spr round 15 (radius: 5)
[43:31:22 -90356.104682] SLOW spr round 16 (radius: 10)
[43:34:08 -90355.012458] SLOW spr round 17 (radius: 5)
[43:37:27 -90354.060377] SLOW spr round 18 (radius: 5)
[43:40:26 -90354.059171] SLOW spr round 19 (radius: 10)
[43:43:11 -90353.194817] SLOW spr round 20 (radius: 5)
[43:46:29 -90353.194810] SLOW spr round 21 (radius: 10)
[43:49:25 -90346.317481] SLOW spr round 22 (radius: 5)
[43:52:47 -90343.515614] SLOW spr round 23 (radius: 5)
[43:55:48 -90343.515431] SLOW spr round 24 (radius: 10)
[43:58:34 -90342.841722] SLOW spr round 25 (radius: 5)
[44:01:58 -90342.718372] SLOW spr round 26 (radius: 5)
[44:04:58 -90342.718355] SLOW spr round 27 (radius: 10)
[44:07:44 -90342.324318] SLOW spr round 28 (radius: 5)
[44:11:05 -90342.324276] SLOW spr round 29 (radius: 10)
[44:14:00 -90339.609974] SLOW spr round 30 (radius: 5)
[44:17:18 -90339.609962] SLOW spr round 31 (radius: 10)
[44:20:12 -90339.609962] SLOW spr round 32 (radius: 15)
[44:24:05 -90328.688943] SLOW spr round 33 (radius: 5)
[44:27:37 -90319.237273] SLOW spr round 34 (radius: 5)
[44:30:48 -90317.402471] SLOW spr round 35 (radius: 5)
[44:33:42 -90317.401950] SLOW spr round 36 (radius: 10)
[44:36:28 -90315.189697] SLOW spr round 37 (radius: 5)
[44:39:47 -90315.189694] SLOW spr round 38 (radius: 10)
[44:42:40 -90315.189694] SLOW spr round 39 (radius: 15)
[44:46:32 -90313.193250] SLOW spr round 40 (radius: 5)
[44:50:01 -90313.193230] SLOW spr round 41 (radius: 10)
[44:53:00 -90313.193230] SLOW spr round 42 (radius: 15)
[44:56:42 -90311.427386] SLOW spr round 43 (radius: 5)
[45:00:28 -90311.357223] SLOW spr round 44 (radius: 10)
[45:03:58 -90311.356632] SLOW spr round 45 (radius: 15)
[45:08:53 -90310.534610] SLOW spr round 46 (radius: 5)
[45:13:35 -90310.305383] SLOW spr round 47 (radius: 5)
[45:17:17 -90310.303366] SLOW spr round 48 (radius: 10)
[45:20:02 -90310.302848] SLOW spr round 49 (radius: 15)
[45:23:55 -90307.092176] SLOW spr round 50 (radius: 5)
[45:27:22 -90306.640773] SLOW spr round 51 (radius: 5)
[45:30:29 -90306.640680] SLOW spr round 52 (radius: 10)
[45:33:18 -90306.640680] SLOW spr round 53 (radius: 15)
[45:37:19 -90300.087023] SLOW spr round 54 (radius: 5)
[45:40:52 -90298.094253] SLOW spr round 55 (radius: 5)
[45:44:04 -90298.093536] SLOW spr round 56 (radius: 10)
[45:46:54 -90298.093367] SLOW spr round 57 (radius: 15)
[45:50:54 -90297.880255] SLOW spr round 58 (radius: 5)
[45:54:30 -90297.552445] SLOW spr round 59 (radius: 5)
[45:57:41 -90297.552442] SLOW spr round 60 (radius: 10)
[46:00:38 -90297.552442] SLOW spr round 61 (radius: 15)
[46:04:19 -90296.639646] SLOW spr round 62 (radius: 5)
[46:07:35 -90296.639646] SLOW spr round 63 (radius: 10)
[46:10:23 -90296.639646] SLOW spr round 64 (radius: 15)
[46:13:55 -90296.639646] SLOW spr round 65 (radius: 20)
[46:18:45 -90288.897334] SLOW spr round 66 (radius: 5)
[46:22:11 -90285.329029] SLOW spr round 67 (radius: 5)
[46:25:08 -90285.327968] SLOW spr round 68 (radius: 10)
[46:27:44 -90285.327809] SLOW spr round 69 (radius: 15)
[46:31:28 -90285.053331] SLOW spr round 70 (radius: 5)
[46:34:44 -90285.053051] SLOW spr round 71 (radius: 10)
[46:37:31 -90285.053015] SLOW spr round 72 (radius: 15)
[46:41:00 -90285.053007] SLOW spr round 73 (radius: 20)
[46:45:41 -90282.275026] SLOW spr round 74 (radius: 5)
[46:48:53 -90282.274534] SLOW spr round 75 (radius: 10)
[46:51:41 -90281.848167] SLOW spr round 76 (radius: 5)
[46:54:44 -90281.848164] SLOW spr round 77 (radius: 10)
[46:57:23 -90281.848164] SLOW spr round 78 (radius: 15)
[47:00:52 -90281.848164] SLOW spr round 79 (radius: 20)
[47:05:29 -90274.879005] SLOW spr round 80 (radius: 5)
[47:08:48 -90274.874551] SLOW spr round 81 (radius: 10)
[47:11:34 -90274.874479] SLOW spr round 82 (radius: 15)
[47:14:36] [worker #2] ML tree search #18, logLikelihood: -90181.695749
[47:15:03 -90274.874478] SLOW spr round 83 (radius: 20)
[47:19:47 -90270.707402] SLOW spr round 84 (radius: 5)
[47:23:09 -90256.535249] SLOW spr round 85 (radius: 5)
[47:26:05 -90254.030750] SLOW spr round 86 (radius: 5)
[47:28:47 -90252.355959] SLOW spr round 87 (radius: 5)
[47:31:23 -90252.355882] SLOW spr round 88 (radius: 10)
[47:33:51 -90252.355882] SLOW spr round 89 (radius: 15)
[47:37:32 -90248.864458] SLOW spr round 90 (radius: 5)
[47:40:41 -90248.446382] SLOW spr round 91 (radius: 5)
[47:43:31 -90248.446334] SLOW spr round 92 (radius: 10)
[47:46:04 -90248.446334] SLOW spr round 93 (radius: 15)
[47:49:50 -90248.446334] SLOW spr round 94 (radius: 20)
[47:54:12 -90246.962919] SLOW spr round 95 (radius: 5)
[47:57:25 -90243.185873] SLOW spr round 96 (radius: 5)
[48:00:06 -90243.185839] SLOW spr round 97 (radius: 10)
[48:02:37 -90243.185839] SLOW spr round 98 (radius: 15)
[48:06:09 -90243.038552] SLOW spr round 99 (radius: 5)
[48:09:23 -90242.377914] SLOW spr round 100 (radius: 5)
[48:12:15 -90242.374294] SLOW spr round 101 (radius: 10)
[48:14:42 -90242.374294] SLOW spr round 102 (radius: 15)
[48:18:21 -90242.374294] SLOW spr round 103 (radius: 20)
[48:22:57 -90242.082122] SLOW spr round 104 (radius: 5)
[48:26:10 -90241.340526] SLOW spr round 105 (radius: 5)
[48:29:05 -90241.340487] SLOW spr round 106 (radius: 10)
[48:31:35 -90240.369347] SLOW spr round 107 (radius: 5)
[48:34:40 -90240.369347] SLOW spr round 108 (radius: 10)
[48:37:18 -90240.369347] SLOW spr round 109 (radius: 15)
[48:40:48 -90236.226042] SLOW spr round 110 (radius: 5)
[48:44:00 -90235.357242] SLOW spr round 111 (radius: 5)
[48:46:46 -90235.242878] SLOW spr round 112 (radius: 5)
[48:49:21 -90235.242780] SLOW spr round 113 (radius: 10)
[48:51:48 -90235.242780] SLOW spr round 114 (radius: 15)
[48:55:24 -90235.242780] SLOW spr round 115 (radius: 20)
[48:59:48 -90235.242780] SLOW spr round 116 (radius: 25)
[49:05:08 -90223.266707] SLOW spr round 117 (radius: 5)
[49:08:16 -90220.312987] SLOW spr round 118 (radius: 5)
[49:10:55 -90218.013099] SLOW spr round 119 (radius: 5)
[49:13:25 -90217.726533] SLOW spr round 120 (radius: 5)
[49:15:43 -90217.726334] SLOW spr round 121 (radius: 10)
[49:17:59 -90217.726320] SLOW spr round 122 (radius: 15)
[49:21:29 -90217.726316] SLOW spr round 123 (radius: 20)
[49:25:46 -90217.726314] SLOW spr round 124 (radius: 25)
[49:31:04 -90216.965556] SLOW spr round 125 (radius: 5)
[49:34:08 -90216.965407] SLOW spr round 126 (radius: 10)
[49:36:45 -90211.787000] SLOW spr round 127 (radius: 5)
[49:39:37 -90207.557535] SLOW spr round 128 (radius: 5)
[49:42:09 -90207.557060] SLOW spr round 129 (radius: 10)
[49:44:27 -90207.420820] SLOW spr round 130 (radius: 5)
[49:47:20 -90207.418929] SLOW spr round 131 (radius: 10)
[49:49:48 -90207.418906] SLOW spr round 132 (radius: 15)
[49:53:11 -90205.704172] SLOW spr round 133 (radius: 5)
[49:56:16 -90205.150817] SLOW spr round 134 (radius: 5)
[49:58:53 -90205.147093] SLOW spr round 135 (radius: 10)
[50:01:05 -90205.147061] SLOW spr round 136 (radius: 15)
[50:04:18 -90205.147061] SLOW spr round 137 (radius: 20)
[50:08:27 -90205.147061] SLOW spr round 138 (radius: 25)
[50:13:41 -90204.359381] SLOW spr round 139 (radius: 5)
[50:16:47 -90204.358392] SLOW spr round 140 (radius: 10)
[50:19:17 -90204.358326] SLOW spr round 141 (radius: 15)
[50:22:27 -90204.358320] SLOW spr round 142 (radius: 20)
[50:26:45 -90204.358320] SLOW spr round 143 (radius: 25)
[50:31:59 -90203.061957] SLOW spr round 144 (radius: 5)
[50:34:46 -90202.979485] SLOW spr round 145 (radius: 10)
[50:37:11 -90202.978609] SLOW spr round 146 (radius: 15)
[50:40:13 -90202.978411] SLOW spr round 147 (radius: 20)
[50:44:34 -90202.978352] SLOW spr round 148 (radius: 25)
[50:49:37 -90199.089970] SLOW spr round 149 (radius: 5)
[50:52:29 -90197.119039] SLOW spr round 150 (radius: 5)
[50:54:55 -90197.118925] SLOW spr round 151 (radius: 10)
[50:57:02 -90196.171170] SLOW spr round 152 (radius: 5)
[50:59:40 -90195.930149] SLOW spr round 153 (radius: 5)
[51:02:03 -90195.929953] SLOW spr round 154 (radius: 10)
[51:04:11 -90195.929952] SLOW spr round 155 (radius: 15)
[51:07:21 -90195.350933] SLOW spr round 156 (radius: 5)
[51:10:05 -90195.350885] SLOW spr round 157 (radius: 10)
[51:12:22 -90195.350885] SLOW spr round 158 (radius: 15)
[51:15:18 -90195.350885] SLOW spr round 159 (radius: 20)
[51:19:27 -90195.350885] SLOW spr round 160 (radius: 25)
[51:24:32 -90195.101527] SLOW spr round 161 (radius: 5)
[51:27:23 -90195.101378] SLOW spr round 162 (radius: 10)
[51:29:45 -90195.064095] SLOW spr round 163 (radius: 15)
[51:32:43 -90195.064079] SLOW spr round 164 (radius: 20)
[51:36:50 -90195.064079] SLOW spr round 165 (radius: 25)
[51:41:56 -90194.856433] SLOW spr round 166 (radius: 5)
[51:44:51 -90194.855953] SLOW spr round 167 (radius: 10)
[51:47:14 -90194.024131] SLOW spr round 168 (radius: 5)
[51:49:54 -90194.024131] SLOW spr round 169 (radius: 10)
[51:52:10 -90194.024131] SLOW spr round 170 (radius: 15)
[51:55:18 -90194.024131] SLOW spr round 171 (radius: 20)
[51:59:29 -90194.024131] SLOW spr round 172 (radius: 25)
[52:04:33 -90193.828408] SLOW spr round 173 (radius: 5)
[52:07:21 -90193.595565] SLOW spr round 174 (radius: 5)
[52:09:50 -90193.595563] SLOW spr round 175 (radius: 10)
[52:12:01 -90193.472502] SLOW spr round 176 (radius: 5)
[52:14:45 -90193.083028] SLOW spr round 177 (radius: 5)
[52:17:06 -90193.083028] SLOW spr round 178 (radius: 10)
[52:19:13 -90192.917877] SLOW spr round 179 (radius: 5)
[52:21:53 -90192.917806] SLOW spr round 180 (radius: 10)
[52:24:07 -90192.917806] SLOW spr round 181 (radius: 15)
[52:27:07 -90192.917806] SLOW spr round 182 (radius: 20)
[52:30:50 -90188.734710] SLOW spr round 183 (radius: 5)
[52:33:14 -90188.472888] SLOW spr round 184 (radius: 5)
[52:35:17 -90188.472356] SLOW spr round 185 (radius: 10)
[52:37:06 -90188.472350] SLOW spr round 186 (radius: 15)
[52:39:45 -90188.472350] SLOW spr round 187 (radius: 20)
[52:43:16 -90188.472350] SLOW spr round 188 (radius: 25)
[52:47:40 -90186.697267] SLOW spr round 189 (radius: 5)
[52:50:05 -90185.623834] SLOW spr round 190 (radius: 5)
[52:52:10 -90185.623788] SLOW spr round 191 (radius: 10)
[52:53:59 -90185.623787] SLOW spr round 192 (radius: 15)
[52:56:38 -90185.623787] SLOW spr round 193 (radius: 20)
[53:00:09 -90185.623787] SLOW spr round 194 (radius: 25)
[53:04:32 -90185.623787] Model parameter optimization (eps = 0.100000)

[53:04:44] [worker #0] ML tree search #16, logLikelihood: -90180.464867


Optimized model parameters:

   Partition 0: noname
   Rate heterogeneity: GAMMA (4 cats, mean),  alpha: 0.342148 (ML),  weights&rates: (0.250000,0.009328) (0.250000,0.137439) (0.250000,0.660249) (0.250000,3.192985) 
   Base frequencies (ML): 0.060179 0.450675 0.374243 0.114903 
   Substitution rates (ML): 1.063538 5.958658 6.067598 2.388042 5.828965 1.000000 


Final LogLikelihood: -90098.728063

AIC score: 193377.456126 / AICc score: 87062757.456126 / BIC score: 216477.590948
Free parameters (model + branch lengths): 6590

WARNING: Number of free parameters (K=6590) is larger than alignment size (n=246).
         This might lead to overfitting and compromise tree inference results!


WARNING: Best ML tree contains 485 near-zero branches!

Best ML tree with collapsed near-zero branches saved to: /home2/ISAD/dp415/dada2_pipeline_myxorpoB/data/output/run_myxo_gtdbr202/raxml/myxo_asv/myxo_99.raxml.bestTreeCollapsed
Best ML tree saved to: /home2/ISAD/dp415/dada2_pipeline_myxorpoB/data/output/run_myxo_gtdbr202/raxml/myxo_asv/myxo_99.raxml.bestTree
All ML trees saved to: /home2/ISAD/dp415/dada2_pipeline_myxorpoB/data/output/run_myxo_gtdbr202/raxml/myxo_asv/myxo_99.raxml.mlTrees
Optimized model saved to: /home2/ISAD/dp415/dada2_pipeline_myxorpoB/data/output/run_myxo_gtdbr202/raxml/myxo_asv/myxo_99.raxml.bestModel

Execution log saved to: /home2/ISAD/dp415/dada2_pipeline_myxorpoB/data/output/run_myxo_gtdbr202/raxml/myxo_asv/myxo_99.raxml.log

Analysis started: 17-Jan-2022 15:22:29 / finished: 19-Jan-2022 20:27:14

Elapsed time: 191084.552 seconds

