
RAxML-NG v. 1.1 released on 29.11.2021 by The Exelixis Lab.
Developed by: Alexey M. Kozlov and Alexandros Stamatakis.
Contributors: Diego Darriba, Tomas Flouri, Benoit Morel, Sarah Lutteropp, Ben Bettisworth.
Latest version: https://github.com/amkozlov/raxml-ng
Questions/problems/suggestions? Please visit: https://groups.google.com/forum/#!forum/raxml

System: Intel(R) Xeon(R) Gold 6230 CPU @ 2.10GHz, 40 cores, 376 GB RAM

RAxML-NG was called at 17-Jan-2022 15:59:31 as follows:

raxml-ng --msa alignments/alignment_myxo_96percent.fasta --model GTR+G --seed 2 --prefix raxml/myxo_96/myxo_96 --threads 5

Analysis options:
  run mode: ML tree search
  start tree(s): random (10) + parsimony (10)
  random seed: 2
  tip-inner: OFF
  pattern compression: ON
  per-rate scalers: OFF
  site repeats: ON
  fast spr radius: AUTO
  spr subtree cutoff: 1.000000
  branch lengths: proportional (ML estimate, algorithm: NR-FAST)
  SIMD kernels: AVX2
  parallelization: coarse-grained (auto), PTHREADS (5 threads), thread pinning: OFF

[00:00:00] Reading alignment from file: alignments/alignment_myxo_96percent.fasta
[00:00:00] Loaded alignment with 3133 taxa and 246 sites

Alignment comprises 1 partitions and 168 patterns

Partition 0: noname
Model: GTR+FO+G4m
Alignment sites / patterns: 246 / 168
Gaps: 8.84 %
Invariant sites: 30.49 %


NOTE: Binary MSA file already exists: raxml/myxo_96/myxo_96.raxml.rba

Parallelization scheme autoconfig: 5 worker(s) x 1 thread(s)


NOTE: Per-rate scalers were automatically enabled to prevent numerical issues on taxa-rich alignments.
NOTE: You can use --force switch to skip this check and fall back to per-site scalers.

Parallel reduction/worker buffer size: 1 KB  / 0 KB

[00:00:00] Generating 10 random starting tree(s) with 3133 taxa
[00:00:00] Generating 10 parsimony starting tree(s) with 3133 taxa
[00:00:27] Data distribution: max. partitions/sites/weight per thread: 1 / 168 / 2688
[00:00:27] Data distribution: max. searches per worker: 4

Starting ML tree search with 20 distinct starting trees

[00:00:27 -270905.798476] Initial branch length optimization
[00:00:29 -244632.121743] Model parameter optimization (eps = 10.000000)
[00:00:55 -218819.231002] AUTODETECT spr round 1 (radius: 5)
[00:03:08 -188879.233703] AUTODETECT spr round 2 (radius: 10)
[00:05:28 -165019.393360] AUTODETECT spr round 3 (radius: 15)
[00:08:03 -151600.924642] AUTODETECT spr round 4 (radius: 20)
[00:10:51 -144788.041197] AUTODETECT spr round 5 (radius: 25)
[00:14:02 -139260.706455] SPR radius for FAST iterations: 25 (autodetect)
[00:14:02 -139260.706455] Model parameter optimization (eps = 3.000000)
[00:15:07 -137921.063697] FAST spr round 1 (radius: 25)
[00:19:36 -125346.621854] FAST spr round 2 (radius: 25)
[00:23:02 -121380.651874] FAST spr round 3 (radius: 25)
[00:25:43 -120396.535904] FAST spr round 4 (radius: 25)
[00:28:03 -120268.553867] FAST spr round 5 (radius: 25)
[00:30:09 -120252.977914] FAST spr round 6 (radius: 25)
[00:32:11 -120246.231978] FAST spr round 7 (radius: 25)
[00:34:09 -120246.202424] Model parameter optimization (eps = 1.000000)
[00:35:11 -119978.013673] SLOW spr round 1 (radius: 5)
[00:37:54 -119839.440493] SLOW spr round 2 (radius: 5)
[00:40:28 -119813.501412] SLOW spr round 3 (radius: 5)
[00:42:57 -119807.022039] SLOW spr round 4 (radius: 5)
[00:45:24 -119806.032124] SLOW spr round 5 (radius: 5)
[00:47:49 -119805.284243] SLOW spr round 6 (radius: 5)
[00:50:12 -119805.284155] SLOW spr round 7 (radius: 10)
[00:52:41 -119765.952515] SLOW spr round 8 (radius: 5)
[00:55:40 -119757.114742] SLOW spr round 9 (radius: 5)
[00:58:17 -119756.833972] SLOW spr round 10 (radius: 5)
[01:00:46 -119756.831599] SLOW spr round 11 (radius: 10)
[01:03:11 -119751.862369] SLOW spr round 12 (radius: 5)
[01:06:06 -119751.514944] SLOW spr round 13 (radius: 5)
[01:08:45 -119750.615754] SLOW spr round 14 (radius: 5)
[01:11:14 -119750.615616] SLOW spr round 15 (radius: 10)
[01:13:38 -119749.520259] SLOW spr round 16 (radius: 5)
[01:16:33 -119749.520250] SLOW spr round 17 (radius: 10)
[01:19:06 -119747.331566] SLOW spr round 18 (radius: 5)
[01:21:57 -119744.449941] SLOW spr round 19 (radius: 5)
[01:24:32 -119743.993726] SLOW spr round 20 (radius: 5)
[01:27:00 -119743.993577] SLOW spr round 21 (radius: 10)
[01:29:20 -119743.808490] SLOW spr round 22 (radius: 5)
[01:32:14 -119743.231269] SLOW spr round 23 (radius: 5)
[01:34:50 -119742.954021] SLOW spr round 24 (radius: 5)
[01:37:17 -119742.953924] SLOW spr round 25 (radius: 10)
[01:39:37 -119742.953924] SLOW spr round 26 (radius: 15)
[01:43:10 -119711.006217] SLOW spr round 27 (radius: 5)
[01:46:13 -119695.701852] SLOW spr round 28 (radius: 5)
[01:48:53 -119695.700440] SLOW spr round 29 (radius: 10)
[01:51:18 -119695.410099] SLOW spr round 30 (radius: 5)
[01:54:11 -119695.409992] SLOW spr round 31 (radius: 10)
[01:56:42 -119695.279167] SLOW spr round 32 (radius: 5)
[01:59:34 -119695.260380] SLOW spr round 33 (radius: 10)
[02:02:03 -119695.258981] SLOW spr round 34 (radius: 15)
[02:05:20 -119694.929280] SLOW spr round 35 (radius: 5)
[02:08:20 -119693.910152] SLOW spr round 36 (radius: 5)
[02:10:59 -119693.910146] SLOW spr round 37 (radius: 10)
[02:13:23 -119693.910146] SLOW spr round 38 (radius: 15)
[02:16:47 -119693.600630] SLOW spr round 39 (radius: 5)
[02:19:47 -119688.237815] SLOW spr round 40 (radius: 5)
[02:22:28 -119686.171739] SLOW spr round 41 (radius: 5)
[02:24:59 -119684.079689] SLOW spr round 42 (radius: 5)
[02:27:24 -119684.077740] SLOW spr round 43 (radius: 10)
[02:29:47 -119678.320464] SLOW spr round 44 (radius: 5)
[02:32:45 -119673.474528] SLOW spr round 45 (radius: 5)
[02:35:22 -119673.471856] SLOW spr round 46 (radius: 10)
[02:37:46 -119672.948095] SLOW spr round 47 (radius: 5)
[02:40:38 -119672.941770] SLOW spr round 48 (radius: 10)
[02:43:09 -119672.857008] SLOW spr round 49 (radius: 15)
[02:46:28 -119672.675677] SLOW spr round 50 (radius: 5)
[02:49:27 -119672.672595] SLOW spr round 51 (radius: 10)
[02:52:00 -119669.454290] SLOW spr round 52 (radius: 5)
[02:54:52 -119669.453488] SLOW spr round 53 (radius: 10)
[02:57:22 -119669.453463] SLOW spr round 54 (radius: 15)
[03:00:44 -119663.900425] SLOW spr round 55 (radius: 5)
[03:03:42 -119663.813665] SLOW spr round 56 (radius: 10)
[03:06:15 -119663.813258] SLOW spr round 57 (radius: 15)
[03:09:29 -119663.786258] SLOW spr round 58 (radius: 20)
[03:14:04 -119551.860581] SLOW spr round 59 (radius: 5)
[03:17:13 -119377.649971] SLOW spr round 60 (radius: 5)
[03:19:58 -119351.075396] SLOW spr round 61 (radius: 5)
[03:22:32 -119343.127761] SLOW spr round 62 (radius: 5)
[03:25:00 -119342.960322] SLOW spr round 63 (radius: 5)
[03:27:23 -119342.960268] SLOW spr round 64 (radius: 10)
[03:29:48 -119339.834915] SLOW spr round 65 (radius: 5)
[03:32:49 -119336.112382] SLOW spr round 66 (radius: 5)
[03:35:30 -119333.982206] SLOW spr round 67 (radius: 5)
[03:38:00 -119333.736327] SLOW spr round 68 (radius: 5)
[03:40:26 -119333.733926] SLOW spr round 69 (radius: 10)
[03:42:48 -119332.853466] SLOW spr round 70 (radius: 5)
[03:45:47 -119326.204737] SLOW spr round 71 (radius: 5)
[03:48:25 -119326.122714] SLOW spr round 72 (radius: 10)
[03:50:53 -119230.067346] SLOW spr round 73 (radius: 5)
[03:53:50 -119140.758699] SLOW spr round 74 (radius: 5)
[03:56:30 -119128.089134] SLOW spr round 75 (radius: 5)
[03:59:00 -119126.698763] SLOW spr round 76 (radius: 5)
[04:01:25 -119125.432364] SLOW spr round 77 (radius: 5)
[04:03:50 -119123.498294] SLOW spr round 78 (radius: 5)
[04:06:12 -119123.498264] SLOW spr round 79 (radius: 10)
[04:08:34 -119114.084318] SLOW spr round 80 (radius: 5)
[04:11:31 -119112.902071] SLOW spr round 81 (radius: 5)
[04:14:10 -119112.444705] SLOW spr round 82 (radius: 5)
[04:16:38 -119112.443679] SLOW spr round 83 (radius: 10)
[04:19:01 -119107.908855] SLOW spr round 84 (radius: 5)
[04:21:59 -119106.161823] SLOW spr round 85 (radius: 5)
[04:24:36 -119106.159148] SLOW spr round 86 (radius: 10)
[04:26:58 -119105.330780] SLOW spr round 87 (radius: 5)
[04:29:52 -119105.330439] SLOW spr round 88 (radius: 10)
[04:32:24 -119104.844375] SLOW spr round 89 (radius: 5)
[04:35:17 -119104.844296] SLOW spr round 90 (radius: 10)
[04:37:46 -119104.562771] SLOW spr round 91 (radius: 5)
[04:40:38 -119104.415619] SLOW spr round 92 (radius: 5)
[04:43:13 -119104.415552] SLOW spr round 93 (radius: 10)
[04:45:37 -119104.374627] SLOW spr round 94 (radius: 15)
[04:49:07 -119094.002063] SLOW spr round 95 (radius: 5)
[04:52:05 -119093.756718] SLOW spr round 96 (radius: 5)
[04:54:44 -119093.756718] SLOW spr round 97 (radius: 10)
[04:57:10 -119093.756718] SLOW spr round 98 (radius: 15)
[05:00:38 -119093.756718] SLOW spr round 99 (radius: 20)
[05:04:57 -119081.692953] SLOW spr round 100 (radius: 5)
[05:07:58 -119080.922045] SLOW spr round 101 (radius: 5)
[05:10:37 -119080.702349] SLOW spr round 102 (radius: 5)
[05:13:05 -119080.702268] SLOW spr round 103 (radius: 10)
[05:15:26 -119080.702267] SLOW spr round 104 (radius: 15)
[05:18:56 -119080.702267] SLOW spr round 105 (radius: 20)
[05:23:10 -119078.670381] SLOW spr round 106 (radius: 5)
[05:26:12 -119078.670333] SLOW spr round 107 (radius: 10)
[05:28:51 -119075.519566] SLOW spr round 108 (radius: 5)
[05:31:44 -119075.516720] SLOW spr round 109 (radius: 10)
[05:34:14 -119075.516713] SLOW spr round 110 (radius: 15)
[05:37:35 -119075.516713] SLOW spr round 111 (radius: 20)
[05:41:54 -119075.197388] SLOW spr round 112 (radius: 5)
[05:44:54 -119075.196449] SLOW spr round 113 (radius: 10)
[05:47:31 -119075.093486] SLOW spr round 114 (radius: 5)
[05:50:21 -119075.093451] SLOW spr round 115 (radius: 10)
[05:52:48 -119074.926008] SLOW spr round 116 (radius: 5)
[05:55:40 -119074.925733] SLOW spr round 117 (radius: 10)
[05:58:09 -119074.925696] SLOW spr round 118 (radius: 15)
[06:01:26] [worker #4] ML tree search #5, logLikelihood: -120189.383239
[06:01:30 -119074.925690] SLOW spr round 119 (radius: 20)
[06:06:00 -119074.821960] SLOW spr round 120 (radius: 5)
[06:09:05 -119074.821949] SLOW spr round 121 (radius: 10)
[06:11:41 -119074.821949] SLOW spr round 122 (radius: 15)
[06:14:58 -119074.821949] SLOW spr round 123 (radius: 20)
[06:19:22 -119074.821949] SLOW spr round 124 (radius: 25)
[06:24:32 -119018.491653] SLOW spr round 125 (radius: 5)
[06:27:39 -118904.063129] SLOW spr round 126 (radius: 5)
[06:30:27 -118829.301448] SLOW spr round 127 (radius: 5)
[06:33:03 -118783.148852] SLOW spr round 128 (radius: 5)
[06:35:34 -118748.381517] SLOW spr round 129 (radius: 5)
[06:37:59 -118742.929687] SLOW spr round 130 (radius: 5)
[06:40:21 -118742.913856] SLOW spr round 131 (radius: 10)
[06:42:45 -118718.564013] SLOW spr round 132 (radius: 5)
[06:45:45 -118712.095098] SLOW spr round 133 (radius: 5)
[06:48:23 -118711.113096] SLOW spr round 134 (radius: 5)
[06:50:52 -118710.217799] SLOW spr round 135 (radius: 5)
[06:53:14 -118710.147870] SLOW spr round 136 (radius: 10)
[06:55:35 -118704.406216] SLOW spr round 137 (radius: 5)
[06:58:31 -118703.557696] SLOW spr round 138 (radius: 5)
[07:01:08 -118703.557679] SLOW spr round 139 (radius: 10)
[07:03:32 -118703.557679] SLOW spr round 140 (radius: 15)
[07:07:02 -118657.080439] SLOW spr round 141 (radius: 5)
[07:10:04 -118628.198004] SLOW spr round 142 (radius: 5)
[07:12:44 -118625.553063] SLOW spr round 143 (radius: 5)
[07:15:14 -118625.553048] SLOW spr round 144 (radius: 10)
[07:17:37 -118614.095600] SLOW spr round 145 (radius: 5)
[07:20:35 -118612.554217] SLOW spr round 146 (radius: 5)
[07:23:13 -118612.553734] SLOW spr round 147 (radius: 10)
[07:25:37 -118612.365662] SLOW spr round 148 (radius: 5)
[07:28:31 -118610.082295] SLOW spr round 149 (radius: 5)
[07:31:07 -118610.082218] SLOW spr round 150 (radius: 10)
[07:33:31 -118607.968393] SLOW spr round 151 (radius: 5)
[07:36:27 -118607.127832] SLOW spr round 152 (radius: 5)
[07:39:04 -118607.127652] SLOW spr round 153 (radius: 10)
[07:41:27 -118607.127648] SLOW spr round 154 (radius: 15)
[07:44:55 -118606.990535] SLOW spr round 155 (radius: 5)
[07:47:56 -118603.138906] SLOW spr round 156 (radius: 5)
[07:50:37 -118600.190542] SLOW spr round 157 (radius: 5)
[07:53:06 -118600.190049] SLOW spr round 158 (radius: 10)
[07:55:25 -118600.068823] SLOW spr round 159 (radius: 5)
[07:58:19 -118599.762648] SLOW spr round 160 (radius: 5)
[08:00:54 -118599.762616] SLOW spr round 161 (radius: 10)
[08:03:17 -118598.998218] SLOW spr round 162 (radius: 5)
[08:06:10 -118598.998183] SLOW spr round 163 (radius: 10)
[08:08:39 -118598.998183] SLOW spr round 164 (radius: 15)
[08:11:57 -118598.941906] SLOW spr round 165 (radius: 20)
[08:16:12 -118588.761934] SLOW spr round 166 (radius: 5)
[08:19:13 -118586.540184] SLOW spr round 167 (radius: 5)
[08:21:52 -118586.539804] SLOW spr round 168 (radius: 10)
[08:24:14 -118586.539802] SLOW spr round 169 (radius: 15)
[08:27:32 -118586.539802] SLOW spr round 170 (radius: 20)
[08:31:46 -118586.397870] SLOW spr round 171 (radius: 5)
[08:34:42 -118586.397853] SLOW spr round 172 (radius: 10)
[08:37:16 -118585.331403] SLOW spr round 173 (radius: 5)
[08:40:04 -118585.330582] SLOW spr round 174 (radius: 10)
[08:42:29 -118585.330166] SLOW spr round 175 (radius: 15)
[08:45:42 -118583.789709] SLOW spr round 176 (radius: 5)
[08:48:38 -118583.788981] SLOW spr round 177 (radius: 10)
[08:51:09 -118583.788948] SLOW spr round 178 (radius: 15)
[08:54:23 -118579.854305] SLOW spr round 179 (radius: 5)
[08:57:19 -118579.854299] SLOW spr round 180 (radius: 10)
[08:59:51 -118577.844404] SLOW spr round 181 (radius: 5)
[09:02:43 -118540.148994] SLOW spr round 182 (radius: 5)
[09:05:17 -118533.055664] SLOW spr round 183 (radius: 5)
[09:07:42 -118533.051377] SLOW spr round 184 (radius: 10)
[09:10:01 -118533.049641] SLOW spr round 185 (radius: 15)
[09:13:28 -118533.048970] SLOW spr round 186 (radius: 20)
[09:17:44 -118533.048719] SLOW spr round 187 (radius: 25)
[09:22:52 -118532.387113] SLOW spr round 188 (radius: 5)
[09:25:52 -118532.386900] SLOW spr round 189 (radius: 10)
[09:28:28 -118532.386892] SLOW spr round 190 (radius: 15)
[09:31:40 -118532.386891] SLOW spr round 191 (radius: 20)
[09:36:02 -118532.386891] SLOW spr round 192 (radius: 25)
[09:41:10 -118531.891412] SLOW spr round 193 (radius: 5)
[09:44:13 -118531.684760] SLOW spr round 194 (radius: 5)
[09:46:54 -118531.683106] SLOW spr round 195 (radius: 10)
[09:49:18 -118531.628668] SLOW spr round 196 (radius: 15)
[09:52:39 -118531.626183] SLOW spr round 197 (radius: 20)
[09:57:01 -118531.626177] SLOW spr round 198 (radius: 25)
[10:02:13 -118531.240419] SLOW spr round 199 (radius: 5)
[10:05:13 -118531.240314] SLOW spr round 200 (radius: 10)
[10:07:49 -118531.240313] SLOW spr round 201 (radius: 15)
[10:11:02 -118531.240313] SLOW spr round 202 (radius: 20)
[10:14:41] [worker #1] ML tree search #2, logLikelihood: -121900.691434
[10:15:27 -118531.240313] SLOW spr round 203 (radius: 25)
[10:20:37 -118530.853002] SLOW spr round 204 (radius: 5)
[10:23:40 -118530.848584] SLOW spr round 205 (radius: 10)
[10:26:17 -118530.848384] SLOW spr round 206 (radius: 15)
[10:29:32 -118530.848376] SLOW spr round 207 (radius: 20)
[10:33:58 -118530.848376] SLOW spr round 208 (radius: 25)
[10:39:09 -118530.574333] SLOW spr round 209 (radius: 5)
[10:42:11 -118530.574268] SLOW spr round 210 (radius: 10)
[10:44:50 -118530.574268] SLOW spr round 211 (radius: 15)
[10:48:04 -118530.574268] SLOW spr round 212 (radius: 20)
[10:52:31 -118530.574268] SLOW spr round 213 (radius: 25)
[10:57:42 -118530.472143] SLOW spr round 214 (radius: 5)
[11:00:46 -118527.528462] SLOW spr round 215 (radius: 5)
[11:03:29 -118527.528181] SLOW spr round 216 (radius: 10)
[11:05:54 -118527.528178] SLOW spr round 217 (radius: 15)
[11:09:19 -118527.528178] SLOW spr round 218 (radius: 20)
[11:13:43 -118527.528178] SLOW spr round 219 (radius: 25)
[11:18:58 -118527.466638] Model parameter optimization (eps = 0.100000)

[11:19:31] [worker #0] ML tree search #1, logLikelihood: -118487.074025

[11:19:31 -271131.428804] Initial branch length optimization
[11:19:33 -244774.006703] Model parameter optimization (eps = 10.000000)
[11:19:57 -219076.103198] AUTODETECT spr round 1 (radius: 5)
[11:22:06 -188694.096344] AUTODETECT spr round 2 (radius: 10)
[11:24:22 -164661.926332] AUTODETECT spr round 3 (radius: 15)
[11:26:14] [worker #2] ML tree search #3, logLikelihood: -121602.716844
[11:26:58 -149106.361002] AUTODETECT spr round 4 (radius: 20)
[11:29:45 -141826.805667] AUTODETECT spr round 5 (radius: 25)
[11:32:53 -136827.297542] SPR radius for FAST iterations: 25 (autodetect)
[11:32:53 -136827.297542] Model parameter optimization (eps = 3.000000)
[11:34:06 -135597.113989] FAST spr round 1 (radius: 25)
[11:38:51 -124791.362462] FAST spr round 2 (radius: 25)
[11:42:12 -123151.732850] FAST spr round 3 (radius: 25)
[11:44:48 -121526.167068] FAST spr round 4 (radius: 25)
[11:47:07 -120515.962473] FAST spr round 5 (radius: 25)
[11:49:17 -120350.119283] FAST spr round 6 (radius: 25)
[11:50:44] [worker #3] ML tree search #4, logLikelihood: -117911.079029
[11:51:20 -120332.760540] FAST spr round 7 (radius: 25)
[11:53:20 -120329.312067] FAST spr round 8 (radius: 25)
[11:55:19 -120324.064379] FAST spr round 9 (radius: 25)
[11:57:14 -120324.064346] Model parameter optimization (eps = 1.000000)
[11:57:50 -120171.379855] SLOW spr round 1 (radius: 5)
[12:00:44 -120106.214330] SLOW spr round 2 (radius: 5)
[12:03:26 -120082.478884] SLOW spr round 3 (radius: 5)
[12:05:34] [worker #4] ML tree search #10, logLikelihood: -119165.875528
[12:06:04 -120076.662099] SLOW spr round 4 (radius: 5)
[12:08:36 -120076.661882] SLOW spr round 5 (radius: 10)
[12:11:13 -120059.164957] SLOW spr round 6 (radius: 5)
[12:14:25 -120053.037980] SLOW spr round 7 (radius: 5)
[12:17:15 -120052.730014] SLOW spr round 8 (radius: 5)
[12:19:52 -120052.729379] SLOW spr round 9 (radius: 10)
[12:22:25 -120047.417758] SLOW spr round 10 (radius: 5)
[12:25:33 -120047.400462] SLOW spr round 11 (radius: 10)
[12:28:18 -120034.895371] SLOW spr round 12 (radius: 5)
[12:31:28 -120029.323006] SLOW spr round 13 (radius: 5)
[12:34:15 -120028.158066] SLOW spr round 14 (radius: 5)
[12:36:53 -120028.157213] SLOW spr round 15 (radius: 10)
[12:39:24 -120024.295172] SLOW spr round 16 (radius: 5)
[12:42:35 -120023.797471] SLOW spr round 17 (radius: 5)
[12:45:23 -120023.797261] SLOW spr round 18 (radius: 10)
[12:47:56 -120022.597504] SLOW spr round 19 (radius: 5)
[12:51:04 -120022.529880] SLOW spr round 20 (radius: 10)
[12:53:43 -120021.896331] SLOW spr round 21 (radius: 5)
[12:56:47 -120021.727348] SLOW spr round 22 (radius: 5)
[12:59:31 -120021.727330] SLOW spr round 23 (radius: 10)
[13:02:04 -120021.550812] SLOW spr round 24 (radius: 5)
[13:05:13 -120021.402569] SLOW spr round 25 (radius: 5)
[13:08:01 -120021.402520] SLOW spr round 26 (radius: 10)
[13:10:32 -120021.269868] SLOW spr round 27 (radius: 5)
[13:13:41 -120020.714919] SLOW spr round 28 (radius: 5)
[13:16:28 -120020.714865] SLOW spr round 29 (radius: 10)
[13:19:00 -120020.678549] SLOW spr round 30 (radius: 15)
[13:22:47 -119990.147273] SLOW spr round 31 (radius: 5)
[13:26:06 -119970.414889] SLOW spr round 32 (radius: 5)
[13:28:59 -119969.959698] SLOW spr round 33 (radius: 5)
[13:31:39 -119969.959580] SLOW spr round 34 (radius: 10)
[13:34:09 -119969.612514] SLOW spr round 35 (radius: 5)
[13:37:21 -119968.873890] SLOW spr round 36 (radius: 5)
[13:40:07 -119968.873611] SLOW spr round 37 (radius: 10)
[13:42:39 -119968.492197] SLOW spr round 38 (radius: 5)
[13:45:50 -119966.436465] SLOW spr round 39 (radius: 5)
[13:48:39 -119966.436375] SLOW spr round 40 (radius: 10)
[13:51:13 -119962.870982] SLOW spr round 41 (radius: 5)
[13:54:24 -119959.794455] SLOW spr round 42 (radius: 5)
[13:57:11 -119958.487083] SLOW spr round 43 (radius: 5)
[13:59:49 -119958.487078] SLOW spr round 44 (radius: 10)
[14:02:19 -119958.404665] SLOW spr round 45 (radius: 15)
[14:06:09 -119957.672862] SLOW spr round 46 (radius: 5)
[14:09:26 -119957.672207] SLOW spr round 47 (radius: 10)
[14:12:14 -119954.466492] SLOW spr round 48 (radius: 5)
[14:15:23 -119953.800268] SLOW spr round 49 (radius: 5)
[14:18:11 -119953.798768] SLOW spr round 50 (radius: 10)
[14:20:44 -119953.798703] SLOW spr round 51 (radius: 15)
[14:24:29 -119953.294093] SLOW spr round 52 (radius: 5)
[14:27:47 -119952.901599] SLOW spr round 53 (radius: 5)
[14:30:42 -119952.802858] SLOW spr round 54 (radius: 10)
[14:33:17 -119952.018769] SLOW spr round 55 (radius: 5)
[14:36:27 -119951.699154] SLOW spr round 56 (radius: 5)
[14:39:16 -119951.698944] SLOW spr round 57 (radius: 10)
[14:41:48 -119951.698944] SLOW spr round 58 (radius: 15)
[14:45:32 -119951.434683] SLOW spr round 59 (radius: 5)
[14:48:47 -119951.434631] SLOW spr round 60 (radius: 10)
[14:51:33 -119951.434630] SLOW spr round 61 (radius: 15)
[14:55:03 -119951.339202] SLOW spr round 62 (radius: 20)
[14:59:58 -119898.123286] SLOW spr round 63 (radius: 5)
[15:03:20 -119816.915509] SLOW spr round 64 (radius: 5)
[15:06:20 -119738.541746] SLOW spr round 65 (radius: 5)
[15:09:08 -119629.238217] SLOW spr round 66 (radius: 5)
[15:11:47 -119594.970636] SLOW spr round 67 (radius: 5)
[15:14:23 -119589.388034] SLOW spr round 68 (radius: 5)
[15:17:00 -119522.108150] SLOW spr round 69 (radius: 5)
[15:19:35 -119515.704841] SLOW spr round 70 (radius: 5)
[15:22:06 -119515.704372] SLOW spr round 71 (radius: 10)
[15:24:47 -119441.440847] SLOW spr round 72 (radius: 5)
[15:28:01 -119432.432780] SLOW spr round 73 (radius: 5)
[15:30:54 -119431.014034] SLOW spr round 74 (radius: 5)
[15:33:34 -119430.765969] SLOW spr round 75 (radius: 5)
[15:36:05 -119430.765953] SLOW spr round 76 (radius: 10)
[15:38:36 -119416.856377] SLOW spr round 77 (radius: 5)
[15:41:46 -119411.925024] SLOW spr round 78 (radius: 5)
[15:44:33 -119410.798210] SLOW spr round 79 (radius: 5)
[15:47:08 -119410.798021] SLOW spr round 80 (radius: 10)
[15:49:38 -119409.389271] SLOW spr round 81 (radius: 5)
[15:52:44 -119409.035607] SLOW spr round 82 (radius: 5)
[15:55:29 -119409.035599] SLOW spr round 83 (radius: 10)
[15:58:03 -119405.090391] SLOW spr round 84 (radius: 5)
[16:01:12 -119401.846625] SLOW spr round 85 (radius: 5)
[16:03:58 -119401.846619] SLOW spr round 86 (radius: 10)
[16:06:32 -119398.285683] SLOW spr round 87 (radius: 5)
[16:09:43 -119393.877433] SLOW spr round 88 (radius: 5)
[16:12:30 -119393.448013] SLOW spr round 89 (radius: 5)
[16:15:06 -119393.448003] SLOW spr round 90 (radius: 10)
[16:17:36 -119393.362105] SLOW spr round 91 (radius: 15)
[16:21:34 -119335.612701] SLOW spr round 92 (radius: 5)
[16:24:50 -119317.237567] SLOW spr round 93 (radius: 5)
[16:27:43 -119315.479326] SLOW spr round 94 (radius: 5)
[16:30:23 -119315.479257] SLOW spr round 95 (radius: 10)
[16:32:52 -119313.705301] SLOW spr round 96 (radius: 5)
[16:36:03 -119312.197342] SLOW spr round 97 (radius: 5)
[16:38:51 -119312.196854] SLOW spr round 98 (radius: 10)
[16:41:23 -119311.630504] SLOW spr round 99 (radius: 5)
[16:44:29 -119311.630478] SLOW spr round 100 (radius: 10)
[16:47:08 -119311.557014] SLOW spr round 101 (radius: 15)
[16:50:41 -119309.038227] SLOW spr round 102 (radius: 5)
[16:53:51 -119309.038222] SLOW spr round 103 (radius: 10)
[16:56:34 -119309.038221] SLOW spr round 104 (radius: 15)
[17:00:05 -119308.977810] SLOW spr round 105 (radius: 20)
[17:04:58 -119272.414571] SLOW spr round 106 (radius: 5)
[17:08:16 -119236.070823] SLOW spr round 107 (radius: 5)
[17:11:13 -119221.178147] SLOW spr round 108 (radius: 5)
[17:13:52 -119221.177916] SLOW spr round 109 (radius: 10)
[17:16:23 -119218.839197] SLOW spr round 110 (radius: 5)
[17:19:31 -119218.247170] SLOW spr round 111 (radius: 5)
[17:22:18 -119218.247157] SLOW spr round 112 (radius: 10)
[17:24:49 -119217.846246] SLOW spr round 113 (radius: 5)
[17:27:58 -119217.600463] SLOW spr round 114 (radius: 5)
[17:30:44 -119217.600455] SLOW spr round 115 (radius: 10)
[17:33:16 -119217.600455] SLOW spr round 116 (radius: 15)
[17:37:05 -119217.108852] SLOW spr round 117 (radius: 5)
[17:40:21 -119216.937074] SLOW spr round 118 (radius: 5)
[17:43:12 -119216.936322] SLOW spr round 119 (radius: 10)
[17:45:47 -119214.686841] SLOW spr round 120 (radius: 5)
[17:48:57 -119212.889885] SLOW spr round 121 (radius: 5)
[17:51:46 -119210.674161] SLOW spr round 122 (radius: 5)
[17:54:24 -119210.586531] SLOW spr round 123 (radius: 10)
[17:56:54 -119210.573658] SLOW spr round 124 (radius: 15)
[18:00:46 -119202.738012] SLOW spr round 125 (radius: 5)
[18:04:01 -119201.208918] SLOW spr round 126 (radius: 5)
[18:06:50 -119201.206839] SLOW spr round 127 (radius: 10)
[18:09:23 -119201.167167] SLOW spr round 128 (radius: 15)
[18:13:02 -119201.163939] SLOW spr round 129 (radius: 20)
[18:17:51 -119190.815190] SLOW spr round 130 (radius: 5)
[18:21:07 -119174.791491] SLOW spr round 131 (radius: 5)
[18:23:57 -119174.789605] SLOW spr round 132 (radius: 10)
[18:26:28 -119172.144439] SLOW spr round 133 (radius: 5)
[18:29:33 -119172.144406] SLOW spr round 134 (radius: 10)
[18:32:13 -119172.144400] SLOW spr round 135 (radius: 15)
[18:35:45 -119172.144400] SLOW spr round 136 (radius: 20)
[18:40:33 -119171.891278] SLOW spr round 137 (radius: 5)
[18:43:48 -119171.887109] SLOW spr round 138 (radius: 10)
[18:46:35 -119171.886132] SLOW spr round 139 (radius: 15)
[18:50:04 -119171.885844] SLOW spr round 140 (radius: 20)
[18:54:52 -119171.885751] SLOW spr round 141 (radius: 25)
[19:00:38 -118980.292930] SLOW spr round 142 (radius: 5)
[19:03:51 -118849.606492] SLOW spr round 143 (radius: 5)
[19:06:40 -118849.443303] SLOW spr round 144 (radius: 5)
[19:09:15 -118849.442326] SLOW spr round 145 (radius: 10)
[19:11:43 -118823.499350] SLOW spr round 146 (radius: 5)
[19:14:45 -118797.861299] SLOW spr round 147 (radius: 5)
[19:16:41] [worker #2] ML tree search #8, logLikelihood: -117814.162209
[19:17:25 -118797.861166] SLOW spr round 148 (radius: 10)
[19:19:55 -118773.934154] SLOW spr round 149 (radius: 5)
[19:23:00 -118762.081716] SLOW spr round 150 (radius: 5)
[19:25:46 -118761.813576] SLOW spr round 151 (radius: 5)
[19:28:21 -118761.813533] SLOW spr round 152 (radius: 10)
[19:30:49 -118760.215046] SLOW spr round 153 (radius: 5)
[19:33:52 -118760.214949] SLOW spr round 154 (radius: 10)
[19:36:27 -118760.214948] SLOW spr round 155 (radius: 15)
[19:39:51 -118754.580141] SLOW spr round 156 (radius: 5)
[19:42:59 -118752.563427] SLOW spr round 157 (radius: 5)
[19:45:46 -118752.563262] SLOW spr round 158 (radius: 10)
[19:48:17 -118745.523797] SLOW spr round 159 (radius: 5)
[19:51:20 -118740.857824] SLOW spr round 160 (radius: 5)
[19:54:03 -118740.857761] SLOW spr round 161 (radius: 10)
[19:56:32 -118740.857760] SLOW spr round 162 (radius: 15)
[20:00:04 -118729.645776] SLOW spr round 163 (radius: 5)
[20:03:12 -118719.278369] SLOW spr round 164 (radius: 5)
[20:05:58 -118719.278032] SLOW spr round 165 (radius: 10)
[20:08:28 -118719.278021] SLOW spr round 166 (radius: 15)
[20:11:58 -118719.135872] SLOW spr round 167 (radius: 5)
[20:15:07 -118719.135869] SLOW spr round 168 (radius: 10)
[20:17:45 -118719.135869] SLOW spr round 169 (radius: 15)
[20:19:32] [worker #4] ML tree search #15, logLikelihood: -112915.700350
[20:21:07 -118719.135869] SLOW spr round 170 (radius: 20)
[20:25:40 -118696.102955] SLOW spr round 171 (radius: 5)
[20:28:53 -118691.993531] SLOW spr round 172 (radius: 5)
[20:31:40 -118691.990556] SLOW spr round 173 (radius: 10)
[20:34:11 -118691.989650] SLOW spr round 174 (radius: 15)
[20:37:39 -118691.989354] SLOW spr round 175 (radius: 20)
[20:42:06 -118691.989252] SLOW spr round 176 (radius: 25)
[20:47:27 -118657.483513] SLOW spr round 177 (radius: 5)
[20:50:42 -118656.429549] SLOW spr round 178 (radius: 5)
[20:53:32 -118656.429490] SLOW spr round 179 (radius: 10)
[20:56:03 -118656.429488] SLOW spr round 180 (radius: 15)
[20:59:33 -118656.035330] SLOW spr round 181 (radius: 5)
[21:02:45 -118655.734104] SLOW spr round 182 (radius: 5)
[21:05:34 -118655.581362] SLOW spr round 183 (radius: 5)
[21:08:11 -118655.580906] SLOW spr round 184 (radius: 10)
[21:10:38 -118654.992907] SLOW spr round 185 (radius: 5)
[21:13:44 -118654.992854] SLOW spr round 186 (radius: 10)
[21:16:22 -118654.992854] SLOW spr round 187 (radius: 15)
[21:19:51 -118650.809856] SLOW spr round 188 (radius: 5)
[21:23:04 -118647.731586] SLOW spr round 189 (radius: 5)
[21:25:55 -118647.253904] SLOW spr round 190 (radius: 5)
[21:28:33 -118647.180657] SLOW spr round 191 (radius: 10)
[21:31:01 -118647.180126] SLOW spr round 192 (radius: 15)
[21:34:38 -118647.180122] SLOW spr round 193 (radius: 20)
[21:39:12 -118647.180122] SLOW spr round 194 (radius: 25)
[21:44:40 -118645.772079] SLOW spr round 195 (radius: 5)
[21:47:56 -118645.771841] SLOW spr round 196 (radius: 10)
[21:50:43 -118645.771826] SLOW spr round 197 (radius: 15)
[21:54:07 -118645.771825] SLOW spr round 198 (radius: 20)
[21:58:44 -118645.771825] SLOW spr round 199 (radius: 25)
[22:04:07 -118645.482412] SLOW spr round 200 (radius: 5)
[22:07:07] [worker #3] ML tree search #9, logLikelihood: -118190.281164
[22:07:24 -118644.249743] SLOW spr round 201 (radius: 5)
[22:10:18 -118644.248372] SLOW spr round 202 (radius: 10)
[22:12:51 -118644.248267] SLOW spr round 203 (radius: 15)
[22:16:24 -118644.248255] SLOW spr round 204 (radius: 20)
[22:20:58 -118644.248254] SLOW spr round 205 (radius: 25)
[22:24:54] [worker #1] ML tree search #7, logLikelihood: -116633.158089
[22:26:26 -118644.020278] SLOW spr round 206 (radius: 5)
[22:29:43 -118637.909149] SLOW spr round 207 (radius: 5)
[22:32:36 -118637.909141] SLOW spr round 208 (radius: 10)
[22:35:08 -118637.909140] SLOW spr round 209 (radius: 15)
[22:38:41 -118637.909140] SLOW spr round 210 (radius: 20)
[22:43:14 -118637.909140] SLOW spr round 211 (radius: 25)
[22:48:38 -118637.909140] Model parameter optimization (eps = 0.100000)

[22:49:16] [worker #0] ML tree search #6, logLikelihood: -118557.552904

[22:49:16 -142151.577228] Initial branch length optimization
[22:49:18 -128032.048536] Model parameter optimization (eps = 10.000000)
[22:50:11 -118826.733531] AUTODETECT spr round 1 (radius: 5)
[22:51:56 -116590.111041] AUTODETECT spr round 2 (radius: 10)
[22:53:56 -115733.709984] AUTODETECT spr round 3 (radius: 15)
[22:56:20 -115217.243765] AUTODETECT spr round 4 (radius: 20)
[22:59:05 -115010.374422] AUTODETECT spr round 5 (radius: 25)
[23:02:14 -114733.109580] SPR radius for FAST iterations: 25 (autodetect)
[23:02:14 -114733.109580] Model parameter optimization (eps = 3.000000)
[23:02:35 -114623.648139] FAST spr round 1 (radius: 25)
[23:07:13 -113580.906511] FAST spr round 2 (radius: 25)
[23:10:28 -113304.945311] FAST spr round 3 (radius: 25)
[23:13:00 -113202.882207] FAST spr round 4 (radius: 25)
[23:15:09 -113108.999147] FAST spr round 5 (radius: 25)
[23:17:10 -113087.038857] FAST spr round 6 (radius: 25)
[23:19:06 -113042.382523] FAST spr round 7 (radius: 25)
[23:20:58 -113034.110663] FAST spr round 8 (radius: 25)
[23:22:47 -113032.575052] FAST spr round 9 (radius: 25)
[23:24:37 -113032.575002] Model parameter optimization (eps = 1.000000)
[23:24:49 -113024.251951] SLOW spr round 1 (radius: 5)
[23:27:21 -112980.092016] SLOW spr round 2 (radius: 5)
[23:29:45 -112974.712027] SLOW spr round 3 (radius: 5)
[23:32:04 -112974.630592] SLOW spr round 4 (radius: 10)
[23:34:23 -112965.541739] SLOW spr round 5 (radius: 5)
[23:37:18 -112961.128663] SLOW spr round 6 (radius: 5)
[23:39:53 -112960.769223] SLOW spr round 7 (radius: 5)
[23:42:17 -112960.769029] SLOW spr round 8 (radius: 10)
[23:44:35 -112957.696758] SLOW spr round 9 (radius: 5)
[23:47:27 -112955.017003] SLOW spr round 10 (radius: 5)
[23:50:01 -112954.617363] SLOW spr round 11 (radius: 5)
[23:52:26 -112954.615582] SLOW spr round 12 (radius: 10)
[23:54:44 -112952.982747] SLOW spr round 13 (radius: 5)
[23:57:37 -112952.279806] SLOW spr round 14 (radius: 5)
[24:00:11 -112952.279806] SLOW spr round 15 (radius: 10)
[24:02:29 -112951.585468] SLOW spr round 16 (radius: 5)
[24:05:19 -112951.585456] SLOW spr round 17 (radius: 10)
[24:07:48 -112943.486423] SLOW spr round 18 (radius: 5)
[24:10:39 -112943.130707] SLOW spr round 19 (radius: 5)
[24:13:11 -112943.130352] SLOW spr round 20 (radius: 10)
[24:15:31 -112942.593525] SLOW spr round 21 (radius: 5)
[24:18:22 -112942.581113] SLOW spr round 22 (radius: 10)
[24:20:49 -112940.632781] SLOW spr round 23 (radius: 5)
[24:23:36 -112940.630303] SLOW spr round 24 (radius: 10)
[24:26:01 -112939.818859] SLOW spr round 25 (radius: 5)
[24:28:51 -112939.636385] SLOW spr round 26 (radius: 5)
[24:31:23 -112939.635195] SLOW spr round 27 (radius: 10)
[24:33:43 -112939.240363] SLOW spr round 28 (radius: 5)
[24:36:32 -112938.956610] SLOW spr round 29 (radius: 5)
[24:39:03 -112938.956460] SLOW spr round 30 (radius: 10)
[24:41:21 -112938.625901] SLOW spr round 31 (radius: 5)
[24:44:12 -112938.422535] SLOW spr round 32 (radius: 5)
[24:46:45 -112938.422000] SLOW spr round 33 (radius: 10)
[24:49:03 -112937.772695] SLOW spr round 34 (radius: 5)
[24:51:56 -112936.752815] SLOW spr round 35 (radius: 5)
[24:54:31 -112936.614239] SLOW spr round 36 (radius: 5)
[24:56:55 -112936.614236] SLOW spr round 37 (radius: 10)
[24:59:13 -112936.402460] SLOW spr round 38 (radius: 5)
[25:02:04 -112936.401912] SLOW spr round 39 (radius: 10)
[25:04:32 -112936.401896] SLOW spr round 40 (radius: 15)
[25:07:46 -112926.972001] SLOW spr round 41 (radius: 5)
[25:10:40 -112925.254356] SLOW spr round 42 (radius: 5)
[25:13:13 -112925.142440] SLOW spr round 43 (radius: 5)
[25:15:36 -112925.141531] SLOW spr round 44 (radius: 10)
[25:17:53 -112921.486911] SLOW spr round 45 (radius: 5)
[25:20:44 -112918.878162] SLOW spr round 46 (radius: 5)
[25:23:16 -112918.877936] SLOW spr round 47 (radius: 10)
[25:25:34 -112918.200797] SLOW spr round 48 (radius: 5)
[25:28:20 -112918.200284] SLOW spr round 49 (radius: 10)
[25:30:44 -112918.200277] SLOW spr round 50 (radius: 15)
[25:33:53 -112914.718106] SLOW spr round 51 (radius: 5)
[25:36:46 -112914.718092] SLOW spr round 52 (radius: 10)
[25:39:15 -112913.739834] SLOW spr round 53 (radius: 5)
[25:42:02 -112913.739629] SLOW spr round 54 (radius: 10)
[25:44:25 -112913.739628] SLOW spr round 55 (radius: 15)
[25:47:34 -112911.700415] SLOW spr round 56 (radius: 5)
[25:50:27 -112909.818348] SLOW spr round 57 (radius: 5)
[25:53:02 -112909.818298] SLOW spr round 58 (radius: 10)
[25:55:19 -112909.818298] SLOW spr round 59 (radius: 15)
[25:58:36 -112909.110962] SLOW spr round 60 (radius: 5)
[26:01:30 -112907.565299] SLOW spr round 61 (radius: 5)
[26:04:04 -112907.565205] SLOW spr round 62 (radius: 10)
[26:06:23 -112907.565204] SLOW spr round 63 (radius: 15)
[26:09:40 -112907.565204] SLOW spr round 64 (radius: 20)
[26:13:45 -112898.822993] SLOW spr round 65 (radius: 5)
[26:16:43 -112897.388552] SLOW spr round 66 (radius: 5)
[26:19:19 -112897.388396] SLOW spr round 67 (radius: 10)
[26:21:39 -112896.738446] SLOW spr round 68 (radius: 5)
[26:24:29 -112896.738140] SLOW spr round 69 (radius: 10)
[26:26:54 -112896.738114] SLOW spr round 70 (radius: 15)
[26:30:07 -112896.738112] SLOW spr round 71 (radius: 20)
[26:34:23 -112884.649885] SLOW spr round 72 (radius: 5)
[26:37:25 -112878.647275] SLOW spr round 73 (radius: 5)
[26:40:03 -112878.062063] SLOW spr round 74 (radius: 5)
[26:42:29 -112877.727603] SLOW spr round 75 (radius: 5)
[26:44:49 -112877.727456] SLOW spr round 76 (radius: 10)
[26:47:08 -112854.881975] SLOW spr round 77 (radius: 5)
[26:50:01 -112850.918523] SLOW spr round 78 (radius: 5)
[26:52:34 -112850.918461] SLOW spr round 79 (radius: 10)
[26:54:54 -112850.573424] SLOW spr round 80 (radius: 5)
[26:57:48 -112850.573402] SLOW spr round 81 (radius: 10)
[27:00:12 -112850.573402] SLOW spr round 82 (radius: 15)
[27:03:26 -112850.573402] SLOW spr round 83 (radius: 20)
[27:07:44 -112849.208406] SLOW spr round 84 (radius: 5)
[27:10:44 -112847.995717] SLOW spr round 85 (radius: 5)
[27:13:22 -112847.995688] SLOW spr round 86 (radius: 10)
[27:15:42 -112847.995688] SLOW spr round 87 (radius: 15)
[27:19:03 -112847.995688] SLOW spr round 88 (radius: 20)
[27:23:17 -112847.086245] SLOW spr round 89 (radius: 5)
[27:26:16 -112847.086244] SLOW spr round 90 (radius: 10)
[27:28:47 -112847.086244] SLOW spr round 91 (radius: 15)
[27:32:00 -112847.086244] SLOW spr round 92 (radius: 20)
[27:36:17 -112846.596305] SLOW spr round 93 (radius: 5)
[27:37:53] [worker #4] ML tree search #20, logLikelihood: -112708.995734
[27:39:17 -112844.027934] SLOW spr round 94 (radius: 5)
[27:41:53 -112844.027763] SLOW spr round 95 (radius: 10)
[27:44:11 -112841.067069] SLOW spr round 96 (radius: 5)
[27:46:59 -112840.550603] SLOW spr round 97 (radius: 5)
[27:49:27 -112840.550310] SLOW spr round 98 (radius: 10)
[27:51:38 -112840.550309] SLOW spr round 99 (radius: 15)
[27:54:56 -112839.531808] SLOW spr round 100 (radius: 5)
[27:57:46 -112839.531808] SLOW spr round 101 (radius: 10)
[28:00:14 -112839.531808] SLOW spr round 102 (radius: 15)
[28:03:25 -112839.531808] SLOW spr round 103 (radius: 20)
[28:07:41 -112839.495803] SLOW spr round 104 (radius: 25)
[28:13:10 -112824.940678] SLOW spr round 105 (radius: 5)
[28:16:09 -112821.636428] SLOW spr round 106 (radius: 5)
[28:18:44 -112821.635197] SLOW spr round 107 (radius: 10)
[28:21:03 -112820.344697] SLOW spr round 108 (radius: 5)
[28:23:51 -112820.344315] SLOW spr round 109 (radius: 10)
[28:26:17 -112820.344298] SLOW spr round 110 (radius: 15)
[28:29:32 -112820.344297] SLOW spr round 111 (radius: 20)
[28:33:49 -112820.344297] SLOW spr round 112 (radius: 25)
[28:39:22 -112818.659384] SLOW spr round 113 (radius: 5)
[28:42:22 -112818.594614] SLOW spr round 114 (radius: 10)
[28:44:55 -112818.593425] SLOW spr round 115 (radius: 15)
[28:48:02 -112818.593356] SLOW spr round 116 (radius: 20)
[28:52:23 -112818.593352] SLOW spr round 117 (radius: 25)
[28:57:52 -112817.419237] SLOW spr round 118 (radius: 5)
[29:00:46 -112817.418974] SLOW spr round 119 (radius: 10)
[29:03:16 -112817.418970] SLOW spr round 120 (radius: 15)
[29:06:24 -112817.418970] SLOW spr round 121 (radius: 20)
[29:10:41 -112817.386910] SLOW spr round 122 (radius: 25)
[29:16:11 -112808.566554] SLOW spr round 123 (radius: 5)
[29:19:08 -112807.622947] SLOW spr round 124 (radius: 5)
[29:21:43 -112807.622612] SLOW spr round 125 (radius: 10)
[29:24:02 -112807.622607] SLOW spr round 126 (radius: 15)
[29:27:16 -112807.622606] SLOW spr round 127 (radius: 20)
[29:31:23 -112807.622606] SLOW spr round 128 (radius: 25)
[29:36:45 -112806.614045] SLOW spr round 129 (radius: 5)
[29:39:44 -112796.878259] SLOW spr round 130 (radius: 5)
[29:42:21 -112796.772427] SLOW spr round 131 (radius: 5)
[29:44:41 -112796.772407] SLOW spr round 132 (radius: 10)
[29:46:52 -112794.709099] SLOW spr round 133 (radius: 5)
[29:49:37 -112790.346354] SLOW spr round 134 (radius: 5)
[29:52:05 -112788.500974] SLOW spr round 135 (radius: 5)
[29:54:24 -112788.500936] SLOW spr round 136 (radius: 10)
[29:56:34 -112788.500936] SLOW spr round 137 (radius: 15)
[29:59:56 -112788.500936] SLOW spr round 138 (radius: 20)
[30:04:07 -112788.500936] SLOW spr round 139 (radius: 25)
[30:09:37 -112788.007845] SLOW spr round 140 (radius: 5)
[30:12:31 -112787.706175] SLOW spr round 141 (radius: 5)
[30:15:04 -112787.706079] SLOW spr round 142 (radius: 10)
[30:17:19 -112787.594717] SLOW spr round 143 (radius: 5)
[30:20:04 -112786.280859] SLOW spr round 144 (radius: 5)
[30:22:33 -112786.280465] SLOW spr round 145 (radius: 10)
[30:24:53 -112784.769539] SLOW spr round 146 (radius: 5)
[30:27:44 -112784.769045] SLOW spr round 147 (radius: 10)
[30:30:11 -112784.769037] SLOW spr round 148 (radius: 15)
[30:33:24 -112784.769036] SLOW spr round 149 (radius: 20)
[30:37:31 -112784.769036] SLOW spr round 150 (radius: 25)
[30:42:46 -112784.277318] SLOW spr round 151 (radius: 5)
[30:45:41 -112783.273468] SLOW spr round 152 (radius: 5)
[30:48:15 -112781.595808] SLOW spr round 153 (radius: 5)
[30:50:38 -112781.595775] SLOW spr round 154 (radius: 10)
[30:52:49 -112781.595775] SLOW spr round 155 (radius: 15)
[30:56:10 -112777.660482] SLOW spr round 156 (radius: 5)
[30:59:01 -112777.659548] SLOW spr round 157 (radius: 10)
[31:01:27 -112777.659519] SLOW spr round 158 (radius: 15)
[31:04:35 -112777.659518] SLOW spr round 159 (radius: 20)
[31:08:46 -112777.659518] SLOW spr round 160 (radius: 25)
[31:14:13 -112761.049985] SLOW spr round 161 (radius: 5)
[31:16:02] [worker #2] ML tree search #13, logLikelihood: -112512.291267
[31:17:11 -112760.720176] SLOW spr round 162 (radius: 5)
[31:19:49 -112760.719815] SLOW spr round 163 (radius: 10)
[31:22:09 -112760.719803] SLOW spr round 164 (radius: 15)
[31:25:27 -112758.870327] SLOW spr round 165 (radius: 5)
[31:28:19 -112757.936450] SLOW spr round 166 (radius: 5)
[31:30:52 -112757.936330] SLOW spr round 167 (radius: 10)
[31:33:07 -112757.936329] SLOW spr round 168 (radius: 15)
[31:36:23 -112757.936329] SLOW spr round 169 (radius: 20)
[31:40:34 -112757.936329] SLOW spr round 170 (radius: 25)
[31:45:55 -112757.936329] Model parameter optimization (eps = 0.100000)

[31:46:08] [worker #0] ML tree search #11, logLikelihood: -112754.070761

[31:46:08 -141950.860273] Initial branch length optimization
[31:46:09 -127881.540162] Model parameter optimization (eps = 10.000000)
[31:47:03 -118606.010114] AUTODETECT spr round 1 (radius: 5)
[31:48:42 -116365.718969] AUTODETECT spr round 2 (radius: 10)
[31:50:33 -115616.992242] AUTODETECT spr round 3 (radius: 15)
[31:52:44 -115058.405866] AUTODETECT spr round 4 (radius: 20)
[31:55:18 -114580.058388] AUTODETECT spr round 5 (radius: 25)
[31:58:05 -114396.067918] SPR radius for FAST iterations: 25 (autodetect)
[31:58:05 -114396.067918] Model parameter optimization (eps = 3.000000)
[31:58:29 -114297.868878] FAST spr round 1 (radius: 25)
[32:02:51 -113213.420594] FAST spr round 2 (radius: 25)
[32:05:58 -112976.302880] FAST spr round 3 (radius: 25)
[32:08:21 -112859.118873] FAST spr round 4 (radius: 25)
[32:10:26 -112814.898217] FAST spr round 5 (radius: 25)
[32:12:18 -112799.897422] FAST spr round 6 (radius: 25)
[32:14:03 -112799.037760] FAST spr round 7 (radius: 25)
[32:15:46 -112799.035107] Model parameter optimization (eps = 1.000000)
[32:16:01 -112786.972886] SLOW spr round 1 (radius: 5)
[32:18:30 -112742.523404] SLOW spr round 2 (radius: 5)
[32:20:49 -112728.284782] SLOW spr round 3 (radius: 5)
[32:23:03 -112714.053466] SLOW spr round 4 (radius: 5)
[32:25:13 -112713.850735] SLOW spr round 5 (radius: 5)
[32:27:21 -112713.850677] SLOW spr round 6 (radius: 10)
[32:29:34 -112705.242909] SLOW spr round 7 (radius: 5)
[32:32:15 -112700.893866] SLOW spr round 8 (radius: 5)
[32:34:37 -112700.892763] SLOW spr round 9 (radius: 10)
[32:36:51 -112693.670002] SLOW spr round 10 (radius: 5)
[32:39:36 -112687.934595] SLOW spr round 11 (radius: 5)
[32:42:00 -112687.567174] SLOW spr round 12 (radius: 5)
[32:44:16 -112687.566763] SLOW spr round 13 (radius: 10)
[32:46:24 -112687.525684] SLOW spr round 14 (radius: 15)
[32:49:39 -112677.103108] SLOW spr round 15 (radius: 5)
[32:52:23 -112675.564001] SLOW spr round 16 (radius: 5)
[32:54:46 -112675.563684] SLOW spr round 17 (radius: 10)
[32:56:57 -112675.161741] SLOW spr round 18 (radius: 5)
[32:56:58] [worker #3] ML tree search #14, logLikelihood: -112637.902278
[32:59:39 -112674.085335] SLOW spr round 19 (radius: 5)
[33:02:02 -112674.085334] SLOW spr round 20 (radius: 10)
[33:04:13 -112674.085334] SLOW spr round 21 (radius: 15)
[33:07:26 -112668.024852] SLOW spr round 22 (radius: 5)
[33:10:13 -112667.763564] SLOW spr round 23 (radius: 5)
[33:12:37 -112667.763555] SLOW spr round 24 (radius: 10)
[33:14:25] [worker #1] ML tree search #12, logLikelihood: -112571.297037
[33:14:51 -112667.763555] SLOW spr round 25 (radius: 15)
[33:18:06 -112666.723058] SLOW spr round 26 (radius: 5)
[33:20:58 -112662.737956] SLOW spr round 27 (radius: 5)
[33:23:27 -112662.737849] SLOW spr round 28 (radius: 10)
[33:25:44 -112662.737849] SLOW spr round 29 (radius: 15)
[33:29:00 -112662.243109] SLOW spr round 30 (radius: 5)
[33:31:49 -112660.835182] SLOW spr round 31 (radius: 5)
[33:34:19 -112658.948399] SLOW spr round 32 (radius: 5)
[33:36:41 -112658.032127] SLOW spr round 33 (radius: 5)
[33:38:59 -112656.946059] SLOW spr round 34 (radius: 5)
[33:41:13 -112656.577930] SLOW spr round 35 (radius: 5)
[33:43:24 -112656.576429] SLOW spr round 36 (radius: 10)
[33:45:37 -112656.576414] SLOW spr round 37 (radius: 15)
[33:49:04 -112656.293554] SLOW spr round 38 (radius: 5)
[33:51:56 -112656.293551] SLOW spr round 39 (radius: 10)
[33:54:23 -112651.994883] SLOW spr round 40 (radius: 5)
[33:57:09 -112651.490679] SLOW spr round 41 (radius: 5)
[33:59:39 -112647.688082] SLOW spr round 42 (radius: 5)
[34:01:58 -112647.427440] SLOW spr round 43 (radius: 5)
[34:04:10 -112647.427353] SLOW spr round 44 (radius: 10)
[34:06:23 -112647.427353] SLOW spr round 45 (radius: 15)
[34:09:49 -112643.436686] SLOW spr round 46 (radius: 5)
[34:12:41 -112641.096344] SLOW spr round 47 (radius: 5)
[34:15:09 -112641.095535] SLOW spr round 48 (radius: 10)
[34:17:25 -112641.095367] SLOW spr round 49 (radius: 15)
[34:20:42 -112640.955491] SLOW spr round 50 (radius: 5)
[34:23:32 -112640.709866] SLOW spr round 51 (radius: 5)
[34:26:00 -112640.709563] SLOW spr round 52 (radius: 10)
[34:28:16 -112640.709558] SLOW spr round 53 (radius: 15)
[34:31:31 -112640.628498] SLOW spr round 54 (radius: 20)
[34:35:49 -112625.534600] SLOW spr round 55 (radius: 5)
[34:38:41 -112617.476267] SLOW spr round 56 (radius: 5)
[34:41:13 -112615.026057] SLOW spr round 57 (radius: 5)
[34:43:32 -112614.698678] SLOW spr round 58 (radius: 5)
[34:45:46 -112614.698039] SLOW spr round 59 (radius: 10)
[34:47:55 -112614.698012] SLOW spr round 60 (radius: 15)
[34:51:16 -112609.927795] SLOW spr round 61 (radius: 5)
[34:54:04 -112609.493863] SLOW spr round 62 (radius: 5)
[34:56:33 -112609.493818] SLOW spr round 63 (radius: 10)
[34:58:45 -112609.493817] SLOW spr round 64 (radius: 15)
[35:01:58 -112608.856191] SLOW spr round 65 (radius: 5)
[35:04:44 -112608.856102] SLOW spr round 66 (radius: 10)
[35:07:06 -112608.856102] SLOW spr round 67 (radius: 15)
[35:10:10 -112608.856102] SLOW spr round 68 (radius: 20)
[35:14:26 -112608.099437] SLOW spr round 69 (radius: 5)
[35:17:15 -112607.320141] SLOW spr round 70 (radius: 5)
[35:19:42 -112606.535428] SLOW spr round 71 (radius: 5)
[35:21:58 -112606.535063] SLOW spr round 72 (radius: 10)
[35:24:10 -112606.535033] SLOW spr round 73 (radius: 15)
[35:27:22 -112603.568694] SLOW spr round 74 (radius: 5)
[35:30:10 -112603.567184] SLOW spr round 75 (radius: 10)
[35:32:32 -112603.567081] SLOW spr round 76 (radius: 15)
[35:35:32 -112601.680431] SLOW spr round 77 (radius: 5)
[35:38:19 -112600.267790] SLOW spr round 78 (radius: 5)
[35:40:46 -112600.267761] SLOW spr round 79 (radius: 10)
[35:42:57 -112600.267761] SLOW spr round 80 (radius: 15)
[35:46:06 -112600.267761] SLOW spr round 81 (radius: 20)
[35:50:08 -112578.540483] SLOW spr round 82 (radius: 5)
[35:52:57 -112568.006041] SLOW spr round 83 (radius: 5)
[35:55:22 -112566.703888] SLOW spr round 84 (radius: 5)
[35:57:37 -112566.702065] SLOW spr round 85 (radius: 10)
[35:59:46 -112562.781597] SLOW spr round 86 (radius: 5)
[36:02:26 -112562.327659] SLOW spr round 87 (radius: 5)
[36:04:48 -112562.099379] SLOW spr round 88 (radius: 5)
[36:07:03 -112562.099245] SLOW spr round 89 (radius: 10)
[36:09:11 -112562.099244] SLOW spr round 90 (radius: 15)
[36:12:24 -112562.099244] SLOW spr round 91 (radius: 20)
[36:16:22 -112559.436328] SLOW spr round 92 (radius: 5)
[36:19:09 -112556.158575] SLOW spr round 93 (radius: 5)
[36:21:36 -112556.158511] SLOW spr round 94 (radius: 10)
[36:23:50 -112553.509016] SLOW spr round 95 (radius: 5)
[36:26:32 -112551.432449] SLOW spr round 96 (radius: 5)
[36:28:52 -112550.745904] SLOW spr round 97 (radius: 5)
[36:31:03 -112550.745904] SLOW spr round 98 (radius: 10)
[36:33:11 -112550.745904] SLOW spr round 99 (radius: 15)
[36:36:25 -112549.936104] SLOW spr round 100 (radius: 5)
[36:39:08 -112549.936087] SLOW spr round 101 (radius: 10)
[36:41:27 -112549.936087] SLOW spr round 102 (radius: 15)
[36:44:25 -112549.936087] SLOW spr round 103 (radius: 20)
[36:48:25 -112548.267053] SLOW spr round 104 (radius: 5)
[36:51:12 -112545.697241] SLOW spr round 105 (radius: 5)
[36:53:36 -112545.697226] SLOW spr round 106 (radius: 10)
[36:55:47 -112544.217959] SLOW spr round 107 (radius: 5)
[36:58:26 -112540.294335] SLOW spr round 108 (radius: 5)
[37:00:47 -112540.294213] SLOW spr round 109 (radius: 10)
[37:02:56 -112540.294213] SLOW spr round 110 (radius: 15)
[37:06:00 -112540.247343] SLOW spr round 111 (radius: 20)
[37:09:44 -112539.403661] SLOW spr round 112 (radius: 5)
[37:12:04 -112538.156927] SLOW spr round 113 (radius: 5)
[37:14:02 -112538.156766] SLOW spr round 114 (radius: 10)
[37:15:52 -112538.016403] SLOW spr round 115 (radius: 5)
[37:18:01 -112537.457874] SLOW spr round 116 (radius: 5)
[37:19:56 -112537.457732] SLOW spr round 117 (radius: 10)
[37:21:41 -112537.457693] SLOW spr round 118 (radius: 15)
[37:24:29 -112537.457681] SLOW spr round 119 (radius: 20)
[37:27:48 -112533.878879] SLOW spr round 120 (radius: 5)
[37:30:12 -112525.810592] SLOW spr round 121 (radius: 5)
[37:32:19 -112525.810451] SLOW spr round 122 (radius: 10)
[37:34:18 -112524.881768] SLOW spr round 123 (radius: 5)
[37:36:42 -112524.577999] SLOW spr round 124 (radius: 5)
[37:38:51 -112524.577934] SLOW spr round 125 (radius: 10)
[37:40:50 -112524.577934] SLOW spr round 126 (radius: 15)
[37:43:42 -112524.577934] SLOW spr round 127 (radius: 20)
[37:47:16 -112524.026829] SLOW spr round 128 (radius: 5)
[37:49:50 -112520.268464] SLOW spr round 129 (radius: 5)
[37:52:05 -112520.061752] SLOW spr round 130 (radius: 5)
[37:54:10 -112520.061750] SLOW spr round 131 (radius: 10)
[37:56:06 -112520.061750] SLOW spr round 132 (radius: 15)
[37:59:03 -112520.061750] SLOW spr round 133 (radius: 20)
[38:02:42 -112519.950575] SLOW spr round 134 (radius: 5)
[38:05:15 -112519.950527] SLOW spr round 135 (radius: 10)
[38:07:23 -112519.950527] SLOW spr round 136 (radius: 15)
[38:10:06 -112519.950527] SLOW spr round 137 (radius: 20)
[38:13:50 -112519.931376] SLOW spr round 138 (radius: 25)
[38:18:20 -112497.947902] SLOW spr round 139 (radius: 5)
[38:21:00 -112477.428079] SLOW spr round 140 (radius: 5)
[38:23:17 -112465.179534] SLOW spr round 141 (radius: 5)
[38:25:22 -112460.045126] SLOW spr round 142 (radius: 5)
[38:27:21 -112458.309362] SLOW spr round 143 (radius: 5)
[38:29:17 -112458.231160] SLOW spr round 144 (radius: 10)
[38:31:16 -112439.919617] SLOW spr round 145 (radius: 5)
[38:33:43 -112424.824124] SLOW spr round 146 (radius: 5)
[38:35:55 -112422.454792] SLOW spr round 147 (radius: 5)
[38:37:56 -112422.454568] SLOW spr round 148 (radius: 10)
[38:39:50 -112420.809340] SLOW spr round 149 (radius: 5)
[38:42:12 -112420.657772] SLOW spr round 150 (radius: 5)
[38:44:20 -112420.657764] SLOW spr round 151 (radius: 10)
[38:46:19 -112413.416203] SLOW spr round 152 (radius: 5)
[38:48:45 -112411.047745] SLOW spr round 153 (radius: 5)
[38:50:55 -112411.047722] SLOW spr round 154 (radius: 10)
[38:52:51 -112411.047722] SLOW spr round 155 (radius: 15)
[38:55:47 -112399.169208] SLOW spr round 156 (radius: 5)
[38:58:17 -112390.525196] SLOW spr round 157 (radius: 5)
[39:00:27 -112390.524939] SLOW spr round 158 (radius: 10)
[39:02:29 -112381.365990] SLOW spr round 159 (radius: 5)
[39:04:54 -112378.994272] SLOW spr round 160 (radius: 5)
[39:07:03 -112378.986068] SLOW spr round 161 (radius: 10)
[39:09:01 -112377.632209] SLOW spr round 162 (radius: 5)
[39:11:29 -112377.160602] SLOW spr round 163 (radius: 5)
[39:13:37 -112377.160488] SLOW spr round 164 (radius: 10)
[39:15:32 -112376.977157] SLOW spr round 165 (radius: 5)
[39:17:57 -112376.976332] SLOW spr round 166 (radius: 10)
[39:20:03 -112376.976144] SLOW spr round 167 (radius: 15)
[39:22:53 -112375.347879] SLOW spr round 168 (radius: 5)
[39:25:26 -112374.300042] SLOW spr round 169 (radius: 5)
[39:27:40 -112374.299711] SLOW spr round 170 (radius: 10)
[39:29:42 -112374.299710] SLOW spr round 171 (radius: 15)
[39:32:39 -112374.118608] SLOW spr round 172 (radius: 5)
[39:35:09 -112374.118607] SLOW spr round 173 (radius: 10)
[39:37:13 -112374.118607] SLOW spr round 174 (radius: 15)
[39:38:06] [worker #2] ML tree search #18, logLikelihood: -112529.263588
[39:40:00 -112374.013413] SLOW spr round 175 (radius: 5)
[39:42:31 -112369.155343] SLOW spr round 176 (radius: 5)
[39:44:46 -112369.155342] SLOW spr round 177 (radius: 10)
[39:46:45 -112369.155342] SLOW spr round 178 (radius: 15)
[39:49:42 -112369.155342] SLOW spr round 179 (radius: 20)
[39:53:22 -112368.324627] SLOW spr round 180 (radius: 5)
[39:55:50 -112368.324528] SLOW spr round 181 (radius: 10)
[39:57:55 -112368.324527] SLOW spr round 182 (radius: 15)
[40:00:40 -112366.948350] SLOW spr round 183 (radius: 5)
[40:03:13 -112363.469940] SLOW spr round 184 (radius: 5)
[40:05:29 -112363.469702] SLOW spr round 185 (radius: 10)
[40:07:21 -112363.386803] SLOW spr round 186 (radius: 15)
[40:10:05 -112363.386771] SLOW spr round 187 (radius: 20)
[40:13:34 -112363.386771] SLOW spr round 188 (radius: 25)
[40:17:56 -112356.344775] SLOW spr round 189 (radius: 5)
[40:20:22 -112344.008892] SLOW spr round 190 (radius: 5)
[40:22:25 -112341.629426] SLOW spr round 191 (radius: 5)
[40:24:14 -112338.075512] SLOW spr round 192 (radius: 5)
[40:26:00 -112337.514568] SLOW spr round 193 (radius: 5)
[40:27:49 -112337.514188] SLOW spr round 194 (radius: 10)
[40:29:30 -112337.514179] SLOW spr round 195 (radius: 15)
[40:32:12 -112335.592288] SLOW spr round 196 (radius: 5)
[40:34:28 -112332.305920] SLOW spr round 197 (radius: 5)
[40:36:25 -112331.893528] SLOW spr round 198 (radius: 5)
[40:36:47] [worker #1] ML tree search #17, logLikelihood: -111964.431054
[40:38:17 -112330.598123] SLOW spr round 199 (radius: 5)
[40:40:04 -112330.597727] SLOW spr round 200 (radius: 10)
[40:41:48 -112327.832811] SLOW spr round 201 (radius: 5)
[40:44:00 -112326.651994] SLOW spr round 202 (radius: 5)
[40:46:01 -112325.242603] SLOW spr round 203 (radius: 5)
[40:48:30 -112325.241973] SLOW spr round 204 (radius: 10)
[40:51:02 -112324.754561] SLOW spr round 205 (radius: 5)
[40:54:10 -112323.314793] SLOW spr round 206 (radius: 5)
[40:56:59 -112323.313855] SLOW spr round 207 (radius: 10)
[40:59:31 -112321.967878] SLOW spr round 208 (radius: 5)
[41:02:35 -112320.372953] SLOW spr round 209 (radius: 5)
[41:05:17 -112320.372509] SLOW spr round 210 (radius: 10)
[41:07:47 -112319.403235] SLOW spr round 211 (radius: 5)
[41:10:47 -112319.402620] SLOW spr round 212 (radius: 10)
[41:13:25 -112319.402613] SLOW spr round 213 (radius: 15)
[41:16:52 -112318.418105] SLOW spr round 214 (radius: 5)
[41:20:06 -112315.325698] SLOW spr round 215 (radius: 5)
[41:22:52 -112315.323699] SLOW spr round 216 (radius: 10)
[41:25:22 -112315.323609] SLOW spr round 217 (radius: 15)
[41:28:57 -112314.780806] SLOW spr round 218 (radius: 5)
[41:32:03 -112314.780787] SLOW spr round 219 (radius: 10)
[41:34:41 -112314.780787] SLOW spr round 220 (radius: 15)
[41:38:05 -112312.610722] SLOW spr round 221 (radius: 5)
[41:41:13 -112312.610501] SLOW spr round 222 (radius: 10)
[41:43:54 -112312.610500] SLOW spr round 223 (radius: 15)
[41:47:20 -112312.610500] SLOW spr round 224 (radius: 20)
[41:51:56 -112312.574493] SLOW spr round 225 (radius: 25)
[41:57:17 -112310.381679] SLOW spr round 226 (radius: 5)
[42:00:30 -112308.924897] SLOW spr round 227 (radius: 5)
[42:03:18 -112308.924860] SLOW spr round 228 (radius: 10)
[42:05:49 -112308.924856] SLOW spr round 229 (radius: 15)
[42:09:24 -112308.924856] SLOW spr round 230 (radius: 20)
[42:13:55 -112308.924856] SLOW spr round 231 (radius: 25)
[42:19:17 -112308.437071] SLOW spr round 232 (radius: 5)
[42:22:29 -112308.437033] SLOW spr round 233 (radius: 10)
[42:25:13 -112308.437033] SLOW spr round 234 (radius: 15)
[42:28:38 -112300.791397] SLOW spr round 235 (radius: 5)
[42:31:45 -112299.660024] SLOW spr round 236 (radius: 5)
[42:34:29 -112299.658954] SLOW spr round 237 (radius: 10)
[42:36:57 -112299.658922] SLOW spr round 238 (radius: 15)
[42:40:31 -112299.658921] SLOW spr round 239 (radius: 20)
[42:44:59 -112299.658921] SLOW spr round 240 (radius: 25)
[42:50:16 -112299.387833] SLOW spr round 241 (radius: 5)
[42:53:28 -112299.387737] SLOW spr round 242 (radius: 10)
[42:56:13 -112299.358963] SLOW spr round 243 (radius: 15)
[42:59:37 -112299.358668] SLOW spr round 244 (radius: 20)
[43:04:15 -112299.358664] SLOW spr round 245 (radius: 25)
[43:09:34 -112299.358664] Model parameter optimization (eps = 0.100000)

[43:09:49] [worker #0] ML tree search #16, logLikelihood: -112295.783333

[43:46:18] [worker #3] ML tree search #19, logLikelihood: -112043.327996

Optimized model parameters:

   Partition 0: noname
   Rate heterogeneity: GAMMA (4 cats, mean),  alpha: 0.328675 (ML),  weights&rates: (0.250000,0.007907) (0.250000,0.126908) (0.250000,0.640960) (0.250000,3.224225) 
   Base frequencies (ML): 0.035644 0.503430 0.336459 0.124466 
   Substitution rates (ML): 2.096821 13.401541 13.112123 3.007678 5.909814 1.000000 


Final LogLikelihood: -111964.431054

AIC score: 236472.862108 / AICc score: 78924984.862108 / BIC score: 258458.301502
Free parameters (model + branch lengths): 6272

WARNING: Number of free parameters (K=6272) is larger than alignment size (n=246).
         This might lead to overfitting and compromise tree inference results!


WARNING: Best ML tree contains 305 near-zero branches!

Best ML tree with collapsed near-zero branches saved to: /home2/ISAD/dp415/dada2_pipeline_myxorpoB/data/output/run_myxo_gtdbr202/raxml/myxo_96/myxo_96.raxml.bestTreeCollapsed
Best ML tree saved to: /home2/ISAD/dp415/dada2_pipeline_myxorpoB/data/output/run_myxo_gtdbr202/raxml/myxo_96/myxo_96.raxml.bestTree
All ML trees saved to: /home2/ISAD/dp415/dada2_pipeline_myxorpoB/data/output/run_myxo_gtdbr202/raxml/myxo_96/myxo_96.raxml.mlTrees
Optimized model saved to: /home2/ISAD/dp415/dada2_pipeline_myxorpoB/data/output/run_myxo_gtdbr202/raxml/myxo_96/myxo_96.raxml.bestModel

Execution log saved to: /home2/ISAD/dp415/dada2_pipeline_myxorpoB/data/output/run_myxo_gtdbr202/raxml/myxo_96/myxo_96.raxml.log

Analysis started: 17-Jan-2022 15:59:31 / finished: 19-Jan-2022 11:45:50

Elapsed time: 157579.013 seconds

