
RAxML-NG v. 1.1 released on 29.11.2021 by The Exelixis Lab.
Developed by: Alexey M. Kozlov and Alexandros Stamatakis.
Contributors: Diego Darriba, Tomas Flouri, Benoit Morel, Sarah Lutteropp, Ben Bettisworth.
Latest version: https://github.com/amkozlov/raxml-ng
Questions/problems/suggestions? Please visit: https://groups.google.com/forum/#!forum/raxml

System: Intel(R) Xeon(R) Gold 6230 CPU @ 2.10GHz, 40 cores, 376 GB RAM

RAxML-NG was called at 31-Jan-2023 10:45:09 as follows:

raxml-ng --msa alignment/alignment_99percent.fasta --model GTR+G --prefix trees/myxo_99/myxo_99 --threads 8 --seed 2 --tree-constraint constraint_trees/constraint_tree_99percent.tre

Analysis options:
  run mode: ML tree search
  start tree(s): random (10) + parsimony (10)
  topological constraint: constraint_trees/constraint_tree_99percent.tre (algorithm: NEW)
  random seed: 2
  tip-inner: OFF
  pattern compression: ON
  per-rate scalers: OFF
  site repeats: ON
  fast spr radius: AUTO
  spr subtree cutoff: 1.000000
  branch lengths: proportional (ML estimate, algorithm: NR-FAST)
  SIMD kernels: AVX2
  parallelization: coarse-grained (auto), PTHREADS (8 threads), thread pinning: OFF

[00:00:00] Reading alignment from file: alignment/alignment_99percent.fasta
[00:00:00] Loaded alignment with 2147 taxa and 246 sites

Alignment comprises 1 partitions and 156 patterns

Partition 0: noname
Model: GTR+FO+G4m
Alignment sites / patterns: 246 / 156
Gaps: 8.92 %
Invariant sites: 37.80 %


NOTE: Binary MSA file created: trees/myxo_99/myxo_99.raxml.rba

[00:00:00] Loading constraint tree from: constraint_trees/constraint_tree_99percent.tre
[00:00:00] Loaded non-comprehensive constraint tree with 1550 taxa

Parallelization scheme autoconfig: 8 worker(s) x 1 thread(s)


NOTE: Per-rate scalers were automatically enabled to prevent numerical issues on taxa-rich alignments.
NOTE: You can use --force switch to skip this check and fall back to per-site scalers.

Parallel reduction/worker buffer size: 1 KB  / 0 KB

[00:00:00] Generating 10 random starting tree(s) with 2147 taxa
[00:00:00] Generating 10 parsimony starting tree(s) with 2147 taxa
[00:02:28] Data distribution: max. partitions/sites/weight per thread: 1 / 156 / 2496
[00:02:28] Data distribution: max. searches per worker: 3

Starting ML tree search with 20 distinct starting trees

[00:02:28 -172907.520394] Initial branch length optimization
[00:02:30 -152830.090252] Model parameter optimization (eps = 10.000000)
[00:03:25 -137788.913929] AUTODETECT spr round 1 (radius: 5)
[00:04:39 -117623.430578] AUTODETECT spr round 2 (radius: 10)
[00:05:57 -99574.460763] AUTODETECT spr round 3 (radius: 15)
[00:07:32 -90881.619438] AUTODETECT spr round 4 (radius: 20)
[00:09:04 -85231.221402] AUTODETECT spr round 5 (radius: 25)
[00:10:39 -82768.043056] SPR radius for FAST iterations: 25 (autodetect)
[00:10:39 -82768.043056] Model parameter optimization (eps = 3.000000)
[00:11:17 -81814.492339] FAST spr round 1 (radius: 25)
[00:13:20 -74032.265441] FAST spr round 2 (radius: 25)
[00:14:51 -73365.580143] FAST spr round 3 (radius: 25)
[00:16:09 -73221.657680] FAST spr round 4 (radius: 25)
[00:17:22 -73197.878916] FAST spr round 5 (radius: 25)
[00:18:31 -73192.411467] FAST spr round 6 (radius: 25)
[00:19:39 -73191.252038] FAST spr round 7 (radius: 25)
[00:20:45 -73191.250270] Model parameter optimization (eps = 1.000000)
[00:21:01 -73108.773918] SLOW spr round 1 (radius: 5)
[00:22:34 -73047.627283] SLOW spr round 2 (radius: 5)
[00:24:02 -73031.756885] SLOW spr round 3 (radius: 5)
[00:25:30 -73030.326253] SLOW spr round 4 (radius: 5)
[00:26:53 -73030.325885] SLOW spr round 5 (radius: 10)
[00:28:17 -73014.568030] SLOW spr round 6 (radius: 5)
[00:30:01 -73011.367116] SLOW spr round 7 (radius: 5)
[00:31:34 -73008.503135] SLOW spr round 8 (radius: 5)
[00:32:59 -73008.502427] SLOW spr round 9 (radius: 10)
[00:34:22 -73007.270472] SLOW spr round 10 (radius: 5)
[00:36:04 -73007.270468] SLOW spr round 11 (radius: 10)
[00:37:33 -73002.636986] SLOW spr round 12 (radius: 5)
[00:39:14 -73001.085441] SLOW spr round 13 (radius: 5)
[00:40:45 -73001.085046] SLOW spr round 14 (radius: 10)
[00:42:09 -73000.567250] SLOW spr round 15 (radius: 5)
[00:43:51 -73000.379261] SLOW spr round 16 (radius: 5)
[00:45:22 -73000.378793] SLOW spr round 17 (radius: 10)
[00:46:47 -72999.780088] SLOW spr round 18 (radius: 5)
[00:48:29 -72998.077623] SLOW spr round 19 (radius: 5)
[00:50:05 -72997.549108] SLOW spr round 20 (radius: 5)
[00:51:38 -72997.546646] SLOW spr round 21 (radius: 10)
[00:53:01 -72997.374516] SLOW spr round 22 (radius: 5)
[00:54:44 -72997.073660] SLOW spr round 23 (radius: 5)
[00:56:17 -72996.087956] SLOW spr round 24 (radius: 5)
[00:57:47 -72996.086784] SLOW spr round 25 (radius: 10)
[00:59:17 -72995.978845] SLOW spr round 26 (radius: 5)
[01:01:07 -72995.978385] SLOW spr round 27 (radius: 10)
[01:02:42 -72995.978348] SLOW spr round 28 (radius: 15)
[01:04:45 -72980.272675] SLOW spr round 29 (radius: 5)
[01:06:45 -72976.991005] SLOW spr round 30 (radius: 5)
[01:08:28 -72976.990538] SLOW spr round 31 (radius: 10)
[01:10:04 -72976.990060] SLOW spr round 32 (radius: 15)
[01:12:10 -72976.431686] SLOW spr round 33 (radius: 5)
[01:14:10 -72971.805860] SLOW spr round 34 (radius: 5)
[01:15:57 -72971.805853] SLOW spr round 35 (radius: 10)
[01:17:36 -72971.805852] SLOW spr round 36 (radius: 15)
[01:19:44 -72971.793118] SLOW spr round 37 (radius: 20)
[01:22:22 -72939.188987] SLOW spr round 38 (radius: 5)
[01:24:31 -72886.258980] SLOW spr round 39 (radius: 5)
[01:26:23 -72885.733287] SLOW spr round 40 (radius: 5)
[01:28:11 -72885.733218] SLOW spr round 41 (radius: 10)
[01:29:55 -72877.402488] SLOW spr round 42 (radius: 5)
[01:32:05 -72877.402310] SLOW spr round 43 (radius: 10)
[01:34:07 -72876.902265] SLOW spr round 44 (radius: 5)
[01:36:16 -72876.902162] SLOW spr round 45 (radius: 10)
[01:38:06 -72876.902150] SLOW spr round 46 (radius: 15)
[01:40:23 -72876.150960] SLOW spr round 47 (radius: 5)
[01:42:36 -72876.147339] SLOW spr round 48 (radius: 10)
[01:44:31 -72876.146246] SLOW spr round 49 (radius: 15)
[01:46:45 -72876.133076] SLOW spr round 50 (radius: 20)
[01:49:37 -72867.375727] SLOW spr round 51 (radius: 5)
[01:51:50 -72867.371574] SLOW spr round 52 (radius: 10)
[01:53:44 -72867.371281] SLOW spr round 53 (radius: 15)
[01:55:56 -72867.371258] SLOW spr round 54 (radius: 20)
[01:58:46 -72867.200183] SLOW spr round 55 (radius: 5)
[02:00:58 -72867.199601] SLOW spr round 56 (radius: 10)
[02:02:51 -72867.199587] SLOW spr round 57 (radius: 15)
[02:05:02 -72867.199586] SLOW spr round 58 (radius: 20)
[02:07:49 -72867.118897] SLOW spr round 59 (radius: 25)
[02:10:59 -72830.032122] SLOW spr round 60 (radius: 5)
[02:13:17 -72816.991761] SLOW spr round 61 (radius: 5)
[02:15:19 -72811.020469] SLOW spr round 62 (radius: 5)
[02:17:09 -72811.019616] SLOW spr round 63 (radius: 10)
[02:18:54 -72802.467579] SLOW spr round 64 (radius: 5)
[02:21:01 -72799.166474] SLOW spr round 65 (radius: 5)
[02:22:56 -72797.035925] SLOW spr round 66 (radius: 5)
[02:24:42 -72796.307731] SLOW spr round 67 (radius: 5)
[02:26:26 -72795.247297] SLOW spr round 68 (radius: 5)
[02:28:08 -72795.247027] SLOW spr round 69 (radius: 10)
[02:29:50 -72793.213487] SLOW spr round 70 (radius: 5)
[02:31:56 -72793.189792] SLOW spr round 71 (radius: 10)
[02:33:45 -72792.980670] SLOW spr round 72 (radius: 5)
[02:35:50 -72792.980582] SLOW spr round 73 (radius: 10)
[02:37:41 -72792.980575] SLOW spr round 74 (radius: 15)
[02:40:00 -72775.694995] SLOW spr round 75 (radius: 5)
[02:42:11 -72775.027391] SLOW spr round 76 (radius: 5)
[02:44:07 -72775.025882] SLOW spr round 77 (radius: 10)
[02:45:52 -72775.025686] SLOW spr round 78 (radius: 15)
[02:48:09 -72761.951328] SLOW spr round 79 (radius: 5)
[02:50:23 -72761.372863] SLOW spr round 80 (radius: 5)
[02:52:21 -72761.371963] SLOW spr round 81 (radius: 10)
[02:54:11 -72761.371948] SLOW spr round 82 (radius: 15)
[02:55:57] [worker #3] ML tree search #4, logLikelihood: -72194.011391
[02:56:36 -72745.774588] SLOW spr round 83 (radius: 5)
[02:59:01 -72744.631965] SLOW spr round 84 (radius: 5)
[03:01:00 -72744.631498] SLOW spr round 85 (radius: 10)
[03:02:50 -72744.631490] SLOW spr round 86 (radius: 15)
[03:05:10 -72744.631490] SLOW spr round 87 (radius: 20)
[03:07:58 -72701.396302] SLOW spr round 88 (radius: 5)
[03:10:16 -72695.246063] SLOW spr round 89 (radius: 5)
[03:12:24 -72694.836242] SLOW spr round 90 (radius: 5)
[03:14:16 -72694.835655] SLOW spr round 91 (radius: 10)
[03:16:03 -72690.136848] SLOW spr round 92 (radius: 5)
[03:18:12 -72685.905335] SLOW spr round 93 (radius: 5)
[03:20:11 -72684.174324] SLOW spr round 94 (radius: 5)
[03:22:00 -72684.171025] SLOW spr round 95 (radius: 10)
[03:23:48 -72683.600508] SLOW spr round 96 (radius: 5)
[03:25:58 -72683.599411] SLOW spr round 97 (radius: 10)
[03:27:53 -72683.599297] SLOW spr round 98 (radius: 15)
[03:30:12 -72683.406189] SLOW spr round 99 (radius: 5)
[03:32:26 -72683.405499] SLOW spr round 100 (radius: 10)
[03:34:23 -72683.405495] SLOW spr round 101 (radius: 15)
[03:36:38 -72683.405495] SLOW spr round 102 (radius: 20)
[03:39:23] [worker #7] ML tree search #8, logLikelihood: -72950.220398
[03:39:32 -72629.659830] SLOW spr round 103 (radius: 5)
[03:41:51 -72606.702528] SLOW spr round 104 (radius: 5)
[03:43:50 -72606.134299] SLOW spr round 105 (radius: 5)
[03:45:41 -72606.134200] SLOW spr round 106 (radius: 10)
[03:47:28 -72606.134199] SLOW spr round 107 (radius: 15)
[03:49:49 -72606.134199] SLOW spr round 108 (radius: 20)
[03:52:34 -72606.134199] SLOW spr round 109 (radius: 25)
[03:55:58 -72554.900437] SLOW spr round 110 (radius: 5)
[03:58:14 -72542.840778] SLOW spr round 111 (radius: 5)
[04:00:12 -72541.303071] SLOW spr round 112 (radius: 5)
[04:02:01 -72541.301781] SLOW spr round 113 (radius: 10)
[04:03:44 -72541.301048] SLOW spr round 114 (radius: 15)
[04:06:02 -72541.300657] SLOW spr round 115 (radius: 20)
[04:08:45 -72541.300454] SLOW spr round 116 (radius: 25)
[04:11:55 -72510.079679] SLOW spr round 117 (radius: 5)
[04:14:06 -72510.008297] SLOW spr round 118 (radius: 10)
[04:16:00 -72509.757306] SLOW spr round 119 (radius: 5)
[04:18:00 -72509.757240] SLOW spr round 120 (radius: 10)
[04:19:45 -72509.757229] SLOW spr round 121 (radius: 15)
[04:21:54 -72509.757225] SLOW spr round 122 (radius: 20)
[04:24:34 -72509.757223] SLOW spr round 123 (radius: 25)
[04:25:47] [worker #2] ML tree search #3, logLikelihood: -72635.859080
[04:27:39 -72508.084904] SLOW spr round 124 (radius: 5)
[04:29:46 -72507.678147] SLOW spr round 125 (radius: 5)
[04:31:35 -72507.677916] SLOW spr round 126 (radius: 10)
[04:33:13 -72507.677915] SLOW spr round 127 (radius: 15)
[04:35:21 -72507.677915] SLOW spr round 128 (radius: 20)
[04:37:59 -72507.646800] SLOW spr round 129 (radius: 25)
[04:41:01 -72507.646442] Model parameter optimization (eps = 0.100000)

[04:41:20] [worker #0] ML tree search #1, logLikelihood: -72500.551012

[04:41:20 -173296.099559] Initial branch length optimization
[04:41:21 -153427.044385] Model parameter optimization (eps = 10.000000)
[04:42:28 -138121.190665] AUTODETECT spr round 1 (radius: 5)
[04:43:51 -117026.772786] AUTODETECT spr round 2 (radius: 10)
[04:45:16 -99946.419478] AUTODETECT spr round 3 (radius: 15)
[04:46:48 -91052.208939] AUTODETECT spr round 4 (radius: 20)
[04:48:26 -86979.907021] AUTODETECT spr round 5 (radius: 25)
[04:50:10 -84185.787039] SPR radius for FAST iterations: 25 (autodetect)
[04:50:10 -84185.787039] Model parameter optimization (eps = 3.000000)
[04:51:04 -83164.064486] FAST spr round 1 (radius: 25)
[04:53:27 -75538.936583] FAST spr round 2 (radius: 25)
[04:55:07 -74824.467676] FAST spr round 3 (radius: 25)
[04:56:32 -74750.626506] FAST spr round 4 (radius: 25)
[04:57:51 -74693.863607] FAST spr round 5 (radius: 25)
[04:59:07 -74662.692579] FAST spr round 6 (radius: 25)
[05:00:20 -74657.227126] FAST spr round 7 (radius: 25)
[05:01:33 -74657.226728] Model parameter optimization (eps = 1.000000)
[05:01:52 -74577.667091] SLOW spr round 1 (radius: 5)
[05:03:30 -74515.825805] SLOW spr round 2 (radius: 5)
[05:05:04 -74496.686905] SLOW spr round 3 (radius: 5)
[05:06:37 -74492.892513] SLOW spr round 4 (radius: 5)
[05:08:06 -74492.815814] SLOW spr round 5 (radius: 10)
[05:09:40 -74480.337375] SLOW spr round 6 (radius: 5)
[05:11:34 -74476.180541] SLOW spr round 7 (radius: 5)
[05:13:15 -74475.247964] SLOW spr round 8 (radius: 5)
[05:14:48 -74475.224099] SLOW spr round 9 (radius: 10)
[05:16:19 -74474.318589] SLOW spr round 10 (radius: 5)
[05:18:09 -74473.996715] SLOW spr round 11 (radius: 5)
[05:19:49 -74473.996710] SLOW spr round 12 (radius: 10)
[05:21:24 -74470.127278] SLOW spr round 13 (radius: 5)
[05:22:36] [worker #4] ML tree search #5, logLikelihood: -71580.778415
[05:23:14 -74470.124728] SLOW spr round 14 (radius: 10)
[05:24:51 -74469.654626] SLOW spr round 15 (radius: 5)
[05:26:40 -74464.772983] SLOW spr round 16 (radius: 5)
[05:28:18 -74463.770564] SLOW spr round 17 (radius: 5)
[05:29:54 -74462.897452] SLOW spr round 18 (radius: 5)
[05:31:39 -74462.897421] SLOW spr round 19 (radius: 10)
[05:33:14 -74462.709561] SLOW spr round 20 (radius: 5)
[05:35:08 -74462.709357] SLOW spr round 21 (radius: 10)
[05:36:47 -74462.520614] SLOW spr round 22 (radius: 5)
[05:38:46 -74462.520340] SLOW spr round 23 (radius: 10)
[05:39:40] [worker #1] ML tree search #2, logLikelihood: -74373.113171
[05:40:32 -74461.542523] SLOW spr round 24 (radius: 5)
[05:42:21 -74461.542333] SLOW spr round 25 (radius: 10)
[05:43:59 -74461.409284] SLOW spr round 26 (radius: 5)
[05:45:54 -74460.939338] SLOW spr round 27 (radius: 5)
[05:48:23 -74460.939136] SLOW spr round 28 (radius: 10)
[05:50:15 -74460.913184] SLOW spr round 29 (radius: 15)
[05:52:22 -74399.521721] SLOW spr round 30 (radius: 5)
[05:54:24 -74256.922763] SLOW spr round 31 (radius: 5)
[05:56:13 -74211.554759] SLOW spr round 32 (radius: 5)
[05:57:54 -74207.902080] SLOW spr round 33 (radius: 5)
[05:59:29 -74207.901781] SLOW spr round 34 (radius: 10)
[06:01:05 -74198.722790] SLOW spr round 35 (radius: 5)
[06:03:02 -74197.653199] SLOW spr round 36 (radius: 5)
[06:04:46 -74197.652958] SLOW spr round 37 (radius: 10)
[06:06:25 -74196.267483] SLOW spr round 38 (radius: 5)
[06:08:20 -74196.263929] SLOW spr round 39 (radius: 10)
[06:09:59 -74196.263628] SLOW spr round 40 (radius: 15)
[06:11:57 -74173.251636] SLOW spr round 41 (radius: 5)
[06:13:54 -74173.251632] SLOW spr round 42 (radius: 10)
[06:15:36 -74173.251631] SLOW spr round 43 (radius: 15)
[06:17:33 -74172.465669] SLOW spr round 44 (radius: 5)
[06:19:31 -74172.464309] SLOW spr round 45 (radius: 10)
[06:21:14 -74172.464189] SLOW spr round 46 (radius: 15)
[06:23:12 -74172.044761] SLOW spr round 47 (radius: 5)
[06:25:09 -74170.878140] SLOW spr round 48 (radius: 5)
[06:26:53 -74169.602864] SLOW spr round 49 (radius: 5)
[06:28:25] [worker #6] ML tree search #7, logLikelihood: -74208.568275
[06:28:31 -74169.134266] SLOW spr round 50 (radius: 5)
[06:30:06 -74169.134246] SLOW spr round 51 (radius: 10)
[06:31:41 -74168.733248] SLOW spr round 52 (radius: 5)
[06:33:35 -74168.620733] SLOW spr round 53 (radius: 5)
[06:35:18 -74167.994782] SLOW spr round 54 (radius: 5)
[06:36:54 -74167.994735] SLOW spr round 55 (radius: 10)
[06:38:05] [worker #5] ML tree search #6, logLikelihood: -72891.188598
[06:38:28 -74167.994734] SLOW spr round 56 (radius: 15)
[06:40:34 -74134.595538] SLOW spr round 57 (radius: 5)
[06:42:36 -74128.613158] SLOW spr round 58 (radius: 5)
[06:44:21 -74128.509609] SLOW spr round 59 (radius: 5)
[06:45:59 -74128.508659] SLOW spr round 60 (radius: 10)
[06:49:41 -74128.508648] SLOW spr round 61 (radius: 15)
[06:54:00 -74114.879962] SLOW spr round 62 (radius: 5)
[06:54:14] [worker #7] ML tree search #16, logLikelihood: -70131.480447
[06:56:00 -74113.029274] SLOW spr round 63 (radius: 5)
[06:57:45 -74112.034878] SLOW spr round 64 (radius: 5)
[06:59:20 -74112.034665] SLOW spr round 65 (radius: 10)
[07:00:52 -74112.034655] SLOW spr round 66 (radius: 15)
[07:02:54 -74111.304474] SLOW spr round 67 (radius: 5)
[07:04:50 -74111.304375] SLOW spr round 68 (radius: 10)
[07:06:30 -74111.304363] SLOW spr round 69 (radius: 15)
[07:08:26 -74107.418776] SLOW spr round 70 (radius: 5)
[07:10:22 -74107.394591] SLOW spr round 71 (radius: 10)
[07:11:49] [worker #3] ML tree search #12, logLikelihood: -70076.713707
[07:12:03 -74107.394590] SLOW spr round 72 (radius: 15)
[07:14:00 -74107.365379] SLOW spr round 73 (radius: 20)
[07:16:28 -73970.090184] SLOW spr round 74 (radius: 5)
[07:18:27 -73792.359591] SLOW spr round 75 (radius: 5)
[07:20:13 -73785.885353] SLOW spr round 76 (radius: 5)
[07:21:51 -73769.148558] SLOW spr round 77 (radius: 5)
[07:23:26 -73766.206545] SLOW spr round 78 (radius: 5)
[07:24:58 -73764.442408] SLOW spr round 79 (radius: 5)
[07:26:29 -73764.442269] SLOW spr round 80 (radius: 10)
[07:28:04 -73739.032792] SLOW spr round 81 (radius: 5)
[07:29:58 -73738.701590] SLOW spr round 82 (radius: 5)
[07:31:18] [worker #2] ML tree search #11, logLikelihood: -69911.390998
[07:31:39 -73738.480615] SLOW spr round 83 (radius: 5)
[07:33:15 -73738.479786] SLOW spr round 84 (radius: 10)
[07:34:49 -73737.982115] SLOW spr round 85 (radius: 5)
[07:36:42 -73737.981995] SLOW spr round 86 (radius: 10)
[07:38:21 -73737.981995] SLOW spr round 87 (radius: 15)
[07:40:19 -73737.981995] SLOW spr round 88 (radius: 20)
[07:42:45 -73735.919189] SLOW spr round 89 (radius: 5)
[07:44:46 -73734.921942] SLOW spr round 90 (radius: 5)
[07:46:32 -73734.632658] SLOW spr round 91 (radius: 5)
[07:48:10 -73734.199840] SLOW spr round 92 (radius: 5)
[07:49:44 -73734.198288] SLOW spr round 93 (radius: 10)
[07:51:17 -73734.198235] SLOW spr round 94 (radius: 15)
[07:53:21 -73734.198232] SLOW spr round 95 (radius: 20)
[07:55:44 -73733.659956] SLOW spr round 96 (radius: 5)
[07:57:45 -73732.933952] SLOW spr round 97 (radius: 5)
[07:59:32 -73727.612502] SLOW spr round 98 (radius: 5)
[08:01:09 -73727.612139] SLOW spr round 99 (radius: 10)
[08:02:43 -73727.612124] SLOW spr round 100 (radius: 15)
[08:04:47 -73727.612123] SLOW spr round 101 (radius: 20)
[08:07:11 -73726.063409] SLOW spr round 102 (radius: 5)
[08:09:11 -73725.954832] SLOW spr round 103 (radius: 5)
[08:10:56 -73725.954138] SLOW spr round 104 (radius: 10)
[08:12:31 -73725.954120] SLOW spr round 105 (radius: 15)
[08:14:34 -73725.954120] SLOW spr round 106 (radius: 20)
[08:16:58 -73725.954120] SLOW spr round 107 (radius: 25)
[08:19:46 -73663.623652] SLOW spr round 108 (radius: 5)
[08:21:49 -73615.682963] SLOW spr round 109 (radius: 5)
[08:23:36 -73606.461696] SLOW spr round 110 (radius: 5)
[08:25:15 -73585.579832] SLOW spr round 111 (radius: 5)
[08:26:49 -73585.579548] SLOW spr round 112 (radius: 10)
[08:28:21 -73578.169252] SLOW spr round 113 (radius: 5)
[08:30:14 -73577.338334] SLOW spr round 114 (radius: 5)
[08:31:55 -73577.337456] SLOW spr round 115 (radius: 10)
[08:33:29 -73577.337140] SLOW spr round 116 (radius: 15)
[08:35:32 -73520.034242] SLOW spr round 117 (radius: 5)
[08:37:30 -73512.416329] SLOW spr round 118 (radius: 5)
[08:39:13 -73512.415023] SLOW spr round 119 (radius: 10)
[08:40:47 -73512.414891] SLOW spr round 120 (radius: 15)
[08:42:47 -73512.414875] SLOW spr round 121 (radius: 20)
[08:45:10 -73475.462323] SLOW spr round 122 (radius: 5)
[08:47:09 -73393.773020] SLOW spr round 123 (radius: 5)
[08:48:56 -73374.648603] SLOW spr round 124 (radius: 5)
[08:50:35 -73369.691740] SLOW spr round 125 (radius: 5)
[08:52:10 -73368.776675] SLOW spr round 126 (radius: 5)
[08:53:41 -73368.776435] SLOW spr round 127 (radius: 10)
[08:55:13 -73368.246900] SLOW spr round 128 (radius: 5)
[08:57:05 -73368.246871] SLOW spr round 129 (radius: 10)
[08:58:43 -73368.246870] SLOW spr round 130 (radius: 15)
[09:00:41 -73344.456059] SLOW spr round 131 (radius: 5)
[09:02:38 -73343.912099] SLOW spr round 132 (radius: 5)
[09:04:21 -73343.912021] SLOW spr round 133 (radius: 10)
[09:05:55 -73343.912021] SLOW spr round 134 (radius: 15)
[09:07:55 -73343.912020] SLOW spr round 135 (radius: 20)
[09:10:15 -73343.912020] SLOW spr round 136 (radius: 25)
[09:10:34] [worker #4] ML tree search #13, logLikelihood: -70039.090611
[09:12:59 -73295.034042] SLOW spr round 137 (radius: 5)
[09:15:04 -73258.004015] SLOW spr round 138 (radius: 5)
[09:16:50 -73258.003541] SLOW spr round 139 (radius: 10)
[09:18:26 -73252.233600] SLOW spr round 140 (radius: 5)
[09:20:20 -73245.635447] SLOW spr round 141 (radius: 5)
[09:22:01 -73245.254933] SLOW spr round 142 (radius: 5)
[09:23:36 -73245.254909] SLOW spr round 143 (radius: 10)
[09:25:09 -73245.254909] SLOW spr round 144 (radius: 15)
[09:27:13 -73244.469488] SLOW spr round 145 (radius: 5)
[09:29:11 -73244.071538] SLOW spr round 146 (radius: 5)
[09:30:54 -73244.071354] SLOW spr round 147 (radius: 10)
[09:32:28 -73244.071353] SLOW spr round 148 (radius: 15)
[09:33:31] [worker #6] ML tree search #15, logLikelihood: -69872.653109
[09:34:29 -73243.580534] SLOW spr round 149 (radius: 5)
[09:36:27 -73240.678239] SLOW spr round 150 (radius: 5)
[09:38:09 -73240.678232] SLOW spr round 151 (radius: 10)
[09:39:43 -73239.600596] SLOW spr round 152 (radius: 5)
[09:41:36 -73239.600576] SLOW spr round 153 (radius: 10)
[09:43:15 -73239.193664] SLOW spr round 154 (radius: 5)
[09:45:07 -73239.193654] SLOW spr round 155 (radius: 10)
[09:46:45 -73239.193654] SLOW spr round 156 (radius: 15)
[09:48:44 -73239.193654] SLOW spr round 157 (radius: 20)
[09:51:11 -73237.508089] SLOW spr round 158 (radius: 5)
[09:52:54] [worker #5] ML tree search #14, logLikelihood: -70011.788069
[09:53:12 -73237.442610] SLOW spr round 159 (radius: 10)
[09:54:53 -73237.442059] SLOW spr round 160 (radius: 15)
[09:56:44 -73237.442040] SLOW spr round 161 (radius: 20)
[09:59:01 -73237.442039] SLOW spr round 162 (radius: 25)
[10:01:39 -73231.944553] SLOW spr round 163 (radius: 5)
[10:03:31 -73229.968693] SLOW spr round 164 (radius: 5)
[10:05:08 -73229.939563] SLOW spr round 165 (radius: 10)
[10:06:35 -73229.939339] SLOW spr round 166 (radius: 15)
[10:08:27 -73229.104627] SLOW spr round 167 (radius: 5)
[10:10:17 -73228.217813] SLOW spr round 168 (radius: 5)
[10:11:07] [worker #2] ML tree search #19, logLikelihood: -69995.579496
[10:11:53 -73228.217712] SLOW spr round 169 (radius: 10)
[10:13:21 -73228.217706] SLOW spr round 170 (radius: 15)
[10:15:13 -73228.217705] SLOW spr round 171 (radius: 20)
[10:17:26 -73228.217705] SLOW spr round 172 (radius: 25)
[10:19:57 -73228.031188] SLOW spr round 173 (radius: 5)
[10:21:49 -73228.030744] SLOW spr round 174 (radius: 10)
[10:23:29 -73228.030734] SLOW spr round 175 (radius: 15)
[10:25:19 -73228.030734] SLOW spr round 176 (radius: 20)
[10:27:41 -73228.030734] SLOW spr round 177 (radius: 25)
[10:30:18 -73227.915552] SLOW spr round 178 (radius: 5)
[10:31:34] [worker #3] ML tree search #20, logLikelihood: -69916.104387
[10:32:08 -73227.915380] SLOW spr round 179 (radius: 10)
[10:33:42 -73227.915376] SLOW spr round 180 (radius: 15)
[10:35:28 -73227.915376] SLOW spr round 181 (radius: 20)
[10:37:40 -73227.915376] SLOW spr round 182 (radius: 25)
[10:40:11 -73227.877943] Model parameter optimization (eps = 0.100000)

[10:40:25] [worker #0] ML tree search #9, logLikelihood: -73219.346611

[10:40:25 -88716.309667] Initial branch length optimization
[10:40:26 -77569.924420] Model parameter optimization (eps = 10.000000)
[10:40:59 -72473.437777] AUTODETECT spr round 1 (radius: 5)
[10:41:59 -71592.758232] AUTODETECT spr round 2 (radius: 10)
[10:43:07 -71226.971470] AUTODETECT spr round 3 (radius: 15)
[10:44:21 -71071.088764] AUTODETECT spr round 4 (radius: 20)
[10:45:41 -70900.340446] AUTODETECT spr round 5 (radius: 25)
[10:47:03 -70801.297979] SPR radius for FAST iterations: 25 (autodetect)
[10:47:03 -70801.297979] Model parameter optimization (eps = 3.000000)
[10:47:18 -70738.140638] FAST spr round 1 (radius: 25)
[10:49:05 -70368.824461] FAST spr round 2 (radius: 25)
[10:50:24 -70299.008317] FAST spr round 3 (radius: 25)
[10:51:29 -70289.550441] FAST spr round 4 (radius: 25)
[10:52:28 -70288.980481] FAST spr round 5 (radius: 25)
[10:53:26 -70286.090824] FAST spr round 6 (radius: 25)
[10:54:22 -70285.417475] FAST spr round 7 (radius: 25)
[10:55:18 -70283.371485] FAST spr round 8 (radius: 25)
[10:56:13 -70281.267399] FAST spr round 9 (radius: 25)
[10:57:08 -70281.267021] Model parameter optimization (eps = 1.000000)
[10:57:17 -70271.443026] SLOW spr round 1 (radius: 5)
[10:58:36 -70214.132296] SLOW spr round 2 (radius: 5)
[10:59:49 -70207.046229] SLOW spr round 3 (radius: 5)
[11:01:01 -70206.674147] SLOW spr round 4 (radius: 5)
[11:02:19 -70205.861179] SLOW spr round 5 (radius: 5)
[11:03:28 -70205.861162] SLOW spr round 6 (radius: 10)
[11:04:39 -70199.054316] SLOW spr round 7 (radius: 5)
[11:06:08 -70195.939793] SLOW spr round 8 (radius: 5)
[11:07:25 -70195.938811] SLOW spr round 9 (radius: 10)
[11:08:36 -70194.614015] SLOW spr round 10 (radius: 5)
[11:10:03 -70194.614002] SLOW spr round 11 (radius: 10)
[11:11:20 -70189.454300] SLOW spr round 12 (radius: 5)
[11:12:46 -70189.454221] SLOW spr round 13 (radius: 10)
[11:14:01 -70188.362703] SLOW spr round 14 (radius: 5)
[11:15:28 -70187.021805] SLOW spr round 15 (radius: 5)
[11:16:43 -70187.021775] SLOW spr round 16 (radius: 10)
[11:17:53 -70186.378251] SLOW spr round 17 (radius: 5)
[11:19:17 -70186.371914] SLOW spr round 18 (radius: 10)
[11:20:32 -70185.743130] SLOW spr round 19 (radius: 5)
[11:21:56 -70185.451967] SLOW spr round 20 (radius: 5)
[11:23:13 -70185.451842] SLOW spr round 21 (radius: 10)
[11:24:23 -70185.451727] SLOW spr round 22 (radius: 15)
[11:26:04 -70178.162412] SLOW spr round 23 (radius: 5)
[11:27:35 -70173.572512] SLOW spr round 24 (radius: 5)
[11:28:54 -70170.342707] SLOW spr round 25 (radius: 5)
[11:30:06 -70170.342650] SLOW spr round 26 (radius: 10)
[11:31:15 -70170.342646] SLOW spr round 27 (radius: 15)
[11:32:56 -70170.087261] SLOW spr round 28 (radius: 5)
[11:34:25 -70169.990708] SLOW spr round 29 (radius: 10)
[11:36:05 -70165.263435] SLOW spr round 30 (radius: 5)
[11:37:53 -70163.487622] SLOW spr round 31 (radius: 5)
[11:39:14 -70163.486489] SLOW spr round 32 (radius: 10)
[11:40:32 -70161.243201] SLOW spr round 33 (radius: 5)
[11:42:02 -70161.235779] SLOW spr round 34 (radius: 10)
[11:43:24 -70160.197733] SLOW spr round 35 (radius: 5)
[11:44:53 -70160.197658] SLOW spr round 36 (radius: 10)
[11:46:12 -70160.197656] SLOW spr round 37 (radius: 15)
[11:47:53 -70160.165808] SLOW spr round 38 (radius: 20)
[11:49:59 -70144.988189] SLOW spr round 39 (radius: 5)
[11:51:36 -70141.207186] SLOW spr round 40 (radius: 5)
[11:53:03 -70138.886444] SLOW spr round 41 (radius: 5)
[11:54:20 -70138.885483] SLOW spr round 42 (radius: 10)
[11:55:36 -70138.885419] SLOW spr round 43 (radius: 15)
[11:57:24 -70138.745562] SLOW spr round 44 (radius: 5)
[11:59:01 -70138.743660] SLOW spr round 45 (radius: 10)
[12:00:21 -70138.606346] SLOW spr round 46 (radius: 5)
[12:01:47 -70138.505762] SLOW spr round 47 (radius: 5)
[12:03:04 -70138.505762] SLOW spr round 48 (radius: 10)
[12:04:17 -70138.505762] SLOW spr round 49 (radius: 15)
[12:05:57 -70138.505762] SLOW spr round 50 (radius: 20)
[12:06:47] [worker #1] ML tree search #10, logLikelihood: -71484.425484
[12:07:56 -70135.569929] SLOW spr round 51 (radius: 5)
[12:09:27 -70133.436073] SLOW spr round 52 (radius: 5)
[12:10:49 -70132.148310] SLOW spr round 53 (radius: 5)
[12:12:05 -70128.606299] SLOW spr round 54 (radius: 5)
[12:13:18 -70128.606277] SLOW spr round 55 (radius: 10)
[12:14:30 -70128.606277] SLOW spr round 56 (radius: 15)
[12:16:13 -70128.606277] SLOW spr round 57 (radius: 20)
[12:18:13 -70124.072888] SLOW spr round 58 (radius: 5)
[12:19:45 -70122.802656] SLOW spr round 59 (radius: 5)
[12:21:07 -70122.802623] SLOW spr round 60 (radius: 10)
[12:22:21 -70122.802623] SLOW spr round 61 (radius: 15)
[12:24:01 -70122.802623] SLOW spr round 62 (radius: 20)
[12:25:59 -70122.802623] SLOW spr round 63 (radius: 25)
[12:28:09 -70114.029829] SLOW spr round 64 (radius: 5)
[12:29:42 -70090.575554] SLOW spr round 65 (radius: 5)
[12:31:03 -70087.250093] SLOW spr round 66 (radius: 5)
[12:32:20 -70087.250089] SLOW spr round 67 (radius: 10)
[12:33:39 -70078.208231] SLOW spr round 68 (radius: 5)
[12:35:01 -70078.208140] SLOW spr round 69 (radius: 10)
[12:36:13 -70074.316592] SLOW spr round 70 (radius: 5)
[12:37:33 -70074.315599] SLOW spr round 71 (radius: 10)
[12:38:43 -70072.263614] SLOW spr round 72 (radius: 5)
[12:40:04 -70069.355574] SLOW spr round 73 (radius: 5)
[12:41:17 -70069.355551] SLOW spr round 74 (radius: 10)
[12:42:25 -70068.415849] SLOW spr round 75 (radius: 5)
[12:43:46 -70068.415832] SLOW spr round 76 (radius: 10)
[12:44:58 -70068.415831] SLOW spr round 77 (radius: 15)
[12:46:29 -70068.415831] SLOW spr round 78 (radius: 20)
[12:48:18 -70068.415831] SLOW spr round 79 (radius: 25)
[12:50:13 -70062.954107] SLOW spr round 80 (radius: 5)
[12:51:37 -70061.952450] SLOW spr round 81 (radius: 5)
[12:52:52 -70061.952445] SLOW spr round 82 (radius: 10)
[12:54:00 -70061.610173] SLOW spr round 83 (radius: 5)
[12:55:20 -70061.610168] SLOW spr round 84 (radius: 10)
[12:56:30 -70061.610168] SLOW spr round 85 (radius: 15)
[12:57:56 -70061.610168] SLOW spr round 86 (radius: 20)
[12:59:43 -70060.219861] SLOW spr round 87 (radius: 5)
[13:01:07 -70060.219856] SLOW spr round 88 (radius: 10)
[13:02:23 -70060.219856] SLOW spr round 89 (radius: 15)
[13:03:56 -70060.219856] SLOW spr round 90 (radius: 20)
[13:07:45 -70060.219856] SLOW spr round 91 (radius: 25)
[13:09:43 -70056.272819] SLOW spr round 92 (radius: 5)
[13:11:09 -70049.357746] SLOW spr round 93 (radius: 5)
[13:12:24 -70048.776012] SLOW spr round 94 (radius: 5)
[13:13:33 -70048.775909] SLOW spr round 95 (radius: 10)
[13:14:41 -70048.333136] SLOW spr round 96 (radius: 5)
[13:16:03 -70048.332902] SLOW spr round 97 (radius: 10)
[13:17:14 -70048.332901] SLOW spr round 98 (radius: 15)
[13:18:44 -70048.332901] SLOW spr round 99 (radius: 20)
[13:20:32 -70048.320181] SLOW spr round 100 (radius: 25)
[13:22:28 -70041.462091] SLOW spr round 101 (radius: 5)
[13:23:55 -70038.637661] SLOW spr round 102 (radius: 5)
[13:25:12 -70038.576054] SLOW spr round 103 (radius: 10)
[13:26:21 -70038.558106] SLOW spr round 104 (radius: 15)
[13:27:56 -70038.558041] SLOW spr round 105 (radius: 20)
[13:29:47 -70038.558039] SLOW spr round 106 (radius: 25)
[13:31:46 -70038.155750] SLOW spr round 107 (radius: 5)
[13:33:14 -70036.853735] SLOW spr round 108 (radius: 5)
[13:34:30 -70036.852118] SLOW spr round 109 (radius: 10)
[13:35:39 -70036.852034] SLOW spr round 110 (radius: 15)
[13:37:14 -70036.852025] SLOW spr round 111 (radius: 20)
[13:39:05 -70036.852023] SLOW spr round 112 (radius: 25)
[13:41:08 -70027.105644] SLOW spr round 113 (radius: 5)
[13:42:39 -70010.396868] SLOW spr round 114 (radius: 5)
[13:43:58 -70003.013201] SLOW spr round 115 (radius: 5)
[13:45:11 -70002.260122] SLOW spr round 116 (radius: 5)
[13:46:20 -70002.260086] SLOW spr round 117 (radius: 10)
[13:47:30 -69993.981236] SLOW spr round 118 (radius: 5)
[13:48:53 -69990.349330] SLOW spr round 119 (radius: 5)
[13:50:06 -69990.349143] SLOW spr round 120 (radius: 10)
[13:51:16 -69980.419652] SLOW spr round 121 (radius: 5)
[13:52:39 -69978.191266] SLOW spr round 122 (radius: 5)
[13:53:53 -69977.831201] SLOW spr round 123 (radius: 5)
[13:55:08 -69977.793942] SLOW spr round 124 (radius: 10)
[13:56:15 -69977.726345] SLOW spr round 125 (radius: 15)
[13:57:54 -69977.726246] SLOW spr round 126 (radius: 20)
[13:59:49 -69976.008915] SLOW spr round 127 (radius: 5)
[14:01:15 -69975.288185] SLOW spr round 128 (radius: 5)
[14:02:28 -69974.811233] SLOW spr round 129 (radius: 5)
[14:03:34 -69974.811029] SLOW spr round 130 (radius: 10)
[14:04:39 -69973.511748] SLOW spr round 131 (radius: 5)
[14:06:01 -69973.511697] SLOW spr round 132 (radius: 10)
[14:07:10 -69973.511697] SLOW spr round 133 (radius: 15)
[14:08:41 -69973.511697] SLOW spr round 134 (radius: 20)
[14:10:29 -69973.511697] SLOW spr round 135 (radius: 25)
[14:12:23 -69971.247479] SLOW spr round 136 (radius: 5)
[14:13:48 -69970.889305] SLOW spr round 137 (radius: 5)
[14:15:02 -69970.889260] SLOW spr round 138 (radius: 10)
[14:16:09 -69970.889260] SLOW spr round 139 (radius: 15)
[14:17:42 -69970.889260] SLOW spr round 140 (radius: 20)
[14:19:30 -69970.889260] SLOW spr round 141 (radius: 25)
[14:21:25 -69968.557179] SLOW spr round 142 (radius: 5)
[14:22:48 -69962.989539] SLOW spr round 143 (radius: 5)
[14:23:59 -69962.989485] SLOW spr round 144 (radius: 10)
[14:25:03 -69962.989482] SLOW spr round 145 (radius: 15)
[14:26:33 -69961.227610] SLOW spr round 146 (radius: 5)
[14:27:56 -69960.095816] SLOW spr round 147 (radius: 5)
[14:29:08 -69960.095605] SLOW spr round 148 (radius: 10)
[14:30:15 -69960.095597] SLOW spr round 149 (radius: 15)
[14:31:43 -69960.095597] SLOW spr round 150 (radius: 20)
[14:33:27 -69960.095596] SLOW spr round 151 (radius: 25)
[14:35:20 -69959.729578] SLOW spr round 152 (radius: 5)
[14:36:42 -69959.728474] SLOW spr round 153 (radius: 10)
[14:37:56 -69956.865779] SLOW spr round 154 (radius: 5)
[14:39:14 -69956.862812] SLOW spr round 155 (radius: 10)
[14:40:25 -69956.862651] SLOW spr round 156 (radius: 15)
[14:41:57 -69956.862627] SLOW spr round 157 (radius: 20)
[14:43:48 -69956.862621] SLOW spr round 158 (radius: 25)
[14:45:47 -69956.862620] Model parameter optimization (eps = 0.100000)

[14:45:55] [worker #0] ML tree search #17, logLikelihood: -69952.837849

[15:01:15] [worker #1] ML tree search #18, logLikelihood: -69819.948612

Optimized model parameters:

   Partition 0: noname
   Rate heterogeneity: GAMMA (4 cats, mean),  alpha: 0.323041 (ML),  weights&rates: (0.250000,0.007349) (0.250000,0.122497) (0.250000,0.632544) (0.250000,3.237610) 
   Base frequencies (ML): 0.074800 0.437642 0.354644 0.132914 
   Substitution rates (ML): 0.925570 5.054914 5.214044 2.663560 5.266195 1.000000 


Final LogLikelihood: -69819.948612

AIC score: 148239.897225 / AICc score: 37136839.897225 / BIC score: 163312.822830
Free parameters (model + branch lengths): 4300

WARNING: Number of free parameters (K=4300) is larger than alignment size (n=246).
         This might lead to overfitting and compromise tree inference results!


WARNING: Best ML tree contains 246 near-zero branches!

Best ML tree with collapsed near-zero branches saved to: /home2/ISAD/dp415/raxml_new/trees/myxo_99/myxo_99.raxml.bestTreeCollapsed
Best ML tree saved to: /home2/ISAD/dp415/raxml_new/trees/myxo_99/myxo_99.raxml.bestTree
All ML trees saved to: /home2/ISAD/dp415/raxml_new/trees/myxo_99/myxo_99.raxml.mlTrees
Optimized model saved to: /home2/ISAD/dp415/raxml_new/trees/myxo_99/myxo_99.raxml.bestModel

Execution log saved to: /home2/ISAD/dp415/raxml_new/trees/myxo_99/myxo_99.raxml.log

Analysis started: 31-Jan-2023 10:45:09 / finished: 01-Feb-2023 01:46:24

Elapsed time: 54075.287 seconds

