
RAxML-NG v. 1.1 released on 29.11.2021 by The Exelixis Lab.
Developed by: Alexey M. Kozlov and Alexandros Stamatakis.
Contributors: Diego Darriba, Tomas Flouri, Benoit Morel, Sarah Lutteropp, Ben Bettisworth.
Latest version: https://github.com/amkozlov/raxml-ng
Questions/problems/suggestions? Please visit: https://groups.google.com/forum/#!forum/raxml

System: Intel(R) Xeon(R) Gold 6230 CPU @ 2.10GHz, 40 cores, 376 GB RAM

RAxML-NG was called at 19-Jan-2022 08:49:10 as follows:

raxml-ng --msa alignments/alignment_myxo_90percent.fasta --model GTR+G --seed 2 --prefix raxml/myxo_90/myxo_90 --threads 5

Analysis options:
  run mode: ML tree search
  start tree(s): random (10) + parsimony (10)
  random seed: 2
  tip-inner: OFF
  pattern compression: ON
  per-rate scalers: OFF
  site repeats: ON
  fast spr radius: AUTO
  spr subtree cutoff: 1.000000
  branch lengths: proportional (ML estimate, algorithm: NR-FAST)
  SIMD kernels: AVX2
  parallelization: coarse-grained (auto), PTHREADS (5 threads), thread pinning: OFF

[00:00:00] Reading alignment from file: alignments/alignment_myxo_90percent.fasta
[00:00:00] Loaded alignment with 918 taxa and 249 sites

Alignment comprises 1 partitions and 181 patterns

Partition 0: noname
Model: GTR+FO+G4m
Alignment sites / patterns: 249 / 181
Gaps: 9.88 %
Invariant sites: 28.11 %


NOTE: Binary MSA file already exists: raxml/myxo_90/myxo_90.raxml.rba

Parallelization scheme autoconfig: 5 worker(s) x 1 thread(s)

Parallel reduction/worker buffer size: 1 KB  / 0 KB

[00:00:00] Generating 10 random starting tree(s) with 918 taxa
[00:00:00] Generating 10 parsimony starting tree(s) with 918 taxa
[00:00:01] Data distribution: max. partitions/sites/weight per thread: 1 / 181 / 2896
[00:00:01] Data distribution: max. searches per worker: 4

Starting ML tree search with 20 distinct starting trees

[00:00:01 -88823.624449] Initial branch length optimization
[00:00:02 -80669.445115] Model parameter optimization (eps = 10.000000)
[00:00:08 -74322.393710] AUTODETECT spr round 1 (radius: 5)
[00:00:19 -67388.819159] AUTODETECT spr round 2 (radius: 10)
[00:00:35 -61239.071331] AUTODETECT spr round 3 (radius: 15)
[00:00:57 -57815.836953] AUTODETECT spr round 4 (radius: 20)
[00:01:22 -56301.449561] AUTODETECT spr round 5 (radius: 25)
[00:01:47 -55858.747438] SPR radius for FAST iterations: 25 (autodetect)
[00:01:48 -55858.747438] Model parameter optimization (eps = 3.000000)
[00:01:59 -55580.019763] FAST spr round 1 (radius: 25)
[00:02:39 -53102.520574] FAST spr round 2 (radius: 25)
[00:03:02 -52717.373896] FAST spr round 3 (radius: 25)
[00:03:19 -52604.415606] FAST spr round 4 (radius: 25)
[00:03:34 -52582.615704] FAST spr round 5 (radius: 25)
[00:03:46 -52580.390627] FAST spr round 6 (radius: 25)
[00:03:57 -52579.865448] FAST spr round 7 (radius: 25)
[00:04:08 -52579.542156] FAST spr round 8 (radius: 25)
[00:04:19 -52577.453969] FAST spr round 9 (radius: 25)
[00:04:30 -52576.725720] FAST spr round 10 (radius: 25)
[00:04:40 -52576.640626] Model parameter optimization (eps = 1.000000)
[00:04:56 -52444.332307] SLOW spr round 1 (radius: 5)
[00:05:17 -52368.385547] SLOW spr round 2 (radius: 5)
[00:05:36 -52363.217926] SLOW spr round 3 (radius: 5)
[00:05:54 -52359.566246] SLOW spr round 4 (radius: 5)
[00:06:11 -52359.546111] SLOW spr round 5 (radius: 10)
[00:06:30 -52328.490647] SLOW spr round 6 (radius: 5)
[00:06:56 -52303.563056] SLOW spr round 7 (radius: 5)
[00:07:18 -52297.876260] SLOW spr round 8 (radius: 5)
[00:07:36 -52297.874355] SLOW spr round 9 (radius: 10)
[00:07:54 -52288.901614] SLOW spr round 10 (radius: 5)
[00:08:20 -52288.202015] SLOW spr round 11 (radius: 5)
[00:08:40 -52288.201055] SLOW spr round 12 (radius: 10)
[00:08:58 -52286.073725] SLOW spr round 13 (radius: 5)
[00:09:24 -52285.910633] SLOW spr round 14 (radius: 5)
[00:09:44 -52285.473270] SLOW spr round 15 (radius: 5)
[00:10:02 -52285.473104] SLOW spr round 16 (radius: 10)
[00:10:20 -52284.795555] SLOW spr round 17 (radius: 5)
[00:10:46 -52279.892644] SLOW spr round 18 (radius: 5)
[00:11:07 -52279.571180] SLOW spr round 19 (radius: 5)
[00:11:25 -52279.571149] SLOW spr round 20 (radius: 10)
[00:11:43 -52277.704365] SLOW spr round 21 (radius: 5)
[00:12:09 -52275.276212] SLOW spr round 22 (radius: 5)
[00:12:30 -52273.873602] SLOW spr round 23 (radius: 5)
[00:12:48 -52273.872094] SLOW spr round 24 (radius: 10)
[00:13:05 -52273.410608] SLOW spr round 25 (radius: 5)
[00:13:31 -52273.301792] SLOW spr round 26 (radius: 5)
[00:13:52 -52270.857369] SLOW spr round 27 (radius: 5)
[00:14:10 -52270.857223] SLOW spr round 28 (radius: 10)
[00:14:27 -52269.973320] SLOW spr round 29 (radius: 5)
[00:14:52 -52269.917601] SLOW spr round 30 (radius: 10)
[00:15:12 -52269.495251] SLOW spr round 31 (radius: 5)
[00:15:36 -52269.494872] SLOW spr round 32 (radius: 10)
[00:15:56 -52269.392127] SLOW spr round 33 (radius: 5)
[00:16:20 -52267.307321] SLOW spr round 34 (radius: 5)
[00:16:40 -52267.306789] SLOW spr round 35 (radius: 10)
[00:16:58 -52267.306778] SLOW spr round 36 (radius: 15)
[00:17:32 -52247.097414] SLOW spr round 37 (radius: 5)
[00:17:59 -52236.332631] SLOW spr round 38 (radius: 5)
[00:18:20 -52235.398569] SLOW spr round 39 (radius: 5)
[00:18:39 -52235.396228] SLOW spr round 40 (radius: 10)
[00:18:57 -52234.215102] SLOW spr round 41 (radius: 5)
[00:19:22 -52234.213754] SLOW spr round 42 (radius: 10)
[00:19:41 -52234.193114] SLOW spr round 43 (radius: 15)
[00:20:12 -52232.015029] SLOW spr round 44 (radius: 5)
[00:20:39 -52230.906630] SLOW spr round 45 (radius: 5)
[00:21:00 -52230.904617] SLOW spr round 46 (radius: 10)
[00:21:18 -52230.904502] SLOW spr round 47 (radius: 15)
[00:21:50 -52230.050592] SLOW spr round 48 (radius: 5)
[00:22:15 -52230.050490] SLOW spr round 49 (radius: 10)
[00:22:36 -52230.050490] SLOW spr round 50 (radius: 15)
[00:23:06 -52229.488247] SLOW spr round 51 (radius: 5)
[00:23:32 -52224.341331] SLOW spr round 52 (radius: 5)
[00:23:53 -52224.341299] SLOW spr round 53 (radius: 10)
[00:24:11 -52224.223384] SLOW spr round 54 (radius: 5)
[00:24:37 -52223.300807] SLOW spr round 55 (radius: 5)
[00:24:57 -52223.119182] SLOW spr round 56 (radius: 5)
[00:25:15 -52223.119122] SLOW spr round 57 (radius: 10)
[00:25:33 -52223.070641] SLOW spr round 58 (radius: 15)
[00:26:06 -52221.130579] SLOW spr round 59 (radius: 5)
[00:26:32 -52218.945446] SLOW spr round 60 (radius: 5)
[00:26:53 -52218.944913] SLOW spr round 61 (radius: 10)
[00:27:11 -52218.944894] SLOW spr round 62 (radius: 15)
[00:27:43 -52218.753754] SLOW spr round 63 (radius: 5)
[00:28:08 -52218.753660] SLOW spr round 64 (radius: 10)
[00:28:28 -52218.546011] SLOW spr round 65 (radius: 5)
[00:28:52 -52218.499461] SLOW spr round 66 (radius: 10)
[00:29:11 -52218.080592] SLOW spr round 67 (radius: 5)
[00:29:35 -52218.021077] SLOW spr round 68 (radius: 10)
[00:29:54 -52218.018978] SLOW spr round 69 (radius: 15)
[00:30:25 -52215.812082] SLOW spr round 70 (radius: 5)
[00:30:51 -52215.477631] SLOW spr round 71 (radius: 5)
[00:31:12 -52215.346780] SLOW spr round 72 (radius: 5)
[00:31:31 -52215.345011] SLOW spr round 73 (radius: 10)
[00:31:48 -52211.691978] SLOW spr round 74 (radius: 5)
[00:32:12 -52211.691940] SLOW spr round 75 (radius: 10)
[00:32:32 -52210.246123] SLOW spr round 76 (radius: 5)
[00:32:56 -52210.156283] SLOW spr round 77 (radius: 10)
[00:33:15 -52206.547193] SLOW spr round 78 (radius: 5)
[00:33:39 -52205.268969] SLOW spr round 79 (radius: 5)
[00:33:59 -52205.268610] SLOW spr round 80 (radius: 10)
[00:34:17 -52205.268601] SLOW spr round 81 (radius: 15)
[00:34:49 -52204.778964] SLOW spr round 82 (radius: 5)
[00:35:15 -52204.094255] SLOW spr round 83 (radius: 5)
[00:35:37 -52202.734528] SLOW spr round 84 (radius: 5)
[00:35:56 -52201.083329] SLOW spr round 85 (radius: 5)
[00:36:14 -52201.079401] SLOW spr round 86 (radius: 10)
[00:36:32 -52201.079143] SLOW spr round 87 (radius: 15)
[00:37:05 -52201.043932] SLOW spr round 88 (radius: 20)
[00:37:43 -52195.392547] SLOW spr round 89 (radius: 5)
[00:38:08 -52195.391808] SLOW spr round 90 (radius: 10)
[00:38:29 -52195.279287] SLOW spr round 91 (radius: 5)
[00:38:45] [worker #3] ML tree search #4, logLikelihood: -51983.355784
[00:38:52 -52194.975650] SLOW spr round 92 (radius: 5)
[00:39:12 -52194.974456] SLOW spr round 93 (radius: 10)
[00:39:29 -52193.664916] SLOW spr round 94 (radius: 5)
[00:39:54 -52190.178462] SLOW spr round 95 (radius: 5)
[00:40:14 -52190.178114] SLOW spr round 96 (radius: 10)
[00:40:32 -52190.178109] SLOW spr round 97 (radius: 15)
[00:41:04 -52190.178108] SLOW spr round 98 (radius: 20)
[00:41:43 -52189.524894] SLOW spr round 99 (radius: 5)
[00:42:09 -52189.008729] SLOW spr round 100 (radius: 5)
[00:42:30 -52189.008327] SLOW spr round 101 (radius: 10)
[00:42:49 -52187.280831] SLOW spr round 102 (radius: 5)
[00:43:13 -52187.164854] SLOW spr round 103 (radius: 5)
[00:43:33 -52187.164763] SLOW spr round 104 (radius: 10)
[00:43:50 -52186.620754] SLOW spr round 105 (radius: 5)
[00:44:15 -52186.579625] SLOW spr round 106 (radius: 10)
[00:44:34 -52186.577055] SLOW spr round 107 (radius: 15)
[00:45:04 -52186.577046] SLOW spr round 108 (radius: 20)
[00:45:43 -52186.511770] SLOW spr round 109 (radius: 25)
[00:46:27 -52186.511581] Model parameter optimization (eps = 0.100000)

[00:46:39] [worker #0] ML tree search #1, logLikelihood: -52166.567155

[00:46:39 -89028.014130] Initial branch length optimization
[00:46:39 -80835.563354] Model parameter optimization (eps = 10.000000)
[00:46:48 -74303.057617] AUTODETECT spr round 1 (radius: 5)
[00:47:00 -67934.230511] AUTODETECT spr round 2 (radius: 10)
[00:47:14 -61920.099104] AUTODETECT spr round 3 (radius: 15)
[00:47:34 -58708.985998] AUTODETECT spr round 4 (radius: 20)
[00:48:01 -56216.586143] AUTODETECT spr round 5 (radius: 25)
[00:48:37 -55406.351540] SPR radius for FAST iterations: 25 (autodetect)
[00:48:37 -55406.351540] Model parameter optimization (eps = 3.000000)
[00:49:06 -54956.605499] FAST spr round 1 (radius: 25)
[00:49:59 -52280.114040] FAST spr round 2 (radius: 25)
[00:50:32 -51995.358721] FAST spr round 3 (radius: 25)
[00:50:55 -51951.220415] FAST spr round 4 (radius: 25)
[00:51:11 -51942.909402] FAST spr round 5 (radius: 25)
[00:51:24 -51940.433829] FAST spr round 6 (radius: 25)
[00:51:36 -51940.259644] FAST spr round 7 (radius: 25)
[00:51:47 -51940.229070] Model parameter optimization (eps = 1.000000)
[00:51:53 -51914.314898] SLOW spr round 1 (radius: 5)
[00:52:07] [worker #2] ML tree search #3, logLikelihood: -51997.766198
[00:52:18 -51896.855461] SLOW spr round 2 (radius: 5)
[00:52:42 -51895.017180] SLOW spr round 3 (radius: 5)
[00:53:04 -51895.015815] SLOW spr round 4 (radius: 10)
[00:53:27 -51891.561062] SLOW spr round 5 (radius: 5)
[00:54:02 -51888.248016] SLOW spr round 6 (radius: 5)
[00:54:30 -51887.469290] SLOW spr round 7 (radius: 5)
[00:54:53 -51887.468285] SLOW spr round 8 (radius: 10)
[00:55:16 -51885.582314] SLOW spr round 9 (radius: 5)
[00:55:50 -51885.481723] SLOW spr round 10 (radius: 5)
[00:56:16 -51885.481158] SLOW spr round 11 (radius: 10)
[00:56:40 -51883.815923] SLOW spr round 12 (radius: 5)
[00:57:14 -51882.969467] SLOW spr round 13 (radius: 5)
[00:57:41 -51881.695488] SLOW spr round 14 (radius: 5)
[00:58:05 -51881.167166] SLOW spr round 15 (radius: 5)
[00:58:21] [worker #4] ML tree search #5, logLikelihood: -51928.386760
[00:58:27 -51881.164677] SLOW spr round 16 (radius: 10)
[00:58:50 -51880.495780] SLOW spr round 17 (radius: 5)
[00:59:24 -51880.092775] SLOW spr round 18 (radius: 5)
[00:59:52 -51880.092590] SLOW spr round 19 (radius: 10)
[01:00:16 -51879.439929] SLOW spr round 20 (radius: 5)
[01:00:49 -51879.169347] SLOW spr round 21 (radius: 5)
[01:01:15 -51879.169222] SLOW spr round 22 (radius: 10)
[01:01:39 -51878.592226] SLOW spr round 23 (radius: 5)
[01:02:15 -51875.103173] SLOW spr round 24 (radius: 5)
[01:02:43 -51873.404183] SLOW spr round 25 (radius: 5)
[01:03:07 -51873.403943] SLOW spr round 26 (radius: 10)
[01:03:30 -51873.163780] SLOW spr round 27 (radius: 5)
[01:04:04 -51873.160170] SLOW spr round 28 (radius: 10)
[01:04:32 -51871.334516] SLOW spr round 29 (radius: 5)
[01:05:06 -51871.213372] SLOW spr round 30 (radius: 5)
[01:05:30] [worker #3] ML tree search #9, logLikelihood: -51846.510887
[01:05:32 -51871.211554] SLOW spr round 31 (radius: 10)
[01:05:56 -51871.124553] SLOW spr round 32 (radius: 15)
[01:06:31] [worker #1] ML tree search #2, logLikelihood: -51861.459524
[01:06:49 -51862.020728] SLOW spr round 33 (radius: 5)
[01:07:25 -51862.017190] SLOW spr round 34 (radius: 10)
[01:07:54 -51861.452749] SLOW spr round 35 (radius: 5)
[01:08:27 -51861.452413] SLOW spr round 36 (radius: 10)
[01:08:53 -51861.452407] SLOW spr round 37 (radius: 15)
[01:09:43 -51859.366319] SLOW spr round 38 (radius: 5)
[01:10:18 -51859.365682] SLOW spr round 39 (radius: 10)
[01:10:47 -51859.266211] SLOW spr round 40 (radius: 15)
[01:11:35 -51859.265984] SLOW spr round 41 (radius: 20)
[01:13:08 -51856.168010] SLOW spr round 42 (radius: 5)
[01:13:44 -51852.564738] SLOW spr round 43 (radius: 5)
[01:14:13 -51851.816182] SLOW spr round 44 (radius: 5)
[01:14:36 -51851.813865] SLOW spr round 45 (radius: 10)
[01:14:59 -51851.382814] SLOW spr round 46 (radius: 5)
[01:15:33 -51851.045667] SLOW spr round 47 (radius: 5)
[01:15:59 -51851.045362] SLOW spr round 48 (radius: 10)
[01:16:23 -51851.045329] SLOW spr round 49 (radius: 15)
[01:17:13 -51851.045323] SLOW spr round 50 (radius: 20)
[01:18:39 -51849.865118] SLOW spr round 51 (radius: 5)
[01:19:14 -51849.667915] SLOW spr round 52 (radius: 5)
[01:19:42 -51849.667664] SLOW spr round 53 (radius: 10)
[01:20:05 -51849.667660] SLOW spr round 54 (radius: 15)
[01:20:55 -51849.667660] SLOW spr round 55 (radius: 20)
[01:22:22 -51849.515310] SLOW spr round 56 (radius: 5)
[01:22:57 -51849.514741] SLOW spr round 57 (radius: 10)
[01:23:25 -51849.514721] SLOW spr round 58 (radius: 15)
[01:24:11 -51849.514720] SLOW spr round 59 (radius: 20)
[01:25:40 -51849.514720] SLOW spr round 60 (radius: 25)
[01:27:46 -51814.533465] SLOW spr round 61 (radius: 5)
[01:28:23 -51777.497050] SLOW spr round 62 (radius: 5)
[01:28:32] [worker #2] ML tree search #8, logLikelihood: -52076.616339
[01:28:52 -51775.666756] SLOW spr round 63 (radius: 5)
[01:29:17 -51773.533330] SLOW spr round 64 (radius: 5)
[01:29:41 -51773.533320] SLOW spr round 65 (radius: 10)
[01:30:04 -51773.394599] SLOW spr round 66 (radius: 5)
[01:30:38 -51773.306432] SLOW spr round 67 (radius: 10)
[01:31:05 -51773.305856] SLOW spr round 68 (radius: 15)
[01:31:53 -51753.662121] SLOW spr round 69 (radius: 5)
[01:32:30 -51733.763541] SLOW spr round 70 (radius: 5)
[01:32:59 -51732.308155] SLOW spr round 71 (radius: 5)
[01:33:22 -51732.307584] SLOW spr round 72 (radius: 10)
[01:33:46 -51732.307527] SLOW spr round 73 (radius: 15)
[01:34:39 -51731.353194] SLOW spr round 74 (radius: 5)
[01:35:15 -51731.339589] SLOW spr round 75 (radius: 10)
[01:35:43 -51731.336910] SLOW spr round 76 (radius: 15)
[01:36:32 -51731.336095] SLOW spr round 77 (radius: 20)
[01:38:06 -51729.885556] SLOW spr round 78 (radius: 5)
[01:38:42 -51729.884825] SLOW spr round 79 (radius: 10)
[01:39:11 -51729.884641] SLOW spr round 80 (radius: 15)
[01:39:59 -51729.884587] SLOW spr round 81 (radius: 20)
[01:41:34 -51729.884571] SLOW spr round 82 (radius: 25)
[01:43:45 -51724.164382] SLOW spr round 83 (radius: 5)
[01:44:02] [worker #4] ML tree search #10, logLikelihood: -51800.331198
[01:44:23 -51716.245786] SLOW spr round 84 (radius: 5)
[01:44:53 -51712.537634] SLOW spr round 85 (radius: 5)
[01:45:18 -51712.386956] SLOW spr round 86 (radius: 5)
[01:45:41 -51712.386006] SLOW spr round 87 (radius: 10)
[01:46:05 -51711.323321] SLOW spr round 88 (radius: 5)
[01:46:40 -51706.004631] SLOW spr round 89 (radius: 5)
[01:47:01] [worker #1] ML tree search #7, logLikelihood: -51837.547509
[01:47:08 -51705.915174] SLOW spr round 90 (radius: 10)
[01:47:33 -51705.449745] SLOW spr round 91 (radius: 5)
[01:48:02 -51697.017029] SLOW spr round 92 (radius: 5)
[01:48:26 -51697.012998] SLOW spr round 93 (radius: 10)
[01:48:47 -51695.486694] SLOW spr round 94 (radius: 5)
[01:48:51] [worker #3] ML tree search #14, logLikelihood: -51751.712204
[01:49:16 -51695.486268] SLOW spr round 95 (radius: 10)
[01:49:40 -51693.662696] SLOW spr round 96 (radius: 5)
[01:50:09 -51692.209465] SLOW spr round 97 (radius: 5)
[01:50:32 -51692.208963] SLOW spr round 98 (radius: 10)
[01:50:54 -51692.151017] SLOW spr round 99 (radius: 15)
[01:51:38 -51682.283878] SLOW spr round 100 (radius: 5)
[01:52:10 -51662.951268] SLOW spr round 101 (radius: 5)
[01:52:35 -51662.079050] SLOW spr round 102 (radius: 5)
[01:52:57 -51661.592928] SLOW spr round 103 (radius: 5)
[01:53:18 -51661.477607] SLOW spr round 104 (radius: 5)
[01:53:37 -51661.477569] SLOW spr round 105 (radius: 10)
[01:53:58 -51661.477569] SLOW spr round 106 (radius: 15)
[01:54:43 -51661.477569] SLOW spr round 107 (radius: 20)
[01:55:53 -51646.729685] SLOW spr round 108 (radius: 5)
[01:56:26 -51642.490027] SLOW spr round 109 (radius: 5)
[01:56:51 -51638.298130] SLOW spr round 110 (radius: 5)
[01:57:13 -51638.297963] SLOW spr round 111 (radius: 10)
[01:57:34 -51638.297962] SLOW spr round 112 (radius: 15)
[01:58:19 -51638.297962] SLOW spr round 113 (radius: 20)
[01:59:29 -51637.856826] SLOW spr round 114 (radius: 5)
[02:00:01 -51637.856711] SLOW spr round 115 (radius: 10)
[02:00:28 -51637.455189] SLOW spr round 116 (radius: 5)
[02:00:57 -51637.455141] SLOW spr round 117 (radius: 10)
[02:01:21 -51637.455140] SLOW spr round 118 (radius: 15)
[02:02:03 -51637.455140] SLOW spr round 119 (radius: 20)
[02:03:15 -51637.455140] SLOW spr round 120 (radius: 25)
[02:04:47 -51635.557716] SLOW spr round 121 (radius: 5)
[02:05:18 -51635.557299] SLOW spr round 122 (radius: 10)
[02:05:44 -51635.472260] SLOW spr round 123 (radius: 15)
[02:06:25 -51635.470650] SLOW spr round 124 (radius: 20)
[02:07:38 -51635.470599] SLOW spr round 125 (radius: 25)
[02:09:10 -51632.068612] SLOW spr round 126 (radius: 5)
[02:09:42 -51632.068573] SLOW spr round 127 (radius: 10)
[02:10:08 -51632.068573] SLOW spr round 128 (radius: 15)
[02:10:49 -51632.068573] SLOW spr round 129 (radius: 20)
[02:12:01 -51632.068573] SLOW spr round 130 (radius: 25)
[02:13:32 -51632.068573] Model parameter optimization (eps = 0.100000)

[02:13:54] [worker #0] ML tree search #6, logLikelihood: -51584.158891

[02:13:54 -61919.955539] Initial branch length optimization
[02:13:55 -57967.157881] Model parameter optimization (eps = 10.000000)
[02:14:05 -54430.738275] AUTODETECT spr round 1 (radius: 5)
[02:14:15 -53598.640669] AUTODETECT spr round 2 (radius: 10)
[02:14:29 -53320.022378] AUTODETECT spr round 3 (radius: 15)
[02:14:50 -53070.274223] AUTODETECT spr round 4 (radius: 20)
[02:15:19 -52915.118838] AUTODETECT spr round 5 (radius: 25)
[02:15:56 -52766.809357] SPR radius for FAST iterations: 25 (autodetect)
[02:15:56 -52766.809357] Model parameter optimization (eps = 3.000000)
[02:16:07 -52638.717609] FAST spr round 1 (radius: 25)
[02:16:44 -52049.081748] FAST spr round 2 (radius: 25)
[02:17:07 -51921.905734] FAST spr round 3 (radius: 25)
[02:17:23 -51849.547278] FAST spr round 4 (radius: 25)
[02:17:36 -51830.478890] FAST spr round 5 (radius: 25)
[02:17:47 -51829.875660] FAST spr round 6 (radius: 25)
[02:17:57 -51829.792454] Model parameter optimization (eps = 1.000000)
[02:18:02 -51818.965083] SLOW spr round 1 (radius: 5)
[02:18:30 -51787.134371] SLOW spr round 2 (radius: 5)
[02:18:54 -51773.147488] SLOW spr round 3 (radius: 5)
[02:19:16 -51771.215696] SLOW spr round 4 (radius: 5)
[02:19:37 -51770.717981] SLOW spr round 5 (radius: 5)
[02:19:57 -51770.717968] SLOW spr round 6 (radius: 10)
[02:20:19 -51765.778385] SLOW spr round 7 (radius: 5)
[02:20:52 -51765.777316] SLOW spr round 8 (radius: 10)
[02:21:18 -51760.071078] SLOW spr round 9 (radius: 5)
[02:21:50 -51758.430304] SLOW spr round 10 (radius: 5)
[02:22:17 -51757.896037] SLOW spr round 11 (radius: 5)
[02:22:39 -51757.668358] SLOW spr round 12 (radius: 5)
[02:23:01 -51757.667548] SLOW spr round 13 (radius: 10)
[02:23:23 -51756.710309] SLOW spr round 14 (radius: 5)
[02:23:57 -51753.944859] SLOW spr round 15 (radius: 5)
[02:24:24 -51753.565784] SLOW spr round 16 (radius: 5)
[02:24:47 -51753.564408] SLOW spr round 17 (radius: 10)
[02:25:09 -51752.422130] SLOW spr round 18 (radius: 5)
[02:25:43 -51751.166248] SLOW spr round 19 (radius: 5)
[02:25:52] [worker #2] ML tree search #13, logLikelihood: -51613.646332
[02:26:09 -51751.166168] SLOW spr round 20 (radius: 10)
[02:26:33 -51750.927786] SLOW spr round 21 (radius: 5)
[02:27:06 -51750.743470] SLOW spr round 22 (radius: 5)
[02:27:32 -51750.742994] SLOW spr round 23 (radius: 10)
[02:27:56 -51750.561799] SLOW spr round 24 (radius: 5)
[02:28:29 -51749.530057] SLOW spr round 25 (radius: 5)
[02:28:56 -51747.806939] SLOW spr round 26 (radius: 5)
[02:29:19 -51746.902733] SLOW spr round 27 (radius: 5)
[02:29:41 -51746.902223] SLOW spr round 28 (radius: 10)
[02:30:03 -51746.845026] SLOW spr round 29 (radius: 15)
[02:30:44] [worker #3] ML tree search #19, logLikelihood: -51574.363750
[02:30:50 -51740.910373] SLOW spr round 30 (radius: 5)
[02:31:26 -51738.480837] SLOW spr round 31 (radius: 5)
[02:31:53 -51738.339293] SLOW spr round 32 (radius: 5)
[02:32:16 -51738.339226] SLOW spr round 33 (radius: 10)
[02:32:38 -51738.339225] SLOW spr round 34 (radius: 15)
[02:33:25 -51737.478319] SLOW spr round 35 (radius: 5)
[02:34:00 -51733.368388] SLOW spr round 36 (radius: 5)
[02:34:28 -51731.285610] SLOW spr round 37 (radius: 5)
[02:34:52 -51731.275684] SLOW spr round 38 (radius: 10)
[02:35:14 -51730.903915] SLOW spr round 39 (radius: 5)
[02:35:47 -51729.414952] SLOW spr round 40 (radius: 5)
[02:36:13 -51728.767284] SLOW spr round 41 (radius: 5)
[02:36:35 -51728.767149] SLOW spr round 42 (radius: 10)
[02:36:57 -51728.767142] SLOW spr round 43 (radius: 15)
[02:37:44 -51728.302738] SLOW spr round 44 (radius: 5)
[02:38:18 -51728.302091] SLOW spr round 45 (radius: 10)
[02:38:44 -51728.302081] SLOW spr round 46 (radius: 15)
[02:39:26 -51728.011314] SLOW spr round 47 (radius: 5)
[02:40:01 -51727.745523] SLOW spr round 48 (radius: 5)
[02:40:28 -51727.745507] SLOW spr round 49 (radius: 10)
[02:40:51 -51727.745505] SLOW spr round 50 (radius: 15)
[02:41:09] [worker #1] ML tree search #12, logLikelihood: -51719.992873
[02:41:37 -51727.623504] SLOW spr round 51 (radius: 5)
[02:42:12 -51727.623405] SLOW spr round 52 (radius: 10)
[02:42:39 -51726.787507] SLOW spr round 53 (radius: 5)
[02:43:11 -51726.652151] SLOW spr round 54 (radius: 5)
[02:43:36 -51726.651733] SLOW spr round 55 (radius: 10)
[02:43:59 -51726.651725] SLOW spr round 56 (radius: 15)
[02:44:45 -51726.651724] SLOW spr round 57 (radius: 20)
[02:45:48 -51722.772548] SLOW spr round 58 (radius: 5)
[02:46:01] [worker #4] ML tree search #15, logLikelihood: -51687.783693
[02:46:23 -51721.208956] SLOW spr round 59 (radius: 5)
[02:46:49 -51721.102554] SLOW spr round 60 (radius: 5)
[02:47:12 -51721.102434] SLOW spr round 61 (radius: 10)
[02:47:34 -51720.407175] SLOW spr round 62 (radius: 5)
[02:48:06 -51718.589578] SLOW spr round 63 (radius: 5)
[02:48:32 -51717.790935] SLOW spr round 64 (radius: 5)
[02:48:54 -51717.790593] SLOW spr round 65 (radius: 10)
[02:49:15 -51717.790591] SLOW spr round 66 (radius: 15)
[02:50:00 -51717.790591] SLOW spr round 67 (radius: 20)
[02:50:57 -51717.790591] SLOW spr round 68 (radius: 25)
[02:52:15 -51707.630177] SLOW spr round 69 (radius: 5)
[02:52:51 -51704.014457] SLOW spr round 70 (radius: 5)
[02:53:19 -51704.012717] SLOW spr round 71 (radius: 10)
[02:53:43 -51704.012416] SLOW spr round 72 (radius: 15)
[02:54:29 -51703.766977] SLOW spr round 73 (radius: 5)
[02:55:03 -51702.563719] SLOW spr round 74 (radius: 5)
[02:55:29 -51702.563627] SLOW spr round 75 (radius: 10)
[02:55:52 -51701.868813] SLOW spr round 76 (radius: 5)
[02:56:25 -51700.874989] SLOW spr round 77 (radius: 5)
[02:56:50 -51700.874510] SLOW spr round 78 (radius: 10)
[02:57:12 -51700.874474] SLOW spr round 79 (radius: 15)
[02:57:58 -51700.874470] SLOW spr round 80 (radius: 20)
[02:58:57 -51699.030141] SLOW spr round 81 (radius: 5)
[02:59:29 -51696.083327] SLOW spr round 82 (radius: 5)
[02:59:56 -51694.877673] SLOW spr round 83 (radius: 5)
[03:00:19 -51694.877035] SLOW spr round 84 (radius: 10)
[03:00:41 -51692.483345] SLOW spr round 85 (radius: 5)
[03:01:14 -51687.832643] SLOW spr round 86 (radius: 5)
[03:01:40 -51687.461650] SLOW spr round 87 (radius: 5)
[03:02:02 -51687.461567] SLOW spr round 88 (radius: 10)
[03:02:23 -51685.088908] SLOW spr round 89 (radius: 5)
[03:02:56 -51682.164517] SLOW spr round 90 (radius: 5)
[03:03:22 -51682.164412] SLOW spr round 91 (radius: 10)
[03:03:44 -51681.269003] SLOW spr round 92 (radius: 5)
[03:04:16 -51681.123932] SLOW spr round 93 (radius: 5)
[03:04:41 -51681.123908] SLOW spr round 94 (radius: 10)
[03:05:03 -51681.123907] SLOW spr round 95 (radius: 15)
[03:05:50 -51680.338935] SLOW spr round 96 (radius: 5)
[03:06:23 -51678.985119] SLOW spr round 97 (radius: 5)
[03:06:49 -51678.985057] SLOW spr round 98 (radius: 10)
[03:07:12 -51678.985057] SLOW spr round 99 (radius: 15)
[03:07:57 -51678.891881] SLOW spr round 100 (radius: 20)
[03:08:59 -51678.605911] SLOW spr round 101 (radius: 5)
[03:09:32 -51678.605652] SLOW spr round 102 (radius: 10)
[03:09:59 -51678.564337] SLOW spr round 103 (radius: 15)
[03:10:39 -51678.386091] SLOW spr round 104 (radius: 5)
[03:11:13 -51678.095087] SLOW spr round 105 (radius: 5)
[03:11:39 -51678.094912] SLOW spr round 106 (radius: 10)
[03:12:01 -51678.094883] SLOW spr round 107 (radius: 15)
[03:12:46 -51676.648824] SLOW spr round 108 (radius: 5)
[03:13:19 -51676.365003] SLOW spr round 109 (radius: 5)
[03:13:46 -51676.364853] SLOW spr round 110 (radius: 10)
[03:14:08 -51676.364801] SLOW spr round 111 (radius: 15)
[03:14:52 -51675.986084] SLOW spr round 112 (radius: 5)
[03:15:25 -51675.984204] SLOW spr round 113 (radius: 10)
[03:15:51 -51675.984095] SLOW spr round 114 (radius: 15)
[03:16:32 -51675.984079] SLOW spr round 115 (radius: 20)
[03:17:33 -51675.984074] SLOW spr round 116 (radius: 25)
[03:18:53 -51675.984072] Model parameter optimization (eps = 0.100000)

[03:19:00] [worker #0] ML tree search #11, logLikelihood: -51671.224649

[03:19:01 -62291.319279] Initial branch length optimization
[03:19:01 -58341.117509] Model parameter optimization (eps = 10.000000)
[03:19:12 -54861.566680] AUTODETECT spr round 1 (radius: 5)
[03:19:21 -53856.402744] AUTODETECT spr round 2 (radius: 10)
[03:19:36 -53426.247571] AUTODETECT spr round 3 (radius: 15)
[03:19:55 -53103.893764] AUTODETECT spr round 4 (radius: 20)
[03:20:19 -53017.402037] AUTODETECT spr round 5 (radius: 25)
[03:20:47 -52916.037291] SPR radius for FAST iterations: 25 (autodetect)
[03:20:47 -52916.037291] Model parameter optimization (eps = 3.000000)
[03:20:57 -52830.101997] FAST spr round 1 (radius: 25)
[03:21:32 -52354.785609] FAST spr round 2 (radius: 25)
[03:21:54 -52228.773284] FAST spr round 3 (radius: 25)
[03:22:10 -52172.735889] FAST spr round 4 (radius: 25)
[03:22:23 -52164.570569] FAST spr round 5 (radius: 25)
[03:22:34 -52162.969962] FAST spr round 6 (radius: 25)
[03:22:44 -52162.265746] FAST spr round 7 (radius: 25)
[03:22:53 -52162.265619] Model parameter optimization (eps = 1.000000)
[03:22:59 -52146.966428] SLOW spr round 1 (radius: 5)
[03:23:19 -52113.630200] SLOW spr round 2 (radius: 5)
[03:23:37 -52103.629175] SLOW spr round 3 (radius: 5)
[03:23:54 -52101.595724] SLOW spr round 4 (radius: 5)
[03:24:10 -52100.800617] SLOW spr round 5 (radius: 5)
[03:24:26 -52100.784048] SLOW spr round 6 (radius: 10)
[03:24:43 -52097.993562] SLOW spr round 7 (radius: 5)
[03:25:07 -52097.992641] SLOW spr round 8 (radius: 10)
[03:25:26 -52095.371481] SLOW spr round 9 (radius: 5)
[03:25:50 -52094.260147] SLOW spr round 10 (radius: 5)
[03:25:51] [worker #1] ML tree search #17, logLikelihood: -51944.944100
[03:26:10 -52094.241254] SLOW spr round 11 (radius: 10)
[03:26:26 -52093.705306] SLOW spr round 12 (radius: 5)
[03:26:50 -52092.655275] SLOW spr round 13 (radius: 5)
[03:27:10 -52092.654895] SLOW spr round 14 (radius: 10)
[03:27:26 -52091.535821] SLOW spr round 15 (radius: 5)
[03:27:50 -52091.487876] SLOW spr round 16 (radius: 10)
[03:28:09 -52091.019697] SLOW spr round 17 (radius: 5)
[03:28:32 -52091.019116] SLOW spr round 18 (radius: 10)
[03:28:50 -52090.703964] SLOW spr round 19 (radius: 5)
[03:29:13 -52089.680382] SLOW spr round 20 (radius: 5)
[03:29:32 -52088.652047] SLOW spr round 21 (radius: 5)
[03:29:50 -52087.934438] SLOW spr round 22 (radius: 5)
[03:30:06 -52087.933582] SLOW spr round 23 (radius: 10)
[03:30:22 -52086.405823] SLOW spr round 24 (radius: 5)
[03:30:45 -52086.405683] SLOW spr round 25 (radius: 10)
[03:31:04 -52086.273401] SLOW spr round 26 (radius: 5)
[03:31:28 -52084.919576] SLOW spr round 27 (radius: 5)
[03:31:48 -52084.893306] SLOW spr round 28 (radius: 10)
[03:32:06 -52083.023404] SLOW spr round 29 (radius: 5)
[03:32:31 -52080.325465] SLOW spr round 30 (radius: 5)
[03:32:52 -52079.724784] SLOW spr round 31 (radius: 5)
[03:33:10 -52079.723825] SLOW spr round 32 (radius: 10)
[03:33:27 -52079.723813] SLOW spr round 33 (radius: 15)
[03:34:00 -52074.046889] SLOW spr round 34 (radius: 5)
[03:34:27 -52070.315114] SLOW spr round 35 (radius: 5)
[03:34:49 -52064.588946] SLOW spr round 36 (radius: 5)
[03:35:08 -52063.383602] SLOW spr round 37 (radius: 5)
[03:35:16] [worker #4] ML tree search #20, logLikelihood: -51605.156747
[03:35:26 -52063.383331] SLOW spr round 38 (radius: 10)
[03:35:42 -52063.383322] SLOW spr round 39 (radius: 15)
[03:36:18 -52062.764893] SLOW spr round 40 (radius: 5)
[03:36:45 -52061.975670] SLOW spr round 41 (radius: 5)
[03:37:07 -52061.975030] SLOW spr round 42 (radius: 10)
[03:37:25 -52061.975008] SLOW spr round 43 (radius: 15)
[03:37:59 -52061.299581] SLOW spr round 44 (radius: 5)
[03:38:27 -52058.691664] SLOW spr round 45 (radius: 5)
[03:38:49 -52058.691647] SLOW spr round 46 (radius: 10)
[03:39:08 -52058.691646] SLOW spr round 47 (radius: 15)
[03:39:40 -52058.691646] SLOW spr round 48 (radius: 20)
[03:40:30 -52053.029009] SLOW spr round 49 (radius: 5)
[03:40:56 -52050.418866] SLOW spr round 50 (radius: 5)
[03:41:17 -52048.810465] SLOW spr round 51 (radius: 5)
[03:41:36 -52048.772086] SLOW spr round 52 (radius: 10)
[03:41:52 -52048.771462] SLOW spr round 53 (radius: 15)
[03:42:26 -52048.510350] SLOW spr round 54 (radius: 5)
[03:42:52 -52042.599387] SLOW spr round 55 (radius: 5)
[03:43:13 -52041.840445] SLOW spr round 56 (radius: 5)
[03:43:31 -52041.839755] SLOW spr round 57 (radius: 10)
[03:43:48 -52041.839744] SLOW spr round 58 (radius: 15)
[03:44:21 -52041.839743] SLOW spr round 59 (radius: 20)
[03:45:10 -52040.980690] SLOW spr round 60 (radius: 5)
[03:45:36 -52039.682516] SLOW spr round 61 (radius: 5)
[03:45:56 -52039.682007] SLOW spr round 62 (radius: 10)
[03:46:14 -52039.681991] SLOW spr round 63 (radius: 15)
[03:46:48 -52039.681989] SLOW spr round 64 (radius: 20)
[03:47:39 -52039.188198] SLOW spr round 65 (radius: 5)
[03:47:56] [worker #2] ML tree search #18, logLikelihood: -52010.347417
[03:48:06 -52039.186238] SLOW spr round 66 (radius: 10)
[03:48:27 -52039.186198] SLOW spr round 67 (radius: 15)
[03:48:59 -52039.186187] SLOW spr round 68 (radius: 20)
[03:49:52 -52039.027161] SLOW spr round 69 (radius: 5)
[03:50:20 -52036.151896] SLOW spr round 70 (radius: 5)
[03:50:41 -52035.375177] SLOW spr round 71 (radius: 5)
[03:50:59 -52035.374939] SLOW spr round 72 (radius: 10)
[03:51:15 -52034.631727] SLOW spr round 73 (radius: 5)
[03:51:40 -52034.531947] SLOW spr round 74 (radius: 10)
[03:51:59 -52034.421117] SLOW spr round 75 (radius: 5)
[03:52:23 -52034.419231] SLOW spr round 76 (radius: 10)
[03:52:41 -52034.419072] SLOW spr round 77 (radius: 15)
[03:53:13 -52033.935810] SLOW spr round 78 (radius: 5)
[03:53:39 -52033.911665] SLOW spr round 79 (radius: 10)
[03:53:59 -52033.908336] SLOW spr round 80 (radius: 15)
[03:54:29 -52033.906885] SLOW spr round 81 (radius: 20)
[03:55:20 -52033.089098] SLOW spr round 82 (radius: 5)
[03:55:45 -52032.605383] SLOW spr round 83 (radius: 5)
[03:56:06 -52032.593661] SLOW spr round 84 (radius: 10)
[03:56:23 -52032.593605] SLOW spr round 85 (radius: 15)
[03:56:56 -52032.593603] SLOW spr round 86 (radius: 20)
[03:57:44 -52032.446383] SLOW spr round 87 (radius: 5)
[03:58:09 -52032.445278] SLOW spr round 88 (radius: 10)
[03:58:29 -52032.444971] SLOW spr round 89 (radius: 15)
[03:58:58 -52032.444851] SLOW spr round 90 (radius: 20)
[03:59:47 -52032.444799] SLOW spr round 91 (radius: 25)
[04:00:52 -52010.071491] SLOW spr round 92 (radius: 5)
[04:01:20 -51965.191048] SLOW spr round 93 (radius: 5)
[04:01:40 -51955.890003] SLOW spr round 94 (radius: 5)
[04:01:57 -51955.500428] SLOW spr round 95 (radius: 5)
[04:02:13 -51955.404170] SLOW spr round 96 (radius: 10)
[04:02:29 -51955.403024] SLOW spr round 97 (radius: 15)
[04:03:02 -51929.611795] SLOW spr round 98 (radius: 5)
[04:03:27 -51928.613710] SLOW spr round 99 (radius: 5)
[04:03:46 -51928.613370] SLOW spr round 100 (radius: 10)
[04:04:02 -51928.613367] SLOW spr round 101 (radius: 15)
[04:04:33 -51928.613367] SLOW spr round 102 (radius: 20)
[04:05:19 -51928.613367] SLOW spr round 103 (radius: 25)
[04:06:39 -51928.577182] Model parameter optimization (eps = 0.100000)

[04:06:49] [worker #0] ML tree search #16, logLikelihood: -51918.756782


Optimized model parameters:

   Partition 0: noname
   Rate heterogeneity: GAMMA (4 cats, mean),  alpha: 0.332050 (ML),  weights&rates: (0.250000,0.008252) (0.250000,0.129549) (0.250000,0.645902) (0.250000,3.216298) 
   Base frequencies (ML): 0.041860 0.498457 0.325820 0.133863 
   Substitution rates (ML): 3.678108 26.137579 31.430521 4.306878 8.766037 1.000000 


Final LogLikelihood: -51574.363750

AIC score: 106832.727500 / AICc score: 6896444.727500 / BIC score: 113311.875735
Free parameters (model + branch lengths): 1842

WARNING: Number of free parameters (K=1842) is larger than alignment size (n=249).
         This might lead to overfitting and compromise tree inference results!


WARNING: Best ML tree contains 80 near-zero branches!

Best ML tree with collapsed near-zero branches saved to: /home2/ISAD/dp415/dada2_pipeline_myxorpoB/data/output/run_myxo_gtdbr202/raxml/myxo_90/myxo_90.raxml.bestTreeCollapsed
Best ML tree saved to: /home2/ISAD/dp415/dada2_pipeline_myxorpoB/data/output/run_myxo_gtdbr202/raxml/myxo_90/myxo_90.raxml.bestTree
All ML trees saved to: /home2/ISAD/dp415/dada2_pipeline_myxorpoB/data/output/run_myxo_gtdbr202/raxml/myxo_90/myxo_90.raxml.mlTrees
Optimized model saved to: /home2/ISAD/dp415/dada2_pipeline_myxorpoB/data/output/run_myxo_gtdbr202/raxml/myxo_90/myxo_90.raxml.bestModel

Execution log saved to: /home2/ISAD/dp415/dada2_pipeline_myxorpoB/data/output/run_myxo_gtdbr202/raxml/myxo_90/myxo_90.raxml.log

Analysis started: 19-Jan-2022 08:49:10 / finished: 19-Jan-2022 12:56:00

Elapsed time: 14809.860 seconds

