
RAxML-NG v. 1.1 released on 29.11.2021 by The Exelixis Lab.
Developed by: Alexey M. Kozlov and Alexandros Stamatakis.
Contributors: Diego Darriba, Tomas Flouri, Benoit Morel, Sarah Lutteropp, Ben Bettisworth.
Latest version: https://github.com/amkozlov/raxml-ng
Questions/problems/suggestions? Please visit: https://groups.google.com/forum/#!forum/raxml

System: Intel(R) Xeon(R) Gold 6230 CPU @ 2.10GHz, 40 cores, 376 GB RAM

RAxML-NG was called at 31-Jan-2023 11:52:58 as follows:

raxml-ng --msa alignment/alignment_96percent.fasta --model GTR+G --prefix trees/myxo_96/myxo_96 --threads 8 --seed 2 --tree-constraint constraint_trees/constraint_tree_96percent.tre

Analysis options:
  run mode: ML tree search
  start tree(s): random (10) + parsimony (10)
  topological constraint: constraint_trees/constraint_tree_96percent.tre (algorithm: NEW)
  random seed: 2
  tip-inner: OFF
  pattern compression: ON
  per-rate scalers: OFF
  site repeats: ON
  fast spr radius: AUTO
  spr subtree cutoff: 1.000000
  branch lengths: proportional (ML estimate, algorithm: NR-FAST)
  SIMD kernels: AVX2
  parallelization: coarse-grained (auto), PTHREADS (8 threads), thread pinning: OFF

[00:00:00] Reading alignment from file: alignment/alignment_96percent.fasta
[00:00:00] Loaded alignment with 1238 taxa and 246 sites

Alignment comprises 1 partitions and 155 patterns

Partition 0: noname
Model: GTR+FO+G4m
Alignment sites / patterns: 246 / 155
Gaps: 8.90 %
Invariant sites: 37.80 %


NOTE: Binary MSA file created: trees/myxo_96/myxo_96.raxml.rba

[00:00:00] Loading constraint tree from: constraint_trees/constraint_tree_96percent.tre
[00:00:00] Loaded non-comprehensive constraint tree with 778 taxa

Parallelization scheme autoconfig: 8 worker(s) x 1 thread(s)

Parallel reduction/worker buffer size: 1 KB  / 0 KB

[00:00:00] Generating 10 random starting tree(s) with 1238 taxa
[00:00:00] Generating 10 parsimony starting tree(s) with 1238 taxa
[00:00:48] Data distribution: max. partitions/sites/weight per thread: 1 / 155 / 2480
[00:00:48] Data distribution: max. searches per worker: 3

Starting ML tree search with 20 distinct starting trees

[00:00:48 -106118.297992] Initial branch length optimization
[00:00:48 -95110.507166] Model parameter optimization (eps = 10.000000)
[00:01:03 -86486.178607] AUTODETECT spr round 1 (radius: 5)
[00:01:41 -76088.541206] AUTODETECT spr round 2 (radius: 10)
[00:02:17 -67790.370376] AUTODETECT spr round 3 (radius: 15)
[00:02:58 -62936.557047] AUTODETECT spr round 4 (radius: 20)
[00:03:42 -60925.364690] AUTODETECT spr round 5 (radius: 25)
[00:04:31 -59815.934546] SPR radius for FAST iterations: 25 (autodetect)
[00:04:31 -59815.934546] Model parameter optimization (eps = 3.000000)
[00:05:12 -59308.768118] FAST spr round 1 (radius: 25)
[00:06:20 -55900.417007] FAST spr round 2 (radius: 25)
[00:07:06 -55614.948787] FAST spr round 3 (radius: 25)
[00:07:41 -55550.474952] FAST spr round 4 (radius: 25)
[00:08:12 -55542.022050] FAST spr round 5 (radius: 25)
[00:08:44 -55535.253324] FAST spr round 6 (radius: 25)
[00:09:15 -55535.252769] Model parameter optimization (eps = 1.000000)
[00:09:26 -55495.546888] SLOW spr round 1 (radius: 5)
[00:10:08 -55463.514235] SLOW spr round 2 (radius: 5)
[00:10:48 -55460.177422] SLOW spr round 3 (radius: 5)
[00:11:26 -55457.079808] SLOW spr round 4 (radius: 5)
[00:12:06 -55455.743776] SLOW spr round 5 (radius: 5)
[00:12:43 -55455.743707] SLOW spr round 6 (radius: 10)
[00:13:22 -55450.715738] SLOW spr round 7 (radius: 5)
[00:14:08 -55446.353166] SLOW spr round 8 (radius: 5)
[00:14:49 -55444.813303] SLOW spr round 9 (radius: 5)
[00:15:28 -55444.813285] SLOW spr round 10 (radius: 10)
[00:16:06 -55442.853140] SLOW spr round 11 (radius: 5)
[00:16:51 -55442.034985] SLOW spr round 12 (radius: 5)
[00:17:31 -55442.034957] SLOW spr round 13 (radius: 10)
[00:18:08 -55440.399774] SLOW spr round 14 (radius: 5)
[00:18:48 -55440.237813] SLOW spr round 15 (radius: 5)
[00:19:24 -55440.237735] SLOW spr round 16 (radius: 10)
[00:19:57 -55439.794541] SLOW spr round 17 (radius: 5)
[00:20:37 -55438.688927] SLOW spr round 18 (radius: 5)
[00:21:14 -55438.688342] SLOW spr round 19 (radius: 10)
[00:21:48 -55437.225354] SLOW spr round 20 (radius: 5)
[00:22:27 -55437.225082] SLOW spr round 21 (radius: 10)
[00:23:01 -55437.182235] SLOW spr round 22 (radius: 15)
[00:23:44 -55416.896012] SLOW spr round 23 (radius: 5)
[00:24:26 -55411.353839] SLOW spr round 24 (radius: 5)
[00:25:02 -55401.116626] SLOW spr round 25 (radius: 5)
[00:25:40 -55390.912251] SLOW spr round 26 (radius: 5)
[00:26:13 -55389.124909] SLOW spr round 27 (radius: 5)
[00:26:44 -55388.697353] SLOW spr round 28 (radius: 5)
[00:27:14 -55387.891042] SLOW spr round 29 (radius: 5)
[00:27:46 -55387.890981] SLOW spr round 30 (radius: 10)
[00:28:17 -55387.454223] SLOW spr round 31 (radius: 5)
[00:28:55 -55387.452233] SLOW spr round 32 (radius: 10)
[00:29:29 -55386.076126] SLOW spr round 33 (radius: 5)
[00:30:07 -55386.036520] SLOW spr round 34 (radius: 10)
[00:30:39 -55386.034264] SLOW spr round 35 (radius: 15)
[00:31:21 -55380.685432] SLOW spr round 36 (radius: 5)
[00:32:01 -55379.127266] SLOW spr round 37 (radius: 5)
[00:32:36 -55376.975953] SLOW spr round 38 (radius: 5)
[00:33:09 -55376.762390] SLOW spr round 39 (radius: 5)
[00:33:41 -55376.762094] SLOW spr round 40 (radius: 10)
[00:34:12 -55376.456759] SLOW spr round 41 (radius: 5)
[00:34:51 -55373.967333] SLOW spr round 42 (radius: 5)
[00:35:25 -55373.958473] SLOW spr round 43 (radius: 10)
[00:35:57 -55373.957914] SLOW spr round 44 (radius: 15)
[00:36:39 -55373.884829] SLOW spr round 45 (radius: 20)
[00:37:31 -55361.958020] SLOW spr round 46 (radius: 5)
[00:38:12 -55361.405249] SLOW spr round 47 (radius: 5)
[00:38:47 -55361.404308] SLOW spr round 48 (radius: 10)
[00:39:19 -55358.509780] SLOW spr round 49 (radius: 5)
[00:39:57 -55358.468680] SLOW spr round 50 (radius: 10)
[00:40:30 -55358.466836] SLOW spr round 51 (radius: 15)
[00:41:13 -55358.466230] SLOW spr round 52 (radius: 20)
[00:42:03 -55358.466027] SLOW spr round 53 (radius: 25)
[00:43:04 -55297.332445] SLOW spr round 54 (radius: 5)
[00:43:46 -55247.096613] SLOW spr round 55 (radius: 5)
[00:44:24 -55239.843730] SLOW spr round 56 (radius: 5)
[00:44:57 -55239.089080] SLOW spr round 57 (radius: 5)
[00:45:30 -55238.124254] SLOW spr round 58 (radius: 5)
[00:46:01 -55237.702038] SLOW spr round 59 (radius: 5)
[00:46:34 -55237.694242] SLOW spr round 60 (radius: 10)
[00:47:06 -55223.095790] SLOW spr round 61 (radius: 5)
[00:47:46 -55217.642261] SLOW spr round 62 (radius: 5)
[00:48:22 -55217.641802] SLOW spr round 63 (radius: 10)
[00:48:54 -55217.641788] SLOW spr round 64 (radius: 15)
[00:49:37 -55215.887732] SLOW spr round 65 (radius: 5)
[00:50:17 -55214.270893] SLOW spr round 66 (radius: 5)
[00:50:52 -55214.270660] SLOW spr round 67 (radius: 10)
[00:51:26 -55214.270659] SLOW spr round 68 (radius: 15)
[00:52:10 -55214.270659] SLOW spr round 69 (radius: 20)
[00:53:02 -55213.448039] SLOW spr round 70 (radius: 5)
[00:53:43 -55212.394308] SLOW spr round 71 (radius: 5)
[00:54:19 -55212.394083] SLOW spr round 72 (radius: 10)
[00:54:51 -55212.394021] SLOW spr round 73 (radius: 15)
[00:55:35 -55212.393985] SLOW spr round 74 (radius: 20)
[00:56:26 -55212.092162] SLOW spr round 75 (radius: 5)
[00:57:07 -55212.089986] SLOW spr round 76 (radius: 10)
[00:57:43 -55207.026955] SLOW spr round 77 (radius: 5)
[00:58:23 -55205.983764] SLOW spr round 78 (radius: 5)
[00:58:58 -55205.982903] SLOW spr round 79 (radius: 10)
[00:59:31 -55205.982847] SLOW spr round 80 (radius: 15)
[01:00:16 -55205.982842] SLOW spr round 81 (radius: 20)
[01:01:08 -55205.982841] SLOW spr round 82 (radius: 25)
[01:02:06 -55169.401177] SLOW spr round 83 (radius: 5)
[01:02:48 -55133.678448] SLOW spr round 84 (radius: 5)
[01:03:24 -55133.116322] SLOW spr round 85 (radius: 5)
[01:03:58 -55132.379742] SLOW spr round 86 (radius: 5)
[01:04:31 -55132.284768] SLOW spr round 87 (radius: 10)
[01:05:02 -55132.283930] SLOW spr round 88 (radius: 15)
[01:05:46 -55132.283889] SLOW spr round 89 (radius: 20)
[01:06:36 -55132.283886] SLOW spr round 90 (radius: 25)
[01:07:32 -55131.772931] SLOW spr round 91 (radius: 5)
[01:08:12 -55131.649153] SLOW spr round 92 (radius: 5)
[01:08:49 -55131.649061] SLOW spr round 93 (radius: 10)
[01:09:21 -55131.649061] SLOW spr round 94 (radius: 15)
[01:10:04 -55131.649061] SLOW spr round 95 (radius: 20)
[01:10:54 -55131.098115] SLOW spr round 96 (radius: 5)
[01:11:35 -55130.855437] SLOW spr round 97 (radius: 5)
[01:12:10 -55130.855324] SLOW spr round 98 (radius: 10)
[01:12:43 -55130.855316] SLOW spr round 99 (radius: 15)
[01:13:27 -55130.855315] SLOW spr round 100 (radius: 20)
[01:14:18 -55130.855315] SLOW spr round 101 (radius: 25)
[01:15:13 -55130.855315] Model parameter optimization (eps = 0.100000)

[01:15:23] [worker #0] ML tree search #1, logLikelihood: -55109.498855

[01:15:23 -106445.777521] Initial branch length optimization
[01:15:24 -95440.733743] Model parameter optimization (eps = 10.000000)
[01:15:33 -86695.731870] AUTODETECT spr round 1 (radius: 5)
[01:16:00 -76258.150237] AUTODETECT spr round 2 (radius: 10)
[01:16:29 -68373.510410] AUTODETECT spr round 3 (radius: 15)
[01:17:03 -63966.451874] AUTODETECT spr round 4 (radius: 20)
[01:17:43 -61304.318755] AUTODETECT spr round 5 (radius: 25)
[01:18:22 -60306.062776] SPR radius for FAST iterations: 25 (autodetect)
[01:18:22 -60306.062776] Model parameter optimization (eps = 3.000000)
[01:18:52 -59724.598045] FAST spr round 1 (radius: 25)
[01:19:40 -56186.244452] FAST spr round 2 (radius: 25)
[01:20:17 -55717.902159] FAST spr round 3 (radius: 25)
[01:20:48 -55630.856751] FAST spr round 4 (radius: 25)
[01:21:18 -55598.936914] FAST spr round 5 (radius: 25)
[01:21:45 -55593.195251] FAST spr round 6 (radius: 25)
[01:22:10 -55592.889000] FAST spr round 7 (radius: 25)
[01:22:36 -55592.888981] Model parameter optimization (eps = 1.000000)
[01:22:45 -55545.221334] SLOW spr round 1 (radius: 5)
[01:23:22 -55510.409933] SLOW spr round 2 (radius: 5)
[01:23:39] [worker #3] ML tree search #4, logLikelihood: -54743.269200
[01:23:57 -55499.033604] SLOW spr round 3 (radius: 5)
[01:24:30 -55498.812115] SLOW spr round 4 (radius: 5)
[01:24:35] [worker #2] ML tree search #3, logLikelihood: -54882.404029
[01:25:01 -55498.811564] SLOW spr round 5 (radius: 10)
[01:25:35 -55366.888141] SLOW spr round 6 (radius: 5)
[01:26:16 -55285.981279] SLOW spr round 7 (radius: 5)
[01:26:51 -55285.963251] SLOW spr round 8 (radius: 10)
[01:27:26 -55263.553287] SLOW spr round 9 (radius: 5)
[01:28:06 -55256.349392] SLOW spr round 10 (radius: 5)
[01:28:41 -55255.415473] SLOW spr round 11 (radius: 5)
[01:29:13 -55255.414723] SLOW spr round 12 (radius: 10)
[01:29:46 -55251.145311] SLOW spr round 13 (radius: 5)
[01:30:25 -55250.138554] SLOW spr round 14 (radius: 5)
[01:31:00 -55246.763294] SLOW spr round 15 (radius: 5)
[01:31:32 -55244.987452] SLOW spr round 16 (radius: 5)
[01:32:04 -55244.987437] SLOW spr round 17 (radius: 10)
[01:32:36 -55242.933852] SLOW spr round 18 (radius: 5)
[01:33:15 -55240.515699] SLOW spr round 19 (radius: 5)
[01:33:49 -55240.514568] SLOW spr round 20 (radius: 10)
[01:34:22 -55238.887462] SLOW spr round 21 (radius: 5)
[01:35:01 -55237.648633] SLOW spr round 22 (radius: 5)
[01:35:35 -55237.648347] SLOW spr round 23 (radius: 10)
[01:36:07 -55236.747126] SLOW spr round 24 (radius: 5)
[01:36:48 -55234.412708] SLOW spr round 25 (radius: 5)
[01:37:22 -55234.279305] SLOW spr round 26 (radius: 5)
[01:37:55 -55234.276979] SLOW spr round 27 (radius: 10)
[01:38:27 -55233.081682] SLOW spr round 28 (radius: 5)
[01:39:02] [worker #1] ML tree search #2, logLikelihood: -55215.377543
[01:39:06 -55231.198645] SLOW spr round 29 (radius: 5)
[01:39:41 -55231.012987] SLOW spr round 30 (radius: 5)
[01:40:13 -55231.012983] SLOW spr round 31 (radius: 10)
[01:40:45 -55230.090142] SLOW spr round 32 (radius: 5)
[01:41:24 -55230.066623] SLOW spr round 33 (radius: 10)
[01:41:58 -55229.211273] SLOW spr round 34 (radius: 5)
[01:42:36 -55228.380334] SLOW spr round 35 (radius: 5)
[01:43:10 -55228.300274] SLOW spr round 36 (radius: 10)
[01:43:42 -55227.409163] SLOW spr round 37 (radius: 5)
[01:44:20 -55226.593423] SLOW spr round 38 (radius: 5)
[01:44:55 -55226.593402] SLOW spr round 39 (radius: 10)
[01:45:29 -55226.540230] SLOW spr round 40 (radius: 15)
[01:46:14 -55225.294990] SLOW spr round 41 (radius: 5)
[01:46:55 -55222.423491] SLOW spr round 42 (radius: 5)
[01:47:31 -55220.701224] SLOW spr round 43 (radius: 5)
[01:48:03 -55219.826745] SLOW spr round 44 (radius: 5)
[01:48:34 -55219.826741] SLOW spr round 45 (radius: 10)
[01:49:04 -55219.826741] SLOW spr round 46 (radius: 15)
[01:49:49 -55219.398843] SLOW spr round 47 (radius: 5)
[01:50:29 -55218.824774] SLOW spr round 48 (radius: 5)
[01:51:04 -55218.701512] SLOW spr round 49 (radius: 5)
[01:51:37 -55218.699562] SLOW spr round 50 (radius: 10)
[01:52:09 -55218.699352] SLOW spr round 51 (radius: 15)
[01:52:50] [worker #5] ML tree search #6, logLikelihood: -54869.637131
[01:52:54 -55218.543986] SLOW spr round 52 (radius: 5)
[01:53:33 -55218.543974] SLOW spr round 53 (radius: 10)
[01:54:08 -55218.543974] SLOW spr round 54 (radius: 15)
[01:54:51 -55218.543974] SLOW spr round 55 (radius: 20)
[01:55:48 -55201.551296] SLOW spr round 56 (radius: 5)
[01:56:30 -55190.925086] SLOW spr round 57 (radius: 5)
[01:57:06 -55189.666617] SLOW spr round 58 (radius: 5)
[01:57:40 -55186.599761] SLOW spr round 59 (radius: 5)
[01:58:13 -55186.597581] SLOW spr round 60 (radius: 10)
[01:58:45 -55183.938801] SLOW spr round 61 (radius: 5)
[01:59:26 -55180.948060] SLOW spr round 62 (radius: 5)
[02:00:01 -55180.818160] SLOW spr round 63 (radius: 5)
[02:00:33 -55180.818062] SLOW spr round 64 (radius: 10)
[02:01:04 -55180.818062] SLOW spr round 65 (radius: 15)
[02:01:49 -55180.818062] SLOW spr round 66 (radius: 20)
[02:02:45 -55166.130994] SLOW spr round 67 (radius: 5)
[02:03:27 -55152.857525] SLOW spr round 68 (radius: 5)
[02:04:03 -55152.558415] SLOW spr round 69 (radius: 5)
[02:04:37 -55152.558357] SLOW spr round 70 (radius: 10)
[02:05:09 -55150.627182] SLOW spr round 71 (radius: 5)
[02:05:47 -55150.203161] SLOW spr round 72 (radius: 5)
[02:06:21 -55150.203127] SLOW spr round 73 (radius: 10)
[02:06:54 -55150.203127] SLOW spr round 74 (radius: 15)
[02:07:38 -55150.203127] SLOW spr round 75 (radius: 20)
[02:08:34 -55146.052081] SLOW spr round 76 (radius: 5)
[02:09:16 -55144.959197] SLOW spr round 77 (radius: 5)
[02:09:52 -55144.957621] SLOW spr round 78 (radius: 10)
[02:10:25 -55144.957486] SLOW spr round 79 (radius: 15)
[02:11:09 -55144.957475] SLOW spr round 80 (radius: 20)
[02:11:37] [worker #7] ML tree search #8, logLikelihood: -55200.401440
[02:12:07 -55144.144948] SLOW spr round 81 (radius: 5)
[02:12:49 -55143.881883] SLOW spr round 82 (radius: 5)
[02:13:25 -55143.881274] SLOW spr round 83 (radius: 10)
[02:13:58 -55143.881254] SLOW spr round 84 (radius: 15)
[02:14:42 -55143.881253] SLOW spr round 85 (radius: 20)
[02:15:39 -55143.402165] SLOW spr round 86 (radius: 5)
[02:16:21 -55143.401664] SLOW spr round 87 (radius: 10)
[02:16:56 -55143.401625] SLOW spr round 88 (radius: 15)
[02:17:24] [worker #4] ML tree search #5, logLikelihood: -55583.634263
[02:17:40 -55142.502489] SLOW spr round 89 (radius: 5)
[02:18:20 -55141.482167] SLOW spr round 90 (radius: 5)
[02:18:28] [worker #6] ML tree search #7, logLikelihood: -54263.222678
[02:18:56 -55141.482164] SLOW spr round 91 (radius: 10)
[02:19:29 -55141.482164] SLOW spr round 92 (radius: 15)
[02:20:14 -55141.011017] SLOW spr round 93 (radius: 5)
[02:20:55 -55141.009069] SLOW spr round 94 (radius: 10)
[02:21:31 -55140.508550] SLOW spr round 95 (radius: 5)
[02:22:15 -55139.271331] SLOW spr round 96 (radius: 5)
[02:22:49 -55139.271229] SLOW spr round 97 (radius: 10)
[02:23:22 -55139.271228] SLOW spr round 98 (radius: 15)
[02:24:06 -55139.271228] SLOW spr round 99 (radius: 20)
[02:25:01 -55139.110021] SLOW spr round 100 (radius: 5)
[02:25:44 -55123.099484] SLOW spr round 101 (radius: 5)
[02:26:22 -55116.609618] SLOW spr round 102 (radius: 5)
[02:26:56 -55116.608819] SLOW spr round 103 (radius: 10)
[02:27:28 -55116.608783] SLOW spr round 104 (radius: 15)
[02:28:14 -55116.608782] SLOW spr round 105 (radius: 20)
[02:29:10 -55116.608782] SLOW spr round 106 (radius: 25)
[02:30:24 -55025.552483] SLOW spr round 107 (radius: 5)
[02:30:38] [worker #2] ML tree search #11, logLikelihood: -54149.380680
[02:31:07 -54986.101635] SLOW spr round 108 (radius: 5)
[02:31:44 -54983.085025] SLOW spr round 109 (radius: 5)
[02:32:19 -54976.545072] SLOW spr round 110 (radius: 5)
[02:32:51 -54976.544931] SLOW spr round 111 (radius: 10)
[02:33:24 -54971.502346] SLOW spr round 112 (radius: 5)
[02:34:03 -54970.152961] SLOW spr round 113 (radius: 5)
[02:34:37 -54970.152654] SLOW spr round 114 (radius: 10)
[02:35:09 -54970.152651] SLOW spr round 115 (radius: 15)
[02:35:53 -54960.401390] SLOW spr round 116 (radius: 5)
[02:36:34 -54960.334259] SLOW spr round 117 (radius: 10)
[02:37:09 -54960.333737] SLOW spr round 118 (radius: 15)
[02:37:53 -54959.532053] SLOW spr round 119 (radius: 5)
[02:38:34 -54951.475749] SLOW spr round 120 (radius: 5)
[02:39:11 -54947.108070] SLOW spr round 121 (radius: 5)
[02:39:44 -54946.678459] SLOW spr round 122 (radius: 5)
[02:40:15 -54946.678107] SLOW spr round 123 (radius: 10)
[02:40:47 -54946.678093] SLOW spr round 124 (radius: 15)
[02:41:33 -54946.458069] SLOW spr round 125 (radius: 5)
[02:42:14 -54937.253549] SLOW spr round 126 (radius: 5)
[02:42:50 -54937.030544] SLOW spr round 127 (radius: 5)
[02:43:23 -54936.924151] SLOW spr round 128 (radius: 5)
[02:43:55 -54936.275290] SLOW spr round 129 (radius: 5)
[02:44:26 -54936.274655] SLOW spr round 130 (radius: 10)
[02:44:58 -54934.481381] SLOW spr round 131 (radius: 5)
[02:45:37 -54933.616207] SLOW spr round 132 (radius: 5)
[02:46:13 -54933.615299] SLOW spr round 133 (radius: 10)
[02:46:46 -54933.615206] SLOW spr round 134 (radius: 15)
[02:47:31 -54933.615192] SLOW spr round 135 (radius: 20)
[02:48:27 -54931.639187] SLOW spr round 136 (radius: 5)
[02:49:09 -54930.224501] SLOW spr round 137 (radius: 5)
[02:49:45 -54930.224499] SLOW spr round 138 (radius: 10)
[02:50:19 -54930.224499] SLOW spr round 139 (radius: 15)
[02:51:03 -54930.224499] SLOW spr round 140 (radius: 20)
[02:51:59 -54930.224499] SLOW spr round 141 (radius: 25)
[02:53:11 -54915.980819] SLOW spr round 142 (radius: 5)
[02:53:56 -54878.442474] SLOW spr round 143 (radius: 5)
[02:54:33] [worker #7] ML tree search #16, logLikelihood: -54157.954560
[02:54:36 -54871.533583] SLOW spr round 144 (radius: 5)
[02:55:11 -54870.692386] SLOW spr round 145 (radius: 5)
[02:55:44 -54870.691300] SLOW spr round 146 (radius: 10)
[02:56:16 -54870.691232] SLOW spr round 147 (radius: 15)
[02:57:01 -54870.691227] SLOW spr round 148 (radius: 20)
[02:57:57 -54870.691227] SLOW spr round 149 (radius: 25)
[02:59:04 -54866.920704] SLOW spr round 150 (radius: 5)
[02:59:46 -54865.811694] SLOW spr round 151 (radius: 5)
[03:00:21 -54865.811592] SLOW spr round 152 (radius: 10)
[03:00:34] [worker #5] ML tree search #14, logLikelihood: -54047.977136
[03:00:53 -54865.811592] SLOW spr round 153 (radius: 15)
[03:01:36 -54865.811592] SLOW spr round 154 (radius: 20)
[03:02:31 -54865.811592] SLOW spr round 155 (radius: 25)
[03:03:40 -54864.661096] SLOW spr round 156 (radius: 5)
[03:04:23 -54860.977736] SLOW spr round 157 (radius: 5)
[03:04:58 -54860.957644] SLOW spr round 158 (radius: 10)
[03:05:30 -54860.957264] SLOW spr round 159 (radius: 15)
[03:06:14 -54860.755948] SLOW spr round 160 (radius: 5)
[03:06:54 -54860.754841] SLOW spr round 161 (radius: 10)
[03:07:30 -54860.754758] SLOW spr round 162 (radius: 15)
[03:08:13 -54860.754749] SLOW spr round 163 (radius: 20)
[03:09:08 -54857.454590] SLOW spr round 164 (radius: 5)
[03:09:50 -54854.812456] SLOW spr round 165 (radius: 5)
[03:10:27 -54854.348249] SLOW spr round 166 (radius: 5)
[03:11:00 -54854.347859] SLOW spr round 167 (radius: 10)
[03:11:32 -54854.180141] SLOW spr round 168 (radius: 5)
[03:12:10 -54854.179942] SLOW spr round 169 (radius: 10)
[03:12:44 -54854.179940] SLOW spr round 170 (radius: 15)
[03:13:27 -54828.358562] SLOW spr round 171 (radius: 5)
[03:14:09 -54817.266258] SLOW spr round 172 (radius: 5)
[03:14:46 -54813.850176] SLOW spr round 173 (radius: 5)
[03:15:03] [worker #3] ML tree search #12, logLikelihood: -54064.797896
[03:15:19 -54812.357178] SLOW spr round 174 (radius: 5)
[03:15:50 -54812.356898] SLOW spr round 175 (radius: 10)
[03:16:21 -54812.356890] SLOW spr round 176 (radius: 15)
[03:17:04 -54812.356890] SLOW spr round 177 (radius: 20)
[03:17:56 -54812.356890] SLOW spr round 178 (radius: 25)
[03:19:01 -54810.396362] SLOW spr round 179 (radius: 5)
[03:19:42 -54810.394079] SLOW spr round 180 (radius: 10)
[03:20:18 -54809.668637] SLOW spr round 181 (radius: 5)
[03:20:55 -54807.850118] SLOW spr round 182 (radius: 5)
[03:21:28 -54807.850063] SLOW spr round 183 (radius: 10)
[03:22:00 -54807.850063] SLOW spr round 184 (radius: 15)
[03:22:24] [worker #4] ML tree search #13, logLikelihood: -54256.301187
[03:22:43 -54805.772235] SLOW spr round 185 (radius: 5)
[03:23:22 -54805.771523] SLOW spr round 186 (radius: 10)
[03:23:28] [worker #2] ML tree search #19, logLikelihood: -54421.332330
[03:23:58 -54805.771518] SLOW spr round 187 (radius: 15)
[03:24:39 -54805.771518] SLOW spr round 188 (radius: 20)
[03:25:31 -54804.056502] SLOW spr round 189 (radius: 5)
[03:26:10 -54804.056462] SLOW spr round 190 (radius: 10)
[03:26:44 -54804.056461] SLOW spr round 191 (radius: 15)
[03:27:24 -54803.849116] SLOW spr round 192 (radius: 5)
[03:28:03 -54803.849070] SLOW spr round 193 (radius: 10)
[03:28:36 -54803.849070] SLOW spr round 194 (radius: 15)
[03:29:17 -54803.849070] SLOW spr round 195 (radius: 20)
[03:29:51] [worker #6] ML tree search #15, logLikelihood: -54189.315120
[03:30:10 -54803.849070] SLOW spr round 196 (radius: 25)
[03:31:09 -54803.798118] Model parameter optimization (eps = 0.100000)

[03:31:17] [worker #0] ML tree search #9, logLikelihood: -54795.184648

[03:31:17 -65624.578152] Initial branch length optimization
[03:31:17 -60121.180942] Model parameter optimization (eps = 10.000000)
[03:31:33 -56010.773978] AUTODETECT spr round 1 (radius: 5)
[03:31:50] [worker #1] ML tree search #10, logLikelihood: -54812.552239
[03:31:54 -55319.943221] AUTODETECT spr round 2 (radius: 10)
[03:32:18 -55100.209204] AUTODETECT spr round 3 (radius: 15)
[03:32:47 -54942.705122] AUTODETECT spr round 4 (radius: 20)
[03:33:20 -54850.138339] AUTODETECT spr round 5 (radius: 25)
[03:33:54 -54801.540893] SPR radius for FAST iterations: 25 (autodetect)
[03:33:54 -54801.540893] Model parameter optimization (eps = 3.000000)
[03:34:03 -54753.437819] FAST spr round 1 (radius: 25)
[03:34:41 -54468.274241] FAST spr round 2 (radius: 25)
[03:35:10 -54429.655456] FAST spr round 3 (radius: 25)
[03:35:36 -54420.070573] FAST spr round 4 (radius: 25)
[03:35:59 -54416.861837] FAST spr round 5 (radius: 25)
[03:36:22 -54415.200795] FAST spr round 6 (radius: 25)
[03:36:43 -54415.132500] Model parameter optimization (eps = 1.000000)
[03:36:50 -54407.477653] SLOW spr round 1 (radius: 5)
[03:37:21 -54384.787956] SLOW spr round 2 (radius: 5)
[03:37:51 -54369.654773] SLOW spr round 3 (radius: 5)
[03:38:20 -54364.501338] SLOW spr round 4 (radius: 5)
[03:38:48 -54361.778149] SLOW spr round 5 (radius: 5)
[03:39:15 -54361.777959] SLOW spr round 6 (radius: 10)
[03:39:46 -54354.098819] SLOW spr round 7 (radius: 5)
[03:40:23 -54349.036759] SLOW spr round 8 (radius: 5)
[03:40:55 -54347.874370] SLOW spr round 9 (radius: 5)
[03:41:25 -54347.768109] SLOW spr round 10 (radius: 5)
[03:41:52 -54347.767855] SLOW spr round 11 (radius: 10)
[03:42:22 -54342.655708] SLOW spr round 12 (radius: 5)
[03:42:57 -54340.414363] SLOW spr round 13 (radius: 5)
[03:43:29 -54339.451855] SLOW spr round 14 (radius: 5)
[03:43:58 -54339.451809] SLOW spr round 15 (radius: 10)
[03:44:27 -54337.133283] SLOW spr round 16 (radius: 5)
[03:45:02 -54337.133221] SLOW spr round 17 (radius: 10)
[03:45:34 -54336.628630] SLOW spr round 18 (radius: 5)
[03:46:08 -54335.713877] SLOW spr round 19 (radius: 5)
[03:46:39 -54335.713645] SLOW spr round 20 (radius: 10)
[03:47:09 -54333.213386] SLOW spr round 21 (radius: 5)
[03:47:44 -54332.201255] SLOW spr round 22 (radius: 5)
[03:48:14 -54332.201196] SLOW spr round 23 (radius: 10)
[03:48:44 -54331.643989] SLOW spr round 24 (radius: 5)
[03:49:19 -54330.154578] SLOW spr round 25 (radius: 5)
[03:49:50 -54328.889822] SLOW spr round 26 (radius: 5)
[03:50:19 -54328.889752] SLOW spr round 27 (radius: 10)
[03:50:49 -54328.618197] SLOW spr round 28 (radius: 5)
[03:51:24 -54328.618197] SLOW spr round 29 (radius: 10)
[03:51:56 -54328.190652] SLOW spr round 30 (radius: 5)
[03:52:30 -54328.190571] SLOW spr round 31 (radius: 10)
[03:53:01 -54328.021200] SLOW spr round 32 (radius: 5)
[03:53:35 -54328.021162] SLOW spr round 33 (radius: 10)
[03:54:07 -54326.908142] SLOW spr round 34 (radius: 5)
[03:54:41 -54326.894393] SLOW spr round 35 (radius: 10)
[03:55:11 -54326.748552] SLOW spr round 36 (radius: 5)
[03:55:45 -54326.747007] SLOW spr round 37 (radius: 10)
[03:56:16 -54325.905937] SLOW spr round 38 (radius: 5)
[03:56:51 -54325.905915] SLOW spr round 39 (radius: 10)
[03:57:23 -54325.834666] SLOW spr round 40 (radius: 15)
[03:58:03 -54295.723508] SLOW spr round 41 (radius: 5)
[03:58:39 -54275.114183] SLOW spr round 42 (radius: 5)
[03:59:11 -54268.856396] SLOW spr round 43 (radius: 5)
[03:59:41 -54267.121255] SLOW spr round 44 (radius: 5)
[04:00:09 -54264.942580] SLOW spr round 45 (radius: 5)
[04:00:37 -54264.942164] SLOW spr round 46 (radius: 10)
[04:01:05 -54261.332006] SLOW spr round 47 (radius: 5)
[04:01:41 -54256.256637] SLOW spr round 48 (radius: 5)
[04:02:12 -54256.255981] SLOW spr round 49 (radius: 10)
[04:02:41 -54254.448520] SLOW spr round 50 (radius: 5)
[04:03:16 -54254.447980] SLOW spr round 51 (radius: 10)
[04:03:47 -54253.361003] SLOW spr round 52 (radius: 5)
[04:04:20 -54252.480791] SLOW spr round 53 (radius: 5)
[04:04:51 -54252.478138] SLOW spr round 54 (radius: 10)
[04:05:20 -54252.304215] SLOW spr round 55 (radius: 5)
[04:05:54 -54252.304110] SLOW spr round 56 (radius: 10)
[04:06:24 -54251.211047] SLOW spr round 57 (radius: 5)
[04:06:58 -54251.210881] SLOW spr round 58 (radius: 10)
[04:07:27 -54251.210880] SLOW spr round 59 (radius: 15)
[04:08:05 -54247.644975] SLOW spr round 60 (radius: 5)
[04:08:40 -54246.430544] SLOW spr round 61 (radius: 5)
[04:09:10 -54246.430447] SLOW spr round 62 (radius: 10)
[04:09:39 -54246.430446] SLOW spr round 63 (radius: 15)
[04:10:19 -54246.430446] SLOW spr round 64 (radius: 20)
[04:11:02 -54215.474587] SLOW spr round 65 (radius: 5)
[04:11:40 -54211.999275] SLOW spr round 66 (radius: 5)
[04:12:12 -54209.578715] SLOW spr round 67 (radius: 5)
[04:12:40 -54209.578387] SLOW spr round 68 (radius: 10)
[04:13:09 -54207.096793] SLOW spr round 69 (radius: 5)
[04:13:44 -54206.090801] SLOW spr round 70 (radius: 5)
[04:14:15 -54206.090764] SLOW spr round 71 (radius: 10)
[04:14:44 -54206.090764] SLOW spr round 72 (radius: 15)
[04:15:23 -54205.780681] SLOW spr round 73 (radius: 5)
[04:15:59 -54205.776676] SLOW spr round 74 (radius: 10)
[04:16:29 -54205.775532] SLOW spr round 75 (radius: 15)
[04:17:05 -54204.340493] SLOW spr round 76 (radius: 5)
[04:17:40 -54202.738228] SLOW spr round 77 (radius: 5)
[04:18:11 -54202.738193] SLOW spr round 78 (radius: 10)
[04:18:41 -54202.738193] SLOW spr round 79 (radius: 15)
[04:19:25 -54200.468397] SLOW spr round 80 (radius: 5)
[04:19:46] [worker #3] ML tree search #20, logLikelihood: -54215.985716
[04:20:02 -54197.911145] SLOW spr round 81 (radius: 5)
[04:20:37 -54197.911061] SLOW spr round 82 (radius: 10)
[04:21:18 -54197.911059] SLOW spr round 83 (radius: 15)
[04:22:08 -54197.911058] SLOW spr round 84 (radius: 20)
[04:22:53 -54194.093517] SLOW spr round 85 (radius: 5)
[04:23:39 -54185.570314] SLOW spr round 86 (radius: 5)
[04:24:12 -54182.960339] SLOW spr round 87 (radius: 5)
[04:24:43 -54182.937979] SLOW spr round 88 (radius: 10)
[04:25:17 -54182.937974] SLOW spr round 89 (radius: 15)
[04:25:58 -54182.937974] SLOW spr round 90 (radius: 20)
[04:26:55 -54177.596197] SLOW spr round 91 (radius: 5)
[04:27:46 -54177.594890] SLOW spr round 92 (radius: 10)
[04:28:22 -54177.594842] SLOW spr round 93 (radius: 15)
[04:29:07 -54177.594841] SLOW spr round 94 (radius: 20)
[04:30:10 -54175.369741] SLOW spr round 95 (radius: 5)
[04:30:56 -54172.977225] SLOW spr round 96 (radius: 5)
[04:31:28 -54172.977180] SLOW spr round 97 (radius: 10)
[04:32:03 -54172.977177] SLOW spr round 98 (radius: 15)
[04:32:45 -54172.977177] SLOW spr round 99 (radius: 20)
[04:33:32 -54168.486847] SLOW spr round 100 (radius: 5)
[04:34:13 -54168.483452] SLOW spr round 101 (radius: 10)
[04:34:45 -54167.947052] SLOW spr round 102 (radius: 5)
[04:35:10] [worker #1] ML tree search #18, logLikelihood: -54120.122778
[04:35:19 -54167.435628] SLOW spr round 103 (radius: 5)
[04:35:50 -54167.433949] SLOW spr round 104 (radius: 10)
[04:36:19 -54167.433783] SLOW spr round 105 (radius: 15)
[04:37:01 -54167.433767] SLOW spr round 106 (radius: 20)
[04:37:51 -54165.933967] SLOW spr round 107 (radius: 5)
[04:38:28 -54165.932801] SLOW spr round 108 (radius: 10)
[04:38:59 -54165.932707] SLOW spr round 109 (radius: 15)
[04:39:36 -54165.932698] SLOW spr round 110 (radius: 20)
[04:40:24 -54165.932697] SLOW spr round 111 (radius: 25)
[04:41:17 -54151.667814] SLOW spr round 112 (radius: 5)
[04:42:00 -54150.432364] SLOW spr round 113 (radius: 5)
[04:42:31 -54150.431416] SLOW spr round 114 (radius: 10)
[04:42:58 -54149.930750] SLOW spr round 115 (radius: 5)
[04:43:31 -54149.929203] SLOW spr round 116 (radius: 10)
[04:43:59 -54146.978926] SLOW spr round 117 (radius: 5)
[04:44:33 -54146.978502] SLOW spr round 118 (radius: 10)
[04:45:02 -54146.978500] SLOW spr round 119 (radius: 15)
[04:45:40 -54142.816604] SLOW spr round 120 (radius: 5)
[04:46:14 -54140.794777] SLOW spr round 121 (radius: 5)
[04:46:43 -54140.794773] SLOW spr round 122 (radius: 10)
[04:47:18 -54140.794773] SLOW spr round 123 (radius: 15)
[04:48:05 -54140.794773] SLOW spr round 124 (radius: 20)
[04:48:45 -54140.768245] SLOW spr round 125 (radius: 25)
[04:49:32 -54140.205448] SLOW spr round 126 (radius: 5)
[04:50:07 -54139.756891] SLOW spr round 127 (radius: 5)
[04:50:36 -54139.756824] SLOW spr round 128 (radius: 10)
[04:51:02 -54139.756824] SLOW spr round 129 (radius: 15)
[04:51:40 -54139.756824] SLOW spr round 130 (radius: 20)
[04:52:21 -54139.756824] SLOW spr round 131 (radius: 25)
[04:53:08 -54139.395106] SLOW spr round 132 (radius: 5)
[04:53:42 -54139.393809] SLOW spr round 133 (radius: 10)
[04:54:12 -54139.393766] SLOW spr round 134 (radius: 15)
[04:54:46 -54139.393763] SLOW spr round 135 (radius: 20)
[04:55:28 -54138.680738] SLOW spr round 136 (radius: 5)
[04:56:03 -54138.590406] SLOW spr round 137 (radius: 10)
[04:56:32 -54138.589495] SLOW spr round 138 (radius: 15)
[04:57:06 -54138.589483] SLOW spr round 139 (radius: 20)
[04:57:46 -54138.589483] SLOW spr round 140 (radius: 25)
[04:58:35 -54137.945590] SLOW spr round 141 (radius: 5)
[04:59:09 -54137.945582] SLOW spr round 142 (radius: 10)
[04:59:40 -54137.945582] SLOW spr round 143 (radius: 15)
[05:00:16 -54137.945582] SLOW spr round 144 (radius: 20)
[05:00:57 -54137.945582] SLOW spr round 145 (radius: 25)
[05:01:43 -54137.945582] Model parameter optimization (eps = 0.100000)

[05:01:48] [worker #0] ML tree search #17, logLikelihood: -54132.175550


Optimized model parameters:

   Partition 0: noname
   Rate heterogeneity: GAMMA (4 cats, mean),  alpha: 0.332922 (ML),  weights&rates: (0.250000,0.008342) (0.250000,0.130231) (0.250000,0.647167) (0.250000,3.214260) 
   Base frequencies (ML): 0.080908 0.428054 0.346719 0.144319 
   Substitution rates (ML): 0.890202 5.498018 6.250249 3.329461 5.859845 1.000000 


Final LogLikelihood: -54047.977136

AIC score: 113059.954273 / AICc score: 12438671.954273 / BIC score: 121760.187145
Free parameters (model + branch lengths): 2482

WARNING: Number of free parameters (K=2482) is larger than alignment size (n=246).
         This might lead to overfitting and compromise tree inference results!


WARNING: Best ML tree contains 94 near-zero branches!

Best ML tree with collapsed near-zero branches saved to: /home2/ISAD/dp415/raxml_new/trees/myxo_96/myxo_96.raxml.bestTreeCollapsed
Best ML tree saved to: /home2/ISAD/dp415/raxml_new/trees/myxo_96/myxo_96.raxml.bestTree
All ML trees saved to: /home2/ISAD/dp415/raxml_new/trees/myxo_96/myxo_96.raxml.mlTrees
Optimized model saved to: /home2/ISAD/dp415/raxml_new/trees/myxo_96/myxo_96.raxml.bestModel

Execution log saved to: /home2/ISAD/dp415/raxml_new/trees/myxo_96/myxo_96.raxml.log

Analysis started: 31-Jan-2023 11:52:58 / finished: 31-Jan-2023 16:54:47

Elapsed time: 18109.095 seconds

